#
# There is insufficient memory for the Java Runtime Environment to continue.
# Native memory allocation (malloc) failed to allocate 355712 bytes. Error detail: Chunk::new
# Possible reasons:
#   The system is out of physical RAM or swap space
#   This process is running with CompressedOops enabled, and the Java Heap may be blocking the growth of the native heap
# Possible solutions:
#   Reduce memory load on the system
#   Increase physical memory or swap space
#   Check if swap backing store is full
#   Decrease Java heap size (-Xmx/-Xms)
#   Decrease number of Java threads
#   Decrease Java thread stack sizes (-Xss)
#   Set larger code cache with -XX:ReservedCodeCacheSize=
#   JVM is running with Unscaled Compressed Oops mode in which the Java heap is
#     placed in the first 4GB address space. The Java Heap base address is the
#     maximum limit for the native heap growth. Please use -XX:HeapBaseMinAddress
#     to set the Java Heap base and to place the Java Heap above 4GB virtual address.
# This output file may be truncated or incomplete.
#
#  Out of Memory Error (arena.cpp:168), pid=13640, tid=37452
#
# JRE version: OpenJDK Runtime Environment Temurin-21.0.10+7 (21.0.10+7) (build 21.0.10+7-LTS)
# Java VM: OpenJDK 64-Bit Server VM Temurin-21.0.10+7 (21.0.10+7-LTS, mixed mode, sharing, tiered, compressed oops, compressed class ptrs, parallel gc, windows-amd64)
# No core dump will be written. Minidumps are not enabled by default on client versions of Windows
#

---------------  S U M M A R Y ------------

Command Line: --add-modules=ALL-SYSTEM --add-opens=java.base/java.util=ALL-UNNAMED --add-opens=java.base/java.lang=ALL-UNNAMED --add-opens=java.base/sun.nio.fs=ALL-UNNAMED -Declipse.application=org.eclipse.jdt.ls.core.id1 -Dosgi.bundles.defaultStartLevel=4 -Declipse.product=org.eclipse.jdt.ls.core.product -Djava.import.generatesMetadataFilesAtProjectRoot=false -DDetectVMInstallationsJob.disabled=true -Dfile.encoding=utf8 -XX:+UseParallelGC -XX:GCTimeRatio=4 -XX:AdaptiveSizePolicyWeight=90 -Dsun.zip.disableMemoryMapping=true -Xmx2G -Xms100m -Xlog:disable -javaagent:c:\Users\vitor\.vscode\extensions\redhat.java-1.53.0-win32-x64\lombok\lombok-1.18.39-4050.jar c:\Users\vitor\.vscode\extensions\redhat.java-1.53.0-win32-x64\server\plugins\org.eclipse.equinox.launcher_1.7.100.v20251111-0406.jar -configuration c:\Users\vitor\AppData\Roaming\Code\User\globalStorage\redhat.java\1.53.0\config_ss_win -data c:\Users\vitor\AppData\Roaming\Code\User\workspaceStorage\6831597da1bb03031f8b5526a28d0cb8\redhat.java\ss_ws --pipe=\\.\pipe\lsp-980dba4c89899e9e7c633e9b8c51cacf-sock

Host: AMD Ryzen 5 5500U with Radeon Graphics         , 12 cores, 5G,  Windows 11 , 64 bit Build 26100 (10.0.26100.7920)
Time: Mon Apr 13 16:46:37 2026 Hora oficial do Brasil elapsed time: 13.549391 seconds (0d 0h 0m 13s)

---------------  T H R E A D  ---------------

Current thread (0x000001240fd5c350):  JavaThread "C2 CompilerThread0" daemon [_thread_in_native, id=37452, stack(0x0000000a3fe00000,0x0000000a3ff00000) (1024K)]


Current CompileTask:
C2:13549 1713       4       java.io.WinNTFileSystem::normalize (143 bytes)

Stack: [0x0000000a3fe00000,0x0000000a3ff00000]
Native frames: (J=compiled Java code, j=interpreted, Vv=VM code, C=native code)
V  [jvm.dll+0x6d7a39]
V  [jvm.dll+0x8b4b26]
V  [jvm.dll+0x8b70de]
V  [jvm.dll+0x8b77c3]
V  [jvm.dll+0x284346]
V  [jvm.dll+0xc66ed]
V  [jvm.dll+0xc6c31]
V  [jvm.dll+0x3bec3b]
V  [jvm.dll+0x38b162]
V  [jvm.dll+0x38a5aa]
V  [jvm.dll+0x24c560]
V  [jvm.dll+0x24bb40]
V  [jvm.dll+0x1cb34e]
V  [jvm.dll+0x25b85d]
V  [jvm.dll+0x259dea]
V  [jvm.dll+0x3f857e]
V  [jvm.dll+0x85f59d]
V  [jvm.dll+0x6d626d]
C  [ucrtbase.dll+0x37b0]
C  [KERNEL32.DLL+0x2e8d7]
C  [ntdll.dll+0x8c48c]


---------------  P R O C E S S  ---------------

Threads class SMR info:
_java_thread_list=0x0000012468c08340, length=14, elements={
0x000001240fc9bd00, 0x000001242674db20, 0x000001240fd3ff50, 0x000001240fd45230,
0x000001240fd45fc0, 0x000001240fd4a1f0, 0x000001240fd4f120, 0x000001240fd5c350,
0x0000012468ac9a40, 0x0000012468cfc1f0, 0x0000012468d547c0, 0x000001246e371000,
0x000001246e152840, 0x000001246e85e030
}

Java Threads: ( => current thread )
  0x000001240fc9bd00 JavaThread "main"                              [_thread_in_native, id=56636, stack(0x0000000a3f400000,0x0000000a3f500000) (1024K)]
  0x000001242674db20 JavaThread "Reference Handler"          daemon [_thread_blocked, id=15620, stack(0x0000000a3f800000,0x0000000a3f900000) (1024K)]
  0x000001240fd3ff50 JavaThread "Finalizer"                  daemon [_thread_blocked, id=15480, stack(0x0000000a3f900000,0x0000000a3fa00000) (1024K)]
  0x000001240fd45230 JavaThread "Signal Dispatcher"          daemon [_thread_blocked, id=22456, stack(0x0000000a3fa00000,0x0000000a3fb00000) (1024K)]
  0x000001240fd45fc0 JavaThread "Attach Listener"            daemon [_thread_blocked, id=69236, stack(0x0000000a3fb00000,0x0000000a3fc00000) (1024K)]
  0x000001240fd4a1f0 JavaThread "Service Thread"             daemon [_thread_blocked, id=39332, stack(0x0000000a3fc00000,0x0000000a3fd00000) (1024K)]
  0x000001240fd4f120 JavaThread "Monitor Deflation Thread"   daemon [_thread_blocked, id=8484, stack(0x0000000a3fd00000,0x0000000a3fe00000) (1024K)]
=>0x000001240fd5c350 JavaThread "C2 CompilerThread0"         daemon [_thread_in_native, id=37452, stack(0x0000000a3fe00000,0x0000000a3ff00000) (1024K)]
  0x0000012468ac9a40 JavaThread "C1 CompilerThread0"         daemon [_thread_blocked, id=70276, stack(0x0000000a3ff00000,0x0000000a40000000) (1024K)]
  0x0000012468cfc1f0 JavaThread "Common-Cleaner"             daemon [_thread_blocked, id=67000, stack(0x0000000a40000000,0x0000000a40100000) (1024K)]
  0x0000012468d547c0 JavaThread "Notification Thread"        daemon [_thread_blocked, id=16804, stack(0x0000000a40100000,0x0000000a40200000) (1024K)]
  0x000001246e371000 JavaThread "Active Thread: Equinox Container: c3f3507d-7801-4cdb-9704-c46ae38a149e"        [_thread_blocked, id=10940, stack(0x0000000a40800000,0x0000000a40900000) (1024K)]
  0x000001246e152840 JavaThread "Framework Event Dispatcher: Equinox Container: c3f3507d-7801-4cdb-9704-c46ae38a149e" daemon [_thread_blocked, id=40044, stack(0x0000000a40900000,0x0000000a40a00000) (1024K)]
  0x000001246e85e030 JavaThread "Start Level: Equinox Container: c3f3507d-7801-4cdb-9704-c46ae38a149e" daemon [_thread_in_Java, id=74540, stack(0x0000000a40a00000,0x0000000a40b00000) (1024K)]
Total: 14

Other Threads:
  0x000001240fd3faa0 VMThread "VM Thread"                           [id=71984, stack(0x0000000a3f700000,0x0000000a3f800000) (1024K)]
  0x000001242662ca00 WatcherThread "VM Periodic Task Thread"        [id=2756, stack(0x0000000a3f600000,0x0000000a3f700000) (1024K)]
  0x000001240fcbab70 WorkerThread "GC Thread#0"                     [id=65968, stack(0x0000000a3f500000,0x0000000a3f600000) (1024K)]
  0x000001246e2113b0 WorkerThread "GC Thread#1"                     [id=73824, stack(0x0000000a40200000,0x0000000a40300000) (1024K)]
  0x000001246e211760 WorkerThread "GC Thread#2"                     [id=68200, stack(0x0000000a40300000,0x0000000a40400000) (1024K)]
  0x000001246e373a00 WorkerThread "GC Thread#3"                     [id=52548, stack(0x0000000a40400000,0x0000000a40500000) (1024K)]
  0x000001246e373db0 WorkerThread "GC Thread#4"                     [id=40088, stack(0x0000000a40500000,0x0000000a40600000) (1024K)]
  0x000001246e223f30 WorkerThread "GC Thread#5"                     [id=74668, stack(0x0000000a40600000,0x0000000a40700000) (1024K)]
  0x000001246e2242e0 WorkerThread "GC Thread#6"                     [id=52692, stack(0x0000000a40700000,0x0000000a40800000) (1024K)]
Total: 9

Threads with active compile tasks:
C2 CompilerThread0  14608 1713       4       java.io.WinNTFileSystem::normalize (143 bytes)
Total: 1

VM state: not at safepoint (normal execution)

VM Mutex/Monitor currently owned by a thread: None

Heap address: 0x0000000080000000, size: 2048 MB, Compressed Oops mode: 32-bit

CDS archive(s) mapped at: [0x0000012427000000-0x0000012427ba0000-0x0000012427ba0000), size 12189696, SharedBaseAddress: 0x0000012427000000, ArchiveRelocationMode: 1.
Compressed class space mapped at: 0x0000012428000000-0x0000012468000000, reserved size: 1073741824
Narrow klass base: 0x0000012427000000, Narrow klass shift: 0, Narrow klass range: 0x100000000

GC Precious Log:
 CardTable entry size: 512
 CPUs: 12 total, 12 available
 Memory: 6005M
 Large Page Support: Disabled
 NUMA Support: Disabled
 Compressed Oops: Enabled (32-bit)
 Alignments: Space 512K, Generation 512K, Heap 2M
 Heap Min Capacity: 100M
 Heap Initial Capacity: 100M
 Heap Max Capacity: 2G
 Pre-touch: Disabled
 Parallel Workers: 10

Heap:
 PSYoungGen      total 29696K, used 28298K [0x00000000d5580000, 0x00000000d7680000, 0x0000000100000000)
  eden space 25600K, 97% used [0x00000000d5580000,0x00000000d6df0a80,0x00000000d6e80000)
  from space 4096K, 79% used [0x00000000d6e80000,0x00000000d71b1e98,0x00000000d7280000)
  to   space 4096K, 0% used [0x00000000d7280000,0x00000000d7280000,0x00000000d7680000)
 ParOldGen       total 68608K, used 16K [0x0000000080000000, 0x0000000084300000, 0x00000000d5580000)
  object space 68608K, 0% used [0x0000000080000000,0x0000000080004000,0x0000000084300000)
 Metaspace       used 8031K, committed 8256K, reserved 1114112K
  class space    used 851K, committed 960K, reserved 1048576K

Card table byte_map: [0x000001240f640000,0x000001240fa50000] _byte_map_base: 0x000001240f240000

Marking Bits: (ParMarkBitMap*) 0x00007ffd66e93450
 Begin Bits: [0x0000012422150000, 0x0000012424150000)
 End Bits:   [0x0000012424150000, 0x0000012426150000)

Polling page: 0x000001240db20000

Metaspace:

Usage:
  Non-class:      7.01 MB used.
      Class:    851.17 KB used.
       Both:      7.84 MB used.

Virtual space:
  Non-class space:       64.00 MB reserved,       7.12 MB ( 11%) committed,  1 nodes.
      Class space:        1.00 GB reserved,     960.00 KB ( <1%) committed,  1 nodes.
             Both:        1.06 GB reserved,       8.06 MB ( <1%) committed. 

Chunk freelists:
   Non-Class:  8.75 MB
       Class:  14.89 MB
        Both:  23.64 MB

MaxMetaspaceSize: unlimited
CompressedClassSpaceSize: 1.00 GB
Initial GC threshold: 21.00 MB
Current GC threshold: 21.00 MB
CDS: on
 - commit_granule_bytes: 65536.
 - commit_granule_words: 8192.
 - virtual_space_node_default_size: 8388608.
 - enlarge_chunks_in_place: 1.
 - use_allocation_guard: 0.


Internal statistics:

num_allocs_failed_limit: 0.
num_arena_births: 232.
num_arena_deaths: 0.
num_vsnodes_births: 2.
num_vsnodes_deaths: 0.
num_space_committed: 129.
num_space_uncommitted: 0.
num_chunks_returned_to_freelist: 0.
num_chunks_taken_from_freelist: 431.
num_chunk_merges: 0.
num_chunk_splits: 275.
num_chunks_enlarged: 181.
num_inconsistent_stats: 0.

CodeHeap 'non-profiled nmethods': size=120000Kb used=657Kb max_used=657Kb free=119342Kb
 bounds [0x000001241a970000, 0x000001241abe0000, 0x0000012421ea0000]
CodeHeap 'profiled nmethods': size=120000Kb used=3172Kb max_used=3172Kb free=116827Kb
 bounds [0x0000012412ea0000, 0x00000124131c0000, 0x000001241a3d0000]
CodeHeap 'non-nmethods': size=5760Kb used=1217Kb max_used=1236Kb free=4542Kb
 bounds [0x000001241a3d0000, 0x000001241a640000, 0x000001241a970000]
CodeCache: size=245760Kb, used=5046Kb, max_used=5065Kb, free=240711Kb
 total_blobs=2226, nmethods=1743, adapters=390, full_count=0
Compilation: enabled, stopped_count=0, restarted_count=0

Compilation events (20 events):
Event: 11.504 Thread 0x0000012468ac9a40 nmethod 1704 0x000001241aa12f90 code [0x000001241aa13120, 0x000001241aa131e8]
Event: 11.504 Thread 0x0000012468ac9a40 1714       3       java.lang.String::toCharArray (25 bytes)
Event: 11.505 Thread 0x0000012468ac9a40 nmethod 1714 0x00000124131a4b10 code [0x00000124131a4ce0, 0x00000124131a4f78]
Event: 11.505 Thread 0x0000012468ac9a40 1715       3       org.eclipse.osgi.internal.framework.EquinoxConfiguration$ConfigValues::internalGet (24 bytes)
Event: 11.506 Thread 0x0000012468ac9a40 nmethod 1715 0x00000124131a5090 code [0x00000124131a52a0, 0x00000124131a5898]
Event: 11.516 Thread 0x0000012468ac9a40 1717       3       sun.nio.fs.WindowsPathParser::nextNonSlash (24 bytes)
Event: 11.517 Thread 0x0000012468ac9a40 nmethod 1717 0x00000124131a5a90 code [0x00000124131a5ca0, 0x00000124131a63a8]
Event: 11.520 Thread 0x0000012468ac9a40 1718       3       java.lang.StringLatin1::getChars (12 bytes)
Event: 11.520 Thread 0x0000012468ac9a40 nmethod 1718 0x00000124131a6710 code [0x00000124131a68c0, 0x00000124131a69e8]
Event: 11.521 Thread 0x0000012468ac9a40 1719       3       java.io.File::isAbsolute (8 bytes)
Event: 11.521 Thread 0x0000012468ac9a40 nmethod 1719 0x00000124131a6a90 code [0x00000124131a6c40, 0x00000124131a6d90]
Event: 11.521 Thread 0x0000012468ac9a40 1720       3       java.io.WinNTFileSystem::isAbsolute (36 bytes)
Event: 11.522 Thread 0x0000012468ac9a40 nmethod 1720 0x00000124131a6e10 code [0x00000124131a7020, 0x00000124131a76b0]
Event: 11.524 Thread 0x0000012468ac9a40 1721       3       sun.net.util.IPAddressUtil::checkUserInfo (44 bytes)
Event: 11.525 Thread 0x0000012468ac9a40 nmethod 1721 0x00000124131a7990 code [0x00000124131a7c20, 0x00000124131a8668]
Event: 11.525 Thread 0x0000012468ac9a40 1722       3       sun.net.util.IPAddressUtil::scan (62 bytes)
Event: 11.526 Thread 0x0000012468ac9a40 nmethod 1722 0x00000124131a8b10 code [0x00000124131a8d60, 0x00000124131a9620]
Event: 11.526 Thread 0x0000012468ac9a40 1723       3       java.util.Collections::emptyIterator (4 bytes)
Event: 11.526 Thread 0x0000012468ac9a40 nmethod 1723 0x00000124131a9a10 code [0x00000124131a9ba0, 0x00000124131a9c98]
Event: 11.528 Thread 0x0000012468ac9a40 1724       3       java.net.URL::<init> (438 bytes)

GC Heap History (2 events):
Event: 3.926 GC heap before
{Heap before GC invocations=1 (full 0):
 PSYoungGen      total 29696K, used 25600K [0x00000000d5580000, 0x00000000d7680000, 0x0000000100000000)
  eden space 25600K, 100% used [0x00000000d5580000,0x00000000d6e80000,0x00000000d6e80000)
  from space 4096K, 0% used [0x00000000d7280000,0x00000000d7280000,0x00000000d7680000)
  to   space 4096K, 0% used [0x00000000d6e80000,0x00000000d6e80000,0x00000000d7280000)
 ParOldGen       total 68608K, used 0K [0x0000000080000000, 0x0000000084300000, 0x00000000d5580000)
  object space 68608K, 0% used [0x0000000080000000,0x0000000080000000,0x0000000084300000)
 Metaspace       used 4362K, committed 4608K, reserved 1114112K
  class space    used 474K, committed 576K, reserved 1048576K
}
Event: 3.940 GC heap after
{Heap after GC invocations=1 (full 0):
 PSYoungGen      total 29696K, used 3271K [0x00000000d5580000, 0x00000000d7680000, 0x0000000100000000)
  eden space 25600K, 0% used [0x00000000d5580000,0x00000000d5580000,0x00000000d6e80000)
  from space 4096K, 79% used [0x00000000d6e80000,0x00000000d71b1e98,0x00000000d7280000)
  to   space 4096K, 0% used [0x00000000d7280000,0x00000000d7280000,0x00000000d7680000)
 ParOldGen       total 68608K, used 16K [0x0000000080000000, 0x0000000084300000, 0x00000000d5580000)
  object space 68608K, 0% used [0x0000000080000000,0x0000000080004000,0x0000000084300000)
 Metaspace       used 4362K, committed 4608K, reserved 1114112K
  class space    used 474K, committed 576K, reserved 1048576K
}

Dll operation events (8 events):
Event: 0.016 Loaded shared library c:\Users\vitor\.vscode\extensions\redhat.java-1.53.0-win32-x64\jre\21.0.10-win32-x86_64\bin\java.dll
Event: 0.083 Loaded shared library c:\Users\vitor\.vscode\extensions\redhat.java-1.53.0-win32-x64\jre\21.0.10-win32-x86_64\bin\zip.dll
Event: 0.106 Loaded shared library C:\Users\vitor\.vscode\extensions\redhat.java-1.53.0-win32-x64\jre\21.0.10-win32-x86_64\bin\instrument.dll
Event: 0.114 Loaded shared library C:\Users\vitor\.vscode\extensions\redhat.java-1.53.0-win32-x64\jre\21.0.10-win32-x86_64\bin\net.dll
Event: 0.117 Loaded shared library C:\Users\vitor\.vscode\extensions\redhat.java-1.53.0-win32-x64\jre\21.0.10-win32-x86_64\bin\nio.dll
Event: 0.125 Loaded shared library C:\Users\vitor\.vscode\extensions\redhat.java-1.53.0-win32-x64\jre\21.0.10-win32-x86_64\bin\zip.dll
Event: 0.152 Loaded shared library C:\Users\vitor\.vscode\extensions\redhat.java-1.53.0-win32-x64\jre\21.0.10-win32-x86_64\bin\jimage.dll
Event: 0.264 Loaded shared library c:\Users\vitor\.vscode\extensions\redhat.java-1.53.0-win32-x64\jre\21.0.10-win32-x86_64\bin\verify.dll

Deoptimization events (20 events):
Event: 5.865 Thread 0x000001240fc9bd00 Uncommon trap: trap_request=0xffffffde fr.pc=0x000001241aa04ee4 relative=0x0000000000000a24
Event: 5.865 Thread 0x000001240fc9bd00 Uncommon trap: reason=class_check action=maybe_recompile pc=0x000001241aa04ee4 method=java.util.HashMap.putVal(ILjava/lang/Object;Ljava/lang/Object;ZZ)Ljava/lang/Object; @ 253 c2
Event: 5.865 Thread 0x000001240fc9bd00 DEOPT PACKING pc=0x000001241aa04ee4 sp=0x0000000a3f4fe700
Event: 5.865 Thread 0x000001240fc9bd00 DEOPT UNPACKING pc=0x000001241a423aa2 sp=0x0000000a3f4fe628 mode 2
Event: 6.881 Thread 0x000001240fc9bd00 Uncommon trap: trap_request=0xffffffde fr.pc=0x000001241aa04ee4 relative=0x0000000000000a24
Event: 6.881 Thread 0x000001240fc9bd00 Uncommon trap: reason=class_check action=maybe_recompile pc=0x000001241aa04ee4 method=java.util.HashMap.putVal(ILjava/lang/Object;Ljava/lang/Object;ZZ)Ljava/lang/Object; @ 253 c2
Event: 6.881 Thread 0x000001240fc9bd00 DEOPT PACKING pc=0x000001241aa04ee4 sp=0x0000000a3f4fe700
Event: 6.881 Thread 0x000001240fc9bd00 DEOPT UNPACKING pc=0x000001241a423aa2 sp=0x0000000a3f4fe628 mode 2
Event: 8.905 Thread 0x000001240fc9bd00 Uncommon trap: trap_request=0xffffffde fr.pc=0x000001241a99fbb8 relative=0x0000000000000478
Event: 8.905 Thread 0x000001240fc9bd00 Uncommon trap: reason=class_check action=maybe_recompile pc=0x000001241a99fbb8 method=java.util.HashMap.putVal(ILjava/lang/Object;Ljava/lang/Object;ZZ)Ljava/lang/Object; @ 253 c2
Event: 8.905 Thread 0x000001240fc9bd00 DEOPT PACKING pc=0x000001241a99fbb8 sp=0x0000000a3f4fe560
Event: 8.906 Thread 0x000001240fc9bd00 DEOPT UNPACKING pc=0x000001241a423aa2 sp=0x0000000a3f4fe520 mode 2
Event: 10.376 Thread 0x000001240fc9bd00 DEOPT PACKING pc=0x000001241301c708 sp=0x0000000a3f4fc8b0
Event: 10.376 Thread 0x000001240fc9bd00 DEOPT UNPACKING pc=0x000001241a424242 sp=0x0000000a3f4fbd30 mode 0
Event: 10.377 Thread 0x000001240fc9bd00 DEOPT PACKING pc=0x000001241301c708 sp=0x0000000a3f4fcbc0
Event: 10.377 Thread 0x000001240fc9bd00 DEOPT UNPACKING pc=0x000001241a424242 sp=0x0000000a3f4fc040 mode 0
Event: 10.379 Thread 0x000001240fc9bd00 DEOPT PACKING pc=0x000001241301c708 sp=0x0000000a3f4fcb10
Event: 10.379 Thread 0x000001240fc9bd00 DEOPT UNPACKING pc=0x000001241a424242 sp=0x0000000a3f4fbf90 mode 0
Event: 10.379 Thread 0x000001240fc9bd00 DEOPT PACKING pc=0x000001241301c708 sp=0x0000000a3f4fce10
Event: 10.379 Thread 0x000001240fc9bd00 DEOPT UNPACKING pc=0x000001241a424242 sp=0x0000000a3f4fc290 mode 0

Classes loaded (20 events):
Event: 10.366 Loading class java/security/KeyStoreException
Event: 10.366 Loading class java/security/KeyStoreException done
Event: 10.430 Loading class java/util/LinkedList$Node
Event: 10.431 Loading class java/util/LinkedList$Node done
Event: 10.431 Loading class java/util/LinkedList$ListItr
Event: 10.432 Loading class java/util/LinkedList$ListItr done
Event: 10.435 Loading class java/lang/Thread$Builder$OfPlatform
Event: 10.436 Loading class java/lang/Thread$Builder
Event: 10.436 Loading class java/lang/Thread$Builder done
Event: 10.437 Loading class java/lang/Thread$Builder$OfPlatform done
Event: 10.438 Loading class java/lang/Thread$Builder$OfVirtual
Event: 10.438 Loading class java/lang/Thread$Builder$OfVirtual done
Event: 10.465 Loading class sun/nio/fs/WindowsChannelFactory
Event: 10.466 Loading class sun/nio/fs/WindowsChannelFactory done
Event: 10.466 Loading class sun/nio/fs/WindowsChannelFactory$1
Event: 10.466 Loading class sun/nio/fs/WindowsChannelFactory$1 done
Event: 10.466 Loading class sun/nio/fs/WindowsChannelFactory$Flags
Event: 10.466 Loading class sun/nio/fs/WindowsChannelFactory$Flags done
Event: 10.467 Loading class sun/nio/ch/FileChannelImpl$Closer
Event: 10.468 Loading class sun/nio/ch/FileChannelImpl$Closer done

Classes unloaded (0 events):
No events

Classes redefined (0 events):
No events

Internal exceptions (20 events):
Event: 0.670 Thread 0x000001240fc9bd00 Exception <a 'java/lang/NoSuchMethodError'{0x00000000d6570560}: 'int java.lang.invoke.DirectMethodHandle$Holder.invokeStatic(java.lang.Object, java.lang.Object, java.lang.Object, java.lang.Object, java.lang.Object)'> (0x00000000d6570560) 
thrown [s\src\hotspot\share\interpreter\linkResolver.cpp, line 773]
Event: 0.698 Thread 0x000001240fc9bd00 Exception <a 'java/lang/NoSuchMethodError'{0x00000000d6604e40}: 'java.lang.Object java.lang.invoke.DirectMethodHandle$Holder.invokeInterface(java.lang.Object, java.lang.Object, int)'> (0x00000000d6604e40) 
thrown [s\src\hotspot\share\interpreter\linkResolver.cpp, line 773]
Event: 0.820 Thread 0x000001240fc9bd00 Exception <a 'java/lang/NoSuchMethodError'{0x00000000d6a6c090}: 'java.lang.ClassLoader java.lang.ClassLoader.getPlatformClassLoader(java.lang.Class)'> (0x00000000d6a6c090) 
thrown [s\src\hotspot\share\interpreter\linkResolver.cpp, line 773]
Event: 3.945 Thread 0x000001240fc9bd00 Exception <a 'java/lang/ClassNotFoundException'{0x00000000d558a138}: sun/net/www/protocol/c/Handler> (0x00000000d558a138) 
thrown [s\src\hotspot\share\classfile\systemDictionary.cpp, line 312]
Event: 3.946 Thread 0x000001240fc9bd00 Exception <a 'java/lang/ClassNotFoundException'{0x00000000d558b4f0}: sun/net/www/protocol/c/Handler> (0x00000000d558b4f0) 
thrown [s\src\hotspot\share\classfile\systemDictionary.cpp, line 312]
Event: 3.947 Thread 0x000001240fc9bd00 Exception <a 'java/lang/ClassNotFoundException'{0x00000000d558c700}: sun/net/www/protocol/c/Handler> (0x00000000d558c700) 
thrown [s\src\hotspot\share\classfile\systemDictionary.cpp, line 312]
Event: 3.971 Thread 0x000001240fc9bd00 Exception <a 'java/io/FileNotFoundException'{0x00000000d55b4ba8}> (0x00000000d55b4ba8) 
thrown [s\src\hotspot\share\prims\jni.cpp, line 520]
Event: 4.052 Thread 0x000001240fc9bd00 Implicit null exception at 0x000001241a9c7b29 to 0x000001241a9c8398
Event: 4.052 Thread 0x000001240fc9bd00 Implicit null exception at 0x000001241a9cb91a to 0x000001241a9cbb24
Event: 4.053 Thread 0x000001240fc9bd00 Exception <a 'java/lang/NoSuchMethodError'{0x00000000d56e4730}: 'void java.lang.invoke.DirectMethodHandle$Holder.invokeStatic(java.lang.Object, java.lang.Object, java.lang.Object, java.lang.Object)'> (0x00000000d56e4730) 
thrown [s\src\hotspot\share\interpreter\linkResolver.cpp, line 773]
Event: 4.056 Thread 0x000001240fc9bd00 Implicit null exception at 0x000001241a9c643d to 0x000001241a9c64c1
Event: 4.219 Thread 0x000001240fc9bd00 Exception <a 'java/lang/NoSuchMethodError'{0x00000000d59a8960}: 'void java.lang.invoke.DirectMethodHandle$Holder.invokeSpecial(java.lang.Object, java.lang.Object, java.lang.Object)'> (0x00000000d59a8960) 
thrown [s\src\hotspot\share\interpreter\linkResolver.cpp, line 773]
Event: 4.682 Thread 0x000001240fc9bd00 Exception <a 'java/lang/NoSuchMethodError'{0x00000000d62dab28}: 'int java.lang.invoke.DirectMethodHandle$Holder.invokeVirtual(java.lang.Object, java.lang.Object)'> (0x00000000d62dab28) 
thrown [s\src\hotspot\share\interpreter\linkResolver.cpp, line 773]
Event: 4.758 Thread 0x000001240fc9bd00 Exception <a 'java/lang/NoSuchMethodError'{0x00000000d6460cb8}: 'int java.lang.invoke.DirectMethodHandle$Holder.invokeStaticInit(java.lang.Object, java.lang.Object, java.lang.Object, java.lang.Object)'> (0x00000000d6460cb8) 
thrown [s\src\hotspot\share\interpreter\linkResolver.cpp, line 773]
Event: 4.759 Thread 0x000001240fc9bd00 Exception <a 'java/lang/IncompatibleClassChangeError'{0x00000000d64690c0}: Found class java.lang.Object, but interface was expected> (0x00000000d64690c0) 
thrown [s\src\hotspot\share\interpreter\linkResolver.cpp, line 840]
Event: 4.761 Thread 0x000001240fc9bd00 Exception <a 'java/lang/NoSuchMethodError'{0x00000000d646ff90}: 'void java.lang.invoke.DirectMethodHandle$Holder.invokeStaticInit(java.lang.Object, java.lang.Object)'> (0x00000000d646ff90) 
thrown [s\src\hotspot\share\interpreter\linkResolver.cpp, line 773]
Event: 4.762 Thread 0x000001240fc9bd00 Exception <a 'java/lang/NoSuchMethodError'{0x00000000d6479a88}: 'int java.lang.invoke.DirectMethodHandle$Holder.invokeStaticInit(java.lang.Object, java.lang.Object)'> (0x00000000d6479a88) 
thrown [s\src\hotspot\share\interpreter\linkResolver.cpp, line 773]
Event: 4.826 Thread 0x000001240fc9bd00 Exception <a 'java/lang/NoSuchMethodError'{0x00000000d66ec220}: 'java.lang.Object java.lang.invoke.DirectMethodHandle$Holder.newInvokeSpecial(java.lang.Object, int, java.lang.Object)'> (0x00000000d66ec220) 
thrown [s\src\hotspot\share\interpreter\linkResolver.cpp, line 773]
Event: 10.313 Thread 0x000001240fc9bd00 Exception <a 'java/lang/ClassNotFoundException'{0x00000000d6907860}: sun/net/www/protocol/plurl/Handler> (0x00000000d6907860) 
thrown [s\src\hotspot\share\classfile\systemDictionary.cpp, line 312]
Event: 10.313 Thread 0x000001240fc9bd00 Exception <a 'java/lang/ClassNotFoundException'{0x00000000d69086e0}: sun/net/www/protocol/plurl/Handler> (0x00000000d69086e0) 
thrown [s\src\hotspot\share\classfile\systemDictionary.cpp, line 312]

ZGC Phase Switch (0 events):
No events

VM Operations (20 events):
Event: 3.941 Executing safepoint VM operation: ParallelGCFailedAllocation (Allocation Failure) done
Event: 4.797 Executing non-safepoint VM operation: HandshakeAllThreads (Deoptimize)
Event: 4.798 Executing non-safepoint VM operation: HandshakeAllThreads (Deoptimize) done
Event: 4.810 Executing non-safepoint VM operation: HandshakeAllThreads (Deoptimize)
Event: 4.810 Executing non-safepoint VM operation: HandshakeAllThreads (Deoptimize) done
Event: 5.818 Executing safepoint VM operation: Cleanup
Event: 5.849 Executing safepoint VM operation: Cleanup done
Event: 6.850 Executing safepoint VM operation: Cleanup
Event: 6.850 Executing safepoint VM operation: Cleanup done
Event: 7.855 Executing safepoint VM operation: Cleanup
Event: 7.903 Executing safepoint VM operation: Cleanup done
Event: 10.246 Executing non-safepoint VM operation: HandshakeAllThreads (Deoptimize)
Event: 10.246 Executing non-safepoint VM operation: HandshakeAllThreads (Deoptimize) done
Event: 10.246 Executing safepoint VM operation: Cleanup
Event: 10.246 Executing safepoint VM operation: Cleanup done
Event: 10.301 Executing non-safepoint VM operation: HandshakeAllThreads (Deoptimize)
Event: 10.301 Executing non-safepoint VM operation: HandshakeAllThreads (Deoptimize) done
Event: 11.307 Executing safepoint VM operation: Cleanup
Event: 11.497 Executing safepoint VM operation: Cleanup done
Event: 12.509 Executing safepoint VM operation: Cleanup

Memory protections (0 events):
No events

Nmethod flushes (0 events):
No events

Events (12 events):
Event: 0.032 Thread 0x000001240fc9bd00 Thread added: 0x000001240fc9bd00
Event: 0.048 Thread 0x000001240fc9bd00 Thread added: 0x000001242674db20
Event: 0.048 Thread 0x000001240fc9bd00 Thread added: 0x000001240fd3ff50
Event: 0.048 Thread 0x000001240fc9bd00 Thread added: 0x000001240fd45230
Event: 0.048 Thread 0x000001240fc9bd00 Thread added: 0x000001240fd45fc0
Event: 0.048 Thread 0x000001240fc9bd00 Thread added: 0x000001240fd4a1f0
Event: 0.048 Thread 0x000001240fc9bd00 Thread added: 0x000001240fd4f120
Event: 0.048 Thread 0x000001240fc9bd00 Thread added: 0x000001240fd5c350
Event: 0.048 Thread 0x000001240fc9bd00 Thread added: 0x0000012468ac9a40
Event: 0.108 Thread 0x000001240fc9bd00 Thread added: 0x0000012468cfc1f0
Event: 0.374 Thread 0x000001240fc9bd00 Thread added: 0x0000012468d547c0
Event: 4.782 Thread 0x000001240fc9bd00 Thread added: 0x000001246e371000


Dynamic libraries:
0x00007ff640970000 - 0x00007ff64097e000 	c:\Users\vitor\.vscode\extensions\redhat.java-1.53.0-win32-x64\jre\21.0.10-win32-x86_64\bin\java.exe
0x00007ffe16ea0000 - 0x00007ffe17107000 	C:\WINDOWS\SYSTEM32\ntdll.dll
0x00007ffe15940000 - 0x00007ffe15a09000 	C:\WINDOWS\System32\KERNEL32.DLL
0x00007ffe144b0000 - 0x00007ffe148a1000 	C:\WINDOWS\System32\KERNELBASE.dll
0x00007ffe137b0000 - 0x00007ffe138fb000 	C:\WINDOWS\System32\ucrtbase.dll
0x00007ffe04720000 - 0x00007ffe0473e000 	c:\Users\vitor\.vscode\extensions\redhat.java-1.53.0-win32-x64\jre\21.0.10-win32-x86_64\bin\VCRUNTIME140.dll
0x00007ffe046f0000 - 0x00007ffe04708000 	c:\Users\vitor\.vscode\extensions\redhat.java-1.53.0-win32-x64\jre\21.0.10-win32-x86_64\bin\jli.dll
0x00007ffe151f0000 - 0x00007ffe153b5000 	C:\WINDOWS\System32\USER32.dll
0x00007ffe13780000 - 0x00007ffe137a7000 	C:\WINDOWS\System32\win32u.dll
0x00007ffe12980000 - 0x00007ffe12c13000 	C:\WINDOWS\WinSxS\amd64_microsoft.windows.common-controls_6595b64144ccf1df_6.0.26100.8037_none_3e092faae333b53b\COMCTL32.dll
0x00007ffe14f50000 - 0x00007ffe14f7b000 	C:\WINDOWS\System32\GDI32.dll
0x00007ffe15bb0000 - 0x00007ffe15c59000 	C:\WINDOWS\System32\msvcrt.dll
0x00007ffe13a80000 - 0x00007ffe13bab000 	C:\WINDOWS\System32\gdi32full.dll
0x00007ffe14ad0000 - 0x00007ffe14b73000 	C:\WINDOWS\System32\msvcp_win.dll
0x00007ffe15750000 - 0x00007ffe15781000 	C:\WINDOWS\System32\IMM32.DLL
0x00007ffe04830000 - 0x00007ffe0483c000 	c:\Users\vitor\.vscode\extensions\redhat.java-1.53.0-win32-x64\jre\21.0.10-win32-x86_64\bin\vcruntime140_1.dll
0x00007ffd948f0000 - 0x00007ffd9497d000 	c:\Users\vitor\.vscode\extensions\redhat.java-1.53.0-win32-x64\jre\21.0.10-win32-x86_64\bin\msvcp140.dll
0x00007ffd661d0000 - 0x00007ffd66f71000 	c:\Users\vitor\.vscode\extensions\redhat.java-1.53.0-win32-x64\jre\21.0.10-win32-x86_64\bin\server\jvm.dll
0x00007ffe16da0000 - 0x00007ffe16e5b000 	C:\WINDOWS\System32\ADVAPI32.dll
0x00007ffe14de0000 - 0x00007ffe14e87000 	C:\WINDOWS\System32\sechost.dll
0x00007ffe16a20000 - 0x00007ffe16b38000 	C:\WINDOWS\System32\RPCRT4.dll
0x00007ffe157a0000 - 0x00007ffe15814000 	C:\WINDOWS\System32\WS2_32.dll
0x00007ffe135e0000 - 0x00007ffe1363e000 	C:\WINDOWS\SYSTEM32\POWRPROF.dll
0x00007ffe0ab30000 - 0x00007ffe0ab3b000 	C:\WINDOWS\SYSTEM32\VERSION.dll
0x00007ffe0aad0000 - 0x00007ffe0ab05000 	C:\WINDOWS\SYSTEM32\WINMM.dll
0x00007ffe135c0000 - 0x00007ffe135d4000 	C:\WINDOWS\SYSTEM32\UMPDC.dll
0x00007ffe11be0000 - 0x00007ffe11bfb000 	C:\WINDOWS\SYSTEM32\kernel.appcore.dll
0x00007ffdf9270000 - 0x00007ffdf927a000 	c:\Users\vitor\.vscode\extensions\redhat.java-1.53.0-win32-x64\jre\21.0.10-win32-x86_64\bin\jimage.dll
0x00007ffe12f50000 - 0x00007ffe13192000 	C:\WINDOWS\SYSTEM32\DBGHELP.DLL
0x00007ffe153c0000 - 0x00007ffe15742000 	C:\WINDOWS\System32\combase.dll
0x00007ffe16100000 - 0x00007ffe161d7000 	C:\WINDOWS\System32\OLEAUT32.dll
0x00007ffe12e20000 - 0x00007ffe12e5b000 	C:\WINDOWS\SYSTEM32\dbgcore.DLL
0x00007ffe14a20000 - 0x00007ffe14ac5000 	C:\WINDOWS\System32\bcryptPrimitives.dll
0x00007ffdf9260000 - 0x00007ffdf926f000 	c:\Users\vitor\.vscode\extensions\redhat.java-1.53.0-win32-x64\jre\21.0.10-win32-x86_64\bin\instrument.dll
0x00007ffdaeba0000 - 0x00007ffdaebc0000 	c:\Users\vitor\.vscode\extensions\redhat.java-1.53.0-win32-x64\jre\21.0.10-win32-x86_64\bin\java.dll
0x00007ffe161e0000 - 0x00007ffe1693f000 	C:\WINDOWS\System32\SHELL32.dll
0x00007ffe148b0000 - 0x00007ffe14a1a000 	C:\WINDOWS\System32\wintypes.dll
0x00007ffe13bb0000 - 0x00007ffe14414000 	C:\WINDOWS\System32\windows.storage.dll
0x00007ffe16ba0000 - 0x00007ffe16c97000 	C:\WINDOWS\System32\SHCORE.dll
0x00007ffe158d0000 - 0x00007ffe15937000 	C:\WINDOWS\System32\shlwapi.dll
0x00007ffe136a0000 - 0x00007ffe136c9000 	C:\WINDOWS\SYSTEM32\profapi.dll
0x00007ffda3190000 - 0x00007ffda31a8000 	c:\Users\vitor\.vscode\extensions\redhat.java-1.53.0-win32-x64\jre\21.0.10-win32-x86_64\bin\zip.dll
0x00007ffdf83d0000 - 0x00007ffdf83e0000 	C:\Users\vitor\.vscode\extensions\redhat.java-1.53.0-win32-x64\jre\21.0.10-win32-x86_64\bin\net.dll
0x00007ffe0c2f0000 - 0x00007ffe0c417000 	C:\WINDOWS\SYSTEM32\WINHTTP.dll
0x00007ffe12110000 - 0x00007ffe1217b000 	C:\WINDOWS\system32\mswsock.dll
0x00007ffd9f540000 - 0x00007ffd9f556000 	C:\Users\vitor\.vscode\extensions\redhat.java-1.53.0-win32-x64\jre\21.0.10-win32-x86_64\bin\nio.dll
0x00007ffde14b0000 - 0x00007ffde14c0000 	c:\Users\vitor\.vscode\extensions\redhat.java-1.53.0-win32-x64\jre\21.0.10-win32-x86_64\bin\verify.dll
0x00007ffd948a0000 - 0x00007ffd948e5000 	C:\Users\vitor\AppData\Roaming\Code\User\globalStorage\redhat.java\1.53.0\config_ss_win\org.eclipse.equinox.launcher\org.eclipse.equinox.launcher.win32.win32.x86_64_1.3.0.v20260203-2149\eclipse_11919.dll
0x00007ffe15a10000 - 0x00007ffe15ba5000 	C:\WINDOWS\System32\ole32.dll

JVMTI agents:
c:\Users\vitor\.vscode\extensions\redhat.java-1.53.0-win32-x64\lombok\lombok-1.18.39-4050.jar path:c:\Users\vitor\.vscode\extensions\redhat.java-1.53.0-win32-x64\jre\21.0.10-win32-x86_64\bin\instrument.dll, loaded, initialized, instrumentlib options:none

dbghelp: loaded successfully - version: 4.0.5 - missing functions: none
symbol engine: initialized successfully - sym options: 0x614 - pdb path: .;c:\Users\vitor\.vscode\extensions\redhat.java-1.53.0-win32-x64\jre\21.0.10-win32-x86_64\bin;C:\WINDOWS\SYSTEM32;C:\WINDOWS\WinSxS\amd64_microsoft.windows.common-controls_6595b64144ccf1df_6.0.26100.8037_none_3e092faae333b53b;c:\Users\vitor\.vscode\extensions\redhat.java-1.53.0-win32-x64\jre\21.0.10-win32-x86_64\bin\server;C:\Users\vitor\AppData\Roaming\Code\User\globalStorage\redhat.java\1.53.0\config_ss_win\org.eclipse.equinox.launcher\org.eclipse.equinox.launcher.win32.win32.x86_64_1.3.0.v20260203-2149

VM Arguments:
jvm_args: --add-modules=ALL-SYSTEM --add-opens=java.base/java.util=ALL-UNNAMED --add-opens=java.base/java.lang=ALL-UNNAMED --add-opens=java.base/sun.nio.fs=ALL-UNNAMED -Declipse.application=org.eclipse.jdt.ls.core.id1 -Dosgi.bundles.defaultStartLevel=4 -Declipse.product=org.eclipse.jdt.ls.core.product -Djava.import.generatesMetadataFilesAtProjectRoot=false -DDetectVMInstallationsJob.disabled=true -Dfile.encoding=utf8 -XX:+UseParallelGC -XX:GCTimeRatio=4 -XX:AdaptiveSizePolicyWeight=90 -Dsun.zip.disableMemoryMapping=true -Xmx2G -Xms100m -Xlog:disable -javaagent:c:\Users\vitor\.vscode\extensions\redhat.java-1.53.0-win32-x64\lombok\lombok-1.18.39-4050.jar 
java_command: c:\Users\vitor\.vscode\extensions\redhat.java-1.53.0-win32-x64\server\plugins\org.eclipse.equinox.launcher_1.7.100.v20251111-0406.jar -configuration c:\Users\vitor\AppData\Roaming\Code\User\globalStorage\redhat.java\1.53.0\config_ss_win -data c:\Users\vitor\AppData\Roaming\Code\User\workspaceStorage\6831597da1bb03031f8b5526a28d0cb8\redhat.java\ss_ws --pipe=\\.\pipe\lsp-980dba4c89899e9e7c633e9b8c51cacf-sock
java_class_path (initial): c:\Users\vitor\.vscode\extensions\redhat.java-1.53.0-win32-x64\server\plugins\org.eclipse.equinox.launcher_1.7.100.v20251111-0406.jar
Launcher Type: SUN_STANDARD

[Global flags]
    uintx AdaptiveSizePolicyWeight                 = 90                                        {product} {command line}
     intx CICompilerCount                          = 4                                         {product} {ergonomic}
    uintx GCTimeRatio                              = 4                                         {product} {command line}
   size_t InitialHeapSize                          = 104857600                                 {product} {command line}
   size_t MaxHeapSize                              = 2147483648                                {product} {command line}
   size_t MaxNewSize                               = 715653120                                 {product} {ergonomic}
   size_t MinHeapDeltaBytes                        = 524288                                    {product} {ergonomic}
   size_t MinHeapSize                              = 104857600                                 {product} {command line}
   size_t NewSize                                  = 34603008                                  {product} {ergonomic}
    uintx NonNMethodCodeHeapSize                   = 5839372                                {pd product} {ergonomic}
    uintx NonProfiledCodeHeapSize                  = 122909434                              {pd product} {ergonomic}
   size_t OldSize                                  = 70254592                                  {product} {ergonomic}
    uintx ProfiledCodeHeapSize                     = 122909434                              {pd product} {ergonomic}
    uintx ReservedCodeCacheSize                    = 251658240                              {pd product} {ergonomic}
     bool SegmentedCodeCache                       = true                                      {product} {ergonomic}
   size_t SoftMaxHeapSize                          = 2147483648                             {manageable} {ergonomic}
     bool UseCompressedOops                        = true                           {product lp64_product} {ergonomic}
     bool UseLargePagesIndividualAllocation        = false                                  {pd product} {ergonomic}
     bool UseParallelGC                            = true                                      {product} {command line}

Logging:
Log output configuration:
 #0: stdout all=off uptime,level,tags foldmultilines=false
 #1: stderr all=off uptime,level,tags foldmultilines=false

Release file:
JAVA_VERSION="21.0.10" 
MODULES="java.base java.compiler java.datatransfer java.xml java.prefs java.desktop java.instrument java.logging java.management java.security.sasl java.naming java.rmi java.management.rmi java.net.http java.scripting java.security.jgss java.transaction.xa java.sql java.sql.rowset java.xml.crypto java.se java.smartcardio jdk.accessibility jdk.internal.jvmstat jdk.attach jdk.charsets jdk.internal.opt jdk.zipfs jdk.compiler jdk.crypto.ec jdk.crypto.cryptoki jdk.crypto.mscapi jdk.dynalink jdk.internal.ed jdk.editpad jdk.hotspot.agent jdk.httpserver jdk.internal.le jdk.internal.vm.ci jdk.internal.vm.compiler jdk.internal.vm.compiler.management jdk.jartool jdk.javadoc jdk.jcmd jdk.management jdk.management.agent jdk.jconsole jdk.jdeps jdk.jdwp.agent jdk.jdi jdk.jfr jdk.jshell jdk.jsobject jdk.jstatd jdk.localedata jdk.management.jfr jdk.naming.dns jdk.naming.rmi jdk.net jdk.nio.mapmode jdk.random jdk.sctp jdk.security.auth jdk.security.jgss jdk.unsupported jdk.unsupported.desktop jdk.xml.dom" 

Environment Variables:
JAVA_HOME=C:\Program Files\Eclipse Adoptium\jdk-21.0.9.10-hotspot\
PATH=C:\Users\vitor\AppData\Local\Programs\Microsoft VS Code;C:\Program Files\Eclipse Adoptium\jdk-21.0.9.10-hotspot\bin;C:\Program Files\Java\zulu17.56.15-ca-jdk17.0.14-win_x64\bin;C:\WINDOWS\system32;C:\WINDOWS;C:\WINDOWS\System32\Wbem;C:\WINDOWS\System32\WindowsPowerShell\v1.0\;C:\WINDOWS\System32\OpenSSH\;C:\xampp\php;C:\ProgramData\ComposerSetup\bin;C:\Program Files\Git\cmd;C:\Program Files\dotnet\;C:\Maven\apache-maven-3.9.9\bin;C:\MinGW\bin;C:\Users\vitor\AppData\Local\nvm;C:\nvm4w\nodejs;C:\Program Files\Docker\Docker\resources\bin;C:\Program Files\MySQL\MySQL Shell 8.0\bin\;C:\Users\vitor\AppData\Local\Programs\Python\Python313\Scripts\;C:\Users\vitor\AppData\Local\Programs\Python\Python313\;C:\Users\vitor\AppData\Local\Programs\Python\Launcher\;C:\Users\vitor\AppData\Local\Microsoft\WindowsApps;C:\Users\vitor\AppData\Local\Programs\Microsoft VS Code\bin;C:\Users\vitor\AppData\Roaming\Composer\vendor\bin;C:\Users\vitor\AppData\Roaming\npm;C:\Users\vitor\AppData\Local\nvm;C:\nvm4w\nodejs
USERNAME=vitor
OS=Windows_NT
PROCESSOR_IDENTIFIER=AMD64 Family 23 Model 104 Stepping 1, AuthenticAMD
TMP=C:\Users\vitor\AppData\Local\Temp
TEMP=C:\Users\vitor\AppData\Local\Temp




Periodic native trim disabled

---------------  S Y S T E M  ---------------

OS:
 Windows 11 , 64 bit Build 26100 (10.0.26100.7920)
OS uptime: 14 days 0:43 hours
Hyper-V role detected

CPU: total 12 (initial active 12) (12 cores per cpu, 2 threads per core) family 23 model 104 stepping 1 microcode 0x8608103, cx8, cmov, fxsr, ht, mmx, 3dnowpref, sse, sse2, sse3, ssse3, sse4a, sse4.1, sse4.2, popcnt, lzcnt, tsc, tscinvbit, avx, avx2, aes, clmul, bmi1, bmi2, adx, sha, fma, vzeroupper, clflush, clflushopt, hv, rdtscp, rdpid, f16c
Processor Information for processor 0
  Max Mhz: 2100, Current Mhz: 2100, Mhz Limit: 2100
Processor Information for processor 1
  Max Mhz: 2100, Current Mhz: 2100, Mhz Limit: 2100
Processor Information for processor 2
  Max Mhz: 2100, Current Mhz: 2100, Mhz Limit: 2100
Processor Information for processor 3
  Max Mhz: 2100, Current Mhz: 1813, Mhz Limit: 2100
Processor Information for processor 4
  Max Mhz: 2100, Current Mhz: 2100, Mhz Limit: 2100
Processor Information for processor 5
  Max Mhz: 2100, Current Mhz: 2100, Mhz Limit: 2100
Processor Information for processor 6
  Max Mhz: 2100, Current Mhz: 2100, Mhz Limit: 2100
Processor Information for processor 7
  Max Mhz: 2100, Current Mhz: 1813, Mhz Limit: 2100
Processor Information for processor 8
  Max Mhz: 2100, Current Mhz: 1813, Mhz Limit: 2100
Processor Information for processor 9
  Max Mhz: 2100, Current Mhz: 1813, Mhz Limit: 2100
Processor Information for processor 10
  Max Mhz: 2100, Current Mhz: 1813, Mhz Limit: 2100
Processor Information for processor 11
  Max Mhz: 2100, Current Mhz: 1813, Mhz Limit: 2100

Memory: 4k page, system-wide physical 6005M (276M free)
TotalPageFile size 24437M (AvailPageFile size 61M)
current process WorkingSet (physical memory assigned to process): 86M, peak: 87M
current process commit charge ("private bytes"): 244M, peak: 244M

vm_info: OpenJDK 64-Bit Server VM (21.0.10+7-LTS) for windows-amd64 JRE (21.0.10+7-LTS), built on 2026-01-20T00:00:00Z by "admin" with MS VC++ 17.12 (VS2022)

END.
