#
# There is insufficient memory for the Java Runtime Environment to continue.
# Native memory allocation (malloc) failed to allocate 1198256 bytes. Error detail: Chunk::new
# Possible reasons:
#   The system is out of physical RAM or swap space
#   This process is running with CompressedOops enabled, and the Java Heap may be blocking the growth of the native heap
# Possible solutions:
#   Reduce memory load on the system
#   Increase physical memory or swap space
#   Check if swap backing store is full
#   Decrease Java heap size (-Xmx/-Xms)
#   Decrease number of Java threads
#   Decrease Java thread stack sizes (-Xss)
#   Set larger code cache with -XX:ReservedCodeCacheSize=
#   JVM is running with Unscaled Compressed Oops mode in which the Java heap is
#     placed in the first 4GB address space. The Java Heap base address is the
#     maximum limit for the native heap growth. Please use -XX:HeapBaseMinAddress
#     to set the Java Heap base and to place the Java Heap above 4GB virtual address.
# This output file may be truncated or incomplete.
#
#  Out of Memory Error (arena.cpp:168), pid=55080, tid=32372
#
# JRE version: OpenJDK Runtime Environment Temurin-21.0.10+7 (21.0.10+7) (build 21.0.10+7-LTS)
# Java VM: OpenJDK 64-Bit Server VM Temurin-21.0.10+7 (21.0.10+7-LTS, mixed mode, sharing, tiered, compressed oops, compressed class ptrs, parallel gc, windows-amd64)
# No core dump will be written. Minidumps are not enabled by default on client versions of Windows
#

---------------  S U M M A R Y ------------

Command Line: --add-modules=ALL-SYSTEM --add-opens=java.base/java.util=ALL-UNNAMED --add-opens=java.base/java.lang=ALL-UNNAMED --add-opens=java.base/sun.nio.fs=ALL-UNNAMED -Declipse.application=org.eclipse.jdt.ls.core.id1 -Dosgi.bundles.defaultStartLevel=4 -Declipse.product=org.eclipse.jdt.ls.core.product -Djava.import.generatesMetadataFilesAtProjectRoot=false -DDetectVMInstallationsJob.disabled=true -Dfile.encoding=utf8 -XX:+UseParallelGC -XX:GCTimeRatio=4 -XX:AdaptiveSizePolicyWeight=90 -Dsun.zip.disableMemoryMapping=true -Xmx2G -Xms100m -Xlog:disable -javaagent:c:\Users\vitor\.vscode\extensions\redhat.java-1.53.0-win32-x64\lombok\lombok-1.18.39-4050.jar -XX:+HeapDumpOnOutOfMemoryError -XX:HeapDumpPath=c:\Users\vitor\AppData\Roaming\Code\User\workspaceStorage\6831597da1bb03031f8b5526a28d0cb8\redhat.java -Daether.dependencyCollector.impl=bf c:\Users\vitor\.vscode\extensions\redhat.java-1.53.0-win32-x64\server\plugins\org.eclipse.equinox.launcher_1.7.100.v20251111-0406.jar -configuration c:\Users\vitor\AppData\Roaming\Code\User\globalStorage\redhat.java\1.53.0\config_win -data c:\Users\vitor\AppData\Roaming\Code\User\workspaceStorage\6831597da1bb03031f8b5526a28d0cb8\redhat.java\jdt_ws --pipe=\\.\pipe\lsp-dacca658a6998f7765be95f550443b22-sock

Host: AMD Ryzen 5 5500U with Radeon Graphics         , 12 cores, 5G,  Windows 11 , 64 bit Build 26100 (10.0.26100.7920)
Time: Mon Apr 13 16:29:01 2026 Hora oficial do Brasil elapsed time: 11.482845 seconds (0d 0h 0m 11s)

---------------  T H R E A D  ---------------

Current thread (0x0000029d8dc75d00):  JavaThread "C2 CompilerThread0" daemon [_thread_in_native, id=32372, stack(0x000000d3da000000,0x000000d3da100000) (1024K)]


Current CompileTask:
C2:11482 7224   !   4       java.nio.file.FileTreeWalker::next (144 bytes)

Stack: [0x000000d3da000000,0x000000d3da100000]
Native frames: (J=compiled Java code, j=interpreted, Vv=VM code, C=native code)
V  [jvm.dll+0x6d7a39]
V  [jvm.dll+0x8b4b26]
V  [jvm.dll+0x8b70de]
V  [jvm.dll+0x8b77c3]
V  [jvm.dll+0x284346]
V  [jvm.dll+0xc66ed]
V  [jvm.dll+0xc6c31]
V  [jvm.dll+0x3bec01]
V  [jvm.dll+0x38b162]
V  [jvm.dll+0x38a5aa]
V  [jvm.dll+0x24c560]
V  [jvm.dll+0x24bb40]
V  [jvm.dll+0x1cb34e]
V  [jvm.dll+0x25b85d]
V  [jvm.dll+0x259dea]
V  [jvm.dll+0x3f857e]
V  [jvm.dll+0x85f59d]
V  [jvm.dll+0x6d626d]
C  [ucrtbase.dll+0x37b0]
C  [KERNEL32.DLL+0x2e8d7]
C  [ntdll.dll+0x8c48c]


---------------  P R O C E S S  ---------------

Threads class SMR info:
_java_thread_list=0x0000029dec26d0a0, length=51, elements={
0x0000029d8dbbc230, 0x0000029d8db6e550, 0x0000029d8dc60ca0, 0x0000029d8dc65470,
0x0000029d8dc66480, 0x0000029d8dc6a680, 0x0000029d8dc6c6e0, 0x0000029d8dc75d00,
0x0000029d8dc7a840, 0x0000029de6be2d60, 0x0000029de6d0f7b0, 0x0000029dec35a5b0,
0x0000029dec6a3ba0, 0x0000029dec2fc710, 0x0000029dec301250, 0x0000029decba3440,
0x0000029decb22b80, 0x0000029decd26570, 0x0000029decc13ee0, 0x0000029decc131c0,
0x0000029decc11e10, 0x0000029decc13850, 0x0000029decc12b30, 0x0000029decc10a60,
0x0000029decc124a0, 0x0000029decc11780, 0x0000029decc110f0, 0x0000029ded683f80,
0x0000029ded680b00, 0x0000029ded682bd0, 0x0000029ded683260, 0x0000029ded6838f0,
0x0000029ded681eb0, 0x0000029ded684610, 0x0000029ded681190, 0x0000029ded684ca0,
0x0000029ded681820, 0x0000029ded6866e0, 0x0000029ded686d70, 0x0000029ded687a90,
0x0000029ded687400, 0x0000029ded688120, 0x0000029ded685330, 0x0000029ded686050,
0x0000029ded6859c0, 0x0000029dee283820, 0x0000029dee283190, 0x0000029dee281de0,
0x0000029dee2858f0, 0x0000029dee283eb0, 0x0000029dee282470
}

Java Threads: ( => current thread )
  0x0000029d8dbbc230 JavaThread "main"                              [_thread_blocked, id=73140, stack(0x000000d3d9600000,0x000000d3d9700000) (1024K)]
  0x0000029d8db6e550 JavaThread "Reference Handler"          daemon [_thread_blocked, id=66588, stack(0x000000d3d9a00000,0x000000d3d9b00000) (1024K)]
  0x0000029d8dc60ca0 JavaThread "Finalizer"                  daemon [_thread_blocked, id=58744, stack(0x000000d3d9b00000,0x000000d3d9c00000) (1024K)]
  0x0000029d8dc65470 JavaThread "Signal Dispatcher"          daemon [_thread_blocked, id=57744, stack(0x000000d3d9c00000,0x000000d3d9d00000) (1024K)]
  0x0000029d8dc66480 JavaThread "Attach Listener"            daemon [_thread_blocked, id=67748, stack(0x000000d3d9d00000,0x000000d3d9e00000) (1024K)]
  0x0000029d8dc6a680 JavaThread "Service Thread"             daemon [_thread_blocked, id=15496, stack(0x000000d3d9e00000,0x000000d3d9f00000) (1024K)]
  0x0000029d8dc6c6e0 JavaThread "Monitor Deflation Thread"   daemon [_thread_blocked, id=63460, stack(0x000000d3d9f00000,0x000000d3da000000) (1024K)]
=>0x0000029d8dc75d00 JavaThread "C2 CompilerThread0"         daemon [_thread_in_native, id=32372, stack(0x000000d3da000000,0x000000d3da100000) (1024K)]
  0x0000029d8dc7a840 JavaThread "C1 CompilerThread0"         daemon [_thread_blocked, id=26648, stack(0x000000d3da100000,0x000000d3da200000) (1024K)]
  0x0000029de6be2d60 JavaThread "Common-Cleaner"             daemon [_thread_blocked, id=73696, stack(0x000000d3da200000,0x000000d3da300000) (1024K)]
  0x0000029de6d0f7b0 JavaThread "Notification Thread"        daemon [_thread_blocked, id=62384, stack(0x000000d3da300000,0x000000d3da400000) (1024K)]
  0x0000029dec35a5b0 JavaThread "Active Thread: Equinox Container: 98f59d52-289f-403d-bcac-c8bbb1d8610e"        [_thread_blocked, id=43436, stack(0x000000d3daa00000,0x000000d3dab00000) (1024K)]
  0x0000029dec6a3ba0 JavaThread "Refresh Thread: Equinox Container: 98f59d52-289f-403d-bcac-c8bbb1d8610e" daemon [_thread_blocked, id=28556, stack(0x000000d3dac00000,0x000000d3dad00000) (1024K)]
  0x0000029dec2fc710 JavaThread "Framework Event Dispatcher: Equinox Container: 98f59d52-289f-403d-bcac-c8bbb1d8610e" daemon [_thread_blocked, id=34880, stack(0x000000d3dad00000,0x000000d3dae00000) (1024K)]
  0x0000029dec301250 JavaThread "Start Level: Equinox Container: 98f59d52-289f-403d-bcac-c8bbb1d8610e" daemon [_thread_blocked, id=65840, stack(0x000000d3dae00000,0x000000d3daf00000) (1024K)]
  0x0000029decba3440 JavaThread "Bundle File Closer"         daemon [_thread_blocked, id=53036, stack(0x000000d3db100000,0x000000d3db200000) (1024K)]
  0x0000029decb22b80 JavaThread "SCR Component Actor"        daemon [_thread_blocked, id=20236, stack(0x000000d3db200000,0x000000d3db300000) (1024K)]
  0x0000029decd26570 JavaThread "Worker-JM"                         [_thread_blocked, id=67904, stack(0x000000d3db300000,0x000000d3db400000) (1024K)]
  0x0000029decc13ee0 JavaThread "JNA Cleaner"                daemon [_thread_blocked, id=59460, stack(0x000000d3db400000,0x000000d3db500000) (1024K)]
  0x0000029decc131c0 JavaThread "Worker-0: Initialize workspace"        [_thread_in_Java, id=66600, stack(0x000000d3db500000,0x000000d3db600000) (1024K)]
  0x0000029decc11e10 JavaThread "Worker-1: Initialize Workspace"        [_thread_blocked, id=66236, stack(0x000000d3db600000,0x000000d3db700000) (1024K)]
  0x0000029decc13850 JavaThread "Worker-2"                          [_thread_blocked, id=63776, stack(0x000000d3db700000,0x000000d3db800000) (1024K)]
  0x0000029decc12b30 JavaThread "Java indexing"              daemon [_thread_blocked, id=54484, stack(0x000000d3db800000,0x000000d3db900000) (1024K)]
  0x0000029decc10a60 JavaThread "Worker-3"                          [_thread_blocked, id=69268, stack(0x000000d3dbb00000,0x000000d3dbc00000) (1024K)]
  0x0000029decc124a0 JavaThread "Thread-1"                   daemon [_thread_in_native, id=73176, stack(0x000000d3dbc00000,0x000000d3dbd00000) (1024K)]
  0x0000029decc11780 JavaThread "Thread-2"                   daemon [_thread_in_native, id=71880, stack(0x000000d3dbd00000,0x000000d3dbe00000) (1024K)]
  0x0000029decc110f0 JavaThread "Thread-3"                   daemon [_thread_in_native, id=61560, stack(0x000000d3dbe00000,0x000000d3dbf00000) (1024K)]
  0x0000029ded683f80 JavaThread "Thread-4"                   daemon [_thread_in_native, id=68588, stack(0x000000d3dbf00000,0x000000d3dc000000) (1024K)]
  0x0000029ded680b00 JavaThread "Thread-5"                   daemon [_thread_in_native, id=54720, stack(0x000000d3dc000000,0x000000d3dc100000) (1024K)]
  0x0000029ded682bd0 JavaThread "Thread-6"                   daemon [_thread_in_native, id=73648, stack(0x000000d3dc100000,0x000000d3dc200000) (1024K)]
  0x0000029ded683260 JavaThread "Thread-7"                   daemon [_thread_in_native, id=67220, stack(0x000000d3dc200000,0x000000d3dc300000) (1024K)]
  0x0000029ded6838f0 JavaThread "Thread-8"                   daemon [_thread_in_native, id=54220, stack(0x000000d3dc300000,0x000000d3dc400000) (1024K)]
  0x0000029ded681eb0 JavaThread "Thread-9"                   daemon [_thread_in_native, id=67936, stack(0x000000d3dc400000,0x000000d3dc500000) (1024K)]
  0x0000029ded684610 JavaThread "Thread-10"                  daemon [_thread_in_native, id=54944, stack(0x000000d3dc500000,0x000000d3dc600000) (1024K)]
  0x0000029ded681190 JavaThread "Thread-11"                  daemon [_thread_in_native, id=38948, stack(0x000000d3dc600000,0x000000d3dc700000) (1024K)]
  0x0000029ded684ca0 JavaThread "Thread-12"                  daemon [_thread_in_native, id=71820, stack(0x000000d3dc700000,0x000000d3dc800000) (1024K)]
  0x0000029ded681820 JavaThread "Thread-13"                  daemon [_thread_in_native, id=65684, stack(0x000000d3dc800000,0x000000d3dc900000) (1024K)]
  0x0000029ded6866e0 JavaThread "pool-2-thread-1"                   [_thread_blocked, id=25656, stack(0x000000d3dc900000,0x000000d3dca00000) (1024K)]
  0x0000029ded686d70 JavaThread "WorkspaceEventsHandler"            [_thread_blocked, id=73288, stack(0x000000d3dca00000,0x000000d3dcb00000) (1024K)]
  0x0000029ded687a90 JavaThread "pool-1-thread-1"                   [_thread_blocked, id=5068, stack(0x000000d3dcb00000,0x000000d3dcc00000) (1024K)]
  0x0000029ded687400 JavaThread "ForkJoinPool.commonPool-worker-1" daemon [_thread_blocked, id=23844, stack(0x000000d3dcc00000,0x000000d3dcd00000) (1024K)]
  0x0000029ded688120 JavaThread "ForkJoinPool.commonPool-worker-2" daemon [_thread_blocked, id=72908, stack(0x000000d3dcd00000,0x000000d3dce00000) (1024K)]
  0x0000029ded685330 JavaThread "ForkJoinPool.commonPool-worker-3" daemon [_thread_blocked, id=11228, stack(0x000000d3dce00000,0x000000d3dcf00000) (1024K)]
  0x0000029ded686050 JavaThread "ForkJoinPool.commonPool-worker-4" daemon [_thread_blocked, id=43828, stack(0x000000d3dcf00000,0x000000d3dd000000) (1024K)]
  0x0000029ded6859c0 JavaThread "ForkJoinPool.commonPool-worker-5" daemon [_thread_blocked, id=72640, stack(0x000000d3dd000000,0x000000d3dd100000) (1024K)]
  0x0000029dee283820 JavaThread "ForkJoinPool.commonPool-worker-6" daemon [_thread_blocked, id=26612, stack(0x000000d3dd100000,0x000000d3dd200000) (1024K)]
  0x0000029dee283190 JavaThread "ForkJoinPool.commonPool-worker-7" daemon [_thread_blocked, id=2620, stack(0x000000d3dd200000,0x000000d3dd300000) (1024K)]
  0x0000029dee281de0 JavaThread "ForkJoinPool.commonPool-worker-8" daemon [_thread_blocked, id=14536, stack(0x000000d3dd300000,0x000000d3dd400000) (1024K)]
  0x0000029dee2858f0 JavaThread "ForkJoinPool.commonPool-worker-9" daemon [_thread_blocked, id=71816, stack(0x000000d3dd400000,0x000000d3dd500000) (1024K)]
  0x0000029dee283eb0 JavaThread "ForkJoinPool.commonPool-worker-10" daemon [_thread_blocked, id=68196, stack(0x000000d3dd500000,0x000000d3dd600000) (1024K)]
  0x0000029dee282470 JavaThread "ForkJoinPool.commonPool-worker-11" daemon [_thread_blocked, id=71296, stack(0x000000d3dd600000,0x000000d3dd700000) (1024K)]
Total: 51

Other Threads:
  0x0000029d8dc5e900 VMThread "VM Thread"                           [id=69160, stack(0x000000d3d9900000,0x000000d3d9a00000) (1024K)]
  0x0000029d8da4ca00 WatcherThread "VM Periodic Task Thread"        [id=72816, stack(0x000000d3d9800000,0x000000d3d9900000) (1024K)]
  0x0000029d8dbda7f0 WorkerThread "GC Thread#0"                     [id=63860, stack(0x000000d3d9700000,0x000000d3d9800000) (1024K)]
  0x0000029dec143340 WorkerThread "GC Thread#1"                     [id=21792, stack(0x000000d3da400000,0x000000d3da500000) (1024K)]
  0x0000029dec13e6a0 WorkerThread "GC Thread#2"                     [id=66208, stack(0x000000d3da500000,0x000000d3da600000) (1024K)]
  0x0000029dec13ea50 WorkerThread "GC Thread#3"                     [id=68648, stack(0x000000d3da600000,0x000000d3da700000) (1024K)]
  0x0000029dec1436f0 WorkerThread "GC Thread#4"                     [id=67532, stack(0x000000d3da700000,0x000000d3da800000) (1024K)]
  0x0000029dec143aa0 WorkerThread "GC Thread#5"                     [id=65948, stack(0x000000d3da800000,0x000000d3da900000) (1024K)]
  0x0000029dec138730 WorkerThread "GC Thread#6"                     [id=60940, stack(0x000000d3da900000,0x000000d3daa00000) (1024K)]
  0x0000029dec334ce0 WorkerThread "GC Thread#7"                     [id=69556, stack(0x000000d3dab00000,0x000000d3dac00000) (1024K)]
  0x0000029deca6ae40 WorkerThread "GC Thread#8"                     [id=23680, stack(0x000000d3daf00000,0x000000d3db000000) (1024K)]
  0x0000029deca42960 WorkerThread "GC Thread#9"                     [id=47568, stack(0x000000d3db000000,0x000000d3db100000) (1024K)]
Total: 12

Threads with active compile tasks:
C2 CompilerThread0  13568 7224   !   4       java.nio.file.FileTreeWalker::next (144 bytes)
Total: 1

VM state: not at safepoint (normal execution)

VM Mutex/Monitor currently owned by a thread: None

Heap address: 0x0000000080000000, size: 2048 MB, Compressed Oops mode: 32-bit

CDS archive(s) mapped at: [0x0000029da5000000-0x0000029da5ba0000-0x0000029da5ba0000), size 12189696, SharedBaseAddress: 0x0000029da5000000, ArchiveRelocationMode: 1.
Compressed class space mapped at: 0x0000029da6000000-0x0000029de6000000, reserved size: 1073741824
Narrow klass base: 0x0000029da5000000, Narrow klass shift: 0, Narrow klass range: 0x100000000

GC Precious Log:
 CardTable entry size: 512
 CPUs: 12 total, 12 available
 Memory: 6005M
 Large Page Support: Disabled
 NUMA Support: Disabled
 Compressed Oops: Enabled (32-bit)
 Alignments: Space 512K, Generation 512K, Heap 2M
 Heap Min Capacity: 100M
 Heap Initial Capacity: 100M
 Heap Max Capacity: 2G
 Pre-touch: Disabled
 Parallel Workers: 10

Heap:
 PSYoungGen      total 22528K, used 3840K [0x00000000d5580000, 0x00000000d7200000, 0x0000000100000000)
  eden space 22016K, 15% used [0x00000000d5580000,0x00000000d58c0188,0x00000000d6b00000)
  from space 512K, 100% used [0x00000000d7100000,0x00000000d7180000,0x00000000d7180000)
  to   space 3584K, 0% used [0x00000000d6b00000,0x00000000d6b00000,0x00000000d6e80000)
 ParOldGen       total 68608K, used 37160K [0x0000000080000000, 0x0000000084300000, 0x00000000d5580000)
  object space 68608K, 54% used [0x0000000080000000,0x000000008244a050,0x0000000084300000)
 Metaspace       used 49534K, committed 50880K, reserved 1114112K
  class space    used 5377K, committed 5952K, reserved 1048576K

Card table byte_map: [0x0000029d8d560000,0x0000029d8d970000] _byte_map_base: 0x0000029d8d160000

Marking Bits: (ParMarkBitMap*) 0x00007ffd66e93450
 Begin Bits: [0x0000029da0070000, 0x0000029da2070000)
 End Bits:   [0x0000029da2070000, 0x0000029da4070000)

Polling page: 0x0000029d8b9b0000

Metaspace:

Usage:
  Non-class:     43.12 MB used.
      Class:      5.25 MB used.
       Both:     48.37 MB used.

Virtual space:
  Non-class space:       64.00 MB reserved,      43.88 MB ( 69%) committed,  1 nodes.
      Class space:        1.00 GB reserved,       5.81 MB ( <1%) committed,  1 nodes.
             Both:        1.06 GB reserved,      49.69 MB (  5%) committed. 

Chunk freelists:
   Non-Class:  3.94 MB
       Class:  10.01 MB
        Both:  13.94 MB

MaxMetaspaceSize: unlimited
CompressedClassSpaceSize: 1.00 GB
Initial GC threshold: 21.00 MB
Current GC threshold: 58.38 MB
CDS: on
 - commit_granule_bytes: 65536.
 - commit_granule_words: 8192.
 - virtual_space_node_default_size: 8388608.
 - enlarge_chunks_in_place: 1.
 - use_allocation_guard: 0.


Internal statistics:

num_allocs_failed_limit: 6.
num_arena_births: 1014.
num_arena_deaths: 14.
num_vsnodes_births: 2.
num_vsnodes_deaths: 0.
num_space_committed: 795.
num_space_uncommitted: 0.
num_chunks_returned_to_freelist: 20.
num_chunks_taken_from_freelist: 3245.
num_chunk_merges: 9.
num_chunk_splits: 2035.
num_chunks_enlarged: 1194.
num_inconsistent_stats: 0.

CodeHeap 'non-profiled nmethods': size=120000Kb used=2984Kb max_used=2984Kb free=117015Kb
 bounds [0x0000029d98890000, 0x0000029d98b80000, 0x0000029d9fdc0000]
CodeHeap 'profiled nmethods': size=120000Kb used=13943Kb max_used=13943Kb free=106057Kb
 bounds [0x0000029d90dc0000, 0x0000029d91b60000, 0x0000029d982f0000]
CodeHeap 'non-nmethods': size=5760Kb used=1375Kb max_used=1408Kb free=4384Kb
 bounds [0x0000029d982f0000, 0x0000029d98560000, 0x0000029d98890000]
CodeCache: size=245760Kb, used=18302Kb, max_used=18335Kb, free=227456Kb
 total_blobs=7419, nmethods=6743, adapters=582, full_count=0
Compilation: enabled, stopped_count=0, restarted_count=0

Compilation events (20 events):
Event: 10.464 Thread 0x0000029d8dc7a840 7268       3       java.util.ImmutableCollections$AbstractImmutableList::hashCode (36 bytes)
Event: 10.464 Thread 0x0000029d8dc7a840 nmethod 7268 0x0000029d91b41f90 code [0x0000029d91b42180, 0x0000029d91b42660]
Event: 10.464 Thread 0x0000029d8dc7a840 7265       3       java.util.ImmutableCollections$AbstractImmutableList::iterator (13 bytes)
Event: 10.464 Thread 0x0000029d8dc7a840 nmethod 7265 0x0000029d91b42810 code [0x0000029d91b429e0, 0x0000029d91b42d10]
Event: 10.464 Thread 0x0000029d8dc7a840 7266       3       java.util.ImmutableCollections$ListItr::<init> (25 bytes)
Event: 10.465 Thread 0x0000029d8dc7a840 nmethod 7266 0x0000029d91b42e10 code [0x0000029d91b42fc0, 0x0000029d91b43150]
Event: 10.465 Thread 0x0000029d8dc7a840 7269   !   3       java.util.ImmutableCollections$ListItr::next (34 bytes)
Event: 10.465 Thread 0x0000029d8dc7a840 nmethod 7269 0x0000029d91b43210 code [0x0000029d91b433e0, 0x0000029d91b436d0]
Event: 10.465 Thread 0x0000029d8dc7a840 7271       3       java.util.ImmutableCollections::listFromArray (39 bytes)
Event: 10.465 Thread 0x0000029d8dc7a840 nmethod 7271 0x0000029d91b43810 code [0x0000029d91b43a20, 0x0000029d91b44178]
Event: 10.465 Thread 0x0000029d8dc7a840 7272   !   3       org.eclipse.jdt.internal.core.util.DeduplicationUtil::intern (149 bytes)
Event: 10.466 Thread 0x0000029d8dc7a840 nmethod 7272 0x0000029d91b44410 code [0x0000029d91b44740, 0x0000029d91b45d68]
Event: 10.466 Thread 0x0000029d8dc7a840 7273       3       java.util.ImmutableCollections$AbstractImmutableList::equals (89 bytes)
Event: 10.466 Thread 0x0000029d8dc7a840 nmethod 7273 0x0000029d91b46490 code [0x0000029d91b46700, 0x0000029d91b47308]
Event: 10.466 Thread 0x0000029d8dc7a840 7270       3       java.util.ImmutableCollections$AbstractImmutableList::<init> (5 bytes)
Event: 10.467 Thread 0x0000029d8dc7a840 nmethod 7270 0x0000029d91b47590 code [0x0000029d91b47740, 0x0000029d91b47968]
Event: 10.467 Thread 0x0000029d8dc7a840 7274       3       java.util.List::of (64 bytes)
Event: 10.467 Thread 0x0000029d8dc7a840 nmethod 7274 0x0000029d91b47a90 code [0x0000029d91b47d20, 0x0000029d91b48888]
Event: 10.467 Thread 0x0000029d8dc7a840 7275       1       org.eclipse.jdt.internal.core.JarPackageFragmentRootInfo$PackageContent::resources (5 bytes)
Event: 10.467 Thread 0x0000029d8dc7a840 nmethod 7275 0x0000029d98b78910 code [0x0000029d98b78aa0, 0x0000029d98b78b68]

GC Heap History (20 events):
Event: 5.774 GC heap before
{Heap before GC invocations=16 (full 2):
 PSYoungGen      total 26112K, used 22016K [0x00000000d5580000, 0x00000000d7300000, 0x0000000100000000)
  eden space 22016K, 100% used [0x00000000d5580000,0x00000000d6b00000,0x00000000d6b00000)
  from space 4096K, 0% used [0x00000000d6b80000,0x00000000d6b80000,0x00000000d6f80000)
  to   space 2048K, 0% used [0x00000000d7100000,0x00000000d7100000,0x00000000d7300000)
 ParOldGen       total 68608K, used 20770K [0x0000000080000000, 0x0000000084300000, 0x00000000d5580000)
  object space 68608K, 30% used [0x0000000080000000,0x0000000081448bf8,0x0000000084300000)
 Metaspace       used 37161K, committed 38336K, reserved 1114112K
  class space    used 3863K, committed 4416K, reserved 1048576K
}
Event: 5.775 GC heap after
{Heap after GC invocations=16 (full 2):
 PSYoungGen      total 23552K, used 1536K [0x00000000d5580000, 0x00000000d7280000, 0x0000000100000000)
  eden space 22016K, 0% used [0x00000000d5580000,0x00000000d5580000,0x00000000d6b00000)
  from space 1536K, 100% used [0x00000000d7100000,0x00000000d7280000,0x00000000d7280000)
  to   space 2048K, 0% used [0x00000000d6e80000,0x00000000d6e80000,0x00000000d7080000)
 ParOldGen       total 68608K, used 20778K [0x0000000080000000, 0x0000000084300000, 0x00000000d5580000)
  object space 68608K, 30% used [0x0000000080000000,0x000000008144abf8,0x0000000084300000)
 Metaspace       used 37161K, committed 38336K, reserved 1114112K
  class space    used 3863K, committed 4416K, reserved 1048576K
}
Event: 5.977 GC heap before
{Heap before GC invocations=17 (full 2):
 PSYoungGen      total 23552K, used 23552K [0x00000000d5580000, 0x00000000d7280000, 0x0000000100000000)
  eden space 22016K, 100% used [0x00000000d5580000,0x00000000d6b00000,0x00000000d6b00000)
  from space 1536K, 100% used [0x00000000d7100000,0x00000000d7280000,0x00000000d7280000)
  to   space 2048K, 0% used [0x00000000d6e80000,0x00000000d6e80000,0x00000000d7080000)
 ParOldGen       total 68608K, used 20778K [0x0000000080000000, 0x0000000084300000, 0x00000000d5580000)
  object space 68608K, 30% used [0x0000000080000000,0x000000008144abf8,0x0000000084300000)
 Metaspace       used 37942K, committed 39104K, reserved 1114112K
  class space    used 3976K, committed 4480K, reserved 1048576K
}
Event: 5.982 GC heap after
{Heap after GC invocations=17 (full 2):
 PSYoungGen      total 24064K, used 2029K [0x00000000d5580000, 0x00000000d7d00000, 0x0000000100000000)
  eden space 22016K, 0% used [0x00000000d5580000,0x00000000d5580000,0x00000000d6b00000)
  from space 2048K, 99% used [0x00000000d6e80000,0x00000000d707b610,0x00000000d7080000)
  to   space 9216K, 0% used [0x00000000d7400000,0x00000000d7400000,0x00000000d7d00000)
 ParOldGen       total 68608K, used 26513K [0x0000000080000000, 0x0000000084300000, 0x00000000d5580000)
  object space 68608K, 38% used [0x0000000080000000,0x00000000819e45b8,0x0000000084300000)
 Metaspace       used 37942K, committed 39104K, reserved 1114112K
  class space    used 3976K, committed 4480K, reserved 1048576K
}
Event: 6.257 GC heap before
{Heap before GC invocations=18 (full 2):
 PSYoungGen      total 24064K, used 24045K [0x00000000d5580000, 0x00000000d7d00000, 0x0000000100000000)
  eden space 22016K, 100% used [0x00000000d5580000,0x00000000d6b00000,0x00000000d6b00000)
  from space 2048K, 99% used [0x00000000d6e80000,0x00000000d707b610,0x00000000d7080000)
  to   space 9216K, 0% used [0x00000000d7400000,0x00000000d7400000,0x00000000d7d00000)
 ParOldGen       total 68608K, used 26513K [0x0000000080000000, 0x0000000084300000, 0x00000000d5580000)
  object space 68608K, 38% used [0x0000000080000000,0x00000000819e45b8,0x0000000084300000)
 Metaspace       used 39483K, committed 40704K, reserved 1114112K
  class space    used 4178K, committed 4736K, reserved 1048576K
}
Event: 6.259 GC heap after
{Heap after GC invocations=18 (full 2):
 PSYoungGen      total 23040K, used 672K [0x00000000d5580000, 0x00000000d7500000, 0x0000000100000000)
  eden space 22016K, 0% used [0x00000000d5580000,0x00000000d5580000,0x00000000d6b00000)
  from space 1024K, 65% used [0x00000000d7400000,0x00000000d74a8000,0x00000000d7500000)
  to   space 3584K, 0% used [0x00000000d6e00000,0x00000000d6e00000,0x00000000d7180000)
 ParOldGen       total 68608K, used 28443K [0x0000000080000000, 0x0000000084300000, 0x00000000d5580000)
  object space 68608K, 41% used [0x0000000080000000,0x0000000081bc6e50,0x0000000084300000)
 Metaspace       used 39483K, committed 40704K, reserved 1114112K
  class space    used 4178K, committed 4736K, reserved 1048576K
}
Event: 6.618 GC heap before
{Heap before GC invocations=19 (full 2):
 PSYoungGen      total 23040K, used 22688K [0x00000000d5580000, 0x00000000d7500000, 0x0000000100000000)
  eden space 22016K, 100% used [0x00000000d5580000,0x00000000d6b00000,0x00000000d6b00000)
  from space 1024K, 65% used [0x00000000d7400000,0x00000000d74a8000,0x00000000d7500000)
  to   space 3584K, 0% used [0x00000000d6e00000,0x00000000d6e00000,0x00000000d7180000)
 ParOldGen       total 68608K, used 28443K [0x0000000080000000, 0x0000000084300000, 0x00000000d5580000)
  object space 68608K, 41% used [0x0000000080000000,0x0000000081bc6e50,0x0000000084300000)
 Metaspace       used 41985K, committed 43200K, reserved 1114112K
  class space    used 4495K, committed 5056K, reserved 1048576K
}
Event: 6.620 GC heap after
{Heap after GC invocations=19 (full 2):
 PSYoungGen      total 25600K, used 1152K [0x00000000d5580000, 0x00000000d7480000, 0x0000000100000000)
  eden space 22016K, 0% used [0x00000000d5580000,0x00000000d5580000,0x00000000d6b00000)
  from space 3584K, 32% used [0x00000000d6e00000,0x00000000d6f20000,0x00000000d7180000)
  to   space 1536K, 0% used [0x00000000d7300000,0x00000000d7300000,0x00000000d7480000)
 ParOldGen       total 68608K, used 28923K [0x0000000080000000, 0x0000000084300000, 0x00000000d5580000)
  object space 68608K, 42% used [0x0000000080000000,0x0000000081c3ee50,0x0000000084300000)
 Metaspace       used 41985K, committed 43200K, reserved 1114112K
  class space    used 4495K, committed 5056K, reserved 1048576K
}
Event: 7.016 GC heap before
{Heap before GC invocations=20 (full 2):
 PSYoungGen      total 25600K, used 23168K [0x00000000d5580000, 0x00000000d7480000, 0x0000000100000000)
  eden space 22016K, 100% used [0x00000000d5580000,0x00000000d6b00000,0x00000000d6b00000)
  from space 3584K, 32% used [0x00000000d6e00000,0x00000000d6f20000,0x00000000d7180000)
  to   space 1536K, 0% used [0x00000000d7300000,0x00000000d7300000,0x00000000d7480000)
 ParOldGen       total 68608K, used 28923K [0x0000000080000000, 0x0000000084300000, 0x00000000d5580000)
  object space 68608K, 42% used [0x0000000080000000,0x0000000081c3ee50,0x0000000084300000)
 Metaspace       used 44637K, committed 45888K, reserved 1114112K
  class space    used 4858K, committed 5440K, reserved 1048576K
}
Event: 7.019 GC heap after
{Heap after GC invocations=20 (full 2):
 PSYoungGen      total 23552K, used 1529K [0x00000000d5580000, 0x00000000d7480000, 0x0000000100000000)
  eden space 22016K, 0% used [0x00000000d5580000,0x00000000d5580000,0x00000000d6b00000)
  from space 1536K, 99% used [0x00000000d7300000,0x00000000d747e738,0x00000000d7480000)
  to   space 3072K, 0% used [0x00000000d6e80000,0x00000000d6e80000,0x00000000d7180000)
 ParOldGen       total 68608K, used 29914K [0x0000000080000000, 0x0000000084300000, 0x00000000d5580000)
  object space 68608K, 43% used [0x0000000080000000,0x0000000081d36b50,0x0000000084300000)
 Metaspace       used 44637K, committed 45888K, reserved 1114112K
  class space    used 4858K, committed 5440K, reserved 1048576K
}
Event: 7.716 GC heap before
{Heap before GC invocations=21 (full 2):
 PSYoungGen      total 23552K, used 23545K [0x00000000d5580000, 0x00000000d7480000, 0x0000000100000000)
  eden space 22016K, 100% used [0x00000000d5580000,0x00000000d6b00000,0x00000000d6b00000)
  from space 1536K, 99% used [0x00000000d7300000,0x00000000d747e738,0x00000000d7480000)
  to   space 3072K, 0% used [0x00000000d6e80000,0x00000000d6e80000,0x00000000d7180000)
 ParOldGen       total 68608K, used 29914K [0x0000000080000000, 0x0000000084300000, 0x00000000d5580000)
  object space 68608K, 43% used [0x0000000080000000,0x0000000081d36b50,0x0000000084300000)
 Metaspace       used 46788K, committed 48064K, reserved 1114112K
  class space    used 5095K, committed 5632K, reserved 1048576K
}
Event: 7.720 GC heap after
{Heap after GC invocations=21 (full 2):
 PSYoungGen      total 25088K, used 1307K [0x00000000d5580000, 0x00000000d7380000, 0x0000000100000000)
  eden space 22016K, 0% used [0x00000000d5580000,0x00000000d5580000,0x00000000d6b00000)
  from space 3072K, 42% used [0x00000000d6e80000,0x00000000d6fc6ea8,0x00000000d7180000)
  to   space 2048K, 0% used [0x00000000d7180000,0x00000000d7180000,0x00000000d7380000)
 ParOldGen       total 68608K, used 31242K [0x0000000080000000, 0x0000000084300000, 0x00000000d5580000)
  object space 68608K, 45% used [0x0000000080000000,0x0000000081e82b50,0x0000000084300000)
 Metaspace       used 46788K, committed 48064K, reserved 1114112K
  class space    used 5095K, committed 5632K, reserved 1048576K
}
Event: 8.832 GC heap before
{Heap before GC invocations=22 (full 2):
 PSYoungGen      total 25088K, used 23323K [0x00000000d5580000, 0x00000000d7380000, 0x0000000100000000)
  eden space 22016K, 100% used [0x00000000d5580000,0x00000000d6b00000,0x00000000d6b00000)
  from space 3072K, 42% used [0x00000000d6e80000,0x00000000d6fc6ea8,0x00000000d7180000)
  to   space 2048K, 0% used [0x00000000d7180000,0x00000000d7180000,0x00000000d7380000)
 ParOldGen       total 68608K, used 31242K [0x0000000080000000, 0x0000000084300000, 0x00000000d5580000)
  object space 68608K, 45% used [0x0000000080000000,0x0000000081e82b50,0x0000000084300000)
 Metaspace       used 46820K, committed 48064K, reserved 1114112K
  class space    used 5095K, committed 5632K, reserved 1048576K
}
Event: 8.834 GC heap after
{Heap after GC invocations=22 (full 2):
 PSYoungGen      total 22528K, used 160K [0x00000000d5580000, 0x00000000d7200000, 0x0000000100000000)
  eden space 22016K, 0% used [0x00000000d5580000,0x00000000d5580000,0x00000000d6b00000)
  from space 512K, 31% used [0x00000000d7180000,0x00000000d71a8000,0x00000000d7200000)
  to   space 1024K, 0% used [0x00000000d7000000,0x00000000d7000000,0x00000000d7100000)
 ParOldGen       total 68608K, used 32414K [0x0000000080000000, 0x0000000084300000, 0x00000000d5580000)
  object space 68608K, 47% used [0x0000000080000000,0x0000000081fa7a90,0x0000000084300000)
 Metaspace       used 46820K, committed 48064K, reserved 1114112K
  class space    used 5095K, committed 5632K, reserved 1048576K
}
Event: 9.444 GC heap before
{Heap before GC invocations=23 (full 2):
 PSYoungGen      total 22528K, used 22176K [0x00000000d5580000, 0x00000000d7200000, 0x0000000100000000)
  eden space 22016K, 100% used [0x00000000d5580000,0x00000000d6b00000,0x00000000d6b00000)
  from space 512K, 31% used [0x00000000d7180000,0x00000000d71a8000,0x00000000d7200000)
  to   space 1024K, 0% used [0x00000000d7000000,0x00000000d7000000,0x00000000d7100000)
 ParOldGen       total 68608K, used 32414K [0x0000000080000000, 0x0000000084300000, 0x00000000d5580000)
  object space 68608K, 47% used [0x0000000080000000,0x0000000081fa7a90,0x0000000084300000)
 Metaspace       used 47166K, committed 48320K, reserved 1114112K
  class space    used 5129K, committed 5632K, reserved 1048576K
}
Event: 9.445 GC heap after
{Heap after GC invocations=23 (full 2):
 PSYoungGen      total 23040K, used 896K [0x00000000d5580000, 0x00000000d7200000, 0x0000000100000000)
  eden space 22016K, 0% used [0x00000000d5580000,0x00000000d5580000,0x00000000d6b00000)
  from space 1024K, 87% used [0x00000000d7000000,0x00000000d70e0000,0x00000000d7100000)
  to   space 1024K, 0% used [0x00000000d7100000,0x00000000d7100000,0x00000000d7200000)
 ParOldGen       total 68608K, used 32462K [0x0000000080000000, 0x0000000084300000, 0x00000000d5580000)
  object space 68608K, 47% used [0x0000000080000000,0x0000000081fb3a90,0x0000000084300000)
 Metaspace       used 47166K, committed 48320K, reserved 1114112K
  class space    used 5129K, committed 5632K, reserved 1048576K
}
Event: 10.266 GC heap before
{Heap before GC invocations=24 (full 2):
 PSYoungGen      total 23040K, used 22912K [0x00000000d5580000, 0x00000000d7200000, 0x0000000100000000)
  eden space 22016K, 100% used [0x00000000d5580000,0x00000000d6b00000,0x00000000d6b00000)
  from space 1024K, 87% used [0x00000000d7000000,0x00000000d70e0000,0x00000000d7100000)
  to   space 1024K, 0% used [0x00000000d7100000,0x00000000d7100000,0x00000000d7200000)
 ParOldGen       total 68608K, used 32462K [0x0000000080000000, 0x0000000084300000, 0x00000000d5580000)
  object space 68608K, 47% used [0x0000000080000000,0x0000000081fb3a90,0x0000000084300000)
 Metaspace       used 48340K, committed 49664K, reserved 1114112K
  class space    used 5252K, committed 5824K, reserved 1048576K
}
Event: 10.268 GC heap after
{Heap after GC invocations=24 (full 2):
 PSYoungGen      total 23040K, used 576K [0x00000000d5580000, 0x00000000d7200000, 0x0000000100000000)
  eden space 22016K, 0% used [0x00000000d5580000,0x00000000d5580000,0x00000000d6b00000)
  from space 1024K, 56% used [0x00000000d7100000,0x00000000d7190000,0x00000000d7200000)
  to   space 1024K, 0% used [0x00000000d7000000,0x00000000d7000000,0x00000000d7100000)
 ParOldGen       total 68608K, used 33153K [0x0000000080000000, 0x0000000084300000, 0x00000000d5580000)
  object space 68608K, 48% used [0x0000000080000000,0x0000000082060600,0x0000000084300000)
 Metaspace       used 48340K, committed 49664K, reserved 1114112K
  class space    used 5252K, committed 5824K, reserved 1048576K
}
Event: 10.424 GC heap before
{Heap before GC invocations=25 (full 2):
 PSYoungGen      total 23040K, used 22592K [0x00000000d5580000, 0x00000000d7200000, 0x0000000100000000)
  eden space 22016K, 100% used [0x00000000d5580000,0x00000000d6b00000,0x00000000d6b00000)
  from space 1024K, 56% used [0x00000000d7100000,0x00000000d7190000,0x00000000d7200000)
  to   space 1024K, 0% used [0x00000000d7000000,0x00000000d7000000,0x00000000d7100000)
 ParOldGen       total 68608K, used 33153K [0x0000000080000000, 0x0000000084300000, 0x00000000d5580000)
  object space 68608K, 48% used [0x0000000080000000,0x0000000082060600,0x0000000084300000)
 Metaspace       used 48901K, committed 50304K, reserved 1114112K
  class space    used 5291K, committed 5888K, reserved 1048576K
}
Event: 10.427 GC heap after
{Heap after GC invocations=25 (full 2):
 PSYoungGen      total 23040K, used 992K [0x00000000d5580000, 0x00000000d7180000, 0x0000000100000000)
  eden space 22016K, 0% used [0x00000000d5580000,0x00000000d5580000,0x00000000d6b00000)
  from space 1024K, 96% used [0x00000000d7000000,0x00000000d70f8030,0x00000000d7100000)
  to   space 512K, 0% used [0x00000000d7100000,0x00000000d7100000,0x00000000d7180000)
 ParOldGen       total 68608K, used 34654K [0x0000000080000000, 0x0000000084300000, 0x00000000d5580000)
  object space 68608K, 50% used [0x0000000080000000,0x00000000821d7800,0x0000000084300000)
 Metaspace       used 48901K, committed 50304K, reserved 1114112K
  class space    used 5291K, committed 5888K, reserved 1048576K
}

Dll operation events (10 events):
Event: 0.015 Loaded shared library c:\Users\vitor\.vscode\extensions\redhat.java-1.53.0-win32-x64\jre\21.0.10-win32-x86_64\bin\java.dll
Event: 0.105 Loaded shared library c:\Users\vitor\.vscode\extensions\redhat.java-1.53.0-win32-x64\jre\21.0.10-win32-x86_64\bin\zip.dll
Event: 0.134 Loaded shared library C:\Users\vitor\.vscode\extensions\redhat.java-1.53.0-win32-x64\jre\21.0.10-win32-x86_64\bin\instrument.dll
Event: 0.142 Loaded shared library C:\Users\vitor\.vscode\extensions\redhat.java-1.53.0-win32-x64\jre\21.0.10-win32-x86_64\bin\net.dll
Event: 0.146 Loaded shared library C:\Users\vitor\.vscode\extensions\redhat.java-1.53.0-win32-x64\jre\21.0.10-win32-x86_64\bin\nio.dll
Event: 0.152 Loaded shared library C:\Users\vitor\.vscode\extensions\redhat.java-1.53.0-win32-x64\jre\21.0.10-win32-x86_64\bin\zip.dll
Event: 0.182 Loaded shared library C:\Users\vitor\.vscode\extensions\redhat.java-1.53.0-win32-x64\jre\21.0.10-win32-x86_64\bin\jimage.dll
Event: 0.309 Loaded shared library c:\Users\vitor\.vscode\extensions\redhat.java-1.53.0-win32-x64\jre\21.0.10-win32-x86_64\bin\verify.dll
Event: 2.014 Loaded shared library C:\Users\vitor\AppData\Roaming\Code\User\globalStorage\redhat.java\1.53.0\config_win\org.eclipse.equinox.launcher\org.eclipse.equinox.launcher.win32.win32.x86_64_1.3.0.v20260203-2149\eclipse_11919.dll
Event: 3.691 Loaded shared library C:\Users\vitor\AppData\Local\Temp\jna-112218564\jna10032970808466639763.dll

Deoptimization events (20 events):
Event: 10.277 Thread 0x0000029decc131c0 Uncommon trap: trap_request=0xfffffff4 fr.pc=0x0000029d98aff488 relative=0x0000000000000348
Event: 10.277 Thread 0x0000029decc131c0 Uncommon trap: reason=null_check action=make_not_entrant pc=0x0000029d98aff488 method=sun.invoke.util.VerifyType.isNullConversion(Ljava/lang/Class;Ljava/lang/Class;Z)Z @ 67 c2
Event: 10.277 Thread 0x0000029decc131c0 DEOPT PACKING pc=0x0000029d98aff488 sp=0x000000d3db5fd0f0
Event: 10.277 Thread 0x0000029decc131c0 DEOPT UNPACKING pc=0x0000029d98343aa2 sp=0x000000d3db5fd070 mode 2
Event: 10.369 Thread 0x0000029decc131c0 Uncommon trap: trap_request=0xffffff45 fr.pc=0x0000029d98b72660 relative=0x00000000000001a0
Event: 10.369 Thread 0x0000029decc131c0 Uncommon trap: reason=unstable_if action=reinterpret pc=0x0000029d98b72660 method=jdk.internal.jrtfs.JrtPath.normalize(Ljava/lang/String;)Ljava/lang/String; @ 78 c2
Event: 10.369 Thread 0x0000029decc131c0 DEOPT PACKING pc=0x0000029d98b72660 sp=0x000000d3db5fd900
Event: 10.369 Thread 0x0000029decc131c0 DEOPT UNPACKING pc=0x0000029d98343aa2 sp=0x000000d3db5fd880 mode 2
Event: 10.371 Thread 0x0000029decc131c0 Uncommon trap: trap_request=0xffffff45 fr.pc=0x0000029d98b40d48 relative=0x0000000000000aa8
Event: 10.371 Thread 0x0000029decc131c0 Uncommon trap: reason=unstable_if action=reinterpret pc=0x0000029d98b40d48 method=java.util.regex.Pattern.atom()Ljava/util/regex/Pattern$Node; @ 393 c2
Event: 10.371 Thread 0x0000029decc131c0 DEOPT PACKING pc=0x0000029d98b40d48 sp=0x000000d3db5fc9c0
Event: 10.371 Thread 0x0000029decc131c0 DEOPT UNPACKING pc=0x0000029d98343aa2 sp=0x000000d3db5fc940 mode 2
Event: 10.371 Thread 0x0000029decc131c0 Uncommon trap: trap_request=0xffffff45 fr.pc=0x0000029d98b067bc relative=0x000000000000009c
Event: 10.371 Thread 0x0000029decc131c0 Uncommon trap: reason=unstable_if action=reinterpret pc=0x0000029d98b067bc method=java.util.regex.Pattern.escape(ZZZ)I @ 8 c2
Event: 10.371 Thread 0x0000029decc131c0 DEOPT PACKING pc=0x0000029d98b067bc sp=0x000000d3db5fc910
Event: 10.371 Thread 0x0000029decc131c0 DEOPT UNPACKING pc=0x0000029d98343aa2 sp=0x000000d3db5fc8a8 mode 2
Event: 10.371 Thread 0x0000029decc131c0 Uncommon trap: trap_request=0xffffff45 fr.pc=0x0000029d98b42cc0 relative=0x0000000000001020
Event: 10.371 Thread 0x0000029decc131c0 Uncommon trap: reason=unstable_if action=reinterpret pc=0x0000029d98b42cc0 method=java.util.regex.Pattern.compile()V @ 443 c2
Event: 10.371 Thread 0x0000029decc131c0 DEOPT PACKING pc=0x0000029d98b42cc0 sp=0x000000d3db5fccc0
Event: 10.371 Thread 0x0000029decc131c0 DEOPT UNPACKING pc=0x0000029d98343aa2 sp=0x000000d3db5fcc88 mode 2

Classes loaded (20 events):
Event: 10.275 Loading class sun/nio/ch/FileChannelImpl$DefaultUnmapper
Event: 10.275 Loading class sun/nio/ch/FileChannelImpl$Unmapper
Event: 10.275 Loading class jdk/internal/access/foreign/UnmapperProxy
Event: 10.276 Loading class jdk/internal/access/foreign/UnmapperProxy done
Event: 10.276 Loading class sun/nio/ch/FileChannelImpl$Unmapper done
Event: 10.276 Loading class sun/nio/ch/FileChannelImpl$DefaultUnmapper done
Event: 10.276 Loading class sun/nio/ch/Util$4
Event: 10.276 Loading class sun/nio/ch/Util$4 done
Event: 10.284 Loading class java/nio/file/ClosedDirectoryStreamException
Event: 10.285 Loading class java/nio/file/ClosedDirectoryStreamException done
Event: 10.285 Loading class jdk/internal/jrtfs/JrtFileSystem
Event: 10.286 Loading class jdk/internal/jrtfs/JrtFileSystem done
Event: 10.286 Loading class jdk/internal/jrtfs/JrtPath
Event: 10.286 Loading class jdk/internal/jrtfs/JrtPath done
Event: 10.286 Loading class jdk/internal/jimage/ImageReader$Node
Event: 10.286 Loading class jdk/internal/jimage/ImageReader$Node done
Event: 10.294 Loading class java/nio/ByteBufferAsIntBufferL
Event: 10.294 Loading class java/nio/ByteBufferAsIntBufferL done
Event: 10.300 Loading class jdk/internal/jimage/ImageReader$Directory
Event: 10.300 Loading class jdk/internal/jimage/ImageReader$Directory done

Classes unloaded (7 events):
Event: 4.342 Thread 0x0000029d8dc5e900 Unloading class 0x0000029da61ab400 'java/lang/invoke/LambdaForm$MH+0x0000029da61ab400'
Event: 4.342 Thread 0x0000029d8dc5e900 Unloading class 0x0000029da61ab000 'java/lang/invoke/LambdaForm$MH+0x0000029da61ab000'
Event: 4.342 Thread 0x0000029d8dc5e900 Unloading class 0x0000029da61aac00 'java/lang/invoke/LambdaForm$MH+0x0000029da61aac00'
Event: 4.342 Thread 0x0000029d8dc5e900 Unloading class 0x0000029da61aa800 'java/lang/invoke/LambdaForm$MH+0x0000029da61aa800'
Event: 4.342 Thread 0x0000029d8dc5e900 Unloading class 0x0000029da61aa400 'java/lang/invoke/LambdaForm$BMH+0x0000029da61aa400'
Event: 4.342 Thread 0x0000029d8dc5e900 Unloading class 0x0000029da61aa000 'java/lang/invoke/LambdaForm$DMH+0x0000029da61aa000'
Event: 4.342 Thread 0x0000029d8dc5e900 Unloading class 0x0000029da61a8c00 'java/lang/invoke/LambdaForm$DMH+0x0000029da61a8c00'

Classes redefined (0 events):
No events

Internal exceptions (20 events):
Event: 9.919 Thread 0x0000029decc11e10 Exception <a 'sun/nio/fs/WindowsException'{0x00000000d5e45b18}> (0x00000000d5e45b18) 
thrown [s\src\hotspot\share\prims\jni.cpp, line 520]
Event: 9.919 Thread 0x0000029decc11e10 Exception <a 'sun/nio/fs/WindowsException'{0x00000000d5e49ce0}> (0x00000000d5e49ce0) 
thrown [s\src\hotspot\share\prims\jni.cpp, line 520]
Event: 9.920 Thread 0x0000029decc11e10 Exception <a 'sun/nio/fs/WindowsException'{0x00000000d5e4db78}> (0x00000000d5e4db78) 
thrown [s\src\hotspot\share\prims\jni.cpp, line 520]
Event: 9.921 Thread 0x0000029decc11e10 Exception <a 'sun/nio/fs/WindowsException'{0x00000000d5e529c8}> (0x00000000d5e529c8) 
thrown [s\src\hotspot\share\prims\jni.cpp, line 520]
Event: 9.962 Thread 0x0000029ded687a90 Exception <a 'sun/nio/fs/WindowsException'{0x00000000d5fed050}> (0x00000000d5fed050) 
thrown [s\src\hotspot\share\prims\jni.cpp, line 520]
Event: 9.963 Thread 0x0000029ded687a90 Exception <a 'sun/nio/fs/WindowsException'{0x00000000d5fed768}> (0x00000000d5fed768) 
thrown [s\src\hotspot\share\prims\jni.cpp, line 520]
Event: 9.964 Thread 0x0000029ded687a90 Exception <a 'sun/nio/fs/WindowsException'{0x00000000d6021a18}> (0x00000000d6021a18) 
thrown [s\src\hotspot\share\prims\jni.cpp, line 520]
Event: 9.964 Thread 0x0000029ded687a90 Exception <a 'sun/nio/fs/WindowsException'{0x00000000d6022130}> (0x00000000d6022130) 
thrown [s\src\hotspot\share\prims\jni.cpp, line 520]
Event: 9.968 Thread 0x0000029ded687a90 Exception <a 'java/lang/IncompatibleClassChangeError'{0x00000000d6052938}: Found class java.lang.Object, but interface was expected> (0x00000000d6052938) 
thrown [s\src\hotspot\share\interpreter\linkResolver.cpp, line 840]
Event: 10.183 Thread 0x0000029decc131c0 Exception <a 'java/io/FileNotFoundException'{0x00000000d67c8df8}> (0x00000000d67c8df8) 
thrown [s\src\hotspot\share\prims\jni.cpp, line 520]
Event: 10.184 Thread 0x0000029decc131c0 Exception <a 'java/io/FileNotFoundException'{0x00000000d67ca078}> (0x00000000d67ca078) 
thrown [s\src\hotspot\share\prims\jni.cpp, line 520]
Event: 10.184 Thread 0x0000029decc131c0 Exception <a 'java/io/FileNotFoundException'{0x00000000d67cae08}> (0x00000000d67cae08) 
thrown [s\src\hotspot\share\prims\jni.cpp, line 520]
Event: 10.185 Thread 0x0000029dee282470 Implicit null exception at 0x0000029d98900c64 to 0x0000029d98901a0c
Event: 10.216 Thread 0x0000029decc131c0 Exception <a 'sun/nio/fs/WindowsException'{0x00000000d6916d00}> (0x00000000d6916d00) 
thrown [s\src\hotspot\share\prims\jni.cpp, line 520]
Event: 10.216 Thread 0x0000029decc131c0 Exception <a 'sun/nio/fs/WindowsException'{0x00000000d6917418}> (0x00000000d6917418) 
thrown [s\src\hotspot\share\prims\jni.cpp, line 520]
Event: 10.217 Thread 0x0000029decc131c0 Exception <a 'sun/nio/fs/WindowsException'{0x00000000d6918668}> (0x00000000d6918668) 
thrown [s\src\hotspot\share\prims\jni.cpp, line 520]
Event: 10.217 Thread 0x0000029decc131c0 Exception <a 'sun/nio/fs/WindowsException'{0x00000000d6918d80}> (0x00000000d6918d80) 
thrown [s\src\hotspot\share\prims\jni.cpp, line 520]
Event: 10.222 Thread 0x0000029ded687a90 Exception <a 'java/lang/IncompatibleClassChangeError'{0x00000000d62e7108}: Found class java.lang.Object, but interface was expected> (0x00000000d62e7108) 
thrown [s\src\hotspot\share\interpreter\linkResolver.cpp, line 840]
Event: 10.276 Thread 0x0000029decc131c0 Implicit null exception at 0x0000029d98aff1a6 to 0x0000029d98aff474
Event: 10.277 Thread 0x0000029decc131c0 Exception <a 'java/lang/NoSuchMethodError'{0x00000000d55f9710}: 'java.lang.Object java.lang.invoke.DelegatingMethodHandle$Holder.reinvoke_L(java.lang.Object, int, long, java.lang.Object, java.lang.Object, int, java.lang.Object)'> (0x00000000d55f9710) 
thrown [s\src\hotspot\share\interpreter\linkResolver.cpp, line 773]

ZGC Phase Switch (0 events):
No events

VM Operations (20 events):
Event: 9.993 Executing non-safepoint VM operation: HandshakeAllThreads (Deoptimize) done
Event: 10.245 Executing non-safepoint VM operation: HandshakeAllThreads (Deoptimize)
Event: 10.245 Executing non-safepoint VM operation: HandshakeAllThreads (Deoptimize) done
Event: 10.247 Executing non-safepoint VM operation: HandshakeAllThreads (Deoptimize)
Event: 10.247 Executing non-safepoint VM operation: HandshakeAllThreads (Deoptimize) done
Event: 10.259 Executing non-safepoint VM operation: HandshakeAllThreads (Deoptimize)
Event: 10.259 Executing non-safepoint VM operation: HandshakeAllThreads (Deoptimize) done
Event: 10.261 Executing non-safepoint VM operation: HandshakeAllThreads (Deoptimize)
Event: 10.261 Executing non-safepoint VM operation: HandshakeAllThreads (Deoptimize) done
Event: 10.266 Executing safepoint VM operation: ParallelGCFailedAllocation (Allocation Failure)
Event: 10.268 Executing safepoint VM operation: ParallelGCFailedAllocation (Allocation Failure) done
Event: 10.284 Executing non-safepoint VM operation: HandshakeAllThreads (Deoptimize)
Event: 10.284 Executing non-safepoint VM operation: HandshakeAllThreads (Deoptimize) done
Event: 10.295 Executing non-safepoint VM operation: HandshakeAllThreads (Deoptimize)
Event: 10.295 Executing non-safepoint VM operation: HandshakeAllThreads (Deoptimize) done
Event: 10.330 Executing non-safepoint VM operation: HandshakeAllThreads (Deoptimize)
Event: 10.330 Executing non-safepoint VM operation: HandshakeAllThreads (Deoptimize) done
Event: 10.424 Executing safepoint VM operation: ParallelGCFailedAllocation (Allocation Failure)
Event: 10.427 Executing safepoint VM operation: ParallelGCFailedAllocation (Allocation Failure) done
Event: 11.433 Executing safepoint VM operation: Cleanup

Memory protections (0 events):
No events

Nmethod flushes (20 events):
Event: 5.505 Thread 0x0000029d8dc5e900 flushing  nmethod 0x0000029d91287f10
Event: 5.505 Thread 0x0000029d8dc5e900 flushing  nmethod 0x0000029d912ab710
Event: 5.505 Thread 0x0000029d8dc5e900 flushing  nmethod 0x0000029d912dde10
Event: 5.505 Thread 0x0000029d8dc5e900 flushing  nmethod 0x0000029d9132be90
Event: 5.505 Thread 0x0000029d8dc5e900 flushing  nmethod 0x0000029d91335390
Event: 5.505 Thread 0x0000029d8dc5e900 flushing  nmethod 0x0000029d91380f90
Event: 5.505 Thread 0x0000029d8dc5e900 flushing  nmethod 0x0000029d91390e90
Event: 5.505 Thread 0x0000029d8dc5e900 flushing  nmethod 0x0000029d913b8210
Event: 5.505 Thread 0x0000029d8dc5e900 flushing  nmethod 0x0000029d913cbd90
Event: 5.505 Thread 0x0000029d8dc5e900 flushing  nmethod 0x0000029d91405c90
Event: 5.505 Thread 0x0000029d8dc5e900 flushing  nmethod 0x0000029d91408d10
Event: 5.505 Thread 0x0000029d8dc5e900 flushing  nmethod 0x0000029d91409610
Event: 5.505 Thread 0x0000029d8dc5e900 flushing  nmethod 0x0000029d91410990
Event: 5.505 Thread 0x0000029d8dc5e900 flushing  nmethod 0x0000029d91465410
Event: 5.505 Thread 0x0000029d8dc5e900 flushing  nmethod 0x0000029d91471a90
Event: 5.505 Thread 0x0000029d8dc5e900 flushing  nmethod 0x0000029d91471f90
Event: 5.505 Thread 0x0000029d8dc5e900 flushing  nmethod 0x0000029d914a6a10
Event: 5.505 Thread 0x0000029d8dc5e900 flushing  nmethod 0x0000029d914d4a10
Event: 5.505 Thread 0x0000029d8dc5e900 flushing  nmethod 0x0000029d91518510
Event: 5.505 Thread 0x0000029d8dc5e900 flushing  nmethod 0x0000029d91518990

Events (20 events):
Event: 5.279 Thread 0x0000029d8dbbc230 Thread added: 0x0000029ded684610
Event: 5.279 Thread 0x0000029d8dbbc230 Thread added: 0x0000029ded681190
Event: 5.279 Thread 0x0000029d8dbbc230 Thread added: 0x0000029ded684ca0
Event: 5.279 Thread 0x0000029d8dbbc230 Thread added: 0x0000029ded681820
Event: 5.321 Thread 0x0000029d8dbbc230 Thread added: 0x0000029ded6866e0
Event: 5.466 Thread 0x0000029d8dbbc230 Thread added: 0x0000029ded686d70
Event: 5.467 Thread 0x0000029d8dbbc230 Thread added: 0x0000029ded687a90
Event: 5.831 Thread 0x0000029decc13850 Thread added: 0x0000029ded687400
Event: 5.831 Thread 0x0000029decc13850 Thread added: 0x0000029ded688120
Event: 5.832 Thread 0x0000029ded687400 Thread added: 0x0000029ded685330
Event: 5.832 Thread 0x0000029ded688120 Thread added: 0x0000029ded686050
Event: 5.833 Thread 0x0000029ded685330 Thread added: 0x0000029ded6859c0
Event: 5.833 Thread 0x0000029ded686050 Thread added: 0x0000029dee283820
Event: 5.835 Thread 0x0000029dee283820 Thread added: 0x0000029dee283190
Event: 5.836 Thread 0x0000029ded6859c0 Thread added: 0x0000029dee281de0
Event: 5.836 Thread 0x0000029ded687400 Thread added: 0x0000029dee2858f0
Event: 5.837 Thread 0x0000029dee281de0 Thread added: 0x0000029dee283eb0
Event: 5.837 Thread 0x0000029dee283190 Thread added: 0x0000029dee282470
Event: 8.148 Thread 0x0000029d8dc7a840 Thread added: 0x0000029ded6f7430
Event: 8.997 Thread 0x0000029ded6f7430 Thread exited: 0x0000029ded6f7430


Dynamic libraries:
0x00007ff727dd0000 - 0x00007ff727dde000 	c:\Users\vitor\.vscode\extensions\redhat.java-1.53.0-win32-x64\jre\21.0.10-win32-x86_64\bin\java.exe
0x00007ffe16ea0000 - 0x00007ffe17107000 	C:\WINDOWS\SYSTEM32\ntdll.dll
0x00007ffe15940000 - 0x00007ffe15a09000 	C:\WINDOWS\System32\KERNEL32.DLL
0x00007ffe144b0000 - 0x00007ffe148a1000 	C:\WINDOWS\System32\KERNELBASE.dll
0x00007ffe137b0000 - 0x00007ffe138fb000 	C:\WINDOWS\System32\ucrtbase.dll
0x00007ffe046f0000 - 0x00007ffe0470e000 	c:\Users\vitor\.vscode\extensions\redhat.java-1.53.0-win32-x64\jre\21.0.10-win32-x86_64\bin\VCRUNTIME140.dll
0x00007ffe04720000 - 0x00007ffe04738000 	c:\Users\vitor\.vscode\extensions\redhat.java-1.53.0-win32-x64\jre\21.0.10-win32-x86_64\bin\jli.dll
0x00007ffe151f0000 - 0x00007ffe153b5000 	C:\WINDOWS\System32\USER32.dll
0x00007ffe13780000 - 0x00007ffe137a7000 	C:\WINDOWS\System32\win32u.dll
0x00007ffe14f50000 - 0x00007ffe14f7b000 	C:\WINDOWS\System32\GDI32.dll
0x00007ffe13a80000 - 0x00007ffe13bab000 	C:\WINDOWS\System32\gdi32full.dll
0x00007ffe14ad0000 - 0x00007ffe14b73000 	C:\WINDOWS\System32\msvcp_win.dll
0x00007ffe12980000 - 0x00007ffe12c13000 	C:\WINDOWS\WinSxS\amd64_microsoft.windows.common-controls_6595b64144ccf1df_6.0.26100.8037_none_3e092faae333b53b\COMCTL32.dll
0x00007ffe15bb0000 - 0x00007ffe15c59000 	C:\WINDOWS\System32\msvcrt.dll
0x00007ffe15750000 - 0x00007ffe15781000 	C:\WINDOWS\System32\IMM32.DLL
0x00007ffe04830000 - 0x00007ffe0483c000 	c:\Users\vitor\.vscode\extensions\redhat.java-1.53.0-win32-x64\jre\21.0.10-win32-x86_64\bin\vcruntime140_1.dll
0x00007ffd94b00000 - 0x00007ffd94b8d000 	c:\Users\vitor\.vscode\extensions\redhat.java-1.53.0-win32-x64\jre\21.0.10-win32-x86_64\bin\msvcp140.dll
0x00007ffd661d0000 - 0x00007ffd66f71000 	c:\Users\vitor\.vscode\extensions\redhat.java-1.53.0-win32-x64\jre\21.0.10-win32-x86_64\bin\server\jvm.dll
0x00007ffe16da0000 - 0x00007ffe16e5b000 	C:\WINDOWS\System32\ADVAPI32.dll
0x00007ffe14de0000 - 0x00007ffe14e87000 	C:\WINDOWS\System32\sechost.dll
0x00007ffe16a20000 - 0x00007ffe16b38000 	C:\WINDOWS\System32\RPCRT4.dll
0x00007ffe157a0000 - 0x00007ffe15814000 	C:\WINDOWS\System32\WS2_32.dll
0x00007ffe0ab30000 - 0x00007ffe0ab3b000 	C:\WINDOWS\SYSTEM32\VERSION.dll
0x00007ffe0aad0000 - 0x00007ffe0ab05000 	C:\WINDOWS\SYSTEM32\WINMM.dll
0x00007ffe135e0000 - 0x00007ffe1363e000 	C:\WINDOWS\SYSTEM32\POWRPROF.dll
0x00007ffe135c0000 - 0x00007ffe135d4000 	C:\WINDOWS\SYSTEM32\UMPDC.dll
0x00007ffe11be0000 - 0x00007ffe11bfb000 	C:\WINDOWS\SYSTEM32\kernel.appcore.dll
0x00007ffe02440000 - 0x00007ffe0244a000 	c:\Users\vitor\.vscode\extensions\redhat.java-1.53.0-win32-x64\jre\21.0.10-win32-x86_64\bin\jimage.dll
0x00007ffe12f50000 - 0x00007ffe13192000 	C:\WINDOWS\SYSTEM32\DBGHELP.DLL
0x00007ffe153c0000 - 0x00007ffe15742000 	C:\WINDOWS\System32\combase.dll
0x00007ffe16100000 - 0x00007ffe161d7000 	C:\WINDOWS\System32\OLEAUT32.dll
0x00007ffe12e20000 - 0x00007ffe12e5b000 	C:\WINDOWS\SYSTEM32\dbgcore.DLL
0x00007ffe14a20000 - 0x00007ffe14ac5000 	C:\WINDOWS\System32\bcryptPrimitives.dll
0x00007ffdf9270000 - 0x00007ffdf927f000 	c:\Users\vitor\.vscode\extensions\redhat.java-1.53.0-win32-x64\jre\21.0.10-win32-x86_64\bin\instrument.dll
0x00007ffdc2c20000 - 0x00007ffdc2c40000 	c:\Users\vitor\.vscode\extensions\redhat.java-1.53.0-win32-x64\jre\21.0.10-win32-x86_64\bin\java.dll
0x00007ffe161e0000 - 0x00007ffe1693f000 	C:\WINDOWS\System32\SHELL32.dll
0x00007ffe148b0000 - 0x00007ffe14a1a000 	C:\WINDOWS\System32\wintypes.dll
0x00007ffe13bb0000 - 0x00007ffe14414000 	C:\WINDOWS\System32\windows.storage.dll
0x00007ffe16ba0000 - 0x00007ffe16c97000 	C:\WINDOWS\System32\SHCORE.dll
0x00007ffe158d0000 - 0x00007ffe15937000 	C:\WINDOWS\System32\shlwapi.dll
0x00007ffe136a0000 - 0x00007ffe136c9000 	C:\WINDOWS\SYSTEM32\profapi.dll
0x00007ffdc2c00000 - 0x00007ffdc2c18000 	c:\Users\vitor\.vscode\extensions\redhat.java-1.53.0-win32-x64\jre\21.0.10-win32-x86_64\bin\zip.dll
0x00007ffdf9260000 - 0x00007ffdf9270000 	C:\Users\vitor\.vscode\extensions\redhat.java-1.53.0-win32-x64\jre\21.0.10-win32-x86_64\bin\net.dll
0x00007ffe0c2f0000 - 0x00007ffe0c417000 	C:\WINDOWS\SYSTEM32\WINHTTP.dll
0x00007ffe12110000 - 0x00007ffe1217b000 	C:\WINDOWS\system32\mswsock.dll
0x00007ffdc2be0000 - 0x00007ffdc2bf6000 	C:\Users\vitor\.vscode\extensions\redhat.java-1.53.0-win32-x64\jre\21.0.10-win32-x86_64\bin\nio.dll
0x00007ffdf83d0000 - 0x00007ffdf83e0000 	c:\Users\vitor\.vscode\extensions\redhat.java-1.53.0-win32-x64\jre\21.0.10-win32-x86_64\bin\verify.dll
0x00007ffd94930000 - 0x00007ffd94975000 	C:\Users\vitor\AppData\Roaming\Code\User\globalStorage\redhat.java\1.53.0\config_win\org.eclipse.equinox.launcher\org.eclipse.equinox.launcher.win32.win32.x86_64_1.3.0.v20260203-2149\eclipse_11919.dll
0x00007ffe15a10000 - 0x00007ffe15ba5000 	C:\WINDOWS\System32\ole32.dll
0x00007ffe132a0000 - 0x00007ffe132bb000 	C:\WINDOWS\SYSTEM32\CRYPTSP.dll
0x00007ffe12250000 - 0x00007ffe12289000 	C:\WINDOWS\system32\rsaenh.dll
0x00007ffe12180000 - 0x00007ffe121b2000 	C:\WINDOWS\SYSTEM32\USERENV.dll
0x00007ffe13670000 - 0x00007ffe1369a000 	C:\WINDOWS\SYSTEM32\bcrypt.dll
0x00007ffe12430000 - 0x00007ffe1243c000 	C:\WINDOWS\SYSTEM32\CRYPTBASE.dll
0x00007ffe11520000 - 0x00007ffe11553000 	C:\WINDOWS\SYSTEM32\IPHLPAPI.DLL
0x00007ffe160f0000 - 0x00007ffe160fa000 	C:\WINDOWS\System32\NSI.dll
0x00007ffd94890000 - 0x00007ffd948d9000 	C:\Users\vitor\AppData\Local\Temp\jna-112218564\jna10032970808466639763.dll
0x00007ffe14dd0000 - 0x00007ffe14dd8000 	C:\WINDOWS\System32\PSAPI.DLL
0x00007ffe0c2d0000 - 0x00007ffe0c2ed000 	C:\WINDOWS\SYSTEM32\dhcpcsvc6.DLL
0x00007ffe0c1d0000 - 0x00007ffe0c1f3000 	C:\WINDOWS\SYSTEM32\dhcpcsvc.DLL

JVMTI agents:
c:\Users\vitor\.vscode\extensions\redhat.java-1.53.0-win32-x64\lombok\lombok-1.18.39-4050.jar path:c:\Users\vitor\.vscode\extensions\redhat.java-1.53.0-win32-x64\jre\21.0.10-win32-x86_64\bin\instrument.dll, loaded, initialized, instrumentlib options:none

dbghelp: loaded successfully - version: 4.0.5 - missing functions: none
symbol engine: initialized successfully - sym options: 0x614 - pdb path: .;c:\Users\vitor\.vscode\extensions\redhat.java-1.53.0-win32-x64\jre\21.0.10-win32-x86_64\bin;C:\WINDOWS\SYSTEM32;C:\WINDOWS\WinSxS\amd64_microsoft.windows.common-controls_6595b64144ccf1df_6.0.26100.8037_none_3e092faae333b53b;c:\Users\vitor\.vscode\extensions\redhat.java-1.53.0-win32-x64\jre\21.0.10-win32-x86_64\bin\server;C:\Users\vitor\AppData\Roaming\Code\User\globalStorage\redhat.java\1.53.0\config_win\org.eclipse.equinox.launcher\org.eclipse.equinox.launcher.win32.win32.x86_64_1.3.0.v20260203-2149;C:\Users\vitor\AppData\Local\Temp\jna-112218564

VM Arguments:
jvm_args: --add-modules=ALL-SYSTEM --add-opens=java.base/java.util=ALL-UNNAMED --add-opens=java.base/java.lang=ALL-UNNAMED --add-opens=java.base/sun.nio.fs=ALL-UNNAMED -Declipse.application=org.eclipse.jdt.ls.core.id1 -Dosgi.bundles.defaultStartLevel=4 -Declipse.product=org.eclipse.jdt.ls.core.product -Djava.import.generatesMetadataFilesAtProjectRoot=false -DDetectVMInstallationsJob.disabled=true -Dfile.encoding=utf8 -XX:+UseParallelGC -XX:GCTimeRatio=4 -XX:AdaptiveSizePolicyWeight=90 -Dsun.zip.disableMemoryMapping=true -Xmx2G -Xms100m -Xlog:disable -javaagent:c:\Users\vitor\.vscode\extensions\redhat.java-1.53.0-win32-x64\lombok\lombok-1.18.39-4050.jar -XX:+HeapDumpOnOutOfMemoryError -XX:HeapDumpPath=c:\Users\vitor\AppData\Roaming\Code\User\workspaceStorage\6831597da1bb03031f8b5526a28d0cb8\redhat.java -Daether.dependencyCollector.impl=bf 
java_command: c:\Users\vitor\.vscode\extensions\redhat.java-1.53.0-win32-x64\server\plugins\org.eclipse.equinox.launcher_1.7.100.v20251111-0406.jar -configuration c:\Users\vitor\AppData\Roaming\Code\User\globalStorage\redhat.java\1.53.0\config_win -data c:\Users\vitor\AppData\Roaming\Code\User\workspaceStorage\6831597da1bb03031f8b5526a28d0cb8\redhat.java\jdt_ws --pipe=\\.\pipe\lsp-dacca658a6998f7765be95f550443b22-sock
java_class_path (initial): c:\Users\vitor\.vscode\extensions\redhat.java-1.53.0-win32-x64\server\plugins\org.eclipse.equinox.launcher_1.7.100.v20251111-0406.jar
Launcher Type: SUN_STANDARD

[Global flags]
    uintx AdaptiveSizePolicyWeight                 = 90                                        {product} {command line}
     intx CICompilerCount                          = 4                                         {product} {ergonomic}
    uintx GCTimeRatio                              = 4                                         {product} {command line}
     bool HeapDumpOnOutOfMemoryError               = true                                   {manageable} {command line}
    ccstr HeapDumpPath                             = c:\Users\vitor\AppData\Roaming\Code\User\workspaceStorage\6831597da1bb03031f8b5526a28d0cb8\redhat.java         {manageable} {command line}
   size_t InitialHeapSize                          = 104857600                                 {product} {command line}
   size_t MaxHeapSize                              = 2147483648                                {product} {command line}
   size_t MaxNewSize                               = 715653120                                 {product} {ergonomic}
   size_t MinHeapDeltaBytes                        = 524288                                    {product} {ergonomic}
   size_t MinHeapSize                              = 104857600                                 {product} {command line}
   size_t NewSize                                  = 34603008                                  {product} {ergonomic}
    uintx NonNMethodCodeHeapSize                   = 5839372                                {pd product} {ergonomic}
    uintx NonProfiledCodeHeapSize                  = 122909434                              {pd product} {ergonomic}
   size_t OldSize                                  = 70254592                                  {product} {ergonomic}
    uintx ProfiledCodeHeapSize                     = 122909434                              {pd product} {ergonomic}
    uintx ReservedCodeCacheSize                    = 251658240                              {pd product} {ergonomic}
     bool SegmentedCodeCache                       = true                                      {product} {ergonomic}
   size_t SoftMaxHeapSize                          = 2147483648                             {manageable} {ergonomic}
     bool UseCompressedOops                        = true                           {product lp64_product} {ergonomic}
     bool UseLargePagesIndividualAllocation        = false                                  {pd product} {ergonomic}
     bool UseParallelGC                            = true                                      {product} {command line}

Logging:
Log output configuration:
 #0: stdout all=off uptime,level,tags foldmultilines=false
 #1: stderr all=off uptime,level,tags foldmultilines=false

Release file:
JAVA_VERSION="21.0.10" 
MODULES="java.base java.compiler java.datatransfer java.xml java.prefs java.desktop java.instrument java.logging java.management java.security.sasl java.naming java.rmi java.management.rmi java.net.http java.scripting java.security.jgss java.transaction.xa java.sql java.sql.rowset java.xml.crypto java.se java.smartcardio jdk.accessibility jdk.internal.jvmstat jdk.attach jdk.charsets jdk.internal.opt jdk.zipfs jdk.compiler jdk.crypto.ec jdk.crypto.cryptoki jdk.crypto.mscapi jdk.dynalink jdk.internal.ed jdk.editpad jdk.hotspot.agent jdk.httpserver jdk.internal.le jdk.internal.vm.ci jdk.internal.vm.compiler jdk.internal.vm.compiler.management jdk.jartool jdk.javadoc jdk.jcmd jdk.management jdk.management.agent jdk.jconsole jdk.jdeps jdk.jdwp.agent jdk.jdi jdk.jfr jdk.jshell jdk.jsobject jdk.jstatd jdk.localedata jdk.management.jfr jdk.naming.dns jdk.naming.rmi jdk.net jdk.nio.mapmode jdk.random jdk.sctp jdk.security.auth jdk.security.jgss jdk.unsupported jdk.unsupported.desktop jdk.xml.dom" 

Environment Variables:
JAVA_HOME=C:\Program Files\Eclipse Adoptium\jdk-21.0.9.10-hotspot\
PATH=C:\Users\vitor\AppData\Local\Programs\Microsoft VS Code;C:\Program Files\Eclipse Adoptium\jdk-21.0.9.10-hotspot\bin;C:\Program Files\Java\zulu17.56.15-ca-jdk17.0.14-win_x64\bin;C:\WINDOWS\system32;C:\WINDOWS;C:\WINDOWS\System32\Wbem;C:\WINDOWS\System32\WindowsPowerShell\v1.0\;C:\WINDOWS\System32\OpenSSH\;C:\xampp\php;C:\ProgramData\ComposerSetup\bin;C:\Program Files\Git\cmd;C:\Program Files\dotnet\;C:\Maven\apache-maven-3.9.9\bin;C:\MinGW\bin;C:\Users\vitor\AppData\Local\nvm;C:\nvm4w\nodejs;C:\Program Files\Docker\Docker\resources\bin;C:\Program Files\MySQL\MySQL Shell 8.0\bin\;C:\Users\vitor\AppData\Local\Programs\Python\Python313\Scripts\;C:\Users\vitor\AppData\Local\Programs\Python\Python313\;C:\Users\vitor\AppData\Local\Programs\Python\Launcher\;C:\Users\vitor\AppData\Local\Microsoft\WindowsApps;C:\Users\vitor\AppData\Local\Programs\Microsoft VS Code\bin;C:\Users\vitor\AppData\Roaming\Composer\vendor\bin;C:\Users\vitor\AppData\Roaming\npm;C:\Users\vitor\AppData\Local\nvm;C:\nvm4w\nodejs
USERNAME=vitor
OS=Windows_NT
PROCESSOR_IDENTIFIER=AMD64 Family 23 Model 104 Stepping 1, AuthenticAMD
TMP=C:\Users\vitor\AppData\Local\Temp
TEMP=C:\Users\vitor\AppData\Local\Temp




Periodic native trim disabled

---------------  S Y S T E M  ---------------

OS:
 Windows 11 , 64 bit Build 26100 (10.0.26100.7920)
OS uptime: 14 days 0:25 hours
Hyper-V role detected

CPU: total 12 (initial active 12) (12 cores per cpu, 2 threads per core) family 23 model 104 stepping 1 microcode 0x8608103, cx8, cmov, fxsr, ht, mmx, 3dnowpref, sse, sse2, sse3, ssse3, sse4a, sse4.1, sse4.2, popcnt, lzcnt, tsc, tscinvbit, avx, avx2, aes, clmul, bmi1, bmi2, adx, sha, fma, vzeroupper, clflush, clflushopt, hv, rdtscp, rdpid, f16c
Processor Information for processor 0
  Max Mhz: 2100, Current Mhz: 1813, Mhz Limit: 2100
Processor Information for processor 1
  Max Mhz: 2100, Current Mhz: 2100, Mhz Limit: 2100
Processor Information for processor 2
  Max Mhz: 2100, Current Mhz: 2100, Mhz Limit: 2100
Processor Information for processor 3
  Max Mhz: 2100, Current Mhz: 1813, Mhz Limit: 2100
Processor Information for processor 4
  Max Mhz: 2100, Current Mhz: 1813, Mhz Limit: 2100
Processor Information for processor 5
  Max Mhz: 2100, Current Mhz: 1813, Mhz Limit: 2100
Processor Information for processor 6
  Max Mhz: 2100, Current Mhz: 1813, Mhz Limit: 2100
Processor Information for processor 7
  Max Mhz: 2100, Current Mhz: 1813, Mhz Limit: 2100
Processor Information for processor 8
  Max Mhz: 2100, Current Mhz: 1813, Mhz Limit: 2100
Processor Information for processor 9
  Max Mhz: 2100, Current Mhz: 1813, Mhz Limit: 2100
Processor Information for processor 10
  Max Mhz: 2100, Current Mhz: 2100, Mhz Limit: 2100
Processor Information for processor 11
  Max Mhz: 2100, Current Mhz: 1813, Mhz Limit: 2100

Memory: 4k page, system-wide physical 6005M (331M free)
TotalPageFile size 24437M (AvailPageFile size 5M)
current process WorkingSet (physical memory assigned to process): 218M, peak: 218M
current process commit charge ("private bytes"): 334M, peak: 337M

vm_info: OpenJDK 64-Bit Server VM (21.0.10+7-LTS) for windows-amd64 JRE (21.0.10+7-LTS), built on 2026-01-20T00:00:00Z by "admin" with MS VC++ 17.12 (VS2022)

END.
