#
# There is insufficient memory for the Java Runtime Environment to continue.
# Native memory allocation (malloc) failed to allocate 1048576 bytes. Error detail: AllocateHeap
# Possible reasons:
#   The system is out of physical RAM or swap space
#   This process is running with CompressedOops enabled, and the Java Heap may be blocking the growth of the native heap
# Possible solutions:
#   Reduce memory load on the system
#   Increase physical memory or swap space
#   Check if swap backing store is full
#   Decrease Java heap size (-Xmx/-Xms)
#   Decrease number of Java threads
#   Decrease Java thread stack sizes (-Xss)
#   Set larger code cache with -XX:ReservedCodeCacheSize=
#   JVM is running with Unscaled Compressed Oops mode in which the Java heap is
#     placed in the first 4GB address space. The Java Heap base address is the
#     maximum limit for the native heap growth. Please use -XX:HeapBaseMinAddress
#     to set the Java Heap base and to place the Java Heap above 4GB virtual address.
# This output file may be truncated or incomplete.
#
#  Out of Memory Error (allocation.cpp:44), pid=64332, tid=1320
#
# JRE version: OpenJDK Runtime Environment Temurin-21.0.10+7 (21.0.10+7) (build 21.0.10+7-LTS)
# Java VM: OpenJDK 64-Bit Server VM Temurin-21.0.10+7 (21.0.10+7-LTS, mixed mode, sharing, tiered, compressed oops, compressed class ptrs, parallel gc, windows-amd64)
# No core dump will be written. Minidumps are not enabled by default on client versions of Windows
#

---------------  S U M M A R Y ------------

Command Line: --add-modules=ALL-SYSTEM --add-opens=java.base/java.util=ALL-UNNAMED --add-opens=java.base/java.lang=ALL-UNNAMED --add-opens=java.base/sun.nio.fs=ALL-UNNAMED -Declipse.application=org.eclipse.jdt.ls.core.id1 -Dosgi.bundles.defaultStartLevel=4 -Declipse.product=org.eclipse.jdt.ls.core.product -Djava.import.generatesMetadataFilesAtProjectRoot=false -DDetectVMInstallationsJob.disabled=true -Dfile.encoding=utf8 -XX:+UseParallelGC -XX:GCTimeRatio=4 -XX:AdaptiveSizePolicyWeight=90 -Dsun.zip.disableMemoryMapping=true -Xmx2G -Xms100m -Xlog:disable -javaagent:c:\Users\vitor\.vscode\extensions\redhat.java-1.53.0-win32-x64\lombok\lombok-1.18.39-4050.jar -XX:+HeapDumpOnOutOfMemoryError -XX:HeapDumpPath=c:\Users\vitor\AppData\Roaming\Code\User\workspaceStorage\6831597da1bb03031f8b5526a28d0cb8\redhat.java -Daether.dependencyCollector.impl=bf c:\Users\vitor\.vscode\extensions\redhat.java-1.53.0-win32-x64\server\plugins\org.eclipse.equinox.launcher_1.7.100.v20251111-0406.jar -configuration c:\Users\vitor\AppData\Roaming\Code\User\globalStorage\redhat.java\1.53.0\config_win -data c:\Users\vitor\AppData\Roaming\Code\User\workspaceStorage\6831597da1bb03031f8b5526a28d0cb8\redhat.java\jdt_ws --pipe=\\.\pipe\lsp-5a9c2527fed9607fd9e227db296a97d9-sock

Host: AMD Ryzen 5 5500U with Radeon Graphics         , 12 cores, 5G,  Windows 11 , 64 bit Build 26100 (10.0.26100.7920)
Time: Mon Apr 13 16:17:13 2026 Hora oficial do Brasil elapsed time: 78.872937 seconds (0d 0h 1m 18s)

---------------  T H R E A D  ---------------

Current thread (0x00000190b66b7340):  JavaThread "Attach Listener" daemon [_thread_in_vm, id=1320, stack(0x0000005799a00000,0x0000005799b00000) (1024K)]

Stack: [0x0000005799a00000,0x0000005799b00000]
Native frames: (J=compiled Java code, j=interpreted, Vv=VM code, C=native code)
V  [jvm.dll+0x6d7a39]
V  [jvm.dll+0x8b4b26]
V  [jvm.dll+0x8b70de]
V  [jvm.dll+0x8b77c3]
V  [jvm.dll+0x284346]
V  [jvm.dll+0xc1277]
V  [jvm.dll+0x6d82e9]
V  [jvm.dll+0x1334a6]
V  [jvm.dll+0x3f857e]
V  [jvm.dll+0x85f59d]
V  [jvm.dll+0x6d626d]
C  [ucrtbase.dll+0x37b0]
C  [KERNEL32.DLL+0x2e8d7]
C  [ntdll.dll+0x8c48c]


---------------  P R O C E S S  ---------------

Threads class SMR info:
_java_thread_list=0x000001911a134b30, length=48, elements={
0x00000190b5ff8c40, 0x00000190ced8e840, 0x00000190b66b06f0, 0x00000190b66b65b0,
0x00000190b66b7340, 0x00000190b66bd8a0, 0x00000190b66bc290, 0x00000190b66bd0a0,
0x00000191112534f0, 0x00000191114380c0, 0x00000191115832b0, 0x00000191126ff450,
0x0000019112318230, 0x00000191125d5880, 0x0000019117008380, 0x000001911744ed00,
0x00000191171f15a0, 0x00000191172700b0, 0x0000019117681ec0, 0x0000019117681830,
0x0000019117eea9f0, 0x0000019117ee9640, 0x0000019117ee8920, 0x0000019117eeb710,
0x0000019117ee8290, 0x0000019117eebda0, 0x0000019117eeb080, 0x0000019117eecac0,
0x0000019117eea360, 0x0000019117eec430, 0x0000019117eed150, 0x0000019117ee9cd0,
0x0000019117eee500, 0x0000019117eeeb90, 0x0000019117eede70, 0x0000019117eed7e0,
0x0000019117eef220, 0x0000019117eef8b0, 0x000001911952fb30, 0x000001911952cd40,
0x00000191195301c0, 0x0000019119530850, 0x000001911952da60, 0x000001911952d3d0,
0x000001911952f4a0, 0x000001911952e780, 0x000001911952ee10, 0x0000019119533cd0
}

Java Threads: ( => current thread )
  0x00000190b5ff8c40 JavaThread "main"                              [_thread_blocked, id=32672, stack(0x0000005799300000,0x0000005799400000) (1024K)]
  0x00000190ced8e840 JavaThread "Reference Handler"          daemon [_thread_blocked, id=13640, stack(0x0000005799700000,0x0000005799800000) (1024K)]
  0x00000190b66b06f0 JavaThread "Finalizer"                  daemon [_thread_blocked, id=54360, stack(0x0000005799800000,0x0000005799900000) (1024K)]
  0x00000190b66b65b0 JavaThread "Signal Dispatcher"          daemon [_thread_blocked, id=55216, stack(0x0000005799900000,0x0000005799a00000) (1024K)]
=>0x00000190b66b7340 JavaThread "Attach Listener"            daemon [_thread_in_vm, id=1320, stack(0x0000005799a00000,0x0000005799b00000) (1024K)]
  0x00000190b66bd8a0 JavaThread "Service Thread"             daemon [_thread_blocked, id=65032, stack(0x0000005799b00000,0x0000005799c00000) (1024K)]
  0x00000190b66bc290 JavaThread "Monitor Deflation Thread"   daemon [_thread_blocked, id=65224, stack(0x0000005799c00000,0x0000005799d00000) (1024K)]
  0x00000190b66bd0a0 JavaThread "C2 CompilerThread0"         daemon [_thread_blocked, id=34108, stack(0x0000005799d00000,0x0000005799e00000) (1024K)]
  0x00000191112534f0 JavaThread "C1 CompilerThread0"         daemon [_thread_blocked, id=53552, stack(0x0000005799e00000,0x0000005799f00000) (1024K)]
  0x00000191114380c0 JavaThread "Common-Cleaner"             daemon [_thread_blocked, id=13396, stack(0x0000005799f00000,0x000000579a000000) (1024K)]
  0x00000191115832b0 JavaThread "Notification Thread"        daemon [_thread_blocked, id=74612, stack(0x000000579a000000,0x000000579a100000) (1024K)]
  0x00000191126ff450 JavaThread "Active Thread: Equinox Container: e8ad2059-11f9-44f9-afd4-fe1883804e04"        [_thread_blocked, id=13796, stack(0x000000579a800000,0x000000579a900000) (1024K)]
  0x0000019112318230 JavaThread "Refresh Thread: Equinox Container: e8ad2059-11f9-44f9-afd4-fe1883804e04" daemon [_thread_blocked, id=53352, stack(0x000000579a700000,0x000000579a800000) (1024K)]
  0x00000191125d5880 JavaThread "Framework Event Dispatcher: Equinox Container: e8ad2059-11f9-44f9-afd4-fe1883804e04" daemon [_thread_blocked, id=71172, stack(0x000000579aa00000,0x000000579ab00000) (1024K)]
  0x0000019117008380 JavaThread "Start Level: Equinox Container: e8ad2059-11f9-44f9-afd4-fe1883804e04" daemon [_thread_blocked, id=65424, stack(0x000000579ab00000,0x000000579ac00000) (1024K)]
  0x000001911744ed00 JavaThread "Bundle File Closer"         daemon [_thread_blocked, id=62216, stack(0x000000579ae00000,0x000000579af00000) (1024K)]
  0x00000191171f15a0 JavaThread "SCR Component Actor"        daemon [_thread_blocked, id=59000, stack(0x000000579af00000,0x000000579b000000) (1024K)]
  0x00000191172700b0 JavaThread "Worker-JM"                         [_thread_blocked, id=67648, stack(0x000000579b000000,0x000000579b100000) (1024K)]
  0x0000019117681ec0 JavaThread "JNA Cleaner"                daemon [_thread_blocked, id=71424, stack(0x000000579b100000,0x000000579b200000) (1024K)]
  0x0000019117681830 JavaThread "Java indexing"              daemon [_thread_blocked, id=69348, stack(0x000000579b500000,0x000000579b600000) (1024K)]
  0x0000019117eea9f0 JavaThread "Worker-3"                          [_thread_blocked, id=68296, stack(0x000000579b900000,0x000000579ba00000) (1024K)]
  0x0000019117ee9640 JavaThread "Worker-4"                          [_thread_blocked, id=65876, stack(0x000000579ba00000,0x000000579bb00000) (1024K)]
  0x0000019117ee8920 JavaThread "Thread-1"                   daemon [_thread_in_native, id=14076, stack(0x000000579bb00000,0x000000579bc00000) (1024K)]
  0x0000019117eeb710 JavaThread "Thread-2"                   daemon [_thread_in_native, id=32372, stack(0x000000579bc00000,0x000000579bd00000) (1024K)]
  0x0000019117ee8290 JavaThread "Thread-3"                   daemon [_thread_in_native, id=69856, stack(0x000000579bd00000,0x000000579be00000) (1024K)]
  0x0000019117eebda0 JavaThread "Thread-4"                   daemon [_thread_in_native, id=71968, stack(0x000000579be00000,0x000000579bf00000) (1024K)]
  0x0000019117eeb080 JavaThread "Thread-5"                   daemon [_thread_in_native, id=70568, stack(0x000000579bf00000,0x000000579c000000) (1024K)]
  0x0000019117eecac0 JavaThread "Thread-6"                   daemon [_thread_in_native, id=4896, stack(0x000000579c000000,0x000000579c100000) (1024K)]
  0x0000019117eea360 JavaThread "Thread-7"                   daemon [_thread_in_native, id=61472, stack(0x000000579c100000,0x000000579c200000) (1024K)]
  0x0000019117eec430 JavaThread "Thread-8"                   daemon [_thread_in_native, id=29504, stack(0x000000579c200000,0x000000579c300000) (1024K)]
  0x0000019117eed150 JavaThread "Thread-9"                   daemon [_thread_in_native, id=61672, stack(0x000000579c300000,0x000000579c400000) (1024K)]
  0x0000019117ee9cd0 JavaThread "Thread-10"                  daemon [_thread_in_native, id=14972, stack(0x000000579c400000,0x000000579c500000) (1024K)]
  0x0000019117eee500 JavaThread "Thread-11"                  daemon [_thread_in_native, id=64456, stack(0x000000579c500000,0x000000579c600000) (1024K)]
  0x0000019117eeeb90 JavaThread "Thread-12"                  daemon [_thread_in_native, id=64592, stack(0x000000579c600000,0x000000579c700000) (1024K)]
  0x0000019117eede70 JavaThread "Thread-13"                  daemon [_thread_in_native, id=59396, stack(0x000000579c700000,0x000000579c800000) (1024K)]
  0x0000019117eed7e0 JavaThread "pool-2-thread-1"                   [_thread_blocked, id=51368, stack(0x000000579c800000,0x000000579c900000) (1024K)]
  0x0000019117eef220 JavaThread "WorkspaceEventsHandler"            [_thread_blocked, id=52364, stack(0x000000579c900000,0x000000579ca00000) (1024K)]
  0x0000019117eef8b0 JavaThread "pool-1-thread-1"                   [_thread_blocked, id=56140, stack(0x000000579ca00000,0x000000579cb00000) (1024K)]
  0x000001911952fb30 JavaThread "ForkJoinPool.commonPool-worker-1" daemon [_thread_blocked, id=60336, stack(0x000000579cb00000,0x000000579cc00000) (1024K)]
  0x000001911952cd40 JavaThread "ForkJoinPool.commonPool-worker-2" daemon [_thread_blocked, id=66048, stack(0x000000579cc00000,0x000000579cd00000) (1024K)]
  0x00000191195301c0 JavaThread "ForkJoinPool.commonPool-worker-3" daemon [_thread_blocked, id=60088, stack(0x000000579cd00000,0x000000579ce00000) (1024K)]
  0x0000019119530850 JavaThread "ForkJoinPool.commonPool-worker-4" daemon [_thread_blocked, id=67252, stack(0x000000579ce00000,0x000000579cf00000) (1024K)]
  0x000001911952da60 JavaThread "ForkJoinPool.commonPool-worker-5" daemon [_thread_blocked, id=58988, stack(0x000000579cf00000,0x000000579d000000) (1024K)]
  0x000001911952d3d0 JavaThread "ForkJoinPool.commonPool-worker-7" daemon [_thread_blocked, id=54056, stack(0x000000579d100000,0x000000579d200000) (1024K)]
  0x000001911952f4a0 JavaThread "ForkJoinPool.commonPool-worker-8" daemon [_thread_blocked, id=67608, stack(0x000000579d200000,0x000000579d300000) (1024K)]
  0x000001911952e780 JavaThread "ForkJoinPool.commonPool-worker-10" daemon [_thread_blocked, id=66224, stack(0x000000579d300000,0x000000579d400000) (1024K)]
  0x000001911952ee10 JavaThread "ForkJoinPool.commonPool-worker-9" daemon [_thread_blocked, id=50760, stack(0x000000579d400000,0x000000579d500000) (1024K)]
  0x0000019119533cd0 JavaThread "ForkJoinPool.commonPool-worker-11" daemon [_thread_blocked, id=42348, stack(0x000000579d500000,0x000000579d600000) (1024K)]
Total: 48

Other Threads:
  0x00000190ced74970 VMThread "VM Thread"                           [id=70276, stack(0x0000005799600000,0x0000005799700000) (1024K)]
  0x00000190cec6ca00 WatcherThread "VM Periodic Task Thread"        [id=69428, stack(0x0000005799500000,0x0000005799600000) (1024K)]
  0x00000190b662c4e0 WorkerThread "GC Thread#0"                     [id=14292, stack(0x0000005799400000,0x0000005799500000) (1024K)]
  0x00000191122fbea0 WorkerThread "GC Thread#1"                     [id=60644, stack(0x000000579a100000,0x000000579a200000) (1024K)]
  0x00000191122fb390 WorkerThread "GC Thread#2"                     [id=64188, stack(0x000000579a200000,0x000000579a300000) (1024K)]
  0x00000191122fc250 WorkerThread "GC Thread#3"                     [id=69636, stack(0x000000579a300000,0x000000579a400000) (1024K)]
  0x00000191122fb740 WorkerThread "GC Thread#4"                     [id=62604, stack(0x000000579a400000,0x000000579a500000) (1024K)]
  0x00000191122fbaf0 WorkerThread "GC Thread#5"                     [id=60436, stack(0x000000579a500000,0x000000579a600000) (1024K)]
  0x00000191122fc9b0 WorkerThread "GC Thread#6"                     [id=71008, stack(0x000000579a600000,0x000000579a700000) (1024K)]
  0x00000191129112e0 WorkerThread "GC Thread#7"                     [id=63040, stack(0x000000579a900000,0x000000579aa00000) (1024K)]
  0x000001911290f560 WorkerThread "GC Thread#8"                     [id=72836, stack(0x000000579ac00000,0x000000579ad00000) (1024K)]
  0x0000019112911690 WorkerThread "GC Thread#9"                     [id=65368, stack(0x000000579ad00000,0x000000579ae00000) (1024K)]
Total: 12

Threads with active compile tasks:
Total: 0

VM state: not at safepoint (normal execution)

VM Mutex/Monitor currently owned by a thread: None

Heap address: 0x0000000080000000, size: 2048 MB, Compressed Oops mode: 32-bit

CDS archive(s) mapped at: [0x00000190cf000000-0x00000190cfba0000-0x00000190cfba0000), size 12189696, SharedBaseAddress: 0x00000190cf000000, ArchiveRelocationMode: 1.
Compressed class space mapped at: 0x00000190d0000000-0x0000019110000000, reserved size: 1073741824
Narrow klass base: 0x00000190cf000000, Narrow klass shift: 0, Narrow klass range: 0x100000000

GC Precious Log:
 CardTable entry size: 512
 CPUs: 12 total, 12 available
 Memory: 6005M
 Large Page Support: Disabled
 NUMA Support: Disabled
 Compressed Oops: Enabled (32-bit)
 Alignments: Space 512K, Generation 512K, Heap 2M
 Heap Min Capacity: 100M
 Heap Initial Capacity: 100M
 Heap Max Capacity: 2G
 Pre-touch: Disabled
 Parallel Workers: 10

Heap:
 PSYoungGen      total 8192K, used 4427K [0x00000000d5580000, 0x00000000d5e80000, 0x0000000100000000)
  eden space 7168K, 53% used [0x00000000d5580000,0x00000000d593aa20,0x00000000d5c80000)
  from space 1024K, 59% used [0x00000000d5d80000,0x00000000d5e18510,0x00000000d5e80000)
  to   space 1024K, 0% used [0x00000000d5c80000,0x00000000d5c80000,0x00000000d5d80000)
 ParOldGen       total 76800K, used 76298K [0x0000000080000000, 0x0000000084b00000, 0x00000000d5580000)
  object space 76800K, 99% used [0x0000000080000000,0x0000000084a82a50,0x0000000084b00000)
 Metaspace       used 62198K, committed 63616K, reserved 1114112K
  class space    used 6590K, committed 7232K, reserved 1048576K

Card table byte_map: [0x00000190ca0d0000,0x00000190ca4e0000] _byte_map_base: 0x00000190c9cd0000

Marking Bits: (ParMarkBitMap*) 0x00007ffd66e93450
 Begin Bits: [0x00000190ca790000, 0x00000190cc790000)
 End Bits:   [0x00000190cc790000, 0x00000190ce790000)

Polling page: 0x00000190b62e0000

Metaspace:

Usage:
  Non-class:     54.30 MB used.
      Class:      6.44 MB used.
       Both:     60.74 MB used.

Virtual space:
  Non-class space:       64.00 MB reserved,      55.06 MB ( 86%) committed,  1 nodes.
      Class space:        1.00 GB reserved,       7.06 MB ( <1%) committed,  1 nodes.
             Both:        1.06 GB reserved,      62.12 MB (  6%) committed. 

Chunk freelists:
   Non-Class:  8.95 MB
       Class:  8.76 MB
        Both:  17.72 MB

MaxMetaspaceSize: unlimited
CompressedClassSpaceSize: 1.00 GB
Initial GC threshold: 21.00 MB
Current GC threshold: 97.31 MB
CDS: on
 - commit_granule_bytes: 65536.
 - commit_granule_words: 8192.
 - virtual_space_node_default_size: 8388608.
 - enlarge_chunks_in_place: 1.
 - use_allocation_guard: 0.


Internal statistics:

num_allocs_failed_limit: 9.
num_arena_births: 1182.
num_arena_deaths: 14.
num_vsnodes_births: 2.
num_vsnodes_deaths: 0.
num_space_committed: 994.
num_space_uncommitted: 0.
num_chunks_returned_to_freelist: 23.
num_chunks_taken_from_freelist: 4101.
num_chunk_merges: 15.
num_chunk_splits: 2518.
num_chunks_enlarged: 1404.
num_inconsistent_stats: 0.

CodeHeap 'non-profiled nmethods': size=120000Kb used=5856Kb max_used=5856Kb free=114143Kb
 bounds [0x00000190c29c0000, 0x00000190c2f80000, 0x00000190c9ef0000]
CodeHeap 'profiled nmethods': size=120000Kb used=22632Kb max_used=22632Kb free=97367Kb
 bounds [0x00000190baef0000, 0x00000190bc510000, 0x00000190c2420000]
CodeHeap 'non-nmethods': size=5760Kb used=1421Kb max_used=1498Kb free=4338Kb
 bounds [0x00000190c2420000, 0x00000190c2690000, 0x00000190c29c0000]
CodeCache: size=245760Kb, used=29909Kb, max_used=29986Kb, free=215848Kb
 total_blobs=10881, nmethods=10146, adapters=640, full_count=0
Compilation: enabled, stopped_count=0, restarted_count=0

Compilation events (20 events):
Event: 31.613 Thread 0x00000190b66bd0a0 10863       4       java.io.BufferedOutputStream::implWrite (40 bytes)
Event: 31.614 Thread 0x00000190b66bd0a0 nmethod 10863 0x00000190c2f72f90 code [0x00000190c2f73140, 0x00000190c2f732f0]
Event: 31.614 Thread 0x00000190b66bd0a0 10866       4       org.eclipse.osgi.container.ModuleDatabase$Persistence::writeString (99 bytes)
Event: 31.658 Thread 0x00000190b66bd0a0 nmethod 10866 0x00000190c2f73490 code [0x00000190c2f738a0, 0x00000190c2f75600]
Event: 31.658 Thread 0x00000190b66bd0a0 10833       4       java.util.HashMap::entrySet (27 bytes)
Event: 31.659 Thread 0x00000190b66bd0a0 nmethod 10833 0x00000190c2f76f10 code [0x00000190c2f770a0, 0x00000190c2f771b8]
Event: 31.659 Thread 0x00000190b66bd0a0 10864       4       org.osgi.framework.Version::hashCode (65 bytes)
Event: 31.660 Thread 0x00000190b66bd0a0 nmethod 10864 0x00000190c2f77290 code [0x00000190c2f77420, 0x00000190c2f77558]
Event: 31.660 Thread 0x00000190b66bd0a0 10813       4       jdk.internal.misc.Unsafe::convEndian (16 bytes)
Event: 31.661 Thread 0x00000190b66bd0a0 nmethod 10813 0x00000190c2f77610 code [0x00000190c2f777a0, 0x00000190c2f77830]
Event: 31.661 Thread 0x00000190b66bd0a0 10840       4       java.util.Collections$1::next (25 bytes)
Event: 31.661 Thread 0x00000190b66bd0a0 nmethod 10840 0x00000190c2f77910 code [0x00000190c2f77aa0, 0x00000190c2f77b50]
Event: 31.661 Thread 0x00000190b66bd0a0 10822       4       java.io.ByteArrayOutputStream::<init> (7 bytes)
Event: 31.662 Thread 0x00000190b66bd0a0 nmethod 10822 0x00000190c2f77c10 code [0x00000190c2f77da0, 0x00000190c2f77ed0]
Event: 31.662 Thread 0x00000190b66bd0a0 10818       4       java.lang.Long::reverseBytes (46 bytes)
Event: 31.662 Thread 0x00000190b66bd0a0 nmethod 10818 0x00000190c2f77f90 code [0x00000190c2f78100, 0x00000190c2f781b8]
Event: 77.149 Thread 0x00000191112534f0 10885       3       org.eclipse.core.internal.jobs.JobManager::lifeTimeInMs (19 bytes)
Event: 77.151 Thread 0x00000191112534f0 nmethod 10885 0x00000190bc509390 code [0x00000190bc509540, 0x00000190bc509768]
Event: 77.151 Thread 0x00000191112534f0 10886       3       org.eclipse.core.internal.jobs.JobManager::now (16 bytes)
Event: 77.155 Thread 0x00000191112534f0 nmethod 10886 0x00000190bc509890 code [0x00000190bc509aa0, 0x00000190bc50a050]

GC Heap History (20 events):
Event: 15.918 GC heap before
{Heap before GC invocations=94 (full 3):
 PSYoungGen      total 9728K, used 9152K [0x00000000d5580000, 0x00000000d6000000, 0x0000000100000000)
  eden space 8704K, 100% used [0x00000000d5580000,0x00000000d5e00000,0x00000000d5e00000)
  from space 1024K, 43% used [0x00000000d5f00000,0x00000000d5f70000,0x00000000d6000000)
  to   space 1024K, 0% used [0x00000000d5e00000,0x00000000d5e00000,0x00000000d5f00000)
 ParOldGen       total 74240K, used 70067K [0x0000000080000000, 0x0000000084880000, 0x00000000d5580000)
  object space 74240K, 94% used [0x0000000080000000,0x000000008446ce28,0x0000000084880000)
 Metaspace       used 58626K, committed 60096K, reserved 1114112K
  class space    used 6254K, committed 6912K, reserved 1048576K
}
Event: 15.920 GC heap after
{Heap after GC invocations=94 (full 3):
 PSYoungGen      total 9728K, used 416K [0x00000000d5580000, 0x00000000d5f80000, 0x0000000100000000)
  eden space 8704K, 0% used [0x00000000d5580000,0x00000000d5580000,0x00000000d5e00000)
  from space 1024K, 40% used [0x00000000d5e00000,0x00000000d5e68000,0x00000000d5f00000)
  to   space 512K, 0% used [0x00000000d5f00000,0x00000000d5f00000,0x00000000d5f80000)
 ParOldGen       total 74240K, used 70275K [0x0000000080000000, 0x0000000084880000, 0x00000000d5580000)
  object space 74240K, 94% used [0x0000000080000000,0x00000000844a0e28,0x0000000084880000)
 Metaspace       used 58626K, committed 60096K, reserved 1114112K
  class space    used 6254K, committed 6912K, reserved 1048576K
}
Event: 16.051 GC heap before
{Heap before GC invocations=95 (full 3):
 PSYoungGen      total 9728K, used 9120K [0x00000000d5580000, 0x00000000d5f80000, 0x0000000100000000)
  eden space 8704K, 100% used [0x00000000d5580000,0x00000000d5e00000,0x00000000d5e00000)
  from space 1024K, 40% used [0x00000000d5e00000,0x00000000d5e68000,0x00000000d5f00000)
  to   space 512K, 0% used [0x00000000d5f00000,0x00000000d5f00000,0x00000000d5f80000)
 ParOldGen       total 74240K, used 70275K [0x0000000080000000, 0x0000000084880000, 0x00000000d5580000)
  object space 74240K, 94% used [0x0000000080000000,0x00000000844a0e28,0x0000000084880000)
 Metaspace       used 59254K, committed 60672K, reserved 1114112K
  class space    used 6326K, committed 6976K, reserved 1048576K
}
Event: 16.053 GC heap after
{Heap after GC invocations=95 (full 3):
 PSYoungGen      total 9216K, used 512K [0x00000000d5580000, 0x00000000d6000000, 0x0000000100000000)
  eden space 8704K, 0% used [0x00000000d5580000,0x00000000d5580000,0x00000000d5e00000)
  from space 512K, 100% used [0x00000000d5f00000,0x00000000d5f80000,0x00000000d5f80000)
  to   space 1024K, 0% used [0x00000000d5e00000,0x00000000d5e00000,0x00000000d5f00000)
 ParOldGen       total 74240K, used 70675K [0x0000000080000000, 0x0000000084880000, 0x00000000d5580000)
  object space 74240K, 95% used [0x0000000080000000,0x0000000084504e38,0x0000000084880000)
 Metaspace       used 59254K, committed 60672K, reserved 1114112K
  class space    used 6326K, committed 6976K, reserved 1048576K
}
Event: 16.210 GC heap before
{Heap before GC invocations=96 (full 3):
 PSYoungGen      total 9216K, used 9215K [0x00000000d5580000, 0x00000000d6000000, 0x0000000100000000)
  eden space 8704K, 99% used [0x00000000d5580000,0x00000000d5dfff78,0x00000000d5e00000)
  from space 512K, 100% used [0x00000000d5f00000,0x00000000d5f80000,0x00000000d5f80000)
  to   space 1024K, 0% used [0x00000000d5e00000,0x00000000d5e00000,0x00000000d5f00000)
 ParOldGen       total 74240K, used 70675K [0x0000000080000000, 0x0000000084880000, 0x00000000d5580000)
  object space 74240K, 95% used [0x0000000080000000,0x0000000084504e38,0x0000000084880000)
 Metaspace       used 59622K, committed 61056K, reserved 1114112K
  class space    used 6355K, committed 6976K, reserved 1048576K
}
Event: 16.212 GC heap after
{Heap after GC invocations=96 (full 3):
 PSYoungGen      total 9728K, used 881K [0x00000000d5580000, 0x00000000d6000000, 0x0000000100000000)
  eden space 8704K, 0% used [0x00000000d5580000,0x00000000d5580000,0x00000000d5e00000)
  from space 1024K, 86% used [0x00000000d5e00000,0x00000000d5edc658,0x00000000d5f00000)
  to   space 1024K, 0% used [0x00000000d5f00000,0x00000000d5f00000,0x00000000d6000000)
 ParOldGen       total 74240K, used 71075K [0x0000000080000000, 0x0000000084880000, 0x00000000d5580000)
  object space 74240K, 95% used [0x0000000080000000,0x0000000084568e38,0x0000000084880000)
 Metaspace       used 59622K, committed 61056K, reserved 1114112K
  class space    used 6355K, committed 6976K, reserved 1048576K
}
Event: 16.295 GC heap before
{Heap before GC invocations=97 (full 3):
 PSYoungGen      total 9728K, used 9495K [0x00000000d5580000, 0x00000000d6000000, 0x0000000100000000)
  eden space 8704K, 98% used [0x00000000d5580000,0x00000000d5de97d8,0x00000000d5e00000)
  from space 1024K, 86% used [0x00000000d5e00000,0x00000000d5edc658,0x00000000d5f00000)
  to   space 1024K, 0% used [0x00000000d5f00000,0x00000000d5f00000,0x00000000d6000000)
 ParOldGen       total 74240K, used 71075K [0x0000000080000000, 0x0000000084880000, 0x00000000d5580000)
  object space 74240K, 95% used [0x0000000080000000,0x0000000084568e38,0x0000000084880000)
 Metaspace       used 60119K, committed 61568K, reserved 1114112K
  class space    used 6400K, committed 7040K, reserved 1048576K
}
Event: 16.297 GC heap after
{Heap after GC invocations=97 (full 3):
 PSYoungGen      total 9728K, used 960K [0x00000000d5580000, 0x00000000d6000000, 0x0000000100000000)
  eden space 8704K, 0% used [0x00000000d5580000,0x00000000d5580000,0x00000000d5e00000)
  from space 1024K, 93% used [0x00000000d5f00000,0x00000000d5ff0030,0x00000000d6000000)
  to   space 1024K, 0% used [0x00000000d5e00000,0x00000000d5e00000,0x00000000d5f00000)
 ParOldGen       total 74240K, used 71687K [0x0000000080000000, 0x0000000084880000, 0x00000000d5580000)
  object space 74240K, 96% used [0x0000000080000000,0x0000000084601e48,0x0000000084880000)
 Metaspace       used 60119K, committed 61568K, reserved 1114112K
  class space    used 6400K, committed 7040K, reserved 1048576K
}
Event: 16.423 GC heap before
{Heap before GC invocations=98 (full 3):
 PSYoungGen      total 9728K, used 9664K [0x00000000d5580000, 0x00000000d6000000, 0x0000000100000000)
  eden space 8704K, 100% used [0x00000000d5580000,0x00000000d5e00000,0x00000000d5e00000)
  from space 1024K, 93% used [0x00000000d5f00000,0x00000000d5ff0030,0x00000000d6000000)
  to   space 1024K, 0% used [0x00000000d5e00000,0x00000000d5e00000,0x00000000d5f00000)
 ParOldGen       total 74240K, used 71687K [0x0000000080000000, 0x0000000084880000, 0x00000000d5580000)
  object space 74240K, 96% used [0x0000000080000000,0x0000000084601e48,0x0000000084880000)
 Metaspace       used 60587K, committed 62080K, reserved 1114112K
  class space    used 6441K, committed 7104K, reserved 1048576K
}
Event: 16.425 GC heap after
{Heap after GC invocations=98 (full 3):
 PSYoungGen      total 9728K, used 937K [0x00000000d5580000, 0x00000000d6000000, 0x0000000100000000)
  eden space 8704K, 0% used [0x00000000d5580000,0x00000000d5580000,0x00000000d5e00000)
  from space 1024K, 91% used [0x00000000d5e00000,0x00000000d5eea490,0x00000000d5f00000)
  to   space 1024K, 0% used [0x00000000d5f00000,0x00000000d5f00000,0x00000000d6000000)
 ParOldGen       total 74240K, used 72376K [0x0000000080000000, 0x0000000084880000, 0x00000000d5580000)
  object space 74240K, 97% used [0x0000000080000000,0x00000000846ae2b8,0x0000000084880000)
 Metaspace       used 60587K, committed 62080K, reserved 1114112K
  class space    used 6441K, committed 7104K, reserved 1048576K
}
Event: 16.623 GC heap before
{Heap before GC invocations=99 (full 3):
 PSYoungGen      total 9728K, used 9641K [0x00000000d5580000, 0x00000000d6000000, 0x0000000100000000)
  eden space 8704K, 100% used [0x00000000d5580000,0x00000000d5e00000,0x00000000d5e00000)
  from space 1024K, 91% used [0x00000000d5e00000,0x00000000d5eea490,0x00000000d5f00000)
  to   space 1024K, 0% used [0x00000000d5f00000,0x00000000d5f00000,0x00000000d6000000)
 ParOldGen       total 74240K, used 72376K [0x0000000080000000, 0x0000000084880000, 0x00000000d5580000)
  object space 74240K, 97% used [0x0000000080000000,0x00000000846ae2b8,0x0000000084880000)
 Metaspace       used 61365K, committed 62784K, reserved 1114112K
  class space    used 6518K, committed 7168K, reserved 1048576K
}
Event: 16.625 GC heap after
{Heap after GC invocations=99 (full 3):
 PSYoungGen      total 8192K, used 1021K [0x00000000d5580000, 0x00000000d6300000, 0x0000000100000000)
  eden space 7168K, 0% used [0x00000000d5580000,0x00000000d5580000,0x00000000d5c80000)
  from space 1024K, 99% used [0x00000000d5f00000,0x00000000d5fff600,0x00000000d6000000)
  to   space 2560K, 0% used [0x00000000d5c80000,0x00000000d5c80000,0x00000000d5f00000)
 ParOldGen       total 74240K, used 73385K [0x0000000080000000, 0x0000000084880000, 0x00000000d5580000)
  object space 74240K, 98% used [0x0000000080000000,0x00000000847aa530,0x0000000084880000)
 Metaspace       used 61365K, committed 62784K, reserved 1114112K
  class space    used 6518K, committed 7168K, reserved 1048576K
}
Event: 16.686 GC heap before
{Heap before GC invocations=100 (full 3):
 PSYoungGen      total 8192K, used 8189K [0x00000000d5580000, 0x00000000d6300000, 0x0000000100000000)
  eden space 7168K, 100% used [0x00000000d5580000,0x00000000d5c80000,0x00000000d5c80000)
  from space 1024K, 99% used [0x00000000d5f00000,0x00000000d5fff600,0x00000000d6000000)
  to   space 2560K, 0% used [0x00000000d5c80000,0x00000000d5c80000,0x00000000d5f00000)
 ParOldGen       total 74240K, used 73385K [0x0000000080000000, 0x0000000084880000, 0x00000000d5580000)
  object space 74240K, 98% used [0x0000000080000000,0x00000000847aa530,0x0000000084880000)
 Metaspace       used 61560K, committed 63104K, reserved 1114112K
  class space    used 6530K, committed 7232K, reserved 1048576K
}
Event: 16.689 GC heap after
{Heap after GC invocations=100 (full 3):
 PSYoungGen      total 8192K, used 794K [0x00000000d5580000, 0x00000000d5f80000, 0x0000000100000000)
  eden space 7168K, 0% used [0x00000000d5580000,0x00000000d5580000,0x00000000d5c80000)
  from space 1024K, 77% used [0x00000000d5c80000,0x00000000d5d46900,0x00000000d5d80000)
  to   space 1536K, 0% used [0x00000000d5e00000,0x00000000d5e00000,0x00000000d5f80000)
 ParOldGen       total 74752K, used 74514K [0x0000000080000000, 0x0000000084900000, 0x00000000d5580000)
  object space 74752K, 99% used [0x0000000080000000,0x00000000848c4840,0x0000000084900000)
 Metaspace       used 61560K, committed 63104K, reserved 1114112K
  class space    used 6530K, committed 7232K, reserved 1048576K
}
Event: 16.733 GC heap before
{Heap before GC invocations=101 (full 3):
 PSYoungGen      total 8192K, used 7962K [0x00000000d5580000, 0x00000000d5f80000, 0x0000000100000000)
  eden space 7168K, 99% used [0x00000000d5580000,0x00000000d5c7ffc0,0x00000000d5c80000)
  from space 1024K, 77% used [0x00000000d5c80000,0x00000000d5d46900,0x00000000d5d80000)
  to   space 1536K, 0% used [0x00000000d5e00000,0x00000000d5e00000,0x00000000d5f80000)
 ParOldGen       total 74752K, used 74514K [0x0000000080000000, 0x0000000084900000, 0x00000000d5580000)
  object space 74752K, 99% used [0x0000000080000000,0x00000000848c4840,0x0000000084900000)
 Metaspace       used 61614K, committed 63104K, reserved 1114112K
  class space    used 6531K, committed 7232K, reserved 1048576K
}
Event: 16.735 GC heap after
{Heap after GC invocations=101 (full 3):
 PSYoungGen      total 8704K, used 1166K [0x00000000d5580000, 0x00000000d5f80000, 0x0000000100000000)
  eden space 7168K, 0% used [0x00000000d5580000,0x00000000d5580000,0x00000000d5c80000)
  from space 1536K, 75% used [0x00000000d5e00000,0x00000000d5f23b20,0x00000000d5f80000)
  to   space 1536K, 0% used [0x00000000d5c80000,0x00000000d5c80000,0x00000000d5e00000)
 ParOldGen       total 75264K, used 75162K [0x0000000080000000, 0x0000000084980000, 0x00000000d5580000)
  object space 75264K, 99% used [0x0000000080000000,0x0000000084966930,0x0000000084980000)
 Metaspace       used 61614K, committed 63104K, reserved 1114112K
  class space    used 6531K, committed 7232K, reserved 1048576K
}
Event: 16.910 GC heap before
{Heap before GC invocations=102 (full 3):
 PSYoungGen      total 8704K, used 8334K [0x00000000d5580000, 0x00000000d5f80000, 0x0000000100000000)
  eden space 7168K, 100% used [0x00000000d5580000,0x00000000d5c80000,0x00000000d5c80000)
  from space 1536K, 75% used [0x00000000d5e00000,0x00000000d5f23b20,0x00000000d5f80000)
  to   space 1536K, 0% used [0x00000000d5c80000,0x00000000d5c80000,0x00000000d5e00000)
 ParOldGen       total 75264K, used 75162K [0x0000000080000000, 0x0000000084980000, 0x00000000d5580000)
  object space 75264K, 99% used [0x0000000080000000,0x0000000084966930,0x0000000084980000)
 Metaspace       used 61720K, committed 63232K, reserved 1114112K
  class space    used 6536K, committed 7232K, reserved 1048576K
}
Event: 16.912 GC heap after
{Heap after GC invocations=102 (full 3):
 PSYoungGen      total 7680K, used 384K [0x00000000d5580000, 0x00000000d5e80000, 0x0000000100000000)
  eden space 7168K, 0% used [0x00000000d5580000,0x00000000d5580000,0x00000000d5c80000)
  from space 512K, 75% used [0x00000000d5c80000,0x00000000d5ce0000,0x00000000d5d00000)
  to   space 1024K, 0% used [0x00000000d5d80000,0x00000000d5d80000,0x00000000d5e80000)
 ParOldGen       total 76288K, used 75998K [0x0000000080000000, 0x0000000084a80000, 0x00000000d5580000)
  object space 76288K, 99% used [0x0000000080000000,0x0000000084a37b50,0x0000000084a80000)
 Metaspace       used 61720K, committed 63232K, reserved 1114112K
  class space    used 6536K, committed 7232K, reserved 1048576K
}
Event: 17.317 GC heap before
{Heap before GC invocations=103 (full 3):
 PSYoungGen      total 7680K, used 7552K [0x00000000d5580000, 0x00000000d5e80000, 0x0000000100000000)
  eden space 7168K, 100% used [0x00000000d5580000,0x00000000d5c80000,0x00000000d5c80000)
  from space 512K, 75% used [0x00000000d5c80000,0x00000000d5ce0000,0x00000000d5d00000)
  to   space 1024K, 0% used [0x00000000d5d80000,0x00000000d5d80000,0x00000000d5e80000)
 ParOldGen       total 76288K, used 75998K [0x0000000080000000, 0x0000000084a80000, 0x00000000d5580000)
  object space 76288K, 99% used [0x0000000080000000,0x0000000084a37b50,0x0000000084a80000)
 Metaspace       used 62090K, committed 63552K, reserved 1114112K
  class space    used 6585K, committed 7232K, reserved 1048576K
}
Event: 17.319 GC heap after
{Heap after GC invocations=103 (full 3):
 PSYoungGen      total 8192K, used 609K [0x00000000d5580000, 0x00000000d5e80000, 0x0000000100000000)
  eden space 7168K, 0% used [0x00000000d5580000,0x00000000d5580000,0x00000000d5c80000)
  from space 1024K, 59% used [0x00000000d5d80000,0x00000000d5e18510,0x00000000d5e80000)
  to   space 1024K, 0% used [0x00000000d5c80000,0x00000000d5c80000,0x00000000d5d80000)
 ParOldGen       total 76800K, used 76298K [0x0000000080000000, 0x0000000084b00000, 0x00000000d5580000)
  object space 76800K, 99% used [0x0000000080000000,0x0000000084a82a50,0x0000000084b00000)
 Metaspace       used 62090K, committed 63552K, reserved 1114112K
  class space    used 6585K, committed 7232K, reserved 1048576K
}

Dll operation events (10 events):
Event: 0.017 Loaded shared library c:\Users\vitor\.vscode\extensions\redhat.java-1.53.0-win32-x64\jre\21.0.10-win32-x86_64\bin\java.dll
Event: 0.087 Loaded shared library c:\Users\vitor\.vscode\extensions\redhat.java-1.53.0-win32-x64\jre\21.0.10-win32-x86_64\bin\zip.dll
Event: 0.111 Loaded shared library C:\Users\vitor\.vscode\extensions\redhat.java-1.53.0-win32-x64\jre\21.0.10-win32-x86_64\bin\instrument.dll
Event: 0.119 Loaded shared library C:\Users\vitor\.vscode\extensions\redhat.java-1.53.0-win32-x64\jre\21.0.10-win32-x86_64\bin\net.dll
Event: 0.124 Loaded shared library C:\Users\vitor\.vscode\extensions\redhat.java-1.53.0-win32-x64\jre\21.0.10-win32-x86_64\bin\nio.dll
Event: 0.128 Loaded shared library C:\Users\vitor\.vscode\extensions\redhat.java-1.53.0-win32-x64\jre\21.0.10-win32-x86_64\bin\zip.dll
Event: 0.150 Loaded shared library C:\Users\vitor\.vscode\extensions\redhat.java-1.53.0-win32-x64\jre\21.0.10-win32-x86_64\bin\jimage.dll
Event: 0.247 Loaded shared library c:\Users\vitor\.vscode\extensions\redhat.java-1.53.0-win32-x64\jre\21.0.10-win32-x86_64\bin\verify.dll
Event: 1.930 Loaded shared library C:\Users\vitor\AppData\Roaming\Code\User\globalStorage\redhat.java\1.53.0\config_win\org.eclipse.equinox.launcher\org.eclipse.equinox.launcher.win32.win32.x86_64_1.3.0.v20260203-2149\eclipse_11919.dll
Event: 4.468 Loaded shared library C:\Users\vitor\AppData\Local\Temp\jna-112218564\jna6184820243863305927.dll

Deoptimization events (20 events):
Event: 31.513 Thread 0x00000191126ff450 DEOPT PACKING pc=0x00000190bb68592e sp=0x000000579a8fe900
Event: 31.513 Thread 0x00000191126ff450 DEOPT UNPACKING pc=0x00000190c2474242 sp=0x000000579a8fde58 mode 0
Event: 31.519 Thread 0x00000191126ff450 DEOPT PACKING pc=0x00000190bb68592e sp=0x000000579a8fe900
Event: 31.519 Thread 0x00000191126ff450 DEOPT UNPACKING pc=0x00000190c2474242 sp=0x000000579a8fde58 mode 0
Event: 31.519 Thread 0x00000191126ff450 DEOPT PACKING pc=0x00000190bb68592e sp=0x000000579a8fe900
Event: 31.519 Thread 0x00000191126ff450 DEOPT UNPACKING pc=0x00000190c2474242 sp=0x000000579a8fde58 mode 0
Event: 31.520 Thread 0x00000191126ff450 DEOPT PACKING pc=0x00000190bb68592e sp=0x000000579a8fe900
Event: 31.520 Thread 0x00000191126ff450 DEOPT UNPACKING pc=0x00000190c2474242 sp=0x000000579a8fde58 mode 0
Event: 31.521 Thread 0x00000191126ff450 DEOPT PACKING pc=0x00000190bb68592e sp=0x000000579a8fe900
Event: 31.521 Thread 0x00000191126ff450 DEOPT UNPACKING pc=0x00000190c2474242 sp=0x000000579a8fde58 mode 0
Event: 31.521 Thread 0x00000191126ff450 DEOPT PACKING pc=0x00000190bb68592e sp=0x000000579a8fe900
Event: 31.521 Thread 0x00000191126ff450 DEOPT UNPACKING pc=0x00000190c2474242 sp=0x000000579a8fde58 mode 0
Event: 31.521 Thread 0x00000191126ff450 DEOPT PACKING pc=0x00000190bb68592e sp=0x000000579a8fe900
Event: 31.521 Thread 0x00000191126ff450 DEOPT UNPACKING pc=0x00000190c2474242 sp=0x000000579a8fde58 mode 0
Event: 31.523 Thread 0x00000191126ff450 DEOPT PACKING pc=0x00000190bb68592e sp=0x000000579a8fe900
Event: 31.523 Thread 0x00000191126ff450 DEOPT UNPACKING pc=0x00000190c2474242 sp=0x000000579a8fde58 mode 0
Event: 31.523 Thread 0x00000191126ff450 DEOPT PACKING pc=0x00000190bb68592e sp=0x000000579a8fe900
Event: 31.523 Thread 0x00000191126ff450 DEOPT UNPACKING pc=0x00000190c2474242 sp=0x000000579a8fde58 mode 0
Event: 31.524 Thread 0x00000191126ff450 DEOPT PACKING pc=0x00000190bb68592e sp=0x000000579a8fe900
Event: 31.524 Thread 0x00000191126ff450 DEOPT UNPACKING pc=0x00000190c2474242 sp=0x000000579a8fde58 mode 0

Classes loaded (20 events):
Event: 16.397 Loading class java/lang/invoke/MethodHandleImpl$CountingWrapper$1
Event: 16.397 Loading class java/lang/invoke/MethodHandleImpl$CountingWrapper$1 done
Event: 17.268 Loading class java/util/stream/ReferencePipeline$4
Event: 17.268 Loading class java/util/stream/ReferencePipeline$4 done
Event: 17.268 Loading class java/util/stream/Nodes$IntFixedNodeBuilder
Event: 17.269 Loading class java/util/stream/Node$Builder$OfInt
Event: 17.269 Loading class java/util/stream/Node$Builder$OfInt done
Event: 17.269 Loading class java/util/stream/Nodes$IntArrayNode
Event: 17.269 Loading class java/util/stream/Nodes$IntArrayNode done
Event: 17.269 Loading class java/util/stream/Nodes$IntFixedNodeBuilder done
Event: 17.270 Loading class java/util/stream/ReferencePipeline$4$1
Event: 17.270 Loading class java/util/stream/ReferencePipeline$4$1 done
Event: 17.308 Loading class java/lang/StringLatin1$LinesSpliterator
Event: 17.308 Loading class java/lang/StringLatin1$LinesSpliterator done
Event: 31.581 Loading class sun/nio/cs/ISO_8859_1$Encoder
Event: 31.582 Loading class sun/nio/cs/ISO_8859_1$Encoder done
Event: 31.582 Loading class sun/nio/cs/Surrogate$Parser
Event: 31.582 Loading class sun/nio/cs/Surrogate$Parser done
Event: 31.582 Loading class sun/nio/cs/Surrogate
Event: 31.582 Loading class sun/nio/cs/Surrogate done

Classes unloaded (7 events):
Event: 5.277 Thread 0x00000190ced74970 Unloading class 0x00000190d01ad400 'java/lang/invoke/LambdaForm$MH+0x00000190d01ad400'
Event: 5.277 Thread 0x00000190ced74970 Unloading class 0x00000190d01ad000 'java/lang/invoke/LambdaForm$MH+0x00000190d01ad000'
Event: 5.277 Thread 0x00000190ced74970 Unloading class 0x00000190d01acc00 'java/lang/invoke/LambdaForm$MH+0x00000190d01acc00'
Event: 5.277 Thread 0x00000190ced74970 Unloading class 0x00000190d01ac800 'java/lang/invoke/LambdaForm$MH+0x00000190d01ac800'
Event: 5.277 Thread 0x00000190ced74970 Unloading class 0x00000190d01ac400 'java/lang/invoke/LambdaForm$BMH+0x00000190d01ac400'
Event: 5.277 Thread 0x00000190ced74970 Unloading class 0x00000190d01ac000 'java/lang/invoke/LambdaForm$DMH+0x00000190d01ac000'
Event: 5.277 Thread 0x00000190ced74970 Unloading class 0x00000190d01aac00 'java/lang/invoke/LambdaForm$DMH+0x00000190d01aac00'

Classes redefined (0 events):
No events

Internal exceptions (20 events):
Event: 14.705 Thread 0x0000019117eea9f0 Exception <a 'java/lang/NoSuchMethodError'{0x00000000d61f7a10}: 'void java.lang.invoke.DirectMethodHandle$Holder.invokeInterface(java.lang.Object, java.lang.Object)'> (0x00000000d61f7a10) 
thrown [s\src\hotspot\share\interpreter\linkResolver.cpp, line 773]
Event: 15.143 Thread 0x00000191176811a0 Implicit null exception at 0x00000190c2e273a6 to 0x00000190c2e27950
Event: 16.028 Thread 0x00000191176811a0 Exception <a 'java/lang/NoSuchMethodError'{0x00000000d5d50fb0}: 'int java.lang.invoke.DirectMethodHandle$Holder.invokeSpecialIFC(java.lang.Object, java.lang.Object, java.lang.Object)'> (0x00000000d5d50fb0) 
thrown [s\src\hotspot\share\interpreter\linkResolver.cpp, line 773]
Event: 16.221 Thread 0x0000019117eea9f0 Exception <a 'sun/nio/fs/WindowsException'{0x00000000d5739778}> (0x00000000d5739778) 
thrown [s\src\hotspot\share\prims\jni.cpp, line 520]
Event: 16.221 Thread 0x0000019117eea9f0 Exception <a 'sun/nio/fs/WindowsException'{0x00000000d5739e90}> (0x00000000d5739e90) 
thrown [s\src\hotspot\share\prims\jni.cpp, line 520]
Event: 16.577 Thread 0x00000191176811a0 Exception <a 'java/io/FileNotFoundException'{0x00000000d5bf2620}> (0x00000000d5bf2620) 
thrown [s\src\hotspot\share\prims\jni.cpp, line 520]
Event: 16.577 Thread 0x00000191176811a0 Exception <a 'java/io/FileNotFoundException'{0x00000000d5bf3740}> (0x00000000d5bf3740) 
thrown [s\src\hotspot\share\prims\jni.cpp, line 520]
Event: 16.577 Thread 0x00000191176811a0 Exception <a 'java/io/FileNotFoundException'{0x00000000d5bf44e0}> (0x00000000d5bf44e0) 
thrown [s\src\hotspot\share\prims\jni.cpp, line 520]
Event: 16.700 Thread 0x000001911952e0f0 Exception <a 'sun/nio/fs/WindowsException'{0x00000000d5757978}> (0x00000000d5757978) 
thrown [s\src\hotspot\share\prims\jni.cpp, line 520]
Event: 16.700 Thread 0x000001911952e0f0 Exception <a 'sun/nio/fs/WindowsException'{0x00000000d5758360}> (0x00000000d5758360) 
thrown [s\src\hotspot\share\prims\jni.cpp, line 520]
Event: 16.700 Thread 0x000001911952e0f0 Exception <a 'sun/nio/fs/WindowsException'{0x00000000d5759350}> (0x00000000d5759350) 
thrown [s\src\hotspot\share\prims\jni.cpp, line 520]
Event: 16.701 Thread 0x000001911952e0f0 Exception <a 'sun/nio/fs/WindowsException'{0x00000000d5759d18}> (0x00000000d5759d18) 
thrown [s\src\hotspot\share\prims\jni.cpp, line 520]
Event: 16.701 Thread 0x000001911952e0f0 Exception <a 'sun/nio/fs/WindowsException'{0x00000000d575b7b8}> (0x00000000d575b7b8) 
thrown [s\src\hotspot\share\prims\jni.cpp, line 520]
Event: 16.702 Thread 0x000001911952e0f0 Exception <a 'sun/nio/fs/WindowsException'{0x00000000d57fd7f8}> (0x00000000d57fd7f8) 
thrown [s\src\hotspot\share\prims\jni.cpp, line 520]
Event: 16.709 Thread 0x000001911952e0f0 Exception <a 'sun/nio/fs/WindowsException'{0x00000000d589e330}> (0x00000000d589e330) 
thrown [s\src\hotspot\share\prims\jni.cpp, line 520]
Event: 16.709 Thread 0x000001911952e0f0 Exception <a 'sun/nio/fs/WindowsException'{0x00000000d58b7568}> (0x00000000d58b7568) 
thrown [s\src\hotspot\share\prims\jni.cpp, line 520]
Event: 17.251 Thread 0x0000019117eea9f0 Exception <a 'java/lang/NoSuchMethodError'{0x00000000d5a1a688}: 'java.lang.Object java.lang.invoke.DirectMethodHandle$Holder.invokeStatic(java.lang.Object, java.lang.Object, int, java.lang.Object)'> (0x00000000d5a1a688) 
thrown [s\src\hotspot\share\interpreter\linkResolver.cpp, line 773]
Event: 17.252 Thread 0x0000019117eea9f0 Exception <a 'java/lang/NoSuchMethodError'{0x00000000d5a20fe0}: 'java.lang.Object java.lang.invoke.DirectMethodHandle$Holder.newInvokeSpecial(java.lang.Object, java.lang.Object, int)'> (0x00000000d5a20fe0) 
thrown [s\src\hotspot\share\interpreter\linkResolver.cpp, line 773]
Event: 17.283 Thread 0x0000019117eea9f0 Implicit null exception at 0x00000190c2ec16a3 to 0x00000190c2ec1a40
Event: 17.309 Thread 0x0000019117eea9f0 Exception <a 'java/lang/NoSuchMethodError'{0x00000000d5c40748}: 'java.lang.Object java.lang.invoke.DirectMethodHandle$Holder.invokeStatic(java.lang.Object, int, java.lang.Object)'> (0x00000000d5c40748) 
thrown [s\src\hotspot\share\interpreter\linkResolver.cpp, line 773]

ZGC Phase Switch (0 events):
No events

VM Operations (20 events):
Event: 16.686 Executing safepoint VM operation: ParallelGCFailedAllocation (Allocation Failure)
Event: 16.689 Executing safepoint VM operation: ParallelGCFailedAllocation (Allocation Failure) done
Event: 16.733 Executing safepoint VM operation: ParallelGCFailedAllocation (Allocation Failure)
Event: 16.735 Executing safepoint VM operation: ParallelGCFailedAllocation (Allocation Failure) done
Event: 16.910 Executing safepoint VM operation: ParallelGCFailedAllocation (Allocation Failure)
Event: 16.912 Executing safepoint VM operation: ParallelGCFailedAllocation (Allocation Failure) done
Event: 17.148 Executing non-safepoint VM operation: HandshakeAllThreads (Deoptimize)
Event: 17.148 Executing non-safepoint VM operation: HandshakeAllThreads (Deoptimize) done
Event: 17.317 Executing safepoint VM operation: ParallelGCFailedAllocation (Allocation Failure)
Event: 17.319 Executing safepoint VM operation: ParallelGCFailedAllocation (Allocation Failure) done
Event: 18.326 Executing safepoint VM operation: Cleanup
Event: 18.326 Executing safepoint VM operation: Cleanup done
Event: 32.477 Executing safepoint VM operation: Cleanup
Event: 32.477 Executing safepoint VM operation: Cleanup done
Event: 60.165 Executing non-safepoint VM operation: HandshakeAllThreads (HandshakeForDeflation)
Event: 60.165 Executing non-safepoint VM operation: HandshakeAllThreads (HandshakeForDeflation) done
Event: 60.165 Executing non-safepoint VM operation: RendezvousGCThreads
Event: 60.165 Executing non-safepoint VM operation: RendezvousGCThreads done
Event: 77.320 Executing safepoint VM operation: Cleanup
Event: 77.321 Executing safepoint VM operation: Cleanup done

Memory protections (0 events):
No events

Nmethod flushes (20 events):
Event: 15.266 Thread 0x00000190ced74970 flushing  nmethod 0x00000190bb6f5b90
Event: 15.266 Thread 0x00000190ced74970 flushing osr nmethod 0x00000190bb6fa810
Event: 15.266 Thread 0x00000190ced74970 flushing osr nmethod 0x00000190bb6fc510
Event: 15.266 Thread 0x00000190ced74970 flushing osr nmethod 0x00000190bb749690
Event: 15.266 Thread 0x00000190ced74970 flushing  nmethod 0x00000190bb76c190
Event: 15.266 Thread 0x00000190ced74970 flushing  nmethod 0x00000190bb77fb90
Event: 15.266 Thread 0x00000190ced74970 flushing  nmethod 0x00000190bb780a90
Event: 15.266 Thread 0x00000190ced74970 flushing  nmethod 0x00000190bb782610
Event: 15.266 Thread 0x00000190ced74970 flushing  nmethod 0x00000190bb783710
Event: 15.266 Thread 0x00000190ced74970 flushing  nmethod 0x00000190bb798c90
Event: 15.266 Thread 0x00000190ced74970 flushing  nmethod 0x00000190bb799390
Event: 15.266 Thread 0x00000190ced74970 flushing  nmethod 0x00000190bb799990
Event: 15.266 Thread 0x00000190ced74970 flushing  nmethod 0x00000190bb79a810
Event: 15.266 Thread 0x00000190ced74970 flushing  nmethod 0x00000190bb79e010
Event: 15.266 Thread 0x00000190ced74970 flushing  nmethod 0x00000190bb7a9d90
Event: 15.266 Thread 0x00000190ced74970 flushing  nmethod 0x00000190bb7ae010
Event: 15.266 Thread 0x00000190ced74970 flushing  nmethod 0x00000190bb7c4690
Event: 15.266 Thread 0x00000190ced74970 flushing  nmethod 0x00000190bb7d0490
Event: 15.266 Thread 0x00000190ced74970 flushing  nmethod 0x00000190bb7d0790
Event: 15.266 Thread 0x00000190ced74970 flushing  nmethod 0x00000190bb856710

Events (20 events):
Event: 7.294 Thread 0x000001911952da60 Thread added: 0x000001911952d3d0
Event: 7.294 Thread 0x000001911952e0f0 Thread added: 0x000001911952f4a0
Event: 7.295 Thread 0x000001911952f4a0 Thread added: 0x000001911952e780
Event: 7.296 Thread 0x000001911952d3d0 Thread added: 0x000001911952ee10
Event: 7.296 Thread 0x000001911952e780 Thread added: 0x0000019119533cd0
Event: 14.721 Thread 0x0000019117eea9f0 Thread added: 0x000001911a4a3ac0
Event: 14.721 Thread 0x0000019117eea9f0 Thread added: 0x000001911a4a4150
Event: 14.721 Thread 0x0000019117eea9f0 Thread added: 0x000001911a4a5500
Event: 14.727 Thread 0x0000019117eea9f0 Thread added: 0x000001911a4a47e0
Event: 14.728 Thread 0x0000019117eea9f0 Thread added: 0x000001911a4a4e70
Event: 15.906 Thread 0x000001911a4a4150 Thread exited: 0x000001911a4a4150
Event: 15.906 Thread 0x000001911a4a47e0 Thread exited: 0x000001911a4a47e0
Event: 15.906 Thread 0x000001911a4a3ac0 Thread exited: 0x000001911a4a3ac0
Event: 15.906 Thread 0x000001911a4a4e70 Thread exited: 0x000001911a4a4e70
Event: 15.907 Thread 0x000001911a4a5500 Thread exited: 0x000001911a4a5500
Event: 18.126 Thread 0x0000019112434910 Thread exited: 0x0000019112434910
Event: 76.792 Thread 0x00000191176811a0 Thread exited: 0x00000191176811a0
Event: 76.802 Thread 0x0000019117682550 Thread exited: 0x0000019117682550
Event: 77.150 Thread 0x0000019117ee8fb0 Thread exited: 0x0000019117ee8fb0
Event: 77.167 Thread 0x000001911952e0f0 Thread exited: 0x000001911952e0f0


Dynamic libraries:
0x00007ff7d2cc0000 - 0x00007ff7d2cce000 	c:\Users\vitor\.vscode\extensions\redhat.java-1.53.0-win32-x64\jre\21.0.10-win32-x86_64\bin\java.exe
0x00007ffe16ea0000 - 0x00007ffe17107000 	C:\WINDOWS\SYSTEM32\ntdll.dll
0x00007ffe15940000 - 0x00007ffe15a09000 	C:\WINDOWS\System32\KERNEL32.DLL
0x00007ffe144b0000 - 0x00007ffe148a1000 	C:\WINDOWS\System32\KERNELBASE.dll
0x00007ffe137b0000 - 0x00007ffe138fb000 	C:\WINDOWS\System32\ucrtbase.dll
0x00007ffd99e40000 - 0x00007ffd99e5e000 	c:\Users\vitor\.vscode\extensions\redhat.java-1.53.0-win32-x64\jre\21.0.10-win32-x86_64\bin\VCRUNTIME140.dll
0x00007ffd9deb0000 - 0x00007ffd9dec8000 	c:\Users\vitor\.vscode\extensions\redhat.java-1.53.0-win32-x64\jre\21.0.10-win32-x86_64\bin\jli.dll
0x00007ffe151f0000 - 0x00007ffe153b5000 	C:\WINDOWS\System32\USER32.dll
0x00007ffe13780000 - 0x00007ffe137a7000 	C:\WINDOWS\System32\win32u.dll
0x00007ffe14f50000 - 0x00007ffe14f7b000 	C:\WINDOWS\System32\GDI32.dll
0x00007ffe12980000 - 0x00007ffe12c13000 	C:\WINDOWS\WinSxS\amd64_microsoft.windows.common-controls_6595b64144ccf1df_6.0.26100.8037_none_3e092faae333b53b\COMCTL32.dll
0x00007ffe13a80000 - 0x00007ffe13bab000 	C:\WINDOWS\System32\gdi32full.dll
0x00007ffe15bb0000 - 0x00007ffe15c59000 	C:\WINDOWS\System32\msvcrt.dll
0x00007ffe14ad0000 - 0x00007ffe14b73000 	C:\WINDOWS\System32\msvcp_win.dll
0x00007ffe15750000 - 0x00007ffe15781000 	C:\WINDOWS\System32\IMM32.DLL
0x00007ffde14b0000 - 0x00007ffde14bc000 	c:\Users\vitor\.vscode\extensions\redhat.java-1.53.0-win32-x64\jre\21.0.10-win32-x86_64\bin\vcruntime140_1.dll
0x00007ffd8c240000 - 0x00007ffd8c2cd000 	c:\Users\vitor\.vscode\extensions\redhat.java-1.53.0-win32-x64\jre\21.0.10-win32-x86_64\bin\msvcp140.dll
0x00007ffd661d0000 - 0x00007ffd66f71000 	c:\Users\vitor\.vscode\extensions\redhat.java-1.53.0-win32-x64\jre\21.0.10-win32-x86_64\bin\server\jvm.dll
0x00007ffe16da0000 - 0x00007ffe16e5b000 	C:\WINDOWS\System32\ADVAPI32.dll
0x00007ffe14de0000 - 0x00007ffe14e87000 	C:\WINDOWS\System32\sechost.dll
0x00007ffe16a20000 - 0x00007ffe16b38000 	C:\WINDOWS\System32\RPCRT4.dll
0x00007ffe157a0000 - 0x00007ffe15814000 	C:\WINDOWS\System32\WS2_32.dll
0x00007ffe135e0000 - 0x00007ffe1363e000 	C:\WINDOWS\SYSTEM32\POWRPROF.dll
0x00007ffe0aad0000 - 0x00007ffe0ab05000 	C:\WINDOWS\SYSTEM32\WINMM.dll
0x00007ffe0ab30000 - 0x00007ffe0ab3b000 	C:\WINDOWS\SYSTEM32\VERSION.dll
0x00007ffe135c0000 - 0x00007ffe135d4000 	C:\WINDOWS\SYSTEM32\UMPDC.dll
0x00007ffe11be0000 - 0x00007ffe11bfb000 	C:\WINDOWS\SYSTEM32\kernel.appcore.dll
0x00007ffddfe40000 - 0x00007ffddfe4a000 	c:\Users\vitor\.vscode\extensions\redhat.java-1.53.0-win32-x64\jre\21.0.10-win32-x86_64\bin\jimage.dll
0x00007ffe12f50000 - 0x00007ffe13192000 	C:\WINDOWS\SYSTEM32\DBGHELP.DLL
0x00007ffe153c0000 - 0x00007ffe15742000 	C:\WINDOWS\System32\combase.dll
0x00007ffe16100000 - 0x00007ffe161d7000 	C:\WINDOWS\System32\OLEAUT32.dll
0x00007ffe12e20000 - 0x00007ffe12e5b000 	C:\WINDOWS\SYSTEM32\dbgcore.DLL
0x00007ffe14a20000 - 0x00007ffe14ac5000 	C:\WINDOWS\System32\bcryptPrimitives.dll
0x00007ffe04830000 - 0x00007ffe0483f000 	c:\Users\vitor\.vscode\extensions\redhat.java-1.53.0-win32-x64\jre\21.0.10-win32-x86_64\bin\instrument.dll
0x00007ffd98e10000 - 0x00007ffd98e30000 	c:\Users\vitor\.vscode\extensions\redhat.java-1.53.0-win32-x64\jre\21.0.10-win32-x86_64\bin\java.dll
0x00007ffe161e0000 - 0x00007ffe1693f000 	C:\WINDOWS\System32\SHELL32.dll
0x00007ffe148b0000 - 0x00007ffe14a1a000 	C:\WINDOWS\System32\wintypes.dll
0x00007ffe13bb0000 - 0x00007ffe14414000 	C:\WINDOWS\System32\windows.storage.dll
0x00007ffe16ba0000 - 0x00007ffe16c97000 	C:\WINDOWS\System32\SHCORE.dll
0x00007ffe158d0000 - 0x00007ffe15937000 	C:\WINDOWS\System32\shlwapi.dll
0x00007ffe136a0000 - 0x00007ffe136c9000 	C:\WINDOWS\SYSTEM32\profapi.dll
0x00007ffd97ab0000 - 0x00007ffd97ac8000 	c:\Users\vitor\.vscode\extensions\redhat.java-1.53.0-win32-x64\jre\21.0.10-win32-x86_64\bin\zip.dll
0x00007ffdde9c0000 - 0x00007ffdde9d0000 	C:\Users\vitor\.vscode\extensions\redhat.java-1.53.0-win32-x64\jre\21.0.10-win32-x86_64\bin\net.dll
0x00007ffe0c2f0000 - 0x00007ffe0c417000 	C:\WINDOWS\SYSTEM32\WINHTTP.dll
0x00007ffe12110000 - 0x00007ffe1217b000 	C:\WINDOWS\system32\mswsock.dll
0x00007ffd97230000 - 0x00007ffd97246000 	C:\Users\vitor\.vscode\extensions\redhat.java-1.53.0-win32-x64\jre\21.0.10-win32-x86_64\bin\nio.dll
0x00007ffe04710000 - 0x00007ffe04720000 	c:\Users\vitor\.vscode\extensions\redhat.java-1.53.0-win32-x64\jre\21.0.10-win32-x86_64\bin\verify.dll
0x00007ffdc2c30000 - 0x00007ffdc2c75000 	C:\Users\vitor\AppData\Roaming\Code\User\globalStorage\redhat.java\1.53.0\config_win\org.eclipse.equinox.launcher\org.eclipse.equinox.launcher.win32.win32.x86_64_1.3.0.v20260203-2149\eclipse_11919.dll
0x00007ffe15a10000 - 0x00007ffe15ba5000 	C:\WINDOWS\System32\ole32.dll
0x00007ffe132a0000 - 0x00007ffe132bb000 	C:\WINDOWS\SYSTEM32\CRYPTSP.dll
0x00007ffe12250000 - 0x00007ffe12289000 	C:\WINDOWS\system32\rsaenh.dll
0x00007ffe12180000 - 0x00007ffe121b2000 	C:\WINDOWS\SYSTEM32\USERENV.dll
0x00007ffe13670000 - 0x00007ffe1369a000 	C:\WINDOWS\SYSTEM32\bcrypt.dll
0x00007ffe12430000 - 0x00007ffe1243c000 	C:\WINDOWS\SYSTEM32\CRYPTBASE.dll
0x00007ffe11520000 - 0x00007ffe11553000 	C:\WINDOWS\SYSTEM32\IPHLPAPI.DLL
0x00007ffe160f0000 - 0x00007ffe160fa000 	C:\WINDOWS\System32\NSI.dll
0x00007ffdc2be0000 - 0x00007ffdc2c29000 	C:\Users\vitor\AppData\Local\Temp\jna-112218564\jna6184820243863305927.dll
0x00007ffe14dd0000 - 0x00007ffe14dd8000 	C:\WINDOWS\System32\PSAPI.DLL
0x00007ffe0c2d0000 - 0x00007ffe0c2ed000 	C:\WINDOWS\SYSTEM32\dhcpcsvc6.DLL
0x00007ffe0c1d0000 - 0x00007ffe0c1f3000 	C:\WINDOWS\SYSTEM32\dhcpcsvc.DLL

JVMTI agents:
c:\Users\vitor\.vscode\extensions\redhat.java-1.53.0-win32-x64\lombok\lombok-1.18.39-4050.jar path:c:\Users\vitor\.vscode\extensions\redhat.java-1.53.0-win32-x64\jre\21.0.10-win32-x86_64\bin\instrument.dll, loaded, initialized, instrumentlib options:none

dbghelp: loaded successfully - version: 4.0.5 - missing functions: none
symbol engine: initialized successfully - sym options: 0x614 - pdb path: .;c:\Users\vitor\.vscode\extensions\redhat.java-1.53.0-win32-x64\jre\21.0.10-win32-x86_64\bin;C:\WINDOWS\SYSTEM32;C:\WINDOWS\WinSxS\amd64_microsoft.windows.common-controls_6595b64144ccf1df_6.0.26100.8037_none_3e092faae333b53b;c:\Users\vitor\.vscode\extensions\redhat.java-1.53.0-win32-x64\jre\21.0.10-win32-x86_64\bin\server;C:\Users\vitor\AppData\Roaming\Code\User\globalStorage\redhat.java\1.53.0\config_win\org.eclipse.equinox.launcher\org.eclipse.equinox.launcher.win32.win32.x86_64_1.3.0.v20260203-2149;C:\Users\vitor\AppData\Local\Temp\jna-112218564

VM Arguments:
jvm_args: --add-modules=ALL-SYSTEM --add-opens=java.base/java.util=ALL-UNNAMED --add-opens=java.base/java.lang=ALL-UNNAMED --add-opens=java.base/sun.nio.fs=ALL-UNNAMED -Declipse.application=org.eclipse.jdt.ls.core.id1 -Dosgi.bundles.defaultStartLevel=4 -Declipse.product=org.eclipse.jdt.ls.core.product -Djava.import.generatesMetadataFilesAtProjectRoot=false -DDetectVMInstallationsJob.disabled=true -Dfile.encoding=utf8 -XX:+UseParallelGC -XX:GCTimeRatio=4 -XX:AdaptiveSizePolicyWeight=90 -Dsun.zip.disableMemoryMapping=true -Xmx2G -Xms100m -Xlog:disable -javaagent:c:\Users\vitor\.vscode\extensions\redhat.java-1.53.0-win32-x64\lombok\lombok-1.18.39-4050.jar -XX:+HeapDumpOnOutOfMemoryError -XX:HeapDumpPath=c:\Users\vitor\AppData\Roaming\Code\User\workspaceStorage\6831597da1bb03031f8b5526a28d0cb8\redhat.java -Daether.dependencyCollector.impl=bf 
java_command: c:\Users\vitor\.vscode\extensions\redhat.java-1.53.0-win32-x64\server\plugins\org.eclipse.equinox.launcher_1.7.100.v20251111-0406.jar -configuration c:\Users\vitor\AppData\Roaming\Code\User\globalStorage\redhat.java\1.53.0\config_win -data c:\Users\vitor\AppData\Roaming\Code\User\workspaceStorage\6831597da1bb03031f8b5526a28d0cb8\redhat.java\jdt_ws --pipe=\\.\pipe\lsp-5a9c2527fed9607fd9e227db296a97d9-sock
java_class_path (initial): c:\Users\vitor\.vscode\extensions\redhat.java-1.53.0-win32-x64\server\plugins\org.eclipse.equinox.launcher_1.7.100.v20251111-0406.jar
Launcher Type: SUN_STANDARD

[Global flags]
    uintx AdaptiveSizePolicyWeight                 = 90                                        {product} {command line}
     intx CICompilerCount                          = 4                                         {product} {ergonomic}
    uintx GCTimeRatio                              = 4                                         {product} {command line}
     bool HeapDumpOnOutOfMemoryError               = true                                   {manageable} {command line}
    ccstr HeapDumpPath                             = c:\Users\vitor\AppData\Roaming\Code\User\workspaceStorage\6831597da1bb03031f8b5526a28d0cb8\redhat.java         {manageable} {command line}
   size_t InitialHeapSize                          = 104857600                                 {product} {command line}
   size_t MaxHeapSize                              = 2147483648                                {product} {command line}
   size_t MaxNewSize                               = 715653120                                 {product} {ergonomic}
   size_t MinHeapDeltaBytes                        = 524288                                    {product} {ergonomic}
   size_t MinHeapSize                              = 104857600                                 {product} {command line}
   size_t NewSize                                  = 34603008                                  {product} {ergonomic}
    uintx NonNMethodCodeHeapSize                   = 5839372                                {pd product} {ergonomic}
    uintx NonProfiledCodeHeapSize                  = 122909434                              {pd product} {ergonomic}
   size_t OldSize                                  = 70254592                                  {product} {ergonomic}
    uintx ProfiledCodeHeapSize                     = 122909434                              {pd product} {ergonomic}
    uintx ReservedCodeCacheSize                    = 251658240                              {pd product} {ergonomic}
     bool SegmentedCodeCache                       = true                                      {product} {ergonomic}
   size_t SoftMaxHeapSize                          = 2147483648                             {manageable} {ergonomic}
     bool UseCompressedOops                        = true                           {product lp64_product} {ergonomic}
     bool UseLargePagesIndividualAllocation        = false                                  {pd product} {ergonomic}
     bool UseParallelGC                            = true                                      {product} {command line}

Logging:
Log output configuration:
 #0: stdout all=off uptime,level,tags foldmultilines=false
 #1: stderr all=off uptime,level,tags foldmultilines=false

Release file:
JAVA_VERSION="21.0.10" 
MODULES="java.base java.compiler java.datatransfer java.xml java.prefs java.desktop java.instrument java.logging java.management java.security.sasl java.naming java.rmi java.management.rmi java.net.http java.scripting java.security.jgss java.transaction.xa java.sql java.sql.rowset java.xml.crypto java.se java.smartcardio jdk.accessibility jdk.internal.jvmstat jdk.attach jdk.charsets jdk.internal.opt jdk.zipfs jdk.compiler jdk.crypto.ec jdk.crypto.cryptoki jdk.crypto.mscapi jdk.dynalink jdk.internal.ed jdk.editpad jdk.hotspot.agent jdk.httpserver jdk.internal.le jdk.internal.vm.ci jdk.internal.vm.compiler jdk.internal.vm.compiler.management jdk.jartool jdk.javadoc jdk.jcmd jdk.management jdk.management.agent jdk.jconsole jdk.jdeps jdk.jdwp.agent jdk.jdi jdk.jfr jdk.jshell jdk.jsobject jdk.jstatd jdk.localedata jdk.management.jfr jdk.naming.dns jdk.naming.rmi jdk.net jdk.nio.mapmode jdk.random jdk.sctp jdk.security.auth jdk.security.jgss jdk.unsupported jdk.unsupported.desktop jdk.xml.dom" 

Environment Variables:
JAVA_HOME=C:\Program Files\Eclipse Adoptium\jdk-21.0.9.10-hotspot\
PATH=C:\Users\vitor\AppData\Local\Programs\Microsoft VS Code;C:\Program Files\Eclipse Adoptium\jdk-21.0.9.10-hotspot\bin;C:\Program Files\Java\zulu17.56.15-ca-jdk17.0.14-win_x64\bin;C:\WINDOWS\system32;C:\WINDOWS;C:\WINDOWS\System32\Wbem;C:\WINDOWS\System32\WindowsPowerShell\v1.0\;C:\WINDOWS\System32\OpenSSH\;C:\xampp\php;C:\ProgramData\ComposerSetup\bin;C:\Program Files\Git\cmd;C:\Program Files\dotnet\;C:\Maven\apache-maven-3.9.9\bin;C:\MinGW\bin;C:\Users\vitor\AppData\Local\nvm;C:\nvm4w\nodejs;C:\Program Files\Docker\Docker\resources\bin;C:\Program Files\MySQL\MySQL Shell 8.0\bin\;C:\Users\vitor\AppData\Local\Programs\Python\Python313\Scripts\;C:\Users\vitor\AppData\Local\Programs\Python\Python313\;C:\Users\vitor\AppData\Local\Programs\Python\Launcher\;C:\Users\vitor\AppData\Local\Microsoft\WindowsApps;C:\Users\vitor\AppData\Local\Programs\Microsoft VS Code\bin;C:\Users\vitor\AppData\Roaming\Composer\vendor\bin;C:\Users\vitor\AppData\Roaming\npm;C:\Users\vitor\AppData\Local\nvm;C:\nvm4w\nodejs
USERNAME=vitor
OS=Windows_NT
PROCESSOR_IDENTIFIER=AMD64 Family 23 Model 104 Stepping 1, AuthenticAMD
TMP=C:\Users\vitor\AppData\Local\Temp
TEMP=C:\Users\vitor\AppData\Local\Temp




Periodic native trim disabled

---------------  S Y S T E M  ---------------

OS:
 Windows 11 , 64 bit Build 26100 (10.0.26100.7920)
OS uptime: 14 days 0:14 hours
Hyper-V role detected

CPU: total 12 (initial active 12) (12 cores per cpu, 2 threads per core) family 23 model 104 stepping 1 microcode 0x8608103, cx8, cmov, fxsr, ht, mmx, 3dnowpref, sse, sse2, sse3, ssse3, sse4a, sse4.1, sse4.2, popcnt, lzcnt, tsc, tscinvbit, avx, avx2, aes, clmul, bmi1, bmi2, adx, sha, fma, vzeroupper, clflush, clflushopt, hv, rdtscp, rdpid, f16c
Processor Information for processor 0
  Max Mhz: 2100, Current Mhz: 1813, Mhz Limit: 2100
Processor Information for processor 1
  Max Mhz: 2100, Current Mhz: 2100, Mhz Limit: 2100
Processor Information for processor 2
  Max Mhz: 2100, Current Mhz: 1813, Mhz Limit: 2100
Processor Information for processor 3
  Max Mhz: 2100, Current Mhz: 1813, Mhz Limit: 2100
Processor Information for processor 4
  Max Mhz: 2100, Current Mhz: 1813, Mhz Limit: 2100
Processor Information for processor 5
  Max Mhz: 2100, Current Mhz: 2100, Mhz Limit: 2100
Processor Information for processor 6
  Max Mhz: 2100, Current Mhz: 1813, Mhz Limit: 2100
Processor Information for processor 7
  Max Mhz: 2100, Current Mhz: 1813, Mhz Limit: 2100
Processor Information for processor 8
  Max Mhz: 2100, Current Mhz: 1813, Mhz Limit: 2100
Processor Information for processor 9
  Max Mhz: 2100, Current Mhz: 1813, Mhz Limit: 2100
Processor Information for processor 10
  Max Mhz: 2100, Current Mhz: 1813, Mhz Limit: 2100
Processor Information for processor 11
  Max Mhz: 2100, Current Mhz: 1813, Mhz Limit: 2100

Memory: 4k page, system-wide physical 6005M (485M free)
TotalPageFile size 24437M (AvailPageFile size 1M)
current process WorkingSet (physical memory assigned to process): 18M, peak: 314M
current process commit charge ("private bytes"): 340M, peak: 403M

vm_info: OpenJDK 64-Bit Server VM (21.0.10+7-LTS) for windows-amd64 JRE (21.0.10+7-LTS), built on 2026-01-20T00:00:00Z by "admin" with MS VC++ 17.12 (VS2022)

END.
