#
# There is insufficient memory for the Java Runtime Environment to continue.
# Native memory allocation (malloc) failed to allocate 1048576 bytes. Error detail: AllocateHeap
# Possible reasons:
#   The system is out of physical RAM or swap space
#   This process is running with CompressedOops enabled, and the Java Heap may be blocking the growth of the native heap
# Possible solutions:
#   Reduce memory load on the system
#   Increase physical memory or swap space
#   Check if swap backing store is full
#   Decrease Java heap size (-Xmx/-Xms)
#   Decrease number of Java threads
#   Decrease Java thread stack sizes (-Xss)
#   Set larger code cache with -XX:ReservedCodeCacheSize=
#   JVM is running with Unscaled Compressed Oops mode in which the Java heap is
#     placed in the first 4GB address space. The Java Heap base address is the
#     maximum limit for the native heap growth. Please use -XX:HeapBaseMinAddress
#     to set the Java Heap base and to place the Java Heap above 4GB virtual address.
# This output file may be truncated or incomplete.
#
#  Out of Memory Error (allocation.cpp:44), pid=27664, tid=70856
#
# JRE version: OpenJDK Runtime Environment Temurin-21.0.10+7 (21.0.10+7) (build 21.0.10+7-LTS)
# Java VM: OpenJDK 64-Bit Server VM Temurin-21.0.10+7 (21.0.10+7-LTS, mixed mode, sharing, tiered, compressed oops, compressed class ptrs, parallel gc, windows-amd64)
# No core dump will be written. Minidumps are not enabled by default on client versions of Windows
#

---------------  S U M M A R Y ------------

Command Line: --add-modules=ALL-SYSTEM --add-opens=java.base/java.util=ALL-UNNAMED --add-opens=java.base/java.lang=ALL-UNNAMED --add-opens=java.base/sun.nio.fs=ALL-UNNAMED -Declipse.application=org.eclipse.jdt.ls.core.id1 -Dosgi.bundles.defaultStartLevel=4 -Declipse.product=org.eclipse.jdt.ls.core.product -Djava.import.generatesMetadataFilesAtProjectRoot=false -DDetectVMInstallationsJob.disabled=true -Dfile.encoding=utf8 -XX:+UseParallelGC -XX:GCTimeRatio=4 -XX:AdaptiveSizePolicyWeight=90 -Dsun.zip.disableMemoryMapping=true -Xmx2G -Xms100m -Xlog:disable -javaagent:c:\Users\vitor\.vscode\extensions\redhat.java-1.53.0-win32-x64\lombok\lombok-1.18.39-4050.jar -XX:+HeapDumpOnOutOfMemoryError -XX:HeapDumpPath=c:\Users\vitor\AppData\Roaming\Code\User\workspaceStorage\6831597da1bb03031f8b5526a28d0cb8\redhat.java -Daether.dependencyCollector.impl=bf c:\Users\vitor\.vscode\extensions\redhat.java-1.53.0-win32-x64\server\plugins\org.eclipse.equinox.launcher_1.7.100.v20251111-0406.jar -configuration c:\Users\vitor\AppData\Roaming\Code\User\globalStorage\redhat.java\1.53.0\config_win -data c:\Users\vitor\AppData\Roaming\Code\User\workspaceStorage\6831597da1bb03031f8b5526a28d0cb8\redhat.java\jdt_ws --pipe=\\.\pipe\lsp-a3f72ebe59e7758731c40a71e999eefb-sock

Host: AMD Ryzen 5 5500U with Radeon Graphics         , 12 cores, 5G,  Windows 11 , 64 bit Build 26100 (10.0.26100.7920)
Time: Mon Apr 13 16:15:54 2026 Hora oficial do Brasil elapsed time: 593.519998 seconds (0d 0h 9m 53s)

---------------  T H R E A D  ---------------

Current thread (0x00000279f47180f0):  JavaThread "Attach Listener" daemon [_thread_in_vm, id=70856, stack(0x000000caa6800000,0x000000caa6900000) (1024K)]

Stack: [0x000000caa6800000,0x000000caa6900000]
Native frames: (J=compiled Java code, j=interpreted, Vv=VM code, C=native code)
V  [jvm.dll+0x6d7a39]
V  [jvm.dll+0x8b4b26]
V  [jvm.dll+0x8b70de]
V  [jvm.dll+0x8b77c3]
V  [jvm.dll+0x284346]
V  [jvm.dll+0xc1277]
V  [jvm.dll+0x6d82e9]
V  [jvm.dll+0x1334a6]
V  [jvm.dll+0x3f857e]
V  [jvm.dll+0x85f59d]
V  [jvm.dll+0x6d626d]
C  [ucrtbase.dll+0x37b0]
C  [KERNEL32.DLL+0x2e8d7]
C  [ntdll.dll+0x8c48c]


---------------  P R O C E S S  ---------------

Threads class SMR info:
_java_thread_list=0x00000279d6ba9790, length=41, elements={
0x00000279f466d1c0, 0x00000279fe06e040, 0x00000279f4710fb0, 0x00000279f4717490,
0x00000279f47180f0, 0x00000279f471cf80, 0x00000279f47259a0, 0x00000279f4728ca0,
0x00000279ff4cc2d0, 0x00000279ff6a4110, 0x00000279ff7edc50, 0x00000279d0a7d530,
0x00000279d5019a60, 0x00000279d0a34c60, 0x00000279d0a35a30, 0x00000279d5357f40,
0x00000279d5324680, 0x00000279d55d7940, 0x00000279d5890e30, 0x00000279d58907a0,
0x00000279d0cc1590, 0x00000279d0cc2fd0, 0x00000279d0cbfb50, 0x00000279d0cc01e0,
0x00000279d0cc1c20, 0x00000279d0cc0870, 0x00000279d6fb2dd0, 0x00000279d6fb3460,
0x00000279d6fb20b0, 0x00000279d6fb0670, 0x00000279d6faffe0, 0x00000279d6fb2740,
0x00000279d6fb4180, 0x00000279d6fb3af0, 0x00000279d6fb0d00, 0x00000279d6fb1390,
0x00000279d6fb4810, 0x00000279d6fb5530, 0x00000279d6fb6250, 0x00000279d7dd1b90,
0x00000279d7dd63c0
}

Java Threads: ( => current thread )
  0x00000279f466d1c0 JavaThread "main"                              [_thread_blocked, id=61584, stack(0x000000caa6100000,0x000000caa6200000) (1024K)]
  0x00000279fe06e040 JavaThread "Reference Handler"          daemon [_thread_blocked, id=71072, stack(0x000000caa6500000,0x000000caa6600000) (1024K)]
  0x00000279f4710fb0 JavaThread "Finalizer"                  daemon [_thread_blocked, id=52312, stack(0x000000caa6600000,0x000000caa6700000) (1024K)]
  0x00000279f4717490 JavaThread "Signal Dispatcher"          daemon [_thread_blocked, id=61344, stack(0x000000caa6700000,0x000000caa6800000) (1024K)]
=>0x00000279f47180f0 JavaThread "Attach Listener"            daemon [_thread_in_vm, id=70856, stack(0x000000caa6800000,0x000000caa6900000) (1024K)]
  0x00000279f471cf80 JavaThread "Service Thread"             daemon [_thread_blocked, id=62868, stack(0x000000caa6900000,0x000000caa6a00000) (1024K)]
  0x00000279f47259a0 JavaThread "Monitor Deflation Thread"   daemon [_thread_blocked, id=51048, stack(0x000000caa6a00000,0x000000caa6b00000) (1024K)]
  0x00000279f4728ca0 JavaThread "C2 CompilerThread0"         daemon [_thread_blocked, id=60856, stack(0x000000caa6b00000,0x000000caa6c00000) (1024K)]
  0x00000279ff4cc2d0 JavaThread "C1 CompilerThread0"         daemon [_thread_blocked, id=59108, stack(0x000000caa6c00000,0x000000caa6d00000) (1024K)]
  0x00000279ff6a4110 JavaThread "Common-Cleaner"             daemon [_thread_blocked, id=73856, stack(0x000000caa6d00000,0x000000caa6e00000) (1024K)]
  0x00000279ff7edc50 JavaThread "Notification Thread"        daemon [_thread_blocked, id=71628, stack(0x000000caa6e00000,0x000000caa6f00000) (1024K)]
  0x00000279d0a7d530 JavaThread "Active Thread: Equinox Container: fd7bee83-9e84-4eb1-87e1-d27466ced91e"        [_thread_blocked, id=73616, stack(0x000000caa7500000,0x000000caa7600000) (1024K)]
  0x00000279d5019a60 JavaThread "Refresh Thread: Equinox Container: fd7bee83-9e84-4eb1-87e1-d27466ced91e" daemon [_thread_blocked, id=59128, stack(0x000000caa7700000,0x000000caa7800000) (1024K)]
  0x00000279d0a34c60 JavaThread "Framework Event Dispatcher: Equinox Container: fd7bee83-9e84-4eb1-87e1-d27466ced91e" daemon [_thread_blocked, id=70440, stack(0x000000caa7800000,0x000000caa7900000) (1024K)]
  0x00000279d0a35a30 JavaThread "Start Level: Equinox Container: fd7bee83-9e84-4eb1-87e1-d27466ced91e" daemon [_thread_blocked, id=23956, stack(0x000000caa7900000,0x000000caa7a00000) (1024K)]
  0x00000279d5357f40 JavaThread "Bundle File Closer"         daemon [_thread_blocked, id=21960, stack(0x000000caa7c00000,0x000000caa7d00000) (1024K)]
  0x00000279d5324680 JavaThread "SCR Component Actor"        daemon [_thread_blocked, id=32588, stack(0x000000caa7d00000,0x000000caa7e00000) (1024K)]
  0x00000279d55d7940 JavaThread "Worker-JM"                         [_thread_blocked, id=67660, stack(0x000000caa7e00000,0x000000caa7f00000) (1024K)]
  0x00000279d5890e30 JavaThread "JNA Cleaner"                daemon [_thread_blocked, id=70748, stack(0x000000caa7f00000,0x000000caa8000000) (1024K)]
  0x00000279d58907a0 JavaThread "Java indexing"              daemon [_thread_blocked, id=66968, stack(0x000000caa8200000,0x000000caa8300000) (1024K)]
  0x00000279d0cc1590 JavaThread "Worker-2"                          [_thread_blocked, id=71104, stack(0x000000caa8500000,0x000000caa8600000) (1024K)]
  0x00000279d0cc2fd0 JavaThread "Thread-1"                   daemon [_thread_in_native, id=58816, stack(0x000000caa8800000,0x000000caa8900000) (1024K)]
  0x00000279d0cbfb50 JavaThread "Thread-2"                   daemon [_thread_in_native, id=73596, stack(0x000000caa8900000,0x000000caa8a00000) (1024K)]
  0x00000279d0cc01e0 JavaThread "Thread-3"                   daemon [_thread_in_native, id=62600, stack(0x000000caa8a00000,0x000000caa8b00000) (1024K)]
  0x00000279d0cc1c20 JavaThread "Thread-4"                   daemon [_thread_in_native, id=41968, stack(0x000000caa8b00000,0x000000caa8c00000) (1024K)]
  0x00000279d0cc0870 JavaThread "Thread-5"                   daemon [_thread_in_native, id=33336, stack(0x000000caa8c00000,0x000000caa8d00000) (1024K)]
  0x00000279d6fb2dd0 JavaThread "Thread-6"                   daemon [_thread_in_native, id=32720, stack(0x000000caa8d00000,0x000000caa8e00000) (1024K)]
  0x00000279d6fb3460 JavaThread "Thread-7"                   daemon [_thread_in_native, id=68212, stack(0x000000caa8e00000,0x000000caa8f00000) (1024K)]
  0x00000279d6fb20b0 JavaThread "Thread-8"                   daemon [_thread_in_native, id=30032, stack(0x000000caa8f00000,0x000000caa9000000) (1024K)]
  0x00000279d6fb0670 JavaThread "Thread-9"                   daemon [_thread_in_native, id=44212, stack(0x000000caa9000000,0x000000caa9100000) (1024K)]
  0x00000279d6faffe0 JavaThread "Thread-10"                  daemon [_thread_in_native, id=32496, stack(0x000000caa9100000,0x000000caa9200000) (1024K)]
  0x00000279d6fb2740 JavaThread "Thread-11"                  daemon [_thread_in_native, id=57516, stack(0x000000caa9200000,0x000000caa9300000) (1024K)]
  0x00000279d6fb4180 JavaThread "Thread-12"                  daemon [_thread_in_native, id=29128, stack(0x000000caa9300000,0x000000caa9400000) (1024K)]
  0x00000279d6fb3af0 JavaThread "Thread-13"                  daemon [_thread_in_native, id=73988, stack(0x000000caa9400000,0x000000caa9500000) (1024K)]
  0x00000279d6fb0d00 JavaThread "pool-2-thread-1"                   [_thread_blocked, id=63776, stack(0x000000caa9500000,0x000000caa9600000) (1024K)]
  0x00000279d6fb1390 JavaThread "WorkspaceEventsHandler"            [_thread_blocked, id=67212, stack(0x000000caa9700000,0x000000caa9800000) (1024K)]
  0x00000279d6fb4810 JavaThread "pool-1-thread-1"                   [_thread_blocked, id=5648, stack(0x000000caa9800000,0x000000caa9900000) (1024K)]
  0x00000279d6fb5530 JavaThread "Worker-6"                          [_thread_blocked, id=52296, stack(0x000000caa9a00000,0x000000caa9b00000) (1024K)]
  0x00000279d6fb6250 JavaThread "ForkJoinPool.commonPool-worker-2" daemon [_thread_blocked, id=8496, stack(0x000000caa9d00000,0x000000caa9e00000) (1024K)]
  0x00000279d7dd1b90 JavaThread "ForkJoinPool.commonPool-worker-11" daemon [_thread_blocked, id=55964, stack(0x000000caaa600000,0x000000caaa700000) (1024K)]
  0x00000279d7dd63c0 JavaThread "Cleaner-0"                  daemon [_thread_blocked, id=60348, stack(0x000000caaa700000,0x000000caaa800000) (1024K)]
Total: 41

Other Threads:
  0x00000279f4710940 VMThread "VM Thread"                           [id=61448, stack(0x000000caa6400000,0x000000caa6500000) (1024K)] _threads_hazard_ptr=0x00000279d6ba9790
  0x00000279fdf4ca00 WatcherThread "VM Periodic Task Thread"        [id=57076, stack(0x000000caa6300000,0x000000caa6400000) (1024K)]
  0x00000279f468bb80 WorkerThread "GC Thread#0"                     [id=6008, stack(0x000000caa6200000,0x000000caa6300000) (1024K)]
  0x00000279ff83e2c0 WorkerThread "GC Thread#1"                     [id=65444, stack(0x000000caa6f00000,0x000000caa7000000) (1024K)]
  0x00000279ff83e670 WorkerThread "GC Thread#2"                     [id=71348, stack(0x000000caa7000000,0x000000caa7100000) (1024K)]
  0x00000279d064f6f0 WorkerThread "GC Thread#3"                     [id=40376, stack(0x000000caa7100000,0x000000caa7200000) (1024K)]
  0x00000279d064faa0 WorkerThread "GC Thread#4"                     [id=52052, stack(0x000000caa7200000,0x000000caa7300000) (1024K)]
  0x00000279d06492c0 WorkerThread "GC Thread#5"                     [id=73496, stack(0x000000caa7300000,0x000000caa7400000) (1024K)]
  0x00000279d0649e80 WorkerThread "GC Thread#6"                     [id=19592, stack(0x000000caa7400000,0x000000caa7500000) (1024K)]
  0x00000279d0c4fff0 WorkerThread "GC Thread#7"                     [id=64548, stack(0x000000caa7600000,0x000000caa7700000) (1024K)]
  0x00000279d526b1d0 WorkerThread "GC Thread#8"                     [id=24152, stack(0x000000caa7a00000,0x000000caa7b00000) (1024K)]
  0x00000279d526b990 WorkerThread "GC Thread#9"                     [id=61032, stack(0x000000caa7b00000,0x000000caa7c00000) (1024K)]
Total: 12

Threads with active compile tasks:
C2 CompilerThread0  593578 12722       4       java.util.regex.Pattern::compile (537 bytes)
C1 CompilerThread0  593578 12726   !   3       org.eclipse.core.internal.registry.ConfigurationElement::createExecutableExtension (419 bytes)
Total: 2

VM state: synchronizing (normal execution)

VM Mutex/Monitor currently owned by a thread:  ([mutex/lock_event])
[0x00007ffd66e8e560] Threads_lock - owner thread: 0x00000279f4710940

Heap address: 0x0000000080000000, size: 2048 MB, Compressed Oops mode: 32-bit

CDS archive(s) mapped at: [0x000002798f000000-0x000002798fba0000-0x000002798fba0000), size 12189696, SharedBaseAddress: 0x000002798f000000, ArchiveRelocationMode: 1.
Compressed class space mapped at: 0x0000027990000000-0x00000279d0000000, reserved size: 1073741824
Narrow klass base: 0x000002798f000000, Narrow klass shift: 0, Narrow klass range: 0x100000000

GC Precious Log:
 CardTable entry size: 512
 CPUs: 12 total, 12 available
 Memory: 6005M
 Large Page Support: Disabled
 NUMA Support: Disabled
 Compressed Oops: Enabled (32-bit)
 Alignments: Space 512K, Generation 512K, Heap 2M
 Heap Min Capacity: 100M
 Heap Initial Capacity: 100M
 Heap Max Capacity: 2G
 Pre-touch: Disabled
 Parallel Workers: 10

Heap:
 PSYoungGen      total 13824K, used 12265K [0x00000000d5580000, 0x00000000d6580000, 0x0000000100000000)
  eden space 13312K, 88% used [0x00000000d5580000,0x00000000d60fe208,0x00000000d6280000)
  from space 512K, 97% used [0x00000000d6480000,0x00000000d64fc5b0,0x00000000d6500000)
  to   space 512K, 0% used [0x00000000d6500000,0x00000000d6500000,0x00000000d6580000)
 ParOldGen       total 108544K, used 108035K [0x0000000080000000, 0x0000000086a00000, 0x00000000d5580000)
  object space 108544K, 99% used [0x0000000080000000,0x0000000086980f88,0x0000000086a00000)
 Metaspace       used 72338K, committed 73920K, reserved 1179648K
  class space    used 7675K, committed 8384K, reserved 1048576K

Card table byte_map: [0x00000279f93b0000,0x00000279f97c0000] _byte_map_base: 0x00000279f8fb0000

Marking Bits: (ParMarkBitMap*) 0x00007ffd66e93450
 Begin Bits: [0x00000279f9a70000, 0x00000279fba70000)
 End Bits:   [0x00000279fba70000, 0x00000279fda70000)

Polling page: 0x00000279f4730000

Metaspace:

Usage:
  Non-class:     63.15 MB used.
      Class:      7.50 MB used.
       Both:     70.64 MB used.

Virtual space:
  Non-class space:      128.00 MB reserved,      64.00 MB ( 50%) committed,  2 nodes.
      Class space:        1.00 GB reserved,       8.19 MB ( <1%) committed,  1 nodes.
             Both:        1.12 GB reserved,      72.19 MB (  6%) committed. 

Chunk freelists:
   Non-Class:  15.33 MB
       Class:  7.68 MB
        Both:  23.00 MB

MaxMetaspaceSize: unlimited
CompressedClassSpaceSize: 1.00 GB
Initial GC threshold: 21.00 MB
Current GC threshold: 97.31 MB
CDS: on
 - commit_granule_bytes: 65536.
 - commit_granule_words: 8192.
 - virtual_space_node_default_size: 8388608.
 - enlarge_chunks_in_place: 1.
 - use_allocation_guard: 0.


Internal statistics:

num_allocs_failed_limit: 9.
num_arena_births: 1310.
num_arena_deaths: 14.
num_vsnodes_births: 3.
num_vsnodes_deaths: 0.
num_space_committed: 1155.
num_space_uncommitted: 0.
num_chunks_returned_to_freelist: 23.
num_chunks_taken_from_freelist: 4604.
num_chunk_merges: 9.
num_chunk_splits: 2804.
num_chunks_enlarged: 1514.
num_inconsistent_stats: 0.

CodeHeap 'non-profiled nmethods': size=120000Kb used=5601Kb max_used=5601Kb free=114398Kb
 bounds [0x0000027987ad0000, 0x0000027988050000, 0x000002798f000000]
CodeHeap 'profiled nmethods': size=120000Kb used=25543Kb max_used=25543Kb free=94456Kb
 bounds [0x0000027980000000, 0x0000027981900000, 0x0000027987530000]
CodeHeap 'non-nmethods': size=5760Kb used=1494Kb max_used=1570Kb free=4265Kb
 bounds [0x0000027987530000, 0x00000279877a0000, 0x0000027987ad0000]
CodeCache: size=245760Kb, used=32638Kb, max_used=32714Kb, free=213119Kb
 total_blobs=12827, nmethods=12014, adapters=718, full_count=0
Compilation: enabled, stopped_count=0, restarted_count=0

Compilation events (20 events):
Event: 403.027 Thread 0x00000279f4728ca0 12608       4       org.eclipse.core.runtime.Path::<init> (161 bytes)
Event: 403.072 Thread 0x00000279f4728ca0 nmethod 12608 0x0000027988042290 code [0x00000279880425c0, 0x00000279880443f8]
Event: 403.072 Thread 0x00000279f4728ca0 12660       4       java.util.HashSet::<init> (18 bytes)
Event: 403.076 Thread 0x00000279f4728ca0 nmethod 12660 0x0000027988045790 code [0x0000027988045920, 0x0000027988045b80]
Event: 403.076 Thread 0x00000279f4728ca0 12645       4       org.eclipse.core.internal.preferences.EclipsePreferences::get (16 bytes)
Event: 403.077 Thread 0x00000279f4728ca0 nmethod 12645 0x0000027988045d90 code [0x0000027988045f20, 0x0000027988045fd8]
Event: 403.077 Thread 0x00000279f4728ca0 12641       4       org.eclipse.jdt.internal.compiler.impl.CompilerOptions::versionToJdkLevel (6 bytes)
Event: 403.094 Thread 0x00000279f4728ca0 nmethod 12641 0x0000027988046090 code [0x0000027988046340, 0x0000027988047040]
Event: 423.163 Thread 0x00000279f4728ca0 12719       4       java.lang.Thread::interrupted (7 bytes)
Event: 423.170 Thread 0x00000279f4728ca0 nmethod 12719 0x0000027988047a90 code [0x0000027988047c20, 0x0000027988047cd8]
Event: 476.804 Thread 0x00000279ff4cc2d0 12720       3       java.net.URI::needsNormalization (184 bytes)
Event: 476.804 Thread 0x00000279f4728ca0 12721       4       java.util.HashMap::getNode (150 bytes)
Event: 476.818 Thread 0x00000279ff4cc2d0 nmethod 12720 0x00000279818edf10 code [0x00000279818ee3a0, 0x00000279818f0b78]
Event: 476.819 Thread 0x00000279f4728ca0 nmethod 12721 0x0000027988047d90 code [0x0000027988047f40, 0x0000027988048228]
Event: 591.340 Thread 0x00000279f4728ca0 12722       4       java.util.regex.Pattern::compile (537 bytes)
Event: 591.395 Thread 0x00000279ff4cc2d0 12723       1       org.eclipse.core.internal.watson.ElementTree::getTreeData (5 bytes)
Event: 591.404 Thread 0x00000279ff4cc2d0 nmethod 12723 0x0000027988048410 code [0x00000279880485a0, 0x0000027988048668]
Event: 591.449 Thread 0x00000279ff4cc2d0 12724       3       org.eclipse.core.internal.jobs.InternalJob::internalGetState (9 bytes)
Event: 591.450 Thread 0x00000279ff4cc2d0 nmethod 12724 0x00000279818f1a90 code [0x00000279818f1c20, 0x00000279818f1d30]
Event: 591.540 Thread 0x00000279ff4cc2d0 12726   !   3       org.eclipse.core.internal.registry.ConfigurationElement::createExecutableExtension (419 bytes)

GC Heap History (20 events):
Event: 17.929 GC heap before
{Heap before GC invocations=121 (full 3):
 PSYoungGen      total 17920K, used 17564K [0x00000000d5580000, 0x00000000d6900000, 0x0000000100000000)
  eden space 15872K, 99% used [0x00000000d5580000,0x00000000d64fffe8,0x00000000d6500000)
  from space 2048K, 82% used [0x00000000d6500000,0x00000000d66a7078,0x00000000d6700000)
  to   space 2048K, 0% used [0x00000000d6700000,0x00000000d6700000,0x00000000d6900000)
 ParOldGen       total 95232K, used 95088K [0x0000000080000000, 0x0000000085d00000, 0x00000000d5580000)
  object space 95232K, 99% used [0x0000000080000000,0x0000000085cdc010,0x0000000085d00000)
 Metaspace       used 67101K, committed 68672K, reserved 1114112K
  class space    used 7198K, committed 7872K, reserved 1048576K
}
Event: 17.932 GC heap after
{Heap after GC invocations=121 (full 3):
 PSYoungGen      total 17408K, used 1152K [0x00000000d5580000, 0x00000000d6880000, 0x0000000100000000)
  eden space 15872K, 0% used [0x00000000d5580000,0x00000000d5580000,0x00000000d6500000)
  from space 1536K, 75% used [0x00000000d6700000,0x00000000d6820000,0x00000000d6880000)
  to   space 1536K, 0% used [0x00000000d6580000,0x00000000d6580000,0x00000000d6700000)
 ParOldGen       total 96256K, used 96090K [0x0000000080000000, 0x0000000085e00000, 0x00000000d5580000)
  object space 96256K, 99% used [0x0000000080000000,0x0000000085dd6828,0x0000000085e00000)
 Metaspace       used 67101K, committed 68672K, reserved 1114112K
  class space    used 7198K, committed 7872K, reserved 1048576K
}
Event: 18.222 GC heap before
{Heap before GC invocations=122 (full 3):
 PSYoungGen      total 17408K, used 17024K [0x00000000d5580000, 0x00000000d6880000, 0x0000000100000000)
  eden space 15872K, 100% used [0x00000000d5580000,0x00000000d6500000,0x00000000d6500000)
  from space 1536K, 75% used [0x00000000d6700000,0x00000000d6820000,0x00000000d6880000)
  to   space 1536K, 0% used [0x00000000d6580000,0x00000000d6580000,0x00000000d6700000)
 ParOldGen       total 96256K, used 96090K [0x0000000080000000, 0x0000000085e00000, 0x00000000d5580000)
  object space 96256K, 99% used [0x0000000080000000,0x0000000085dd6828,0x0000000085e00000)
 Metaspace       used 67939K, committed 69504K, reserved 1114112K
  class space    used 7286K, committed 7936K, reserved 1048576K
}
Event: 18.226 GC heap after
{Heap after GC invocations=122 (full 3):
 PSYoungGen      total 17408K, used 1526K [0x00000000d5580000, 0x00000000d6d00000, 0x0000000100000000)
  eden space 15872K, 0% used [0x00000000d5580000,0x00000000d5580000,0x00000000d6500000)
  from space 1536K, 99% used [0x00000000d6580000,0x00000000d66fd9b8,0x00000000d6700000)
  to   space 4096K, 0% used [0x00000000d6900000,0x00000000d6900000,0x00000000d6d00000)
 ParOldGen       total 98304K, used 98071K [0x0000000080000000, 0x0000000086000000, 0x00000000d5580000)
  object space 98304K, 99% used [0x0000000080000000,0x0000000085fc5cd8,0x0000000086000000)
 Metaspace       used 67939K, committed 69504K, reserved 1114112K
  class space    used 7286K, committed 7936K, reserved 1048576K
}
Event: 18.427 GC heap before
{Heap before GC invocations=123 (full 3):
 PSYoungGen      total 17408K, used 17397K [0x00000000d5580000, 0x00000000d6d00000, 0x0000000100000000)
  eden space 15872K, 99% used [0x00000000d5580000,0x00000000d64ffce0,0x00000000d6500000)
  from space 1536K, 99% used [0x00000000d6580000,0x00000000d66fd9b8,0x00000000d6700000)
  to   space 4096K, 0% used [0x00000000d6900000,0x00000000d6900000,0x00000000d6d00000)
 ParOldGen       total 98304K, used 98071K [0x0000000080000000, 0x0000000086000000, 0x00000000d5580000)
  object space 98304K, 99% used [0x0000000080000000,0x0000000085fc5cd8,0x0000000086000000)
 Metaspace       used 69409K, committed 71040K, reserved 1114112K
  class space    used 7429K, committed 8128K, reserved 1048576K
}
Event: 18.480 GC heap after
{Heap after GC invocations=123 (full 3):
 PSYoungGen      total 17920K, used 1536K [0x00000000d5580000, 0x00000000d6b00000, 0x0000000100000000)
  eden space 15872K, 0% used [0x00000000d5580000,0x00000000d5580000,0x00000000d6500000)
  from space 2048K, 75% used [0x00000000d6900000,0x00000000d6a80060,0x00000000d6b00000)
  to   space 2560K, 0% used [0x00000000d6600000,0x00000000d6600000,0x00000000d6880000)
 ParOldGen       total 99840K, used 99561K [0x0000000080000000, 0x0000000086180000, 0x00000000d5580000)
  object space 99840K, 99% used [0x0000000080000000,0x000000008613a638,0x0000000086180000)
 Metaspace       used 69409K, committed 71040K, reserved 1114112K
  class space    used 7429K, committed 8128K, reserved 1048576K
}
Event: 18.582 GC heap before
{Heap before GC invocations=124 (full 3):
 PSYoungGen      total 17920K, used 16060K [0x00000000d5580000, 0x00000000d6b00000, 0x0000000100000000)
  eden space 15872K, 91% used [0x00000000d5580000,0x00000000d63af0a8,0x00000000d6500000)
  from space 2048K, 75% used [0x00000000d6900000,0x00000000d6a80060,0x00000000d6b00000)
  to   space 2560K, 0% used [0x00000000d6600000,0x00000000d6600000,0x00000000d6880000)
 ParOldGen       total 99840K, used 99561K [0x0000000080000000, 0x0000000086180000, 0x00000000d5580000)
  object space 99840K, 99% used [0x0000000080000000,0x000000008613a638,0x0000000086180000)
 Metaspace       used 69913K, committed 71488K, reserved 1114112K
  class space    used 7460K, committed 8128K, reserved 1048576K
}
Event: 18.585 GC heap after
{Heap after GC invocations=124 (full 3):
 PSYoungGen      total 17408K, used 1341K [0x00000000d5580000, 0x00000000d6980000, 0x0000000100000000)
  eden space 15872K, 0% used [0x00000000d5580000,0x00000000d5580000,0x00000000d6500000)
  from space 1536K, 87% used [0x00000000d6600000,0x00000000d674f6d0,0x00000000d6780000)
  to   space 1536K, 0% used [0x00000000d6800000,0x00000000d6800000,0x00000000d6980000)
 ParOldGen       total 101376K, used 100914K [0x0000000080000000, 0x0000000086300000, 0x00000000d5580000)
  object space 101376K, 99% used [0x0000000080000000,0x000000008628cb68,0x0000000086300000)
 Metaspace       used 69913K, committed 71488K, reserved 1114112K
  class space    used 7460K, committed 8128K, reserved 1048576K
}
Event: 18.678 GC heap before
{Heap before GC invocations=125 (full 3):
 PSYoungGen      total 17408K, used 17200K [0x00000000d5580000, 0x00000000d6980000, 0x0000000100000000)
  eden space 15872K, 99% used [0x00000000d5580000,0x00000000d64fcb08,0x00000000d6500000)
  from space 1536K, 87% used [0x00000000d6600000,0x00000000d674f6d0,0x00000000d6780000)
  to   space 1536K, 0% used [0x00000000d6800000,0x00000000d6800000,0x00000000d6980000)
 ParOldGen       total 101376K, used 100914K [0x0000000080000000, 0x0000000086300000, 0x00000000d5580000)
  object space 101376K, 99% used [0x0000000080000000,0x000000008628cb68,0x0000000086300000)
 Metaspace       used 70373K, committed 72000K, reserved 1114112K
  class space    used 7488K, committed 8192K, reserved 1048576K
}
Event: 18.681 GC heap after
{Heap after GC invocations=125 (full 3):
 PSYoungGen      total 14848K, used 1506K [0x00000000d5580000, 0x00000000d7000000, 0x0000000100000000)
  eden space 13312K, 0% used [0x00000000d5580000,0x00000000d5580000,0x00000000d6280000)
  from space 1536K, 98% used [0x00000000d6800000,0x00000000d69789a8,0x00000000d6980000)
  to   space 5632K, 0% used [0x00000000d6280000,0x00000000d6280000,0x00000000d6800000)
 ParOldGen       total 104448K, used 104218K [0x0000000080000000, 0x0000000086600000, 0x00000000d5580000)
  object space 104448K, 99% used [0x0000000080000000,0x00000000865c6bc0,0x0000000086600000)
 Metaspace       used 70373K, committed 72000K, reserved 1114112K
  class space    used 7488K, committed 8192K, reserved 1048576K
}
Event: 18.801 GC heap before
{Heap before GC invocations=126 (full 3):
 PSYoungGen      total 14848K, used 14818K [0x00000000d5580000, 0x00000000d7000000, 0x0000000100000000)
  eden space 13312K, 100% used [0x00000000d5580000,0x00000000d6280000,0x00000000d6280000)
  from space 1536K, 98% used [0x00000000d6800000,0x00000000d69789a8,0x00000000d6980000)
  to   space 5632K, 0% used [0x00000000d6280000,0x00000000d6280000,0x00000000d6800000)
 ParOldGen       total 104448K, used 104218K [0x0000000080000000, 0x0000000086600000, 0x00000000d5580000)
  object space 104448K, 99% used [0x0000000080000000,0x00000000865c6bc0,0x0000000086600000)
 Metaspace       used 70845K, committed 72448K, reserved 1114112K
  class space    used 7522K, committed 8192K, reserved 1048576K
}
Event: 18.804 GC heap after
{Heap after GC invocations=126 (full 3):
 PSYoungGen      total 14848K, used 1457K [0x00000000d5580000, 0x00000000d6880000, 0x0000000100000000)
  eden space 13312K, 0% used [0x00000000d5580000,0x00000000d5580000,0x00000000d6280000)
  from space 1536K, 94% used [0x00000000d6280000,0x00000000d63ec6e8,0x00000000d6400000)
  to   space 3072K, 0% used [0x00000000d6580000,0x00000000d6580000,0x00000000d6880000)
 ParOldGen       total 105984K, used 105601K [0x0000000080000000, 0x0000000086780000, 0x00000000d5580000)
  object space 105984K, 99% used [0x0000000080000000,0x0000000086720478,0x0000000086780000)
 Metaspace       used 70845K, committed 72448K, reserved 1114112K
  class space    used 7522K, committed 8192K, reserved 1048576K
}
Event: 19.025 GC heap before
{Heap before GC invocations=127 (full 3):
 PSYoungGen      total 14848K, used 14762K [0x00000000d5580000, 0x00000000d6880000, 0x0000000100000000)
  eden space 13312K, 99% used [0x00000000d5580000,0x00000000d627e310,0x00000000d6280000)
  from space 1536K, 94% used [0x00000000d6280000,0x00000000d63ec6e8,0x00000000d6400000)
  to   space 3072K, 0% used [0x00000000d6580000,0x00000000d6580000,0x00000000d6880000)
 ParOldGen       total 105984K, used 105601K [0x0000000080000000, 0x0000000086780000, 0x00000000d5580000)
  object space 105984K, 99% used [0x0000000080000000,0x0000000086720478,0x0000000086780000)
 Metaspace       used 71430K, committed 73024K, reserved 1179648K
  class space    used 7586K, committed 8256K, reserved 1048576K
}
Event: 19.027 GC heap after
{Heap after GC invocations=127 (full 3):
 PSYoungGen      total 14336K, used 564K [0x00000000d5580000, 0x00000000d6680000, 0x0000000100000000)
  eden space 13312K, 0% used [0x00000000d5580000,0x00000000d5580000,0x00000000d6280000)
  from space 1024K, 55% used [0x00000000d6580000,0x00000000d660d200,0x00000000d6680000)
  to   space 1536K, 0% used [0x00000000d6380000,0x00000000d6380000,0x00000000d6500000)
 ParOldGen       total 107008K, used 106810K [0x0000000080000000, 0x0000000086880000, 0x00000000d5580000)
  object space 107008K, 99% used [0x0000000080000000,0x000000008684eb60,0x0000000086880000)
 Metaspace       used 71430K, committed 73024K, reserved 1179648K
  class space    used 7586K, committed 8256K, reserved 1048576K
}
Event: 19.102 GC heap before
{Heap before GC invocations=128 (full 3):
 PSYoungGen      total 14336K, used 13876K [0x00000000d5580000, 0x00000000d6680000, 0x0000000100000000)
  eden space 13312K, 99% used [0x00000000d5580000,0x00000000d627ffa8,0x00000000d6280000)
  from space 1024K, 55% used [0x00000000d6580000,0x00000000d660d200,0x00000000d6680000)
  to   space 1536K, 0% used [0x00000000d6380000,0x00000000d6380000,0x00000000d6500000)
 ParOldGen       total 107008K, used 106810K [0x0000000080000000, 0x0000000086880000, 0x00000000d5580000)
  object space 107008K, 99% used [0x0000000080000000,0x000000008684eb60,0x0000000086880000)
 Metaspace       used 71443K, committed 73024K, reserved 1179648K
  class space    used 7586K, committed 8256K, reserved 1048576K
}
Event: 19.103 GC heap after
{Heap after GC invocations=128 (full 3):
 PSYoungGen      total 14848K, used 372K [0x00000000d5580000, 0x00000000d6600000, 0x0000000100000000)
  eden space 13312K, 0% used [0x00000000d5580000,0x00000000d5580000,0x00000000d6280000)
  from space 1536K, 24% used [0x00000000d6380000,0x00000000d63dd220,0x00000000d6500000)
  to   space 1024K, 0% used [0x00000000d6500000,0x00000000d6500000,0x00000000d6600000)
 ParOldGen       total 107520K, used 107186K [0x0000000080000000, 0x0000000086900000, 0x00000000d5580000)
  object space 107520K, 99% used [0x0000000080000000,0x00000000868acb60,0x0000000086900000)
 Metaspace       used 71443K, committed 73024K, reserved 1179648K
  class space    used 7586K, committed 8256K, reserved 1048576K
}
Event: 19.918 GC heap before
{Heap before GC invocations=129 (full 3):
 PSYoungGen      total 14848K, used 13684K [0x00000000d5580000, 0x00000000d6600000, 0x0000000100000000)
  eden space 13312K, 100% used [0x00000000d5580000,0x00000000d6280000,0x00000000d6280000)
  from space 1536K, 24% used [0x00000000d6380000,0x00000000d63dd220,0x00000000d6500000)
  to   space 1024K, 0% used [0x00000000d6500000,0x00000000d6500000,0x00000000d6600000)
 ParOldGen       total 107520K, used 107186K [0x0000000080000000, 0x0000000086900000, 0x00000000d5580000)
  object space 107520K, 99% used [0x0000000080000000,0x00000000868acb60,0x0000000086900000)
 Metaspace       used 71819K, committed 73408K, reserved 1179648K
  class space    used 7618K, committed 8320K, reserved 1048576K
}
Event: 19.919 GC heap after
{Heap after GC invocations=129 (full 3):
 PSYoungGen      total 13824K, used 480K [0x00000000d5580000, 0x00000000d6580000, 0x0000000100000000)
  eden space 13312K, 0% used [0x00000000d5580000,0x00000000d5580000,0x00000000d6280000)
  from space 512K, 93% used [0x00000000d6500000,0x00000000d6578000,0x00000000d6580000)
  to   space 512K, 0% used [0x00000000d6480000,0x00000000d6480000,0x00000000d6500000)
 ParOldGen       total 107520K, used 107402K [0x0000000080000000, 0x0000000086900000, 0x00000000d5580000)
  object space 107520K, 99% used [0x0000000080000000,0x00000000868e2b80,0x0000000086900000)
 Metaspace       used 71819K, committed 73408K, reserved 1179648K
  class space    used 7618K, committed 8320K, reserved 1048576K
}
Event: 401.412 GC heap before
{Heap before GC invocations=130 (full 3):
 PSYoungGen      total 13824K, used 13791K [0x00000000d5580000, 0x00000000d6580000, 0x0000000100000000)
  eden space 13312K, 99% used [0x00000000d5580000,0x00000000d627ffe8,0x00000000d6280000)
  from space 512K, 93% used [0x00000000d6500000,0x00000000d6578000,0x00000000d6580000)
  to   space 512K, 0% used [0x00000000d6480000,0x00000000d6480000,0x00000000d6500000)
 ParOldGen       total 107520K, used 107402K [0x0000000080000000, 0x0000000086900000, 0x00000000d5580000)
  object space 107520K, 99% used [0x0000000080000000,0x00000000868e2b80,0x0000000086900000)
 Metaspace       used 72302K, committed 73920K, reserved 1179648K
  class space    used 7674K, committed 8384K, reserved 1048576K
}
Event: 401.502 GC heap after
{Heap after GC invocations=130 (full 3):
 PSYoungGen      total 13824K, used 497K [0x00000000d5580000, 0x00000000d6580000, 0x0000000100000000)
  eden space 13312K, 0% used [0x00000000d5580000,0x00000000d5580000,0x00000000d6280000)
  from space 512K, 97% used [0x00000000d6480000,0x00000000d64fc5b0,0x00000000d6500000)
  to   space 512K, 0% used [0x00000000d6500000,0x00000000d6500000,0x00000000d6580000)
 ParOldGen       total 108544K, used 108035K [0x0000000080000000, 0x0000000086a00000, 0x00000000d5580000)
  object space 108544K, 99% used [0x0000000080000000,0x0000000086980f88,0x0000000086a00000)
 Metaspace       used 72302K, committed 73920K, reserved 1179648K
  class space    used 7674K, committed 8384K, reserved 1048576K
}

Dll operation events (12 events):
Event: 0.018 Loaded shared library c:\Users\vitor\.vscode\extensions\redhat.java-1.53.0-win32-x64\jre\21.0.10-win32-x86_64\bin\java.dll
Event: 0.114 Loaded shared library c:\Users\vitor\.vscode\extensions\redhat.java-1.53.0-win32-x64\jre\21.0.10-win32-x86_64\bin\zip.dll
Event: 0.144 Loaded shared library C:\Users\vitor\.vscode\extensions\redhat.java-1.53.0-win32-x64\jre\21.0.10-win32-x86_64\bin\instrument.dll
Event: 0.153 Loaded shared library C:\Users\vitor\.vscode\extensions\redhat.java-1.53.0-win32-x64\jre\21.0.10-win32-x86_64\bin\net.dll
Event: 0.157 Loaded shared library C:\Users\vitor\.vscode\extensions\redhat.java-1.53.0-win32-x64\jre\21.0.10-win32-x86_64\bin\nio.dll
Event: 0.163 Loaded shared library C:\Users\vitor\.vscode\extensions\redhat.java-1.53.0-win32-x64\jre\21.0.10-win32-x86_64\bin\zip.dll
Event: 0.185 Loaded shared library C:\Users\vitor\.vscode\extensions\redhat.java-1.53.0-win32-x64\jre\21.0.10-win32-x86_64\bin\jimage.dll
Event: 0.287 Loaded shared library c:\Users\vitor\.vscode\extensions\redhat.java-1.53.0-win32-x64\jre\21.0.10-win32-x86_64\bin\verify.dll
Event: 2.058 Loaded shared library C:\Users\vitor\AppData\Roaming\Code\User\globalStorage\redhat.java\1.53.0\config_win\org.eclipse.equinox.launcher\org.eclipse.equinox.launcher.win32.win32.x86_64_1.3.0.v20260203-2149\eclipse_11919.dll
Event: 3.846 Loaded shared library C:\Users\vitor\AppData\Local\Temp\jna-112218564\jna13388393664945380788.dll
Event: 5.894 Loaded shared library C:\Users\vitor\.vscode\extensions\redhat.java-1.53.0-win32-x64\jre\21.0.10-win32-x86_64\bin\sunmscapi.dll
Event: 6.041 Loaded shared library C:\Users\vitor\.vscode\extensions\redhat.java-1.53.0-win32-x64\jre\21.0.10-win32-x86_64\bin\extnet.dll

Deoptimization events (20 events):
Event: 402.251 Thread 0x00000279d6fb68e0 Uncommon trap: trap_request=0xffffffc6 fr.pc=0x0000027987f4ba24 relative=0x000000000000ca44
Event: 402.251 Thread 0x00000279d6fb68e0 Uncommon trap: reason=bimorphic_or_optimized_type_check action=maybe_recompile pc=0x0000027987f4ba24 method=org.eclipse.jdt.internal.compiler.lookup.BinaryTypeBinding.createMethod(Lorg/eclipse/jdt/internal/compiler/env/IBinaryMethod;Lorg/eclipse/jdt/inter
Event: 402.252 Thread 0x00000279d6fb68e0 DEOPT PACKING pc=0x0000027987f4ba24 sp=0x000000caa9efd510
Event: 402.252 Thread 0x00000279d6fb68e0 DEOPT UNPACKING pc=0x0000027987583aa2 sp=0x000000caa9efd4f8 mode 2
Event: 402.254 Thread 0x00000279d6fb68e0 Uncommon trap: trap_request=0xffffffc6 fr.pc=0x0000027987f4ba24 relative=0x000000000000ca44
Event: 402.254 Thread 0x00000279d6fb68e0 Uncommon trap: reason=bimorphic_or_optimized_type_check action=maybe_recompile pc=0x0000027987f4ba24 method=org.eclipse.jdt.internal.compiler.lookup.BinaryTypeBinding.createMethod(Lorg/eclipse/jdt/internal/compiler/env/IBinaryMethod;Lorg/eclipse/jdt/inter
Event: 402.254 Thread 0x00000279d6fb68e0 DEOPT PACKING pc=0x0000027987f4ba24 sp=0x000000caa9efd510
Event: 402.254 Thread 0x00000279d6fb68e0 DEOPT UNPACKING pc=0x0000027987583aa2 sp=0x000000caa9efd4f8 mode 2
Event: 402.255 Thread 0x00000279d6fb68e0 Uncommon trap: trap_request=0xffffffc6 fr.pc=0x0000027987f4ba24 relative=0x000000000000ca44
Event: 402.255 Thread 0x00000279d6fb68e0 Uncommon trap: reason=bimorphic_or_optimized_type_check action=maybe_recompile pc=0x0000027987f4ba24 method=org.eclipse.jdt.internal.compiler.lookup.BinaryTypeBinding.createMethod(Lorg/eclipse/jdt/internal/compiler/env/IBinaryMethod;Lorg/eclipse/jdt/inter
Event: 402.255 Thread 0x00000279d6fb68e0 DEOPT PACKING pc=0x0000027987f4ba24 sp=0x000000caa9efd510
Event: 402.255 Thread 0x00000279d6fb68e0 DEOPT UNPACKING pc=0x0000027987583aa2 sp=0x000000caa9efd4f8 mode 2
Event: 402.296 Thread 0x00000279d6fb68e0 Uncommon trap: trap_request=0xffffffc6 fr.pc=0x0000027987f4cdb4 relative=0x000000000000ddd4
Event: 402.296 Thread 0x00000279d6fb68e0 Uncommon trap: reason=bimorphic_or_optimized_type_check action=maybe_recompile pc=0x0000027987f4cdb4 method=org.eclipse.jdt.internal.compiler.lookup.BinaryTypeBinding.createMethod(Lorg/eclipse/jdt/internal/compiler/env/IBinaryMethod;Lorg/eclipse/jdt/inter
Event: 402.296 Thread 0x00000279d6fb68e0 DEOPT PACKING pc=0x0000027987f4cdb4 sp=0x000000caa9efd510
Event: 402.296 Thread 0x00000279d6fb68e0 DEOPT UNPACKING pc=0x0000027987583aa2 sp=0x000000caa9efd4e0 mode 2
Event: 402.296 Thread 0x00000279d6fb68e0 Uncommon trap: trap_request=0xffffffc6 fr.pc=0x0000027987f4cdb4 relative=0x000000000000ddd4
Event: 402.296 Thread 0x00000279d6fb68e0 Uncommon trap: reason=bimorphic_or_optimized_type_check action=maybe_recompile pc=0x0000027987f4cdb4 method=org.eclipse.jdt.internal.compiler.lookup.BinaryTypeBinding.createMethod(Lorg/eclipse/jdt/internal/compiler/env/IBinaryMethod;Lorg/eclipse/jdt/inter
Event: 402.296 Thread 0x00000279d6fb68e0 DEOPT PACKING pc=0x0000027987f4cdb4 sp=0x000000caa9efd510
Event: 402.296 Thread 0x00000279d6fb68e0 DEOPT UNPACKING pc=0x0000027987583aa2 sp=0x000000caa9efd4e0 mode 2

Classes loaded (20 events):
Event: 19.700 Loading class java/util/AbstractList$SubList$1 done
Event: 19.924 Loading class java/util/stream/ReferencePipeline$4
Event: 19.925 Loading class java/util/stream/ReferencePipeline$4 done
Event: 19.926 Loading class java/util/stream/Nodes$IntFixedNodeBuilder
Event: 19.927 Loading class java/util/stream/Node$Builder$OfInt
Event: 19.927 Loading class java/util/stream/Node$Builder$OfInt done
Event: 19.927 Loading class java/util/stream/Nodes$IntArrayNode
Event: 19.927 Loading class java/util/stream/Nodes$IntArrayNode done
Event: 19.927 Loading class java/util/stream/Nodes$IntFixedNodeBuilder done
Event: 19.928 Loading class java/util/stream/ReferencePipeline$4$1
Event: 19.928 Loading class java/util/stream/ReferencePipeline$4$1 done
Event: 19.986 Loading class java/lang/StringLatin1$LinesSpliterator
Event: 19.986 Loading class java/lang/StringLatin1$LinesSpliterator done
Event: 32.705 Loading class sun/nio/cs/ISO_8859_1$Encoder
Event: 32.760 Loading class sun/nio/cs/ISO_8859_1$Encoder done
Event: 32.761 Loading class sun/nio/cs/Surrogate$Parser
Event: 32.771 Loading class sun/nio/cs/Surrogate$Parser done
Event: 32.771 Loading class sun/nio/cs/Surrogate
Event: 32.782 Loading class sun/nio/cs/Surrogate done
Event: 591.614 Loading class java/util/ImmutableCollections$SubList

Classes unloaded (7 events):
Event: 4.496 Thread 0x00000279f4710940 Unloading class 0x00000279901ad400 'java/lang/invoke/LambdaForm$MH+0x00000279901ad400'
Event: 4.496 Thread 0x00000279f4710940 Unloading class 0x00000279901ad000 'java/lang/invoke/LambdaForm$MH+0x00000279901ad000'
Event: 4.496 Thread 0x00000279f4710940 Unloading class 0x00000279901acc00 'java/lang/invoke/LambdaForm$MH+0x00000279901acc00'
Event: 4.496 Thread 0x00000279f4710940 Unloading class 0x00000279901ac800 'java/lang/invoke/LambdaForm$MH+0x00000279901ac800'
Event: 4.496 Thread 0x00000279f4710940 Unloading class 0x00000279901ac400 'java/lang/invoke/LambdaForm$BMH+0x00000279901ac400'
Event: 4.496 Thread 0x00000279f4710940 Unloading class 0x00000279901ac000 'java/lang/invoke/LambdaForm$DMH+0x00000279901ac000'
Event: 4.496 Thread 0x00000279f4710940 Unloading class 0x00000279901aac00 'java/lang/invoke/LambdaForm$DMH+0x00000279901aac00'

Classes redefined (0 events):
No events

Internal exceptions (20 events):
Event: 18.283 Thread 0x00000279d6fb1a20 Exception <a 'sun/nio/fs/WindowsException'{0x00000000d59d0f80}> (0x00000000d59d0f80) 
thrown [s\src\hotspot\share\prims\jni.cpp, line 520]
Event: 18.283 Thread 0x00000279d6fb1a20 Exception <a 'sun/nio/fs/WindowsException'{0x00000000d59d1698}> (0x00000000d59d1698) 
thrown [s\src\hotspot\share\prims\jni.cpp, line 520]
Event: 18.407 Thread 0x00000279d5890110 Implicit null exception at 0x0000027987cbc5cb to 0x0000027987cbc612
Event: 19.012 Thread 0x00000279d6fb5bc0 Exception <a 'sun/nio/fs/WindowsException'{0x00000000d60d5720}> (0x00000000d60d5720) 
thrown [s\src\hotspot\share\prims\jni.cpp, line 520]
Event: 19.012 Thread 0x00000279d6fb5bc0 Exception <a 'sun/nio/fs/WindowsException'{0x00000000d60d60e8}> (0x00000000d60d60e8) 
thrown [s\src\hotspot\share\prims\jni.cpp, line 520]
Event: 19.013 Thread 0x00000279d6fb5bc0 Exception <a 'sun/nio/fs/WindowsException'{0x00000000d60d7120}> (0x00000000d60d7120) 
thrown [s\src\hotspot\share\prims\jni.cpp, line 520]
Event: 19.013 Thread 0x00000279d6fb5bc0 Exception <a 'sun/nio/fs/WindowsException'{0x00000000d60d7ae8}> (0x00000000d60d7ae8) 
thrown [s\src\hotspot\share\prims\jni.cpp, line 520]
Event: 19.014 Thread 0x00000279d6fb5bc0 Exception <a 'sun/nio/fs/WindowsException'{0x00000000d60d9588}> (0x00000000d60d9588) 
thrown [s\src\hotspot\share\prims\jni.cpp, line 520]
Event: 19.014 Thread 0x00000279d6fb5bc0 Exception <a 'sun/nio/fs/WindowsException'{0x00000000d60d9f50}> (0x00000000d60d9f50) 
thrown [s\src\hotspot\share\prims\jni.cpp, line 520]
Event: 19.021 Thread 0x00000279d6fb5bc0 Exception <a 'sun/nio/fs/WindowsException'{0x00000000d6219590}> (0x00000000d6219590) 
thrown [s\src\hotspot\share\prims\jni.cpp, line 520]
Event: 19.021 Thread 0x00000279d6fb5bc0 Exception <a 'sun/nio/fs/WindowsException'{0x00000000d6219f58}> (0x00000000d6219f58) 
thrown [s\src\hotspot\share\prims\jni.cpp, line 520]
Event: 19.896 Thread 0x00000279d6fb1a20 Exception <a 'java/lang/NoSuchMethodError'{0x00000000d621e340}: 'java.lang.Object java.lang.invoke.DirectMethodHandle$Holder.invokeStatic(java.lang.Object, java.lang.Object, int, java.lang.Object)'> (0x00000000d621e340) 
thrown [s\src\hotspot\share\interpreter\linkResolver.cpp, line 773]
Event: 19.897 Thread 0x00000279d6fb1a20 Exception <a 'java/lang/NoSuchMethodError'{0x00000000d6224bd0}: 'java.lang.Object java.lang.invoke.DirectMethodHandle$Holder.newInvokeSpecial(java.lang.Object, java.lang.Object, int)'> (0x00000000d6224bd0) 
thrown [s\src\hotspot\share\interpreter\linkResolver.cpp, line 773]
Event: 19.987 Thread 0x00000279d6fb1a20 Exception <a 'java/lang/NoSuchMethodError'{0x00000000d573a0b0}: 'java.lang.Object java.lang.invoke.DirectMethodHandle$Holder.invokeStatic(java.lang.Object, int, java.lang.Object)'> (0x00000000d573a0b0) 
thrown [s\src\hotspot\share\interpreter\linkResolver.cpp, line 773]
Event: 22.964 Thread 0x00000279d6fb4810 Exception <a 'java/lang/IncompatibleClassChangeError'{0x00000000d57eeb30}: Found class java.lang.Object, but interface was expected> (0x00000000d57eeb30) 
thrown [s\src\hotspot\share\interpreter\linkResolver.cpp, line 840]
Event: 22.979 Thread 0x00000279d7dd2f40 Exception <a 'java/lang/NoSuchMethodError'{0x00000000d5843f90}: 'java.lang.Object java.lang.invoke.DirectMethodHandle$Holder.invokeSpecial(java.lang.Object, java.lang.Object, java.lang.Object, java.lang.Object, int, java.lang.Object, java.lang.Object)'> (0x00000000d5843f90) 
thrown [s\src\hotspot\share\interpreter\linkResolver.cpp, line 773]
Event: 23.274 Thread 0x00000279d6fb5530 Exception <a 'sun/nio/fs/WindowsException'{0x00000000d5a6b168}> (0x00000000d5a6b168) 
thrown [s\src\hotspot\share\prims\jni.cpp, line 520]
Event: 23.275 Thread 0x00000279d6fb5530 Exception <a 'sun/nio/fs/WindowsException'{0x00000000d5a6bae8}> (0x00000000d5a6bae8) 
thrown [s\src\hotspot\share\prims\jni.cpp, line 520]
Event: 23.277 Thread 0x00000279d6fb5530 Exception <a 'sun/nio/fs/WindowsException'{0x00000000d5a856e8}> (0x00000000d5a856e8) 
thrown [s\src\hotspot\share\prims\jni.cpp, line 520]
Event: 23.277 Thread 0x00000279d6fb5530 Exception <a 'sun/nio/fs/WindowsException'{0x00000000d5a86058}> (0x00000000d5a86058) 
thrown [s\src\hotspot\share\prims\jni.cpp, line 520]

ZGC Phase Switch (0 events):
No events

VM Operations (20 events):
Event: 401.502 Executing safepoint VM operation: ParallelGCFailedAllocation (Allocation Failure) done
Event: 402.507 Executing safepoint VM operation: Cleanup
Event: 402.507 Executing safepoint VM operation: Cleanup done
Event: 421.043 Executing non-safepoint VM operation: HandshakeAllThreads (HandshakeForDeflation)
Event: 421.043 Executing non-safepoint VM operation: HandshakeAllThreads (HandshakeForDeflation) done
Event: 421.044 Executing non-safepoint VM operation: RendezvousGCThreads
Event: 421.044 Executing non-safepoint VM operation: RendezvousGCThreads done
Event: 477.599 Executing safepoint VM operation: Cleanup
Event: 477.600 Executing safepoint VM operation: Cleanup done
Event: 480.889 Executing non-safepoint VM operation: HandshakeAllThreads (HandshakeForDeflation)
Event: 480.889 Executing non-safepoint VM operation: HandshakeAllThreads (HandshakeForDeflation) done
Event: 480.889 Executing non-safepoint VM operation: RendezvousGCThreads
Event: 480.889 Executing non-safepoint VM operation: RendezvousGCThreads done
Event: 541.066 Executing non-safepoint VM operation: HandshakeAllThreads (HandshakeForDeflation)
Event: 541.066 Executing non-safepoint VM operation: HandshakeAllThreads (HandshakeForDeflation) done
Event: 541.066 Executing non-safepoint VM operation: RendezvousGCThreads
Event: 541.066 Executing non-safepoint VM operation: RendezvousGCThreads done
Event: 591.525 Executing safepoint VM operation: Cleanup
Event: 591.525 Executing safepoint VM operation: Cleanup done
Event: 592.532 Executing safepoint VM operation: Cleanup

Memory protections (0 events):
No events

Nmethod flushes (20 events):
Event: 13.068 Thread 0x00000279f4710940 flushing osr nmethod 0x000002798086aa10
Event: 13.068 Thread 0x00000279f4710940 flushing  nmethod 0x0000027980873a90
Event: 13.068 Thread 0x00000279f4710940 flushing  nmethod 0x00000279808a5a90
Event: 13.068 Thread 0x00000279f4710940 flushing  nmethod 0x00000279808bb410
Event: 13.068 Thread 0x00000279f4710940 flushing  nmethod 0x00000279808bcf90
Event: 13.068 Thread 0x00000279f4710940 flushing  nmethod 0x00000279808c0190
Event: 13.068 Thread 0x00000279f4710940 flushing  nmethod 0x00000279808dbb90
Event: 13.068 Thread 0x00000279f4710940 flushing  nmethod 0x00000279808fbb90
Event: 13.068 Thread 0x00000279f4710940 flushing  nmethod 0x0000027980924d10
Event: 13.068 Thread 0x00000279f4710940 flushing  nmethod 0x0000027980929710
Event: 13.068 Thread 0x00000279f4710940 flushing  nmethod 0x000002798092c790
Event: 13.068 Thread 0x00000279f4710940 flushing  nmethod 0x000002798092d090
Event: 13.068 Thread 0x00000279f4710940 flushing  nmethod 0x0000027980931b90
Event: 13.068 Thread 0x00000279f4710940 flushing  nmethod 0x0000027980932490
Event: 13.068 Thread 0x00000279f4710940 flushing  nmethod 0x0000027980932b10
Event: 13.068 Thread 0x00000279f4710940 flushing  nmethod 0x0000027980933f90
Event: 13.068 Thread 0x00000279f4710940 flushing  nmethod 0x000002798093ba90
Event: 13.068 Thread 0x00000279f4710940 flushing  nmethod 0x000002798094c990
Event: 13.068 Thread 0x00000279f4710940 flushing  nmethod 0x0000027980953190
Event: 13.068 Thread 0x00000279f4710940 flushing  nmethod 0x000002798095dc90

Events (20 events):
Event: 17.898 Thread 0x00000279d7dd5d30 Thread exited: 0x00000279d7dd5d30
Event: 17.898 Thread 0x00000279d7dd5010 Thread exited: 0x00000279d7dd5010
Event: 17.898 Thread 0x00000279d7dd42f0 Thread exited: 0x00000279d7dd42f0
Event: 17.898 Thread 0x00000279d7dd70e0 Thread exited: 0x00000279d7dd70e0
Event: 18.708 Thread 0x00000279d7dd35d0 Thread added: 0x00000279d7dd63c0
Event: 22.802 Thread 0x00000279d6fb7600 Thread exited: 0x00000279d6fb7600
Event: 79.751 Thread 0x00000279d58914c0 Thread exited: 0x00000279d58914c0
Event: 80.023 Thread 0x00000279d6fb1a20 Thread exited: 0x00000279d6fb1a20
Event: 83.014 Thread 0x00000279d0cc2940 Thread exited: 0x00000279d0cc2940
Event: 83.288 Thread 0x00000279d0cc22b0 Thread exited: 0x00000279d0cc22b0
Event: 86.957 Thread 0x00000279d7dd2f40 Thread exited: 0x00000279d7dd2f40
Event: 146.974 Thread 0x00000279d6fb5bc0 Thread exited: 0x00000279d6fb5bc0
Event: 206.988 Thread 0x00000279d7dd35d0 Thread exited: 0x00000279d7dd35d0
Event: 267.000 Thread 0x00000279d7dd28b0 Thread exited: 0x00000279d7dd28b0
Event: 327.011 Thread 0x00000279d7dd1500 Thread exited: 0x00000279d7dd1500
Event: 363.996 Thread 0x00000279d5890110 Thread exited: 0x00000279d5890110
Event: 387.017 Thread 0x00000279d7dd2220 Thread exited: 0x00000279d7dd2220
Event: 462.393 Thread 0x00000279d6fb68e0 Thread exited: 0x00000279d6fb68e0
Event: 522.397 Thread 0x00000279d7dd0e70 Thread exited: 0x00000279d7dd0e70
Event: 582.402 Thread 0x00000279d7dd07e0 Thread exited: 0x00000279d7dd07e0


Dynamic libraries:
0x00007ff7d2cc0000 - 0x00007ff7d2cce000 	c:\Users\vitor\.vscode\extensions\redhat.java-1.53.0-win32-x64\jre\21.0.10-win32-x86_64\bin\java.exe
0x00007ffe16ea0000 - 0x00007ffe17107000 	C:\WINDOWS\SYSTEM32\ntdll.dll
0x00007ffe15940000 - 0x00007ffe15a09000 	C:\WINDOWS\System32\KERNEL32.DLL
0x00007ffe144b0000 - 0x00007ffe148a1000 	C:\WINDOWS\System32\KERNELBASE.dll
0x00007ffe137b0000 - 0x00007ffe138fb000 	C:\WINDOWS\System32\ucrtbase.dll
0x00007ffd99e40000 - 0x00007ffd99e5e000 	c:\Users\vitor\.vscode\extensions\redhat.java-1.53.0-win32-x64\jre\21.0.10-win32-x86_64\bin\VCRUNTIME140.dll
0x00007ffd9deb0000 - 0x00007ffd9dec8000 	c:\Users\vitor\.vscode\extensions\redhat.java-1.53.0-win32-x64\jre\21.0.10-win32-x86_64\bin\jli.dll
0x00007ffe151f0000 - 0x00007ffe153b5000 	C:\WINDOWS\System32\USER32.dll
0x00007ffe13780000 - 0x00007ffe137a7000 	C:\WINDOWS\System32\win32u.dll
0x00007ffe12980000 - 0x00007ffe12c13000 	C:\WINDOWS\WinSxS\amd64_microsoft.windows.common-controls_6595b64144ccf1df_6.0.26100.8037_none_3e092faae333b53b\COMCTL32.dll
0x00007ffe14f50000 - 0x00007ffe14f7b000 	C:\WINDOWS\System32\GDI32.dll
0x00007ffe15bb0000 - 0x00007ffe15c59000 	C:\WINDOWS\System32\msvcrt.dll
0x00007ffe13a80000 - 0x00007ffe13bab000 	C:\WINDOWS\System32\gdi32full.dll
0x00007ffe14ad0000 - 0x00007ffe14b73000 	C:\WINDOWS\System32\msvcp_win.dll
0x00007ffe15750000 - 0x00007ffe15781000 	C:\WINDOWS\System32\IMM32.DLL
0x00007ffde14b0000 - 0x00007ffde14bc000 	c:\Users\vitor\.vscode\extensions\redhat.java-1.53.0-win32-x64\jre\21.0.10-win32-x86_64\bin\vcruntime140_1.dll
0x00007ffd8c240000 - 0x00007ffd8c2cd000 	c:\Users\vitor\.vscode\extensions\redhat.java-1.53.0-win32-x64\jre\21.0.10-win32-x86_64\bin\msvcp140.dll
0x00007ffd661d0000 - 0x00007ffd66f71000 	c:\Users\vitor\.vscode\extensions\redhat.java-1.53.0-win32-x64\jre\21.0.10-win32-x86_64\bin\server\jvm.dll
0x00007ffe16da0000 - 0x00007ffe16e5b000 	C:\WINDOWS\System32\ADVAPI32.dll
0x00007ffe14de0000 - 0x00007ffe14e87000 	C:\WINDOWS\System32\sechost.dll
0x00007ffe16a20000 - 0x00007ffe16b38000 	C:\WINDOWS\System32\RPCRT4.dll
0x00007ffe157a0000 - 0x00007ffe15814000 	C:\WINDOWS\System32\WS2_32.dll
0x00007ffe0ab30000 - 0x00007ffe0ab3b000 	C:\WINDOWS\SYSTEM32\VERSION.dll
0x00007ffe0aad0000 - 0x00007ffe0ab05000 	C:\WINDOWS\SYSTEM32\WINMM.dll
0x00007ffe135e0000 - 0x00007ffe1363e000 	C:\WINDOWS\SYSTEM32\POWRPROF.dll
0x00007ffe135c0000 - 0x00007ffe135d4000 	C:\WINDOWS\SYSTEM32\UMPDC.dll
0x00007ffe11be0000 - 0x00007ffe11bfb000 	C:\WINDOWS\SYSTEM32\kernel.appcore.dll
0x00007ffddfe40000 - 0x00007ffddfe4a000 	c:\Users\vitor\.vscode\extensions\redhat.java-1.53.0-win32-x64\jre\21.0.10-win32-x86_64\bin\jimage.dll
0x00007ffe12f50000 - 0x00007ffe13192000 	C:\WINDOWS\SYSTEM32\DBGHELP.DLL
0x00007ffe153c0000 - 0x00007ffe15742000 	C:\WINDOWS\System32\combase.dll
0x00007ffe16100000 - 0x00007ffe161d7000 	C:\WINDOWS\System32\OLEAUT32.dll
0x00007ffe12e20000 - 0x00007ffe12e5b000 	C:\WINDOWS\SYSTEM32\dbgcore.DLL
0x00007ffe14a20000 - 0x00007ffe14ac5000 	C:\WINDOWS\System32\bcryptPrimitives.dll
0x00007ffddf290000 - 0x00007ffddf29f000 	c:\Users\vitor\.vscode\extensions\redhat.java-1.53.0-win32-x64\jre\21.0.10-win32-x86_64\bin\instrument.dll
0x00007ffd98e10000 - 0x00007ffd98e30000 	c:\Users\vitor\.vscode\extensions\redhat.java-1.53.0-win32-x64\jre\21.0.10-win32-x86_64\bin\java.dll
0x00007ffe161e0000 - 0x00007ffe1693f000 	C:\WINDOWS\System32\SHELL32.dll
0x00007ffe148b0000 - 0x00007ffe14a1a000 	C:\WINDOWS\System32\wintypes.dll
0x00007ffe13bb0000 - 0x00007ffe14414000 	C:\WINDOWS\System32\windows.storage.dll
0x00007ffe16ba0000 - 0x00007ffe16c97000 	C:\WINDOWS\System32\SHCORE.dll
0x00007ffe158d0000 - 0x00007ffe15937000 	C:\WINDOWS\System32\shlwapi.dll
0x00007ffe136a0000 - 0x00007ffe136c9000 	C:\WINDOWS\SYSTEM32\profapi.dll
0x00007ffd97ab0000 - 0x00007ffd97ac8000 	c:\Users\vitor\.vscode\extensions\redhat.java-1.53.0-win32-x64\jre\21.0.10-win32-x86_64\bin\zip.dll
0x00007ffdde9c0000 - 0x00007ffdde9d0000 	C:\Users\vitor\.vscode\extensions\redhat.java-1.53.0-win32-x64\jre\21.0.10-win32-x86_64\bin\net.dll
0x00007ffe0c2f0000 - 0x00007ffe0c417000 	C:\WINDOWS\SYSTEM32\WINHTTP.dll
0x00007ffe12110000 - 0x00007ffe1217b000 	C:\WINDOWS\system32\mswsock.dll
0x00007ffd97230000 - 0x00007ffd97246000 	C:\Users\vitor\.vscode\extensions\redhat.java-1.53.0-win32-x64\jre\21.0.10-win32-x86_64\bin\nio.dll
0x00007ffddb520000 - 0x00007ffddb530000 	c:\Users\vitor\.vscode\extensions\redhat.java-1.53.0-win32-x64\jre\21.0.10-win32-x86_64\bin\verify.dll
0x00007ffd8fcc0000 - 0x00007ffd8fd05000 	C:\Users\vitor\AppData\Roaming\Code\User\globalStorage\redhat.java\1.53.0\config_win\org.eclipse.equinox.launcher\org.eclipse.equinox.launcher.win32.win32.x86_64_1.3.0.v20260203-2149\eclipse_11919.dll
0x00007ffe15a10000 - 0x00007ffe15ba5000 	C:\WINDOWS\System32\ole32.dll
0x00007ffe132a0000 - 0x00007ffe132bb000 	C:\WINDOWS\SYSTEM32\CRYPTSP.dll
0x00007ffe12250000 - 0x00007ffe12289000 	C:\WINDOWS\system32\rsaenh.dll
0x00007ffe12180000 - 0x00007ffe121b2000 	C:\WINDOWS\SYSTEM32\USERENV.dll
0x00007ffe13670000 - 0x00007ffe1369a000 	C:\WINDOWS\SYSTEM32\bcrypt.dll
0x00007ffe12430000 - 0x00007ffe1243c000 	C:\WINDOWS\SYSTEM32\CRYPTBASE.dll
0x00007ffe11520000 - 0x00007ffe11553000 	C:\WINDOWS\SYSTEM32\IPHLPAPI.DLL
0x00007ffe160f0000 - 0x00007ffe160fa000 	C:\WINDOWS\System32\NSI.dll
0x00007ffd8f3c0000 - 0x00007ffd8f409000 	C:\Users\vitor\AppData\Local\Temp\jna-112218564\jna13388393664945380788.dll
0x00007ffe14dd0000 - 0x00007ffe14dd8000 	C:\WINDOWS\System32\PSAPI.DLL
0x00007ffe0c2d0000 - 0x00007ffe0c2ed000 	C:\WINDOWS\SYSTEM32\dhcpcsvc6.DLL
0x00007ffe0c1d0000 - 0x00007ffe0c1f3000 	C:\WINDOWS\SYSTEM32\dhcpcsvc.DLL
0x00007ffdd9790000 - 0x00007ffdd979e000 	C:\Users\vitor\.vscode\extensions\redhat.java-1.53.0-win32-x64\jre\21.0.10-win32-x86_64\bin\sunmscapi.dll
0x00007ffe13900000 - 0x00007ffe13a77000 	C:\WINDOWS\System32\CRYPT32.dll
0x00007ffe12780000 - 0x00007ffe127b0000 	C:\WINDOWS\SYSTEM32\ncrypt.dll
0x00007ffe12730000 - 0x00007ffe1276f000 	C:\WINDOWS\SYSTEM32\NTASN1.dll
0x00007ffe11670000 - 0x00007ffe1179a000 	C:\WINDOWS\SYSTEM32\DNSAPI.dll
0x00007ffe05d30000 - 0x00007ffe05d3b000 	C:\Windows\System32\rasadhlp.dll
0x00007ffe0b030000 - 0x00007ffe0b0b6000 	C:\WINDOWS\System32\fwpuclnt.dll
0x00007ffdd91d0000 - 0x00007ffdd91d9000 	C:\Users\vitor\.vscode\extensions\redhat.java-1.53.0-win32-x64\jre\21.0.10-win32-x86_64\bin\extnet.dll

JVMTI agents:
c:\Users\vitor\.vscode\extensions\redhat.java-1.53.0-win32-x64\lombok\lombok-1.18.39-4050.jar path:c:\Users\vitor\.vscode\extensions\redhat.java-1.53.0-win32-x64\jre\21.0.10-win32-x86_64\bin\instrument.dll, loaded, initialized, instrumentlib options:none

dbghelp: loaded successfully - version: 4.0.5 - missing functions: none
symbol engine: initialized successfully - sym options: 0x614 - pdb path: .;c:\Users\vitor\.vscode\extensions\redhat.java-1.53.0-win32-x64\jre\21.0.10-win32-x86_64\bin;C:\WINDOWS\SYSTEM32;C:\WINDOWS\WinSxS\amd64_microsoft.windows.common-controls_6595b64144ccf1df_6.0.26100.8037_none_3e092faae333b53b;c:\Users\vitor\.vscode\extensions\redhat.java-1.53.0-win32-x64\jre\21.0.10-win32-x86_64\bin\server;C:\Users\vitor\AppData\Roaming\Code\User\globalStorage\redhat.java\1.53.0\config_win\org.eclipse.equinox.launcher\org.eclipse.equinox.launcher.win32.win32.x86_64_1.3.0.v20260203-2149;C:\Users\vitor\AppData\Local\Temp\jna-112218564

VM Arguments:
jvm_args: --add-modules=ALL-SYSTEM --add-opens=java.base/java.util=ALL-UNNAMED --add-opens=java.base/java.lang=ALL-UNNAMED --add-opens=java.base/sun.nio.fs=ALL-UNNAMED -Declipse.application=org.eclipse.jdt.ls.core.id1 -Dosgi.bundles.defaultStartLevel=4 -Declipse.product=org.eclipse.jdt.ls.core.product -Djava.import.generatesMetadataFilesAtProjectRoot=false -DDetectVMInstallationsJob.disabled=true -Dfile.encoding=utf8 -XX:+UseParallelGC -XX:GCTimeRatio=4 -XX:AdaptiveSizePolicyWeight=90 -Dsun.zip.disableMemoryMapping=true -Xmx2G -Xms100m -Xlog:disable -javaagent:c:\Users\vitor\.vscode\extensions\redhat.java-1.53.0-win32-x64\lombok\lombok-1.18.39-4050.jar -XX:+HeapDumpOnOutOfMemoryError -XX:HeapDumpPath=c:\Users\vitor\AppData\Roaming\Code\User\workspaceStorage\6831597da1bb03031f8b5526a28d0cb8\redhat.java -Daether.dependencyCollector.impl=bf 
java_command: c:\Users\vitor\.vscode\extensions\redhat.java-1.53.0-win32-x64\server\plugins\org.eclipse.equinox.launcher_1.7.100.v20251111-0406.jar -configuration c:\Users\vitor\AppData\Roaming\Code\User\globalStorage\redhat.java\1.53.0\config_win -data c:\Users\vitor\AppData\Roaming\Code\User\workspaceStorage\6831597da1bb03031f8b5526a28d0cb8\redhat.java\jdt_ws --pipe=\\.\pipe\lsp-a3f72ebe59e7758731c40a71e999eefb-sock
java_class_path (initial): c:\Users\vitor\.vscode\extensions\redhat.java-1.53.0-win32-x64\server\plugins\org.eclipse.equinox.launcher_1.7.100.v20251111-0406.jar
Launcher Type: SUN_STANDARD

[Global flags]
    uintx AdaptiveSizePolicyWeight                 = 90                                        {product} {command line}
     intx CICompilerCount                          = 4                                         {product} {ergonomic}
    uintx GCTimeRatio                              = 4                                         {product} {command line}
     bool HeapDumpOnOutOfMemoryError               = true                                   {manageable} {command line}
    ccstr HeapDumpPath                             = c:\Users\vitor\AppData\Roaming\Code\User\workspaceStorage\6831597da1bb03031f8b5526a28d0cb8\redhat.java         {manageable} {command line}
   size_t InitialHeapSize                          = 104857600                                 {product} {command line}
   size_t MaxHeapSize                              = 2147483648                                {product} {command line}
   size_t MaxNewSize                               = 715653120                                 {product} {ergonomic}
   size_t MinHeapDeltaBytes                        = 524288                                    {product} {ergonomic}
   size_t MinHeapSize                              = 104857600                                 {product} {command line}
   size_t NewSize                                  = 34603008                                  {product} {ergonomic}
    uintx NonNMethodCodeHeapSize                   = 5839372                                {pd product} {ergonomic}
    uintx NonProfiledCodeHeapSize                  = 122909434                              {pd product} {ergonomic}
   size_t OldSize                                  = 70254592                                  {product} {ergonomic}
    uintx ProfiledCodeHeapSize                     = 122909434                              {pd product} {ergonomic}
    uintx ReservedCodeCacheSize                    = 251658240                              {pd product} {ergonomic}
     bool SegmentedCodeCache                       = true                                      {product} {ergonomic}
   size_t SoftMaxHeapSize                          = 2147483648                             {manageable} {ergonomic}
     bool UseCompressedOops                        = true                           {product lp64_product} {ergonomic}
     bool UseLargePagesIndividualAllocation        = false                                  {pd product} {ergonomic}
     bool UseParallelGC                            = true                                      {product} {command line}

Logging:
Log output configuration:
 #0: stdout all=off uptime,level,tags foldmultilines=false
 #1: stderr all=off uptime,level,tags foldmultilines=false

Release file:
JAVA_VERSION="21.0.10" 
MODULES="java.base java.compiler java.datatransfer java.xml java.prefs java.desktop java.instrument java.logging java.management java.security.sasl java.naming java.rmi java.management.rmi java.net.http java.scripting java.security.jgss java.transaction.xa java.sql java.sql.rowset java.xml.crypto java.se java.smartcardio jdk.accessibility jdk.internal.jvmstat jdk.attach jdk.charsets jdk.internal.opt jdk.zipfs jdk.compiler jdk.crypto.ec jdk.crypto.cryptoki jdk.crypto.mscapi jdk.dynalink jdk.internal.ed jdk.editpad jdk.hotspot.agent jdk.httpserver jdk.internal.le jdk.internal.vm.ci jdk.internal.vm.compiler jdk.internal.vm.compiler.management jdk.jartool jdk.javadoc jdk.jcmd jdk.management jdk.management.agent jdk.jconsole jdk.jdeps jdk.jdwp.agent jdk.jdi jdk.jfr jdk.jshell jdk.jsobject jdk.jstatd jdk.localedata jdk.management.jfr jdk.naming.dns jdk.naming.rmi jdk.net jdk.nio.mapmode jdk.random jdk.sctp jdk.security.auth jdk.security.jgss jdk.unsupported jdk.unsupported.desktop jdk.xml.dom" 

Environment Variables:
JAVA_HOME=C:\Program Files\Eclipse Adoptium\jdk-21.0.9.10-hotspot\
PATH=C:\Users\vitor\AppData\Local\Programs\Microsoft VS Code;C:\Program Files\Eclipse Adoptium\jdk-21.0.9.10-hotspot\bin;C:\Program Files\Java\zulu17.56.15-ca-jdk17.0.14-win_x64\bin;C:\WINDOWS\system32;C:\WINDOWS;C:\WINDOWS\System32\Wbem;C:\WINDOWS\System32\WindowsPowerShell\v1.0\;C:\WINDOWS\System32\OpenSSH\;C:\xampp\php;C:\ProgramData\ComposerSetup\bin;C:\Program Files\Git\cmd;C:\Program Files\dotnet\;C:\Maven\apache-maven-3.9.9\bin;C:\MinGW\bin;C:\Users\vitor\AppData\Local\nvm;C:\nvm4w\nodejs;C:\Program Files\Docker\Docker\resources\bin;C:\Program Files\MySQL\MySQL Shell 8.0\bin\;C:\Users\vitor\AppData\Local\Programs\Python\Python313\Scripts\;C:\Users\vitor\AppData\Local\Programs\Python\Python313\;C:\Users\vitor\AppData\Local\Programs\Python\Launcher\;C:\Users\vitor\AppData\Local\Microsoft\WindowsApps;C:\Users\vitor\AppData\Local\Programs\Microsoft VS Code\bin;C:\Users\vitor\AppData\Roaming\Composer\vendor\bin;C:\Users\vitor\AppData\Roaming\npm;C:\Users\vitor\AppData\Local\nvm;C:\nvm4w\nodejs
USERNAME=vitor
OS=Windows_NT
PROCESSOR_IDENTIFIER=AMD64 Family 23 Model 104 Stepping 1, AuthenticAMD
TMP=C:\Users\vitor\AppData\Local\Temp
TEMP=C:\Users\vitor\AppData\Local\Temp




Periodic native trim disabled

---------------  S Y S T E M  ---------------

OS:
 Windows 11 , 64 bit Build 26100 (10.0.26100.7920)
OS uptime: 14 days 0:12 hours
Hyper-V role detected

CPU: total 12 (initial active 12) (12 cores per cpu, 2 threads per core) family 23 model 104 stepping 1 microcode 0x8608103, cx8, cmov, fxsr, ht, mmx, 3dnowpref, sse, sse2, sse3, ssse3, sse4a, sse4.1, sse4.2, popcnt, lzcnt, tsc, tscinvbit, avx, avx2, aes, clmul, bmi1, bmi2, adx, sha, fma, vzeroupper, clflush, clflushopt, hv, rdtscp, rdpid, f16c
Processor Information for processor 0
  Max Mhz: 2100, Current Mhz: 2100, Mhz Limit: 2100
Processor Information for processor 1
  Max Mhz: 2100, Current Mhz: 2100, Mhz Limit: 2100
Processor Information for processor 2
  Max Mhz: 2100, Current Mhz: 2100, Mhz Limit: 2100
Processor Information for processor 3
  Max Mhz: 2100, Current Mhz: 1813, Mhz Limit: 2100
Processor Information for processor 4
  Max Mhz: 2100, Current Mhz: 2100, Mhz Limit: 2100
Processor Information for processor 5
  Max Mhz: 2100, Current Mhz: 2100, Mhz Limit: 2100
Processor Information for processor 6
  Max Mhz: 2100, Current Mhz: 2100, Mhz Limit: 2100
Processor Information for processor 7
  Max Mhz: 2100, Current Mhz: 2100, Mhz Limit: 2100
Processor Information for processor 8
  Max Mhz: 2100, Current Mhz: 2100, Mhz Limit: 2100
Processor Information for processor 9
  Max Mhz: 2100, Current Mhz: 2100, Mhz Limit: 2100
Processor Information for processor 10
  Max Mhz: 2100, Current Mhz: 2100, Mhz Limit: 2100
Processor Information for processor 11
  Max Mhz: 2100, Current Mhz: 1813, Mhz Limit: 2100

Memory: 4k page, system-wide physical 6005M (471M free)
TotalPageFile size 24437M (AvailPageFile size 221M)
current process WorkingSet (physical memory assigned to process): 35M, peak: 313M
current process commit charge ("private bytes"): 400M, peak: 436M

vm_info: OpenJDK 64-Bit Server VM (21.0.10+7-LTS) for windows-amd64 JRE (21.0.10+7-LTS), built on 2026-01-20T00:00:00Z by "admin" with MS VC++ 17.12 (VS2022)

END.
