#
# There is insufficient memory for the Java Runtime Environment to continue.
# Native memory allocation (malloc) failed to allocate 265456 bytes. Error detail: Chunk::new
# Possible reasons:
#   The system is out of physical RAM or swap space
#   This process is running with CompressedOops enabled, and the Java Heap may be blocking the growth of the native heap
# Possible solutions:
#   Reduce memory load on the system
#   Increase physical memory or swap space
#   Check if swap backing store is full
#   Decrease Java heap size (-Xmx/-Xms)
#   Decrease number of Java threads
#   Decrease Java thread stack sizes (-Xss)
#   Set larger code cache with -XX:ReservedCodeCacheSize=
#   JVM is running with Unscaled Compressed Oops mode in which the Java heap is
#     placed in the first 4GB address space. The Java Heap base address is the
#     maximum limit for the native heap growth. Please use -XX:HeapBaseMinAddress
#     to set the Java Heap base and to place the Java Heap above 4GB virtual address.
# This output file may be truncated or incomplete.
#
#  Out of Memory Error (arena.cpp:168), pid=64592, tid=31088
#
# JRE version: OpenJDK Runtime Environment Temurin-21.0.10+7 (21.0.10+7) (build 21.0.10+7-LTS)
# Java VM: OpenJDK 64-Bit Server VM Temurin-21.0.10+7 (21.0.10+7-LTS, mixed mode, sharing, tiered, compressed oops, compressed class ptrs, parallel gc, windows-amd64)
# No core dump will be written. Minidumps are not enabled by default on client versions of Windows
#

---------------  S U M M A R Y ------------

Command Line: --add-modules=ALL-SYSTEM --add-opens=java.base/java.util=ALL-UNNAMED --add-opens=java.base/java.lang=ALL-UNNAMED --add-opens=java.base/sun.nio.fs=ALL-UNNAMED -Declipse.application=org.eclipse.jdt.ls.core.id1 -Dosgi.bundles.defaultStartLevel=4 -Declipse.product=org.eclipse.jdt.ls.core.product -Djava.import.generatesMetadataFilesAtProjectRoot=false -DDetectVMInstallationsJob.disabled=true -Dfile.encoding=utf8 -XX:+UseParallelGC -XX:GCTimeRatio=4 -XX:AdaptiveSizePolicyWeight=90 -Dsun.zip.disableMemoryMapping=true -Xmx2G -Xms100m -Xlog:disable -javaagent:c:\Users\vitor\.vscode\extensions\redhat.java-1.53.0-win32-x64\lombok\lombok-1.18.39-4050.jar -XX:+HeapDumpOnOutOfMemoryError -XX:HeapDumpPath=c:\Users\vitor\AppData\Roaming\Code\User\workspaceStorage\6831597da1bb03031f8b5526a28d0cb8\redhat.java -Daether.dependencyCollector.impl=bf c:\Users\vitor\.vscode\extensions\redhat.java-1.53.0-win32-x64\server\plugins\org.eclipse.equinox.launcher_1.7.100.v20251111-0406.jar -configuration c:\Users\vitor\AppData\Roaming\Code\User\globalStorage\redhat.java\1.53.0\config_win -data c:\Users\vitor\AppData\Roaming\Code\User\workspaceStorage\6831597da1bb03031f8b5526a28d0cb8\redhat.java\jdt_ws --pipe=\\.\pipe\lsp-6027a2756133ce4ba1d0ed30eceb7efa-sock

Host: AMD Ryzen 5 5500U with Radeon Graphics         , 12 cores, 5G,  Windows 11 , 64 bit Build 26100 (10.0.26100.7920)
Time: Mon Apr  6 14:19:51 2026 Hora oficial do Brasil elapsed time: 8.906760 seconds (0d 0h 0m 8s)

---------------  T H R E A D  ---------------

Current thread (0x000001d4e2ac3960):  JavaThread "C2 CompilerThread0" daemon [_thread_in_native, id=31088, stack(0x000000794ef00000,0x000000794f000000) (1024K)]


Current CompileTask:
C2:8907 2845 %     4       java.util.Properties$LineReader::readLine @ 53 (584 bytes)

Stack: [0x000000794ef00000,0x000000794f000000]
Native frames: (J=compiled Java code, j=interpreted, Vv=VM code, C=native code)
V  [jvm.dll+0x6d7a39]
V  [jvm.dll+0x8b4b26]
V  [jvm.dll+0x8b70de]
V  [jvm.dll+0x8b77c3]
V  [jvm.dll+0x284346]
V  [jvm.dll+0xc66ed]
V  [jvm.dll+0xc6c31]
V  [jvm.dll+0x3bec01]
V  [jvm.dll+0x38b162]
V  [jvm.dll+0x38a5aa]
V  [jvm.dll+0x24c560]
V  [jvm.dll+0x24bb40]
V  [jvm.dll+0x1cb34e]
V  [jvm.dll+0x25b85d]
V  [jvm.dll+0x259dea]
V  [jvm.dll+0x3f857e]
V  [jvm.dll+0x85f59d]
V  [jvm.dll+0x6d626d]
C  [ucrtbase.dll+0x37b0]
C  [KERNEL32.DLL+0x2e8d7]
C  [ntdll.dll+0x8c48c]


---------------  P R O C E S S  ---------------

Threads class SMR info:
_java_thread_list=0x000001d4e8a30510, length=19, elements={
0x000001d489d8f030, 0x000001d489d19400, 0x000001d489e3d630, 0x000001d489d21290,
0x000001d489d250c0, 0x000001d489d27080, 0x000001d489d2b050, 0x000001d4e2ac3960,
0x000001d4e2ac68d0, 0x000001d4e2cddfd0, 0x000001d4e2e17f50, 0x000001d4e861ddc0,
0x000001d4e87b6dd0, 0x000001d4e8877960, 0x000001d4e8453370, 0x000001d4e8b68670,
0x000001d4e83e5de0, 0x000001d4e8d8aee0, 0x000001d4e86a2560
}

Java Threads: ( => current thread )
  0x000001d489d8f030 JavaThread "main"                              [_thread_blocked, id=57936, stack(0x000000794e500000,0x000000794e600000) (1024K)]
  0x000001d489d19400 JavaThread "Reference Handler"          daemon [_thread_blocked, id=52276, stack(0x000000794e900000,0x000000794ea00000) (1024K)]
  0x000001d489e3d630 JavaThread "Finalizer"                  daemon [_thread_blocked, id=3888, stack(0x000000794ea00000,0x000000794eb00000) (1024K)]
  0x000001d489d21290 JavaThread "Signal Dispatcher"          daemon [_thread_blocked, id=65696, stack(0x000000794eb00000,0x000000794ec00000) (1024K)]
  0x000001d489d250c0 JavaThread "Attach Listener"            daemon [_thread_blocked, id=65800, stack(0x000000794ec00000,0x000000794ed00000) (1024K)]
  0x000001d489d27080 JavaThread "Service Thread"             daemon [_thread_blocked, id=65292, stack(0x000000794ed00000,0x000000794ee00000) (1024K)]
  0x000001d489d2b050 JavaThread "Monitor Deflation Thread"   daemon [_thread_blocked, id=39360, stack(0x000000794ee00000,0x000000794ef00000) (1024K)]
=>0x000001d4e2ac3960 JavaThread "C2 CompilerThread0"         daemon [_thread_in_native, id=31088, stack(0x000000794ef00000,0x000000794f000000) (1024K)]
  0x000001d4e2ac68d0 JavaThread "C1 CompilerThread0"         daemon [_thread_in_native, id=34072, stack(0x000000794f000000,0x000000794f100000) (1024K)]
  0x000001d4e2cddfd0 JavaThread "Common-Cleaner"             daemon [_thread_blocked, id=57168, stack(0x000000794f100000,0x000000794f200000) (1024K)]
  0x000001d4e2e17f50 JavaThread "Notification Thread"        daemon [_thread_blocked, id=42088, stack(0x000000794f200000,0x000000794f300000) (1024K)]
  0x000001d4e861ddc0 JavaThread "Active Thread: Equinox Container: e5892ad2-a46c-4db3-a546-2625c789b9d3"        [_thread_blocked, id=63668, stack(0x000000794f900000,0x000000794fa00000) (1024K)]
  0x000001d4e87b6dd0 JavaThread "Refresh Thread: Equinox Container: e5892ad2-a46c-4db3-a546-2625c789b9d3" daemon [_thread_blocked, id=62352, stack(0x000000794fb00000,0x000000794fc00000) (1024K)]
  0x000001d4e8877960 JavaThread "Framework Event Dispatcher: Equinox Container: e5892ad2-a46c-4db3-a546-2625c789b9d3" daemon [_thread_blocked, id=60184, stack(0x000000794fc00000,0x000000794fd00000) (1024K)]
  0x000001d4e8453370 JavaThread "Start Level: Equinox Container: e5892ad2-a46c-4db3-a546-2625c789b9d3" daemon [_thread_in_Java, id=58204, stack(0x000000794fd00000,0x000000794fe00000) (1024K)]
  0x000001d4e8b68670 JavaThread "Bundle File Closer"         daemon [_thread_blocked, id=67564, stack(0x0000007950000000,0x0000007950100000) (1024K)]
  0x000001d4e83e5de0 JavaThread "SCR Component Actor"        daemon [_thread_blocked, id=64164, stack(0x0000007950100000,0x0000007950200000) (1024K)]
  0x000001d4e8d8aee0 JavaThread "Worker-JM"                         [_thread_blocked, id=64696, stack(0x0000007950200000,0x0000007950300000) (1024K)]
  0x000001d4e86a2560 JavaThread "C2 CompilerThread1"         daemon [_thread_in_native, id=29908, stack(0x0000007950300000,0x0000007950400000) (1024K)]
Total: 19

Other Threads:
  0x000001d489e25150 VMThread "VM Thread"                           [id=59516, stack(0x000000794e800000,0x000000794e900000) (1024K)]
  0x000001d489c0ca00 WatcherThread "VM Periodic Task Thread"        [id=14036, stack(0x000000794e700000,0x000000794e800000) (1024K)]
  0x000001d489da73c0 WorkerThread "GC Thread#0"                     [id=61148, stack(0x000000794e600000,0x000000794e700000) (1024K)]
  0x000001d4e81ea390 WorkerThread "GC Thread#1"                     [id=15700, stack(0x000000794f300000,0x000000794f400000) (1024K)]
  0x000001d4e80dd4f0 WorkerThread "GC Thread#2"                     [id=52796, stack(0x000000794f400000,0x000000794f500000) (1024K)]
  0x000001d4e80dd8a0 WorkerThread "GC Thread#3"                     [id=42568, stack(0x000000794f500000,0x000000794f600000) (1024K)]
  0x000001d4e8439d90 WorkerThread "GC Thread#4"                     [id=56268, stack(0x000000794f600000,0x000000794f700000) (1024K)]
  0x000001d4e8128610 WorkerThread "GC Thread#5"                     [id=65764, stack(0x000000794f700000,0x000000794f800000) (1024K)]
  0x000001d4e81289c0 WorkerThread "GC Thread#6"                     [id=64244, stack(0x000000794f800000,0x000000794f900000) (1024K)]
  0x000001d4e85f5d90 WorkerThread "GC Thread#7"                     [id=21484, stack(0x000000794fa00000,0x000000794fb00000) (1024K)]
  0x000001d4e8431580 WorkerThread "GC Thread#8"                     [id=41940, stack(0x000000794fe00000,0x000000794ff00000) (1024K)]
  0x000001d4e8431930 WorkerThread "GC Thread#9"                     [id=52432, stack(0x000000794ff00000,0x0000007950000000) (1024K)]
Total: 12

Threads with active compile tasks:
C2 CompilerThread0  8962 2845 %     4       java.util.Properties$LineReader::readLine @ 53 (584 bytes)
C1 CompilerThread0  8962 2894       3       java.lang.invoke.DirectMethodHandle::make (21 bytes)
C2 CompilerThread1  8962 2846   !   4       java.util.concurrent.ConcurrentHashMap::transfer (849 bytes)
Total: 3

VM state: not at safepoint (normal execution)

VM Mutex/Monitor currently owned by a thread: None

Heap address: 0x0000000080000000, size: 2048 MB, Compressed Oops mode: 32-bit

CDS archive(s) mapped at: [0x000001d4a1000000-0x000001d4a1ba0000-0x000001d4a1ba0000), size 12189696, SharedBaseAddress: 0x000001d4a1000000, ArchiveRelocationMode: 1.
Compressed class space mapped at: 0x000001d4a2000000-0x000001d4e2000000, reserved size: 1073741824
Narrow klass base: 0x000001d4a1000000, Narrow klass shift: 0, Narrow klass range: 0x100000000

GC Precious Log:
 CardTable entry size: 512
 CPUs: 12 total, 12 available
 Memory: 6005M
 Large Page Support: Disabled
 NUMA Support: Disabled
 Compressed Oops: Enabled (32-bit)
 Alignments: Space 512K, Generation 512K, Heap 2M
 Heap Min Capacity: 100M
 Heap Initial Capacity: 100M
 Heap Max Capacity: 2G
 Pre-touch: Disabled
 Parallel Workers: 10

Heap:
 PSYoungGen      total 29696K, used 22166K [0x00000000d5580000, 0x00000000d7680000, 0x0000000100000000)
  eden space 25600K, 70% used [0x00000000d5580000,0x00000000d672c008,0x00000000d6e80000)
  from space 4096K, 99% used [0x00000000d7280000,0x00000000d7679838,0x00000000d7680000)
  to   space 4096K, 0% used [0x00000000d6e80000,0x00000000d6e80000,0x00000000d7280000)
 ParOldGen       total 68608K, used 6594K [0x0000000080000000, 0x0000000084300000, 0x00000000d5580000)
  object space 68608K, 9% used [0x0000000080000000,0x0000000080670800,0x0000000084300000)
 Metaspace       used 14317K, committed 14848K, reserved 1114112K
  class space    used 1488K, committed 1728K, reserved 1048576K

Card table byte_map: [0x000001d489720000,0x000001d489b30000] _byte_map_base: 0x000001d489320000

Marking Bits: (ParMarkBitMap*) 0x00007ffd88153450
 Begin Bits: [0x000001d49c230000, 0x000001d49e230000)
 End Bits:   [0x000001d49e230000, 0x000001d4a0230000)

Polling page: 0x000001d487be0000

Metaspace:

Usage:
  Non-class:     12.53 MB used.
      Class:      1.45 MB used.
       Both:     13.98 MB used.

Virtual space:
  Non-class space:       64.00 MB reserved,      12.81 MB ( 20%) committed,  1 nodes.
      Class space:        1.00 GB reserved,       1.69 MB ( <1%) committed,  1 nodes.
             Both:        1.06 GB reserved,      14.50 MB (  1%) committed. 

Chunk freelists:
   Non-Class:  2.50 MB
       Class:  14.34 MB
        Both:  16.84 MB

MaxMetaspaceSize: unlimited
CompressedClassSpaceSize: 1.00 GB
Initial GC threshold: 21.00 MB
Current GC threshold: 21.00 MB
CDS: on
 - commit_granule_bytes: 65536.
 - commit_granule_words: 8192.
 - virtual_space_node_default_size: 8388608.
 - enlarge_chunks_in_place: 1.
 - use_allocation_guard: 0.


Internal statistics:

num_allocs_failed_limit: 0.
num_arena_births: 356.
num_arena_deaths: 0.
num_vsnodes_births: 2.
num_vsnodes_deaths: 0.
num_space_committed: 232.
num_space_uncommitted: 0.
num_chunks_returned_to_freelist: 0.
num_chunks_taken_from_freelist: 842.
num_chunk_merges: 0.
num_chunk_splits: 533.
num_chunks_enlarged: 341.
num_inconsistent_stats: 0.

CodeHeap 'non-profiled nmethods': size=120000Kb used=1230Kb max_used=1230Kb free=118769Kb
 bounds [0x000001d494a50000, 0x000001d494cc0000, 0x000001d49bf80000]
CodeHeap 'profiled nmethods': size=120000Kb used=5783Kb max_used=5783Kb free=114217Kb
 bounds [0x000001d48cf80000, 0x000001d48d530000, 0x000001d4944b0000]
CodeHeap 'non-nmethods': size=5760Kb used=1248Kb max_used=1262Kb free=4511Kb
 bounds [0x000001d4944b0000, 0x000001d494720000, 0x000001d494a50000]
CodeCache: size=245760Kb, used=8261Kb, max_used=8275Kb, free=237497Kb
 total_blobs=3415, nmethods=2897, adapters=424, full_count=0
Compilation: enabled, stopped_count=0, restarted_count=0

Compilation events (20 events):
Event: 5.868 Thread 0x000001d4e2ac68d0 2854       1       java.lang.reflect.Field::getModifiers (5 bytes)
Event: 5.868 Thread 0x000001d4e2ac68d0 nmethod 2854 0x000001d494b81790 code [0x000001d494b81920, 0x000001d494b819e8]
Event: 5.868 Thread 0x000001d4e2ac68d0 2855       3       java.lang.invoke.MethodHandle::isAncestorLoaderOf (35 bytes)
Event: 5.869 Thread 0x000001d4e2ac68d0 nmethod 2855 0x000001d48d50b090 code [0x000001d48d50b2c0, 0x000001d48d50ba30]
Event: 5.869 Thread 0x000001d4e2ac68d0 2856       3       java.lang.ref.WeakReference::<init> (6 bytes)
Event: 5.870 Thread 0x000001d4e2ac68d0 nmethod 2856 0x000001d48d50bc90 code [0x000001d48d50be40, 0x000001d48d50c0d0]
Event: 5.870 Thread 0x000001d4e2ac68d0 2858       1       java.lang.reflect.Field::getDeclaringClass (5 bytes)
Event: 5.870 Thread 0x000001d4e2ac68d0 nmethod 2858 0x000001d494b81e90 code [0x000001d494b82020, 0x000001d494b820e8]
Event: 5.870 Thread 0x000001d4e2ac68d0 2859       1       java.lang.reflect.Field::getType (5 bytes)
Event: 5.870 Thread 0x000001d4e2ac68d0 nmethod 2859 0x000001d494b82190 code [0x000001d494b82320, 0x000001d494b823e8]
Event: 5.870 Thread 0x000001d4e2ac68d0 2860       1       java.lang.reflect.AccessibleObject::isAccessible (5 bytes)
Event: 5.870 Thread 0x000001d4e2ac68d0 nmethod 2860 0x000001d494b82490 code [0x000001d494b82620, 0x000001d494b826f0]
Event: 5.870 Thread 0x000001d4e2ac68d0 2861       3       java.lang.invoke.DirectMethodHandle$Holder::invokeStatic (20 bytes)
Event: 5.870 Thread 0x000001d4e2ac68d0 nmethod 2861 0x000001d48d50c210 code [0x000001d48d50c3e0, 0x000001d48d50c928]
Event: 5.870 Thread 0x000001d4e2ac68d0 2862       3       java.lang.invoke.ClassSpecializer$SpeciesData::getterFunction (78 bytes)
Event: 5.871 Thread 0x000001d4e2ac68d0 nmethod 2862 0x000001d48d50ca90 code [0x000001d48d50cc40, 0x000001d48d50cf38]
Event: 5.871 Thread 0x000001d4e2ac68d0 2863       3       java.lang.invoke.BoundMethodHandle$Species_LL::make (12 bytes)
Event: 5.871 Thread 0x000001d4e2ac68d0 nmethod 2863 0x000001d48d50d010 code [0x000001d48d50d1c0, 0x000001d48d50d400]
Event: 8.721 Thread 0x000001d4e2ac68d0 2865       3       jdk.internal.misc.Unsafe::weakCompareAndSetReference (11 bytes)
Event: 8.721 Thread 0x000001d4e2ac68d0 nmethod 2865 0x000001d48d50d510 code [0x000001d48d50d6a0, 0x000001d48d50d7e0]

GC Heap History (8 events):
Event: 1.505 GC heap before
{Heap before GC invocations=1 (full 0):
 PSYoungGen      total 29696K, used 25600K [0x00000000d5580000, 0x00000000d7680000, 0x0000000100000000)
  eden space 25600K, 100% used [0x00000000d5580000,0x00000000d6e80000,0x00000000d6e80000)
  from space 4096K, 0% used [0x00000000d7280000,0x00000000d7280000,0x00000000d7680000)
  to   space 4096K, 0% used [0x00000000d6e80000,0x00000000d6e80000,0x00000000d7280000)
 ParOldGen       total 68608K, used 0K [0x0000000080000000, 0x0000000084300000, 0x00000000d5580000)
  object space 68608K, 0% used [0x0000000080000000,0x0000000080000000,0x0000000084300000)
 Metaspace       used 4341K, committed 4608K, reserved 1114112K
  class space    used 473K, committed 576K, reserved 1048576K
}
Event: 1.515 GC heap after
{Heap after GC invocations=1 (full 0):
 PSYoungGen      total 29696K, used 3280K [0x00000000d5580000, 0x00000000d7680000, 0x0000000100000000)
  eden space 25600K, 0% used [0x00000000d5580000,0x00000000d5580000,0x00000000d6e80000)
  from space 4096K, 80% used [0x00000000d6e80000,0x00000000d71b4148,0x00000000d7280000)
  to   space 4096K, 0% used [0x00000000d7280000,0x00000000d7280000,0x00000000d7680000)
 ParOldGen       total 68608K, used 16K [0x0000000080000000, 0x0000000084300000, 0x00000000d5580000)
  object space 68608K, 0% used [0x0000000080000000,0x0000000080004000,0x0000000084300000)
 Metaspace       used 4341K, committed 4608K, reserved 1114112K
  class space    used 473K, committed 576K, reserved 1048576K
}
Event: 2.573 GC heap before
{Heap before GC invocations=2 (full 0):
 PSYoungGen      total 29696K, used 28880K [0x00000000d5580000, 0x00000000d7680000, 0x0000000100000000)
  eden space 25600K, 100% used [0x00000000d5580000,0x00000000d6e80000,0x00000000d6e80000)
  from space 4096K, 80% used [0x00000000d6e80000,0x00000000d71b4148,0x00000000d7280000)
  to   space 4096K, 0% used [0x00000000d7280000,0x00000000d7280000,0x00000000d7680000)
 ParOldGen       total 68608K, used 16K [0x0000000080000000, 0x0000000084300000, 0x00000000d5580000)
  object space 68608K, 0% used [0x0000000080000000,0x0000000080004000,0x0000000084300000)
 Metaspace       used 7981K, committed 8256K, reserved 1114112K
  class space    used 831K, committed 960K, reserved 1048576K
}
Event: 2.584 GC heap after
{Heap after GC invocations=2 (full 0):
 PSYoungGen      total 29696K, used 4070K [0x00000000d5580000, 0x00000000d7680000, 0x0000000100000000)
  eden space 25600K, 0% used [0x00000000d5580000,0x00000000d5580000,0x00000000d6e80000)
  from space 4096K, 99% used [0x00000000d7280000,0x00000000d7679800,0x00000000d7680000)
  to   space 4096K, 0% used [0x00000000d6e80000,0x00000000d6e80000,0x00000000d7280000)
 ParOldGen       total 68608K, used 2097K [0x0000000080000000, 0x0000000084300000, 0x00000000d5580000)
  object space 68608K, 3% used [0x0000000080000000,0x000000008020c638,0x0000000084300000)
 Metaspace       used 7981K, committed 8256K, reserved 1114112K
  class space    used 831K, committed 960K, reserved 1048576K
}
Event: 3.487 GC heap before
{Heap before GC invocations=3 (full 0):
 PSYoungGen      total 29696K, used 29670K [0x00000000d5580000, 0x00000000d7680000, 0x0000000100000000)
  eden space 25600K, 100% used [0x00000000d5580000,0x00000000d6e80000,0x00000000d6e80000)
  from space 4096K, 99% used [0x00000000d7280000,0x00000000d7679800,0x00000000d7680000)
  to   space 4096K, 0% used [0x00000000d6e80000,0x00000000d6e80000,0x00000000d7280000)
 ParOldGen       total 68608K, used 2097K [0x0000000080000000, 0x0000000084300000, 0x00000000d5580000)
  object space 68608K, 3% used [0x0000000080000000,0x000000008020c638,0x0000000084300000)
 Metaspace       used 9452K, committed 9792K, reserved 1114112K
  class space    used 1009K, committed 1152K, reserved 1048576K
}
Event: 3.498 GC heap after
{Heap after GC invocations=3 (full 0):
 PSYoungGen      total 29696K, used 4083K [0x00000000d5580000, 0x00000000d7680000, 0x0000000100000000)
  eden space 25600K, 0% used [0x00000000d5580000,0x00000000d5580000,0x00000000d6e80000)
  from space 4096K, 99% used [0x00000000d6e80000,0x00000000d727cce8,0x00000000d7280000)
  to   space 4096K, 0% used [0x00000000d7280000,0x00000000d7280000,0x00000000d7680000)
 ParOldGen       total 68608K, used 4789K [0x0000000080000000, 0x0000000084300000, 0x00000000d5580000)
  object space 68608K, 6% used [0x0000000080000000,0x00000000804ad740,0x0000000084300000)
 Metaspace       used 9452K, committed 9792K, reserved 1114112K
  class space    used 1009K, committed 1152K, reserved 1048576K
}
Event: 5.111 GC heap before
{Heap before GC invocations=4 (full 0):
 PSYoungGen      total 29696K, used 29683K [0x00000000d5580000, 0x00000000d7680000, 0x0000000100000000)
  eden space 25600K, 100% used [0x00000000d5580000,0x00000000d6e80000,0x00000000d6e80000)
  from space 4096K, 99% used [0x00000000d6e80000,0x00000000d727cce8,0x00000000d7280000)
  to   space 4096K, 0% used [0x00000000d7280000,0x00000000d7280000,0x00000000d7680000)
 ParOldGen       total 68608K, used 4789K [0x0000000080000000, 0x0000000084300000, 0x00000000d5580000)
  object space 68608K, 6% used [0x0000000080000000,0x00000000804ad740,0x0000000084300000)
 Metaspace       used 11599K, committed 11968K, reserved 1114112K
  class space    used 1223K, committed 1408K, reserved 1048576K
}
Event: 5.120 GC heap after
{Heap after GC invocations=4 (full 0):
 PSYoungGen      total 29696K, used 4070K [0x00000000d5580000, 0x00000000d7680000, 0x0000000100000000)
  eden space 25600K, 0% used [0x00000000d5580000,0x00000000d5580000,0x00000000d6e80000)
  from space 4096K, 99% used [0x00000000d7280000,0x00000000d7679838,0x00000000d7680000)
  to   space 4096K, 0% used [0x00000000d6e80000,0x00000000d6e80000,0x00000000d7280000)
 ParOldGen       total 68608K, used 6594K [0x0000000080000000, 0x0000000084300000, 0x00000000d5580000)
  object space 68608K, 9% used [0x0000000080000000,0x0000000080670800,0x0000000084300000)
 Metaspace       used 11599K, committed 11968K, reserved 1114112K
  class space    used 1223K, committed 1408K, reserved 1048576K
}

Dll operation events (9 events):
Event: 0.024 Loaded shared library c:\Users\vitor\.vscode\extensions\redhat.java-1.53.0-win32-x64\jre\21.0.10-win32-x86_64\bin\java.dll
Event: 0.140 Loaded shared library c:\Users\vitor\.vscode\extensions\redhat.java-1.53.0-win32-x64\jre\21.0.10-win32-x86_64\bin\zip.dll
Event: 0.179 Loaded shared library C:\Users\vitor\.vscode\extensions\redhat.java-1.53.0-win32-x64\jre\21.0.10-win32-x86_64\bin\instrument.dll
Event: 0.192 Loaded shared library C:\Users\vitor\.vscode\extensions\redhat.java-1.53.0-win32-x64\jre\21.0.10-win32-x86_64\bin\net.dll
Event: 0.198 Loaded shared library C:\Users\vitor\.vscode\extensions\redhat.java-1.53.0-win32-x64\jre\21.0.10-win32-x86_64\bin\nio.dll
Event: 0.207 Loaded shared library C:\Users\vitor\.vscode\extensions\redhat.java-1.53.0-win32-x64\jre\21.0.10-win32-x86_64\bin\zip.dll
Event: 0.251 Loaded shared library C:\Users\vitor\.vscode\extensions\redhat.java-1.53.0-win32-x64\jre\21.0.10-win32-x86_64\bin\jimage.dll
Event: 0.440 Loaded shared library c:\Users\vitor\.vscode\extensions\redhat.java-1.53.0-win32-x64\jre\21.0.10-win32-x86_64\bin\verify.dll
Event: 2.666 Loaded shared library C:\Users\vitor\AppData\Roaming\Code\User\globalStorage\redhat.java\1.53.0\config_win\org.eclipse.equinox.launcher\org.eclipse.equinox.launcher.win32.win32.x86_64_1.3.0.v20260203-2149\eclipse_11919.dll

Deoptimization events (20 events):
Event: 5.377 Thread 0x000001d4e8453370 DEOPT PACKING pc=0x000001d494b6514c sp=0x000000794fdfb350
Event: 5.377 Thread 0x000001d4e8453370 DEOPT UNPACKING pc=0x000001d494503aa2 sp=0x000000794fdfb338 mode 2
Event: 5.377 Thread 0x000001d4e8453370 Uncommon trap: trap_request=0xffffffc6 fr.pc=0x000001d494b6514c relative=0x000000000000126c
Event: 5.377 Thread 0x000001d4e8453370 Uncommon trap: reason=bimorphic_or_optimized_type_check action=maybe_recompile pc=0x000001d494b6514c method=java.io.DataInputStream.readFully([BII)V @ 30 c2
Event: 5.377 Thread 0x000001d4e8453370 DEOPT PACKING pc=0x000001d494b6514c sp=0x000000794fdfb340
Event: 5.377 Thread 0x000001d4e8453370 DEOPT UNPACKING pc=0x000001d494503aa2 sp=0x000000794fdfb328 mode 2
Event: 5.377 Thread 0x000001d4e8453370 Uncommon trap: trap_request=0xffffffc6 fr.pc=0x000001d494b6514c relative=0x000000000000126c
Event: 5.377 Thread 0x000001d4e8453370 Uncommon trap: reason=bimorphic_or_optimized_type_check action=maybe_recompile pc=0x000001d494b6514c method=java.io.DataInputStream.readFully([BII)V @ 30 c2
Event: 5.377 Thread 0x000001d4e8453370 DEOPT PACKING pc=0x000001d494b6514c sp=0x000000794fdfb340
Event: 5.377 Thread 0x000001d4e8453370 DEOPT UNPACKING pc=0x000001d494503aa2 sp=0x000000794fdfb328 mode 2
Event: 5.377 Thread 0x000001d4e8453370 Uncommon trap: trap_request=0xffffffc6 fr.pc=0x000001d494b6514c relative=0x000000000000126c
Event: 5.377 Thread 0x000001d4e8453370 Uncommon trap: reason=bimorphic_or_optimized_type_check action=maybe_recompile pc=0x000001d494b6514c method=java.io.DataInputStream.readFully([BII)V @ 30 c2
Event: 5.377 Thread 0x000001d4e8453370 DEOPT PACKING pc=0x000001d494b6514c sp=0x000000794fdfb340
Event: 5.377 Thread 0x000001d4e8453370 DEOPT UNPACKING pc=0x000001d494503aa2 sp=0x000000794fdfb328 mode 2
Event: 5.668 Thread 0x000001d4e8453370 Uncommon trap: trap_request=0xffffff45 fr.pc=0x000001d494af9158 relative=0x0000000000000f38
Event: 5.668 Thread 0x000001d4e8453370 Uncommon trap: reason=unstable_if action=reinterpret pc=0x000001d494af9158 method=java.io.WinNTFileSystem.normalize(Ljava/lang/String;II)Ljava/lang/String; @ 100 c2
Event: 5.668 Thread 0x000001d4e8453370 DEOPT PACKING pc=0x000001d494af9158 sp=0x000000794fdfc890
Event: 5.668 Thread 0x000001d4e8453370 DEOPT UNPACKING pc=0x000001d494503aa2 sp=0x000000794fdfc868 mode 2
Event: 5.861 Thread 0x000001d4e8453370 DEOPT PACKING pc=0x000001d48d35a856 sp=0x000000794fdf7650
Event: 5.861 Thread 0x000001d4e8453370 DEOPT UNPACKING pc=0x000001d494504242 sp=0x000000794fdf6b60 mode 0

Classes loaded (20 events):
Event: 5.263 Loading class java/util/function/LongBinaryOperator
Event: 5.263 Loading class java/util/function/LongBinaryOperator done
Event: 5.265 Loading class java/util/stream/ReduceOps$10
Event: 5.265 Loading class java/util/stream/ReduceOps$10 done
Event: 5.265 Loading class java/util/stream/ReduceOps$8ReducingSink
Event: 5.265 Loading class java/util/stream/Sink$OfLong
Event: 5.265 Loading class java/util/stream/Sink$OfLong done
Event: 5.265 Loading class java/util/stream/ReduceOps$8ReducingSink done
Event: 5.265 Loading class java/util/stream/ReferencePipeline$5$1
Event: 5.266 Loading class java/util/stream/ReferencePipeline$5$1 done
Event: 5.334 Loading class java/nio/file/NoSuchFileException
Event: 5.334 Loading class java/nio/file/FileSystemException
Event: 5.334 Loading class java/nio/file/FileSystemException done
Event: 5.334 Loading class java/nio/file/NoSuchFileException done
Event: 5.484 Loading class java/lang/Process
Event: 5.485 Loading class java/lang/Process done
Event: 5.796 Loading class java/util/concurrent/TimeoutException
Event: 5.797 Loading class java/util/concurrent/TimeoutException done
Event: 5.862 Loading class java/lang/invoke/DirectMethodHandle$StaticAccessor
Event: 5.862 Loading class java/lang/invoke/DirectMethodHandle$StaticAccessor done

Classes unloaded (0 events):
No events

Classes redefined (0 events):
No events

Internal exceptions (20 events):
Event: 2.014 Thread 0x000001d489d8f030 Exception <a 'java/lang/NoSuchMethodError'{0x00000000d647df68}: 'int java.lang.invoke.DirectMethodHandle$Holder.invokeVirtual(java.lang.Object, java.lang.Object)'> (0x00000000d647df68) 
thrown [s\src\hotspot\share\interpreter\linkResolver.cpp, line 773]
Event: 2.176 Thread 0x000001d489d8f030 Exception <a 'java/lang/NoSuchMethodError'{0x00000000d6605ad0}: 'int java.lang.invoke.DirectMethodHandle$Holder.invokeStaticInit(java.lang.Object, java.lang.Object, java.lang.Object, java.lang.Object)'> (0x00000000d6605ad0) 
thrown [s\src\hotspot\share\interpreter\linkResolver.cpp, line 773]
Event: 2.178 Thread 0x000001d489d8f030 Exception <a 'java/lang/IncompatibleClassChangeError'{0x00000000d660ded8}: Found class java.lang.Object, but interface was expected> (0x00000000d660ded8) 
thrown [s\src\hotspot\share\interpreter\linkResolver.cpp, line 840]
Event: 2.179 Thread 0x000001d489d8f030 Exception <a 'java/lang/NoSuchMethodError'{0x00000000d6614da8}: 'void java.lang.invoke.DirectMethodHandle$Holder.invokeStaticInit(java.lang.Object, java.lang.Object)'> (0x00000000d6614da8) 
thrown [s\src\hotspot\share\interpreter\linkResolver.cpp, line 773]
Event: 2.180 Thread 0x000001d489d8f030 Exception <a 'java/lang/NoSuchMethodError'{0x00000000d661e860}: 'int java.lang.invoke.DirectMethodHandle$Holder.invokeStaticInit(java.lang.Object, java.lang.Object)'> (0x00000000d661e860) 
thrown [s\src\hotspot\share\interpreter\linkResolver.cpp, line 773]
Event: 2.258 Thread 0x000001d489d8f030 Exception <a 'java/lang/NoSuchMethodError'{0x00000000d68903f8}: 'java.lang.Object java.lang.invoke.DirectMethodHandle$Holder.newInvokeSpecial(java.lang.Object, int, java.lang.Object)'> (0x00000000d68903f8) 
thrown [s\src\hotspot\share\interpreter\linkResolver.cpp, line 773]
Event: 2.342 Thread 0x000001d489d8f030 Exception <a 'java/lang/ClassNotFoundException'{0x00000000d6ab8618}: sun/net/www/protocol/plurl/Handler> (0x00000000d6ab8618) 
thrown [s\src\hotspot\share\classfile\systemDictionary.cpp, line 312]
Event: 2.343 Thread 0x000001d489d8f030 Exception <a 'java/lang/ClassNotFoundException'{0x00000000d6ab9498}: sun/net/www/protocol/plurl/Handler> (0x00000000d6ab9498) 
thrown [s\src\hotspot\share\classfile\systemDictionary.cpp, line 312]
Event: 2.655 Thread 0x000001d489d8f030 Exception <a 'java/lang/UnsatisfiedLinkError'{0x00000000d565c9b8}: 'void org.eclipse.equinox.launcher.JNIBridge._update_splash()'> (0x00000000d565c9b8) 
thrown [s\src\hotspot\share\prims\nativeLookup.cpp, line 415]
Event: 2.719 Thread 0x000001d4e87b6dd0 Exception <a 'java/lang/NoSuchMethodError'{0x00000000d58e45e0}: 'void java.lang.invoke.DirectMethodHandle$Holder.invokeInterface(java.lang.Object, java.lang.Object, java.lang.Object)'> (0x00000000d58e45e0) 
thrown [s\src\hotspot\share\interpreter\linkResolver.cpp, line 773]
Event: 2.847 Thread 0x000001d4e8453370 Exception <a 'java/lang/NoSuchMethodError'{0x00000000d5d31860}: 'java.lang.Object java.lang.invoke.DirectMethodHandle$Holder.newInvokeSpecial(java.lang.Object, java.lang.Object, int, java.lang.Object)'> (0x00000000d5d31860) 
thrown [s\src\hotspot\share\interpreter\linkResolver.cpp, line 773]
Event: 2.848 Thread 0x000001d4e8453370 Exception <a 'java/lang/NoSuchMethodError'{0x00000000d5d35690}: 'java.lang.Object java.lang.invoke.DirectMethodHandle$Holder.invokeSpecial(java.lang.Object, java.lang.Object, java.lang.Object, int, java.lang.Object)'> (0x00000000d5d35690) 
thrown [s\src\hotspot\share\interpreter\linkResolver.cpp, line 773]
Event: 2.878 Thread 0x000001d4e8453370 Exception <a 'java/lang/NoClassDefFoundError'{0x00000000d5ddc110}: jakarta/servlet/ServletContainerInitializer> (0x00000000d5ddc110) 
thrown [s\src\hotspot\share\classfile\systemDictionary.cpp, line 301]
Event: 2.917 Thread 0x000001d4e8453370 Exception <a 'java/lang/ClassNotFoundException'{0x00000000d5f46928}: sun/util/logging/resources/spi/loggingProvider> (0x00000000d5f46928) 
thrown [s\src\hotspot\share\classfile\systemDictionary.cpp, line 312]
Event: 4.897 Thread 0x000001d4e8453370 Exception <a 'java/lang/NullPointerException'{0x00000000d67cc9b0}> (0x00000000d67cc9b0) 
thrown [s\src\hotspot\share\interpreter\linkResolver.cpp, line 1372]
Event: 4.897 Thread 0x000001d4e8453370 Exception <a 'java/lang/NullPointerException'{0x00000000d67ccc90}> (0x00000000d67ccc90) 
thrown [s\src\hotspot\share\interpreter\linkResolver.cpp, line 1372]
Event: 5.260 Thread 0x000001d4e8453370 Exception <a 'java/lang/NoSuchMethodError'{0x00000000d58bbab0}: 'long java.lang.invoke.DirectMethodHandle$Holder.invokeSpecial(java.lang.Object, java.lang.Object)'> (0x00000000d58bbab0) 
thrown [s\src\hotspot\share\interpreter\linkResolver.cpp, line 773]
Event: 5.353 Thread 0x000001d4e8453370 Exception <a 'java/io/FileNotFoundException'{0x00000000d5abcf50}> (0x00000000d5abcf50) 
thrown [s\src\hotspot\share\prims\jni.cpp, line 520]
Event: 5.706 Thread 0x000001d4e8453370 Exception <a 'java/lang/NoSuchMethodError'{0x00000000d5ff3748}: 'java.lang.Object java.lang.invoke.Invokers$Holder.linkToTargetMethod(java.lang.Object, long, java.lang.Object)'> (0x00000000d5ff3748) 
thrown [s\src\hotspot\share\interpreter\linkResolver.cpp, line 773]
Event: 5.864 Thread 0x000001d4e8453370 Exception <a 'java/lang/NoSuchMethodError'{0x00000000d6523810}: 'void java.lang.invoke.Invokers$Holder.invokeExact_MT(java.lang.Object, java.lang.Object, java.lang.Object)'> (0x00000000d6523810) 
thrown [s\src\hotspot\share\interpreter\linkResolver.cpp, line 773]

ZGC Phase Switch (0 events):
No events

VM Operations (20 events):
Event: 2.898 Executing non-safepoint VM operation: HandshakeAllThreads (Deoptimize)
Event: 2.898 Executing non-safepoint VM operation: HandshakeAllThreads (Deoptimize) done
Event: 2.935 Executing non-safepoint VM operation: HandshakeAllThreads (Deoptimize)
Event: 2.935 Executing non-safepoint VM operation: HandshakeAllThreads (Deoptimize) done
Event: 2.963 Executing non-safepoint VM operation: HandshakeAllThreads (Deoptimize)
Event: 2.963 Executing non-safepoint VM operation: HandshakeAllThreads (Deoptimize) done
Event: 2.994 Executing non-safepoint VM operation: HandshakeAllThreads (Deoptimize)
Event: 2.994 Executing non-safepoint VM operation: HandshakeAllThreads (Deoptimize) done
Event: 3.487 Executing safepoint VM operation: ParallelGCFailedAllocation (Allocation Failure)
Event: 3.498 Executing safepoint VM operation: ParallelGCFailedAllocation (Allocation Failure) done
Event: 3.844 Executing non-safepoint VM operation: HandshakeAllThreads (Deoptimize)
Event: 3.844 Executing non-safepoint VM operation: HandshakeAllThreads (Deoptimize) done
Event: 4.851 Executing safepoint VM operation: Cleanup
Event: 4.851 Executing safepoint VM operation: Cleanup done
Event: 5.080 Executing non-safepoint VM operation: HandshakeAllThreads (Deoptimize)
Event: 5.080 Executing non-safepoint VM operation: HandshakeAllThreads (Deoptimize) done
Event: 5.111 Executing safepoint VM operation: ParallelGCFailedAllocation (Allocation Failure)
Event: 5.120 Executing safepoint VM operation: ParallelGCFailedAllocation (Allocation Failure) done
Event: 6.125 Executing safepoint VM operation: Cleanup
Event: 6.125 Executing safepoint VM operation: Cleanup done

Memory protections (0 events):
No events

Nmethod flushes (0 events):
No events

Events (18 events):
Event: 0.048 Thread 0x000001d489d8f030 Thread added: 0x000001d489d8f030
Event: 0.076 Thread 0x000001d489d8f030 Thread added: 0x000001d489d19400
Event: 0.076 Thread 0x000001d489d8f030 Thread added: 0x000001d489e3d630
Event: 0.077 Thread 0x000001d489d8f030 Thread added: 0x000001d489d21290
Event: 0.077 Thread 0x000001d489d8f030 Thread added: 0x000001d489d250c0
Event: 0.077 Thread 0x000001d489d8f030 Thread added: 0x000001d489d27080
Event: 0.077 Thread 0x000001d489d8f030 Thread added: 0x000001d489d2b050
Event: 0.077 Thread 0x000001d489d8f030 Thread added: 0x000001d4e2ac3960
Event: 0.077 Thread 0x000001d489d8f030 Thread added: 0x000001d4e2ac68d0
Event: 0.183 Thread 0x000001d489d8f030 Thread added: 0x000001d4e2cddfd0
Event: 0.715 Thread 0x000001d489d8f030 Thread added: 0x000001d4e2e17f50
Event: 2.201 Thread 0x000001d489d8f030 Thread added: 0x000001d4e861ddc0
Event: 2.652 Thread 0x000001d489d8f030 Thread added: 0x000001d4e87b6dd0
Event: 2.724 Thread 0x000001d4e87b6dd0 Thread added: 0x000001d4e8877960
Event: 2.730 Thread 0x000001d489d8f030 Thread added: 0x000001d4e8453370
Event: 3.810 Thread 0x000001d4e8453370 Thread added: 0x000001d4e8b68670
Event: 5.046 Thread 0x000001d4e8453370 Thread added: 0x000001d4e83e5de0
Event: 5.811 Thread 0x000001d4e8453370 Thread added: 0x000001d4e8d8aee0


Dynamic libraries:
0x00007ff7915c0000 - 0x00007ff7915ce000 	c:\Users\vitor\.vscode\extensions\redhat.java-1.53.0-win32-x64\jre\21.0.10-win32-x86_64\bin\java.exe
0x00007ffe16ea0000 - 0x00007ffe17107000 	C:\WINDOWS\SYSTEM32\ntdll.dll
0x00007ffe15940000 - 0x00007ffe15a09000 	C:\WINDOWS\System32\KERNEL32.DLL
0x00007ffe144b0000 - 0x00007ffe148a1000 	C:\WINDOWS\System32\KERNELBASE.dll
0x00007ffe0fe00000 - 0x00007ffe0fe9f000 	C:\WINDOWS\SYSTEM32\apphelp.dll
0x00007ffe137b0000 - 0x00007ffe138fb000 	C:\WINDOWS\System32\ucrtbase.dll
0x00007ffdf3860000 - 0x00007ffdf387e000 	c:\Users\vitor\.vscode\extensions\redhat.java-1.53.0-win32-x64\jre\21.0.10-win32-x86_64\bin\VCRUNTIME140.dll
0x00007ffdfc140000 - 0x00007ffdfc158000 	c:\Users\vitor\.vscode\extensions\redhat.java-1.53.0-win32-x64\jre\21.0.10-win32-x86_64\bin\jli.dll
0x00007ffe151f0000 - 0x00007ffe153b5000 	C:\WINDOWS\System32\USER32.dll
0x00007ffe13780000 - 0x00007ffe137a7000 	C:\WINDOWS\System32\win32u.dll
0x00007ffe12980000 - 0x00007ffe12c13000 	C:\WINDOWS\WinSxS\amd64_microsoft.windows.common-controls_6595b64144ccf1df_6.0.26100.8037_none_3e092faae333b53b\COMCTL32.dll
0x00007ffe14f50000 - 0x00007ffe14f7b000 	C:\WINDOWS\System32\GDI32.dll
0x00007ffe15bb0000 - 0x00007ffe15c59000 	C:\WINDOWS\System32\msvcrt.dll
0x00007ffe13a80000 - 0x00007ffe13bab000 	C:\WINDOWS\System32\gdi32full.dll
0x00007ffe14ad0000 - 0x00007ffe14b73000 	C:\WINDOWS\System32\msvcp_win.dll
0x00007ffe15750000 - 0x00007ffe15781000 	C:\WINDOWS\System32\IMM32.DLL
0x00007ffe0cea0000 - 0x00007ffe0ceac000 	c:\Users\vitor\.vscode\extensions\redhat.java-1.53.0-win32-x64\jre\21.0.10-win32-x86_64\bin\vcruntime140_1.dll
0x00007ffd97440000 - 0x00007ffd974cd000 	c:\Users\vitor\.vscode\extensions\redhat.java-1.53.0-win32-x64\jre\21.0.10-win32-x86_64\bin\msvcp140.dll
0x00007ffd87490000 - 0x00007ffd88231000 	c:\Users\vitor\.vscode\extensions\redhat.java-1.53.0-win32-x64\jre\21.0.10-win32-x86_64\bin\server\jvm.dll
0x00007ffe16da0000 - 0x00007ffe16e5b000 	C:\WINDOWS\System32\ADVAPI32.dll
0x00007ffe14de0000 - 0x00007ffe14e87000 	C:\WINDOWS\System32\sechost.dll
0x00007ffe16a20000 - 0x00007ffe16b38000 	C:\WINDOWS\System32\RPCRT4.dll
0x00007ffe157a0000 - 0x00007ffe15814000 	C:\WINDOWS\System32\WS2_32.dll
0x00007ffe135e0000 - 0x00007ffe1363e000 	C:\WINDOWS\SYSTEM32\POWRPROF.dll
0x00007ffe0ab30000 - 0x00007ffe0ab3b000 	C:\WINDOWS\SYSTEM32\VERSION.dll
0x00007ffe0aad0000 - 0x00007ffe0ab05000 	C:\WINDOWS\SYSTEM32\WINMM.dll
0x00007ffe135c0000 - 0x00007ffe135d4000 	C:\WINDOWS\SYSTEM32\UMPDC.dll
0x00007ffe11be0000 - 0x00007ffe11bfb000 	C:\WINDOWS\SYSTEM32\kernel.appcore.dll
0x00007ffe07b20000 - 0x00007ffe07b2a000 	c:\Users\vitor\.vscode\extensions\redhat.java-1.53.0-win32-x64\jre\21.0.10-win32-x86_64\bin\jimage.dll
0x00007ffe12f50000 - 0x00007ffe13192000 	C:\WINDOWS\SYSTEM32\DBGHELP.DLL
0x00007ffe153c0000 - 0x00007ffe15742000 	C:\WINDOWS\System32\combase.dll
0x00007ffe16100000 - 0x00007ffe161d7000 	C:\WINDOWS\System32\OLEAUT32.dll
0x00007ffe12e20000 - 0x00007ffe12e5b000 	C:\WINDOWS\SYSTEM32\dbgcore.DLL
0x00007ffe14a20000 - 0x00007ffe14ac5000 	C:\WINDOWS\System32\bcryptPrimitives.dll
0x00007ffe02280000 - 0x00007ffe0228f000 	c:\Users\vitor\.vscode\extensions\redhat.java-1.53.0-win32-x64\jre\21.0.10-win32-x86_64\bin\instrument.dll
0x00007ffdf0b20000 - 0x00007ffdf0b40000 	c:\Users\vitor\.vscode\extensions\redhat.java-1.53.0-win32-x64\jre\21.0.10-win32-x86_64\bin\java.dll
0x00007ffe161e0000 - 0x00007ffe1693f000 	C:\WINDOWS\System32\SHELL32.dll
0x00007ffe148b0000 - 0x00007ffe14a1a000 	C:\WINDOWS\System32\wintypes.dll
0x00007ffe13bb0000 - 0x00007ffe14414000 	C:\WINDOWS\System32\windows.storage.dll
0x00007ffe16ba0000 - 0x00007ffe16c97000 	C:\WINDOWS\System32\SHCORE.dll
0x00007ffe158d0000 - 0x00007ffe15937000 	C:\WINDOWS\System32\shlwapi.dll
0x00007ffe136a0000 - 0x00007ffe136c9000 	C:\WINDOWS\SYSTEM32\profapi.dll
0x00007ffdec810000 - 0x00007ffdec828000 	c:\Users\vitor\.vscode\extensions\redhat.java-1.53.0-win32-x64\jre\21.0.10-win32-x86_64\bin\zip.dll
0x00007ffdf1c10000 - 0x00007ffdf1c20000 	C:\Users\vitor\.vscode\extensions\redhat.java-1.53.0-win32-x64\jre\21.0.10-win32-x86_64\bin\net.dll
0x00007ffe0c2f0000 - 0x00007ffe0c417000 	C:\WINDOWS\SYSTEM32\WINHTTP.dll
0x00007ffe12110000 - 0x00007ffe1217b000 	C:\WINDOWS\system32\mswsock.dll
0x00007ffda03b0000 - 0x00007ffda03c6000 	C:\Users\vitor\.vscode\extensions\redhat.java-1.53.0-win32-x64\jre\21.0.10-win32-x86_64\bin\nio.dll
0x00007ffde4900000 - 0x00007ffde4910000 	c:\Users\vitor\.vscode\extensions\redhat.java-1.53.0-win32-x64\jre\21.0.10-win32-x86_64\bin\verify.dll
0x00007ffd973f0000 - 0x00007ffd97435000 	C:\Users\vitor\AppData\Roaming\Code\User\globalStorage\redhat.java\1.53.0\config_win\org.eclipse.equinox.launcher\org.eclipse.equinox.launcher.win32.win32.x86_64_1.3.0.v20260203-2149\eclipse_11919.dll
0x00007ffe15a10000 - 0x00007ffe15ba5000 	C:\WINDOWS\System32\ole32.dll

JVMTI agents:
c:\Users\vitor\.vscode\extensions\redhat.java-1.53.0-win32-x64\lombok\lombok-1.18.39-4050.jar path:c:\Users\vitor\.vscode\extensions\redhat.java-1.53.0-win32-x64\jre\21.0.10-win32-x86_64\bin\instrument.dll, loaded, initialized, instrumentlib options:none

dbghelp: loaded successfully - version: 4.0.5 - missing functions: none
symbol engine: initialized successfully - sym options: 0x614 - pdb path: .;c:\Users\vitor\.vscode\extensions\redhat.java-1.53.0-win32-x64\jre\21.0.10-win32-x86_64\bin;C:\WINDOWS\SYSTEM32;C:\WINDOWS\WinSxS\amd64_microsoft.windows.common-controls_6595b64144ccf1df_6.0.26100.8037_none_3e092faae333b53b;c:\Users\vitor\.vscode\extensions\redhat.java-1.53.0-win32-x64\jre\21.0.10-win32-x86_64\bin\server;C:\Users\vitor\AppData\Roaming\Code\User\globalStorage\redhat.java\1.53.0\config_win\org.eclipse.equinox.launcher\org.eclipse.equinox.launcher.win32.win32.x86_64_1.3.0.v20260203-2149

VM Arguments:
jvm_args: --add-modules=ALL-SYSTEM --add-opens=java.base/java.util=ALL-UNNAMED --add-opens=java.base/java.lang=ALL-UNNAMED --add-opens=java.base/sun.nio.fs=ALL-UNNAMED -Declipse.application=org.eclipse.jdt.ls.core.id1 -Dosgi.bundles.defaultStartLevel=4 -Declipse.product=org.eclipse.jdt.ls.core.product -Djava.import.generatesMetadataFilesAtProjectRoot=false -DDetectVMInstallationsJob.disabled=true -Dfile.encoding=utf8 -XX:+UseParallelGC -XX:GCTimeRatio=4 -XX:AdaptiveSizePolicyWeight=90 -Dsun.zip.disableMemoryMapping=true -Xmx2G -Xms100m -Xlog:disable -javaagent:c:\Users\vitor\.vscode\extensions\redhat.java-1.53.0-win32-x64\lombok\lombok-1.18.39-4050.jar -XX:+HeapDumpOnOutOfMemoryError -XX:HeapDumpPath=c:\Users\vitor\AppData\Roaming\Code\User\workspaceStorage\6831597da1bb03031f8b5526a28d0cb8\redhat.java -Daether.dependencyCollector.impl=bf 
java_command: c:\Users\vitor\.vscode\extensions\redhat.java-1.53.0-win32-x64\server\plugins\org.eclipse.equinox.launcher_1.7.100.v20251111-0406.jar -configuration c:\Users\vitor\AppData\Roaming\Code\User\globalStorage\redhat.java\1.53.0\config_win -data c:\Users\vitor\AppData\Roaming\Code\User\workspaceStorage\6831597da1bb03031f8b5526a28d0cb8\redhat.java\jdt_ws --pipe=\\.\pipe\lsp-6027a2756133ce4ba1d0ed30eceb7efa-sock
java_class_path (initial): c:\Users\vitor\.vscode\extensions\redhat.java-1.53.0-win32-x64\server\plugins\org.eclipse.equinox.launcher_1.7.100.v20251111-0406.jar
Launcher Type: SUN_STANDARD

[Global flags]
    uintx AdaptiveSizePolicyWeight                 = 90                                        {product} {command line}
     intx CICompilerCount                          = 4                                         {product} {ergonomic}
    uintx GCTimeRatio                              = 4                                         {product} {command line}
     bool HeapDumpOnOutOfMemoryError               = true                                   {manageable} {command line}
    ccstr HeapDumpPath                             = c:\Users\vitor\AppData\Roaming\Code\User\workspaceStorage\6831597da1bb03031f8b5526a28d0cb8\redhat.java         {manageable} {command line}
   size_t InitialHeapSize                          = 104857600                                 {product} {command line}
   size_t MaxHeapSize                              = 2147483648                                {product} {command line}
   size_t MaxNewSize                               = 715653120                                 {product} {ergonomic}
   size_t MinHeapDeltaBytes                        = 524288                                    {product} {ergonomic}
   size_t MinHeapSize                              = 104857600                                 {product} {command line}
   size_t NewSize                                  = 34603008                                  {product} {ergonomic}
    uintx NonNMethodCodeHeapSize                   = 5839372                                {pd product} {ergonomic}
    uintx NonProfiledCodeHeapSize                  = 122909434                              {pd product} {ergonomic}
   size_t OldSize                                  = 70254592                                  {product} {ergonomic}
    uintx ProfiledCodeHeapSize                     = 122909434                              {pd product} {ergonomic}
    uintx ReservedCodeCacheSize                    = 251658240                              {pd product} {ergonomic}
     bool SegmentedCodeCache                       = true                                      {product} {ergonomic}
   size_t SoftMaxHeapSize                          = 2147483648                             {manageable} {ergonomic}
     bool UseCompressedOops                        = true                           {product lp64_product} {ergonomic}
     bool UseLargePagesIndividualAllocation        = false                                  {pd product} {ergonomic}
     bool UseParallelGC                            = true                                      {product} {command line}

Logging:
Log output configuration:
 #0: stdout all=off uptime,level,tags foldmultilines=false
 #1: stderr all=off uptime,level,tags foldmultilines=false

Release file:
JAVA_VERSION="21.0.10" 
MODULES="java.base java.compiler java.datatransfer java.xml java.prefs java.desktop java.instrument java.logging java.management java.security.sasl java.naming java.rmi java.management.rmi java.net.http java.scripting java.security.jgss java.transaction.xa java.sql java.sql.rowset java.xml.crypto java.se java.smartcardio jdk.accessibility jdk.internal.jvmstat jdk.attach jdk.charsets jdk.internal.opt jdk.zipfs jdk.compiler jdk.crypto.ec jdk.crypto.cryptoki jdk.crypto.mscapi jdk.dynalink jdk.internal.ed jdk.editpad jdk.hotspot.agent jdk.httpserver jdk.internal.le jdk.internal.vm.ci jdk.internal.vm.compiler jdk.internal.vm.compiler.management jdk.jartool jdk.javadoc jdk.jcmd jdk.management jdk.management.agent jdk.jconsole jdk.jdeps jdk.jdwp.agent jdk.jdi jdk.jfr jdk.jshell jdk.jsobject jdk.jstatd jdk.localedata jdk.management.jfr jdk.naming.dns jdk.naming.rmi jdk.net jdk.nio.mapmode jdk.random jdk.sctp jdk.security.auth jdk.security.jgss jdk.unsupported jdk.unsupported.desktop jdk.xml.dom" 

Environment Variables:
JAVA_HOME=C:\Program Files\Eclipse Adoptium\jdk-21.0.9.10-hotspot\
PATH=C:\Users\vitor\AppData\Local\Programs\Microsoft VS Code;C:\Program Files\Eclipse Adoptium\jdk-21.0.9.10-hotspot\bin;C:\Program Files\Java\zulu17.56.15-ca-jdk17.0.14-win_x64\bin;C:\WINDOWS\system32;C:\WINDOWS;C:\WINDOWS\System32\Wbem;C:\WINDOWS\System32\WindowsPowerShell\v1.0\;C:\WINDOWS\System32\OpenSSH\;C:\xampp\php;C:\ProgramData\ComposerSetup\bin;C:\Program Files\Git\cmd;C:\Program Files\dotnet\;C:\Maven\apache-maven-3.9.9\bin;C:\MinGW\bin;%NVM_HOME%;%NVM_SYMLINK%;C:\Program Files\Docker\Docker\resources\bin;C:\Program Files\MySQL\MySQL Shell 8.0\bin\;C:\Users\vitor\AppData\Local\Programs\Python\Python313\Scripts\;C:\Users\vitor\AppData\Local\Programs\Python\Python313\;C:\Users\vitor\AppData\Local\Programs\Python\Launcher\;C:\Users\vitor\AppData\Local\Microsoft\WindowsApps;C:\Users\vitor\AppData\Local\Programs\Microsoft VS Code\bin;C:\Users\vitor\AppData\Roaming\Composer\vendor\bin;C:\Users\vitor\AppData\Roaming\npm;C:\Users\vitor\AppData\Local\nvm;C:\nvm4w\nodejs
USERNAME=vitor
OS=Windows_NT
PROCESSOR_IDENTIFIER=AMD64 Family 23 Model 104 Stepping 1, AuthenticAMD
TMP=C:\Users\vitor\AppData\Local\Temp
TEMP=C:\Users\vitor\AppData\Local\Temp




Periodic native trim disabled

---------------  S Y S T E M  ---------------

OS:
 Windows 11 , 64 bit Build 26100 (10.0.26100.7920)
OS uptime: 6 days 22:16 hours
Hyper-V role detected

CPU: total 12 (initial active 12) (12 cores per cpu, 2 threads per core) family 23 model 104 stepping 1 microcode 0x8608103, cx8, cmov, fxsr, ht, mmx, 3dnowpref, sse, sse2, sse3, ssse3, sse4a, sse4.1, sse4.2, popcnt, lzcnt, tsc, tscinvbit, avx, avx2, aes, clmul, bmi1, bmi2, adx, sha, fma, vzeroupper, clflush, clflushopt, hv, rdtscp, rdpid, f16c
Processor Information for processor 0
  Max Mhz: 2100, Current Mhz: 1893, Mhz Limit: 2100
Processor Information for processor 1
  Max Mhz: 2100, Current Mhz: 1893, Mhz Limit: 2100
Processor Information for processor 2
  Max Mhz: 2100, Current Mhz: 1893, Mhz Limit: 2100
Processor Information for processor 3
  Max Mhz: 2100, Current Mhz: 1893, Mhz Limit: 2100
Processor Information for processor 4
  Max Mhz: 2100, Current Mhz: 1893, Mhz Limit: 2100
Processor Information for processor 5
  Max Mhz: 2100, Current Mhz: 1893, Mhz Limit: 2100
Processor Information for processor 6
  Max Mhz: 2100, Current Mhz: 1893, Mhz Limit: 2100
Processor Information for processor 7
  Max Mhz: 2100, Current Mhz: 1893, Mhz Limit: 2100
Processor Information for processor 8
  Max Mhz: 2100, Current Mhz: 1893, Mhz Limit: 2100
Processor Information for processor 9
  Max Mhz: 2100, Current Mhz: 1893, Mhz Limit: 2100
Processor Information for processor 10
  Max Mhz: 2100, Current Mhz: 1813, Mhz Limit: 2100
Processor Information for processor 11
  Max Mhz: 2100, Current Mhz: 1813, Mhz Limit: 2100

Memory: 4k page, system-wide physical 6005M (380M free)
TotalPageFile size 24437M (AvailPageFile size 296M)
current process WorkingSet (physical memory assigned to process): 118M, peak: 118M
current process commit charge ("private bytes"): 262M, peak: 262M

vm_info: OpenJDK 64-Bit Server VM (21.0.10+7-LTS) for windows-amd64 JRE (21.0.10+7-LTS), built on 2026-01-20T00:00:00Z by "admin" with MS VC++ 17.12 (VS2022)

END.
