#
# There is insufficient memory for the Java Runtime Environment to continue.
# Native memory allocation (malloc) failed to allocate 1138256 bytes. Error detail: Chunk::new
# Possible reasons:
#   The system is out of physical RAM or swap space
#   This process is running with CompressedOops enabled, and the Java Heap may be blocking the growth of the native heap
# Possible solutions:
#   Reduce memory load on the system
#   Increase physical memory or swap space
#   Check if swap backing store is full
#   Decrease Java heap size (-Xmx/-Xms)
#   Decrease number of Java threads
#   Decrease Java thread stack sizes (-Xss)
#   Set larger code cache with -XX:ReservedCodeCacheSize=
#   JVM is running with Unscaled Compressed Oops mode in which the Java heap is
#     placed in the first 4GB address space. The Java Heap base address is the
#     maximum limit for the native heap growth. Please use -XX:HeapBaseMinAddress
#     to set the Java Heap base and to place the Java Heap above 4GB virtual address.
# This output file may be truncated or incomplete.
#
#  Out of Memory Error (arena.cpp:168), pid=31412, tid=44660
#
# JRE version: OpenJDK Runtime Environment Temurin-21.0.10+7 (21.0.10+7) (build 21.0.10+7-LTS)
# Java VM: OpenJDK 64-Bit Server VM Temurin-21.0.10+7 (21.0.10+7-LTS, mixed mode, sharing, tiered, compressed oops, compressed class ptrs, parallel gc, windows-amd64)
# No core dump will be written. Minidumps are not enabled by default on client versions of Windows
#

---------------  S U M M A R Y ------------

Command Line: --add-modules=ALL-SYSTEM --add-opens=java.base/java.util=ALL-UNNAMED --add-opens=java.base/java.lang=ALL-UNNAMED --add-opens=java.base/sun.nio.fs=ALL-UNNAMED -Declipse.application=org.eclipse.jdt.ls.core.id1 -Dosgi.bundles.defaultStartLevel=4 -Declipse.product=org.eclipse.jdt.ls.core.product -Djava.import.generatesMetadataFilesAtProjectRoot=false -DDetectVMInstallationsJob.disabled=true -Dfile.encoding=utf8 -XX:+UseParallelGC -XX:GCTimeRatio=4 -XX:AdaptiveSizePolicyWeight=90 -Dsun.zip.disableMemoryMapping=true -Xmx2G -Xms100m -Xlog:disable -javaagent:c:\Users\vitor\.vscode\extensions\redhat.java-1.53.0-win32-x64\lombok\lombok-1.18.39-4050.jar c:\Users\vitor\.vscode\extensions\redhat.java-1.53.0-win32-x64\server\plugins\org.eclipse.equinox.launcher_1.7.100.v20251111-0406.jar -configuration c:\Users\vitor\AppData\Roaming\Code\User\globalStorage\redhat.java\1.53.0\config_ss_win -data c:\Users\vitor\AppData\Roaming\Code\User\workspaceStorage\6831597da1bb03031f8b5526a28d0cb8\redhat.java\ss_ws --pipe=\\.\pipe\lsp-3c8acac324ad030acb6b27c85d48c698-sock

Host: AMD Ryzen 5 5500U with Radeon Graphics         , 12 cores, 5G,  Windows 11 , 64 bit Build 26100 (10.0.26100.7920)
Time: Mon Apr  6 14:19:49 2026 Hora oficial do Brasil elapsed time: 8.203730 seconds (0d 0h 0m 8s)

---------------  T H R E A D  ---------------

Current thread (0x0000019e67df6080):  JavaThread "C2 CompilerThread0" daemon [_thread_in_native, id=44660, stack(0x0000000cabb00000,0x0000000cabc00000) (1024K)]


Current CompileTask:
C2:8203 2746       4       org.lombokweb.asm.ClassReader::readMethod (1070 bytes)

Stack: [0x0000000cabb00000,0x0000000cabc00000]
Native frames: (J=compiled Java code, j=interpreted, Vv=VM code, C=native code)
V  [jvm.dll+0x6d7a39]
V  [jvm.dll+0x8b4b26]
V  [jvm.dll+0x8b70de]
V  [jvm.dll+0x8b77c3]
V  [jvm.dll+0x284346]
V  [jvm.dll+0xc66ed]
V  [jvm.dll+0xc6c31]
V  [jvm.dll+0x3bec01]
V  [jvm.dll+0x38b162]
V  [jvm.dll+0x38a5aa]
V  [jvm.dll+0x24c560]
V  [jvm.dll+0x24bb40]
V  [jvm.dll+0x1cb34e]
V  [jvm.dll+0x25b85d]
V  [jvm.dll+0x259dea]
V  [jvm.dll+0x3f857e]
V  [jvm.dll+0x85f59d]
V  [jvm.dll+0x6d626d]
C  [ucrtbase.dll+0x37b0]
C  [KERNEL32.DLL+0x2e8d7]
C  [ntdll.dll+0x8c48c]


---------------  P R O C E S S  ---------------

Threads class SMR info:
_java_thread_list=0x0000019e6f5a1a40, length=20, elements={
0x0000019e51361bd0, 0x0000019e67de95a0, 0x0000019e67de9e10, 0x0000019e67df0f60,
0x0000019e67df1d70, 0x0000019e67df47e0, 0x0000019e67df5240, 0x0000019e67df6080,
0x0000019e69156a90, 0x0000019e69326880, 0x0000019e69494520, 0x0000019e6a5db730,
0x0000019e6a5c2070, 0x0000019e6a5c29b0, 0x0000019e6a45d800, 0x0000019e6a5ea1f0,
0x0000019e6f149f60, 0x0000019e6f9b61b0, 0x0000019e6f6a8340, 0x0000019e6f6aa410
}

Java Threads: ( => current thread )
  0x0000019e51361bd0 JavaThread "main"                              [_thread_blocked, id=59872, stack(0x0000000cab100000,0x0000000cab200000) (1024K)]
  0x0000019e67de95a0 JavaThread "Reference Handler"          daemon [_thread_blocked, id=63316, stack(0x0000000cab500000,0x0000000cab600000) (1024K)]
  0x0000019e67de9e10 JavaThread "Finalizer"                  daemon [_thread_blocked, id=59152, stack(0x0000000cab600000,0x0000000cab700000) (1024K)]
  0x0000019e67df0f60 JavaThread "Signal Dispatcher"          daemon [_thread_blocked, id=65244, stack(0x0000000cab700000,0x0000000cab800000) (1024K)]
  0x0000019e67df1d70 JavaThread "Attach Listener"            daemon [_thread_blocked, id=66700, stack(0x0000000cab800000,0x0000000cab900000) (1024K)]
  0x0000019e67df47e0 JavaThread "Service Thread"             daemon [_thread_blocked, id=14744, stack(0x0000000cab900000,0x0000000caba00000) (1024K)]
  0x0000019e67df5240 JavaThread "Monitor Deflation Thread"   daemon [_thread_blocked, id=62268, stack(0x0000000caba00000,0x0000000cabb00000) (1024K)]
=>0x0000019e67df6080 JavaThread "C2 CompilerThread0"         daemon [_thread_in_native, id=44660, stack(0x0000000cabb00000,0x0000000cabc00000) (1024K)]
  0x0000019e69156a90 JavaThread "C1 CompilerThread0"         daemon [_thread_blocked, id=66328, stack(0x0000000cabc00000,0x0000000cabd00000) (1024K)]
  0x0000019e69326880 JavaThread "Common-Cleaner"             daemon [_thread_blocked, id=63732, stack(0x0000000cabd00000,0x0000000cabe00000) (1024K)]
  0x0000019e69494520 JavaThread "Notification Thread"        daemon [_thread_blocked, id=63016, stack(0x0000000cabe00000,0x0000000cabf00000) (1024K)]
  0x0000019e6a5db730 JavaThread "Active Thread: Equinox Container: fd36211e-5a53-48ce-93ae-456518f6a4a2"        [_thread_blocked, id=59332, stack(0x0000000cac500000,0x0000000cac600000) (1024K)]
  0x0000019e6a5c2070 JavaThread "Framework Event Dispatcher: Equinox Container: fd36211e-5a53-48ce-93ae-456518f6a4a2" daemon [_thread_blocked, id=66788, stack(0x0000000cac600000,0x0000000cac700000) (1024K)]
  0x0000019e6a5c29b0 JavaThread "Start Level: Equinox Container: fd36211e-5a53-48ce-93ae-456518f6a4a2" daemon [_thread_in_vm, id=6192, stack(0x0000000cac700000,0x0000000cac800000) (1024K)]
  0x0000019e6a45d800 JavaThread "SCR Component Actor"        daemon [_thread_blocked, id=62016, stack(0x0000000cac900000,0x0000000caca00000) (1024K)]
  0x0000019e6a5ea1f0 JavaThread "Worker-JM"                         [_thread_blocked, id=33236, stack(0x0000000caca00000,0x0000000cacb00000) (1024K)]
  0x0000019e6f149f60 JavaThread "JNA Cleaner"                daemon [_thread_blocked, id=50432, stack(0x0000000cacd00000,0x0000000cace00000) (1024K)]
  0x0000019e6f9b61b0 JavaThread "Worker-0"                          [_thread_blocked, id=59936, stack(0x0000000cace00000,0x0000000cacf00000) (1024K)]
  0x0000019e6f6a8340 JavaThread "Worker-1"                          [_thread_blocked, id=67216, stack(0x0000000cacf00000,0x0000000cad000000) (1024K)]
  0x0000019e6f6aa410 JavaThread "Java indexing"              daemon [_thread_blocked, id=66596, stack(0x0000000cad000000,0x0000000cad100000) (1024K)]
Total: 20

Other Threads:
  0x0000019e67de23d0 VMThread "VM Thread"                           [id=67128, stack(0x0000000cab400000,0x0000000cab500000) (1024K)]
  0x0000019e67cdca00 WatcherThread "VM Periodic Task Thread"        [id=62628, stack(0x0000000cab300000,0x0000000cab400000) (1024K)]
  0x0000019e513791e0 WorkerThread "GC Thread#0"                     [id=67488, stack(0x0000000cab200000,0x0000000cab300000) (1024K)]
  0x0000019e6a179640 WorkerThread "GC Thread#1"                     [id=63644, stack(0x0000000cabf00000,0x0000000cac000000) (1024K)]
  0x0000019e6a16afe0 WorkerThread "GC Thread#2"                     [id=66096, stack(0x0000000cac000000,0x0000000cac100000) (1024K)]
  0x0000019e6a16b390 WorkerThread "GC Thread#3"                     [id=63696, stack(0x0000000cac100000,0x0000000cac200000) (1024K)]
  0x0000019e6a3c91b0 WorkerThread "GC Thread#4"                     [id=65252, stack(0x0000000cac200000,0x0000000cac300000) (1024K)]
  0x0000019e6a3c9960 WorkerThread "GC Thread#5"                     [id=65768, stack(0x0000000cac300000,0x0000000cac400000) (1024K)]
  0x0000019e6a3c9d10 WorkerThread "GC Thread#6"                     [id=37792, stack(0x0000000cac400000,0x0000000cac500000) (1024K)]
  0x0000019e6a5bebc0 WorkerThread "GC Thread#7"                     [id=66524, stack(0x0000000cac800000,0x0000000cac900000) (1024K)]
  0x0000019e6f091930 WorkerThread "GC Thread#8"                     [id=40636, stack(0x0000000cacb00000,0x0000000cacc00000) (1024K)]
  0x0000019e6a80d940 WorkerThread "GC Thread#9"                     [id=63300, stack(0x0000000cacc00000,0x0000000cacd00000) (1024K)]
Total: 12

Threads with active compile tasks:
C2 CompilerThread0  8278 2746       4       org.lombokweb.asm.ClassReader::readMethod (1070 bytes)
Total: 1

VM state: not at safepoint (normal execution)

VM Mutex/Monitor currently owned by a thread: None

Heap address: 0x0000000080000000, size: 2048 MB, Compressed Oops mode: 32-bit

CDS archive(s) mapped at: [0x0000019e00000000-0x0000019e00ba0000-0x0000019e00ba0000), size 12189696, SharedBaseAddress: 0x0000019e00000000, ArchiveRelocationMode: 1.
Compressed class space mapped at: 0x0000019e01000000-0x0000019e41000000, reserved size: 1073741824
Narrow klass base: 0x0000019e00000000, Narrow klass shift: 0, Narrow klass range: 0x100000000

GC Precious Log:
 CardTable entry size: 512
 CPUs: 12 total, 12 available
 Memory: 6005M
 Large Page Support: Disabled
 NUMA Support: Disabled
 Compressed Oops: Enabled (32-bit)
 Alignments: Space 512K, Generation 512K, Heap 2M
 Heap Min Capacity: 100M
 Heap Initial Capacity: 100M
 Heap Max Capacity: 2G
 Pre-touch: Disabled
 Parallel Workers: 10

Heap:
 PSYoungGen      total 27136K, used 3436K [0x00000000d5580000, 0x00000000d7500000, 0x0000000100000000)
  eden space 24576K, 4% used [0x00000000d5580000,0x00000000d5680ee8,0x00000000d6d80000)
  from space 2560K, 94% used [0x00000000d6f80000,0x00000000d71da2b0,0x00000000d7200000)
  to   space 3072K, 0% used [0x00000000d7200000,0x00000000d7200000,0x00000000d7500000)
 ParOldGen       total 68608K, used 12952K [0x0000000080000000, 0x0000000084300000, 0x00000000d5580000)
  object space 68608K, 18% used [0x0000000080000000,0x0000000080ca6250,0x0000000084300000)
 Metaspace       used 23007K, committed 23744K, reserved 1114112K
  class space    used 2229K, committed 2560K, reserved 1048576K

Card table byte_map: [0x0000019e50cf0000,0x0000019e51100000] _byte_map_base: 0x0000019e508f0000

Marking Bits: (ParMarkBitMap*) 0x00007ffd88153450
 Begin Bits: [0x0000019e63800000, 0x0000019e65800000)
 End Bits:   [0x0000019e65800000, 0x0000019e67800000)

Polling page: 0x0000019e4f330000

Metaspace:

Usage:
  Non-class:     20.29 MB used.
      Class:      2.18 MB used.
       Both:     22.47 MB used.

Virtual space:
  Non-class space:       64.00 MB reserved,      20.69 MB ( 32%) committed,  1 nodes.
      Class space:        1.00 GB reserved,       2.50 MB ( <1%) committed,  1 nodes.
             Both:        1.06 GB reserved,      23.19 MB (  2%) committed. 

Chunk freelists:
   Non-Class:  11.28 MB
       Class:  13.42 MB
        Both:  24.70 MB

MaxMetaspaceSize: unlimited
CompressedClassSpaceSize: 1.00 GB
Initial GC threshold: 21.00 MB
Current GC threshold: 35.00 MB
CDS: on
 - commit_granule_bytes: 65536.
 - commit_granule_words: 8192.
 - virtual_space_node_default_size: 8388608.
 - enlarge_chunks_in_place: 1.
 - use_allocation_guard: 0.


Internal statistics:

num_allocs_failed_limit: 3.
num_arena_births: 510.
num_arena_deaths: 14.
num_vsnodes_births: 2.
num_vsnodes_deaths: 0.
num_space_committed: 372.
num_space_uncommitted: 0.
num_chunks_returned_to_freelist: 17.
num_chunks_taken_from_freelist: 1385.
num_chunk_merges: 9.
num_chunk_splits: 910.
num_chunks_enlarged: 590.
num_inconsistent_stats: 0.

CodeHeap 'non-profiled nmethods': size=120000Kb used=1199Kb max_used=1199Kb free=118800Kb
 bounds [0x0000019e5c020000, 0x0000019e5c290000, 0x0000019e63550000]
CodeHeap 'profiled nmethods': size=120000Kb used=5552Kb max_used=5552Kb free=114447Kb
 bounds [0x0000019e54550000, 0x0000019e54ac0000, 0x0000019e5ba80000]
CodeHeap 'non-nmethods': size=5760Kb used=1319Kb max_used=1319Kb free=4440Kb
 bounds [0x0000019e5ba80000, 0x0000019e5bcf0000, 0x0000019e5c020000]
CodeCache: size=245760Kb, used=8070Kb, max_used=8070Kb, free=237687Kb
 total_blobs=3465, nmethods=2861, adapters=510, full_count=0
Compilation: enabled, stopped_count=0, restarted_count=0

Compilation events (20 events):
Event: 7.147 Thread 0x0000019e69156a90 2845       3       java.lang.invoke.DirectMethodHandle::checkInitialized (28 bytes)
Event: 7.148 Thread 0x0000019e69156a90 nmethod 2845 0x0000019e54ab2590 code [0x0000019e54ab27a0, 0x0000019e54ab2c40]
Event: 7.148 Thread 0x0000019e69156a90 2848       3       java.lang.invoke.LambdaForm$MH/0x0000019e0117d400::invoke (39 bytes)
Event: 7.149 Thread 0x0000019e69156a90 nmethod 2848 0x0000019e54ab2e10 code [0x0000019e54ab3060, 0x0000019e54ab3d20]
Event: 7.160 Thread 0x0000019e69156a90 2851       3       java.net.URI::isOpaque (13 bytes)
Event: 7.161 Thread 0x0000019e69156a90 nmethod 2851 0x0000019e54ab4090 code [0x0000019e54ab4220, 0x0000019e54ab4380]
Event: 7.161 Thread 0x0000019e69156a90 2853       3       java.util.regex.Pattern$Slice::match (79 bytes)
Event: 7.161 Thread 0x0000019e69156a90 nmethod 2853 0x0000019e54ab4410 code [0x0000019e54ab4600, 0x0000019e54ab4a88]
Event: 7.161 Thread 0x0000019e69156a90 2852       3       java.util.regex.Matcher::matches (10 bytes)
Event: 7.162 Thread 0x0000019e69156a90 nmethod 2852 0x0000019e54ab4c10 code [0x0000019e54ab4dc0, 0x0000019e54ab4f08]
Event: 7.173 Thread 0x0000019e69156a90 2854       3       com.sun.org.apache.xerces.internal.utils.XMLSecurityManager::getOldSystemProperty (65 bytes)
Event: 7.173 Thread 0x0000019e69156a90 nmethod 2854 0x0000019e54ab4f90 code [0x0000019e54ab51a0, 0x0000019e54ab5778]
Event: 7.173 Thread 0x0000019e69156a90 2855       3       com.sun.org.apache.xerces.internal.utils.XMLSecurityManager$NameMap::values (10 bytes)
Event: 7.174 Thread 0x0000019e69156a90 nmethod 2855 0x0000019e54ab5a10 code [0x0000019e54ab5bc0, 0x0000019e54ab5e68]
Event: 7.174 Thread 0x0000019e69156a90 2856       3       com.sun.org.apache.xerces.internal.parsers.XML11Configuration::getPropertyState (23 bytes)
Event: 7.174 Thread 0x0000019e69156a90 nmethod 2856 0x0000019e54ab5f10 code [0x0000019e54ab6140, 0x0000019e54ab69f8]
Event: 7.175 Thread 0x0000019e69156a90 2857       3       com.sun.org.apache.xerces.internal.util.ParserConfigurationSettings::getPropertyState (35 bytes)
Event: 7.175 Thread 0x0000019e69156a90 nmethod 2857 0x0000019e54ab6d10 code [0x0000019e54ab6f00, 0x0000019e54ab7488]
Event: 7.175 Thread 0x0000019e69156a90 2858       3       com.sun.org.apache.xerces.internal.util.FeatureState::<init> (15 bytes)
Event: 7.176 Thread 0x0000019e69156a90 nmethod 2858 0x0000019e54ab7690 code [0x0000019e54ab7840, 0x0000019e54ab79d0]

GC Heap History (14 events):
Event: 1.547 GC heap before
{Heap before GC invocations=1 (full 0):
 PSYoungGen      total 29696K, used 25600K [0x00000000d5580000, 0x00000000d7680000, 0x0000000100000000)
  eden space 25600K, 100% used [0x00000000d5580000,0x00000000d6e80000,0x00000000d6e80000)
  from space 4096K, 0% used [0x00000000d7280000,0x00000000d7280000,0x00000000d7680000)
  to   space 4096K, 0% used [0x00000000d6e80000,0x00000000d6e80000,0x00000000d7280000)
 ParOldGen       total 68608K, used 0K [0x0000000080000000, 0x0000000084300000, 0x00000000d5580000)
  object space 68608K, 0% used [0x0000000080000000,0x0000000080000000,0x0000000084300000)
 Metaspace       used 4344K, committed 4608K, reserved 1114112K
  class space    used 474K, committed 576K, reserved 1048576K
}
Event: 1.562 GC heap after
{Heap after GC invocations=1 (full 0):
 PSYoungGen      total 29696K, used 3303K [0x00000000d5580000, 0x00000000d7680000, 0x0000000100000000)
  eden space 25600K, 0% used [0x00000000d5580000,0x00000000d5580000,0x00000000d6e80000)
  from space 4096K, 80% used [0x00000000d6e80000,0x00000000d71b9e98,0x00000000d7280000)
  to   space 4096K, 0% used [0x00000000d7280000,0x00000000d7280000,0x00000000d7680000)
 ParOldGen       total 68608K, used 16K [0x0000000080000000, 0x0000000084300000, 0x00000000d5580000)
  object space 68608K, 0% used [0x0000000080000000,0x0000000080004000,0x0000000084300000)
 Metaspace       used 4344K, committed 4608K, reserved 1114112K
  class space    used 474K, committed 576K, reserved 1048576K
}
Event: 2.964 GC heap before
{Heap before GC invocations=2 (full 0):
 PSYoungGen      total 29696K, used 28903K [0x00000000d5580000, 0x00000000d7680000, 0x0000000100000000)
  eden space 25600K, 100% used [0x00000000d5580000,0x00000000d6e80000,0x00000000d6e80000)
  from space 4096K, 80% used [0x00000000d6e80000,0x00000000d71b9e98,0x00000000d7280000)
  to   space 4096K, 0% used [0x00000000d7280000,0x00000000d7280000,0x00000000d7680000)
 ParOldGen       total 68608K, used 16K [0x0000000080000000, 0x0000000084300000, 0x00000000d5580000)
  object space 68608K, 0% used [0x0000000080000000,0x0000000080004000,0x0000000084300000)
 Metaspace       used 8117K, committed 8384K, reserved 1114112K
  class space    used 857K, committed 960K, reserved 1048576K
}
Event: 2.973 GC heap after
{Heap after GC invocations=2 (full 0):
 PSYoungGen      total 29696K, used 4091K [0x00000000d5580000, 0x00000000d7680000, 0x0000000100000000)
  eden space 25600K, 0% used [0x00000000d5580000,0x00000000d5580000,0x00000000d6e80000)
  from space 4096K, 99% used [0x00000000d7280000,0x00000000d767efe8,0x00000000d7680000)
  to   space 4096K, 0% used [0x00000000d6e80000,0x00000000d6e80000,0x00000000d7280000)
 ParOldGen       total 68608K, used 1115K [0x0000000080000000, 0x0000000084300000, 0x00000000d5580000)
  object space 68608K, 1% used [0x0000000080000000,0x0000000080116fd8,0x0000000084300000)
 Metaspace       used 8117K, committed 8384K, reserved 1114112K
  class space    used 857K, committed 960K, reserved 1048576K
}
Event: 4.010 GC heap before
{Heap before GC invocations=3 (full 0):
 PSYoungGen      total 29696K, used 29691K [0x00000000d5580000, 0x00000000d7680000, 0x0000000100000000)
  eden space 25600K, 100% used [0x00000000d5580000,0x00000000d6e80000,0x00000000d6e80000)
  from space 4096K, 99% used [0x00000000d7280000,0x00000000d767efe8,0x00000000d7680000)
  to   space 4096K, 0% used [0x00000000d6e80000,0x00000000d6e80000,0x00000000d7280000)
 ParOldGen       total 68608K, used 1115K [0x0000000080000000, 0x0000000084300000, 0x00000000d5580000)
  object space 68608K, 1% used [0x0000000080000000,0x0000000080116fd8,0x0000000084300000)
 Metaspace       used 12942K, committed 13440K, reserved 1114112K
  class space    used 1369K, committed 1600K, reserved 1048576K
}
Event: 4.018 GC heap after
{Heap after GC invocations=3 (full 0):
 PSYoungGen      total 29696K, used 4074K [0x00000000d5580000, 0x00000000d7680000, 0x0000000100000000)
  eden space 25600K, 0% used [0x00000000d5580000,0x00000000d5580000,0x00000000d6e80000)
  from space 4096K, 99% used [0x00000000d6e80000,0x00000000d727a9c8,0x00000000d7280000)
  to   space 4096K, 0% used [0x00000000d7280000,0x00000000d7280000,0x00000000d7680000)
 ParOldGen       total 68608K, used 2876K [0x0000000080000000, 0x0000000084300000, 0x00000000d5580000)
  object space 68608K, 4% used [0x0000000080000000,0x00000000802cf0f0,0x0000000084300000)
 Metaspace       used 12942K, committed 13440K, reserved 1114112K
  class space    used 1369K, committed 1600K, reserved 1048576K
}
Event: 5.694 GC heap before
{Heap before GC invocations=4 (full 0):
 PSYoungGen      total 29696K, used 29674K [0x00000000d5580000, 0x00000000d7680000, 0x0000000100000000)
  eden space 25600K, 100% used [0x00000000d5580000,0x00000000d6e80000,0x00000000d6e80000)
  from space 4096K, 99% used [0x00000000d6e80000,0x00000000d727a9c8,0x00000000d7280000)
  to   space 4096K, 0% used [0x00000000d7280000,0x00000000d7280000,0x00000000d7680000)
 ParOldGen       total 68608K, used 2876K [0x0000000080000000, 0x0000000084300000, 0x00000000d5580000)
  object space 68608K, 4% used [0x0000000080000000,0x00000000802cf0f0,0x0000000084300000)
 Metaspace       used 15948K, committed 16576K, reserved 1114112K
  class space    used 1700K, committed 1984K, reserved 1048576K
}
Event: 5.703 GC heap after
{Heap after GC invocations=4 (full 0):
 PSYoungGen      total 29696K, used 4084K [0x00000000d5580000, 0x00000000d7680000, 0x0000000100000000)
  eden space 25600K, 0% used [0x00000000d5580000,0x00000000d5580000,0x00000000d6e80000)
  from space 4096K, 99% used [0x00000000d7280000,0x00000000d767d210,0x00000000d7680000)
  to   space 4096K, 0% used [0x00000000d6e80000,0x00000000d6e80000,0x00000000d7280000)
 ParOldGen       total 68608K, used 8222K [0x0000000080000000, 0x0000000084300000, 0x00000000d5580000)
  object space 68608K, 11% used [0x0000000080000000,0x00000000808078b0,0x0000000084300000)
 Metaspace       used 15948K, committed 16576K, reserved 1114112K
  class space    used 1700K, committed 1984K, reserved 1048576K
}
Event: 6.367 GC heap before
{Heap before GC invocations=5 (full 0):
 PSYoungGen      total 29696K, used 29684K [0x00000000d5580000, 0x00000000d7680000, 0x0000000100000000)
  eden space 25600K, 100% used [0x00000000d5580000,0x00000000d6e80000,0x00000000d6e80000)
  from space 4096K, 99% used [0x00000000d7280000,0x00000000d767d210,0x00000000d7680000)
  to   space 4096K, 0% used [0x00000000d6e80000,0x00000000d6e80000,0x00000000d7280000)
 ParOldGen       total 68608K, used 8222K [0x0000000080000000, 0x0000000084300000, 0x00000000d5580000)
  object space 68608K, 11% used [0x0000000080000000,0x00000000808078b0,0x0000000084300000)
 Metaspace       used 19296K, committed 19968K, reserved 1114112K
  class space    used 1916K, committed 2240K, reserved 1048576K
}
Event: 6.373 GC heap after
{Heap after GC invocations=5 (full 0):
 PSYoungGen      total 29184K, used 4085K [0x00000000d5580000, 0x00000000d7b00000, 0x0000000100000000)
  eden space 25088K, 0% used [0x00000000d5580000,0x00000000d5580000,0x00000000d6e00000)
  from space 4096K, 99% used [0x00000000d6e80000,0x00000000d727d610,0x00000000d7280000)
  to   space 6656K, 0% used [0x00000000d7480000,0x00000000d7480000,0x00000000d7b00000)
 ParOldGen       total 68608K, used 8759K [0x0000000080000000, 0x0000000084300000, 0x00000000d5580000)
  object space 68608K, 12% used [0x0000000080000000,0x000000008088dfe0,0x0000000084300000)
 Metaspace       used 19296K, committed 19968K, reserved 1114112K
  class space    used 1916K, committed 2240K, reserved 1048576K
}
Event: 6.653 GC heap before
{Heap before GC invocations=6 (full 0):
 PSYoungGen      total 29184K, used 16121K [0x00000000d5580000, 0x00000000d7b00000, 0x0000000100000000)
  eden space 25088K, 47% used [0x00000000d5580000,0x00000000d6140fa8,0x00000000d6e00000)
  from space 4096K, 99% used [0x00000000d6e80000,0x00000000d727d610,0x00000000d7280000)
  to   space 6656K, 0% used [0x00000000d7480000,0x00000000d7480000,0x00000000d7b00000)
 ParOldGen       total 68608K, used 8759K [0x0000000080000000, 0x0000000084300000, 0x00000000d5580000)
  object space 68608K, 12% used [0x0000000080000000,0x000000008088dfe0,0x0000000084300000)
 Metaspace       used 20857K, committed 21504K, reserved 1114112K
  class space    used 2052K, committed 2368K, reserved 1048576K
}
Event: 6.659 GC heap after
{Heap after GC invocations=6 (full 0):
 PSYoungGen      total 30208K, used 4656K [0x00000000d5580000, 0x00000000d7980000, 0x0000000100000000)
  eden space 25088K, 0% used [0x00000000d5580000,0x00000000d5580000,0x00000000d6e00000)
  from space 5120K, 90% used [0x00000000d7480000,0x00000000d790c1d0,0x00000000d7980000)
  to   space 5120K, 0% used [0x00000000d6f80000,0x00000000d6f80000,0x00000000d7480000)
 ParOldGen       total 68608K, used 8759K [0x0000000080000000, 0x0000000084300000, 0x00000000d5580000)
  object space 68608K, 12% used [0x0000000080000000,0x000000008088dfe0,0x0000000084300000)
 Metaspace       used 20857K, committed 21504K, reserved 1114112K
  class space    used 2052K, committed 2368K, reserved 1048576K
}
Event: 6.659 GC heap before
{Heap before GC invocations=7 (full 1):
 PSYoungGen      total 30208K, used 4656K [0x00000000d5580000, 0x00000000d7980000, 0x0000000100000000)
  eden space 25088K, 0% used [0x00000000d5580000,0x00000000d5580000,0x00000000d6e00000)
  from space 5120K, 90% used [0x00000000d7480000,0x00000000d790c1d0,0x00000000d7980000)
  to   space 5120K, 0% used [0x00000000d6f80000,0x00000000d6f80000,0x00000000d7480000)
 ParOldGen       total 68608K, used 8759K [0x0000000080000000, 0x0000000084300000, 0x00000000d5580000)
  object space 68608K, 12% used [0x0000000080000000,0x000000008088dfe0,0x0000000084300000)
 Metaspace       used 20857K, committed 21504K, reserved 1114112K
  class space    used 2052K, committed 2368K, reserved 1048576K
}
Event: 6.715 GC heap after
{Heap after GC invocations=7 (full 1):
 PSYoungGen      total 30208K, used 0K [0x00000000d5580000, 0x00000000d7980000, 0x0000000100000000)
  eden space 25088K, 0% used [0x00000000d5580000,0x00000000d5580000,0x00000000d6e00000)
  from space 5120K, 0% used [0x00000000d7480000,0x00000000d7480000,0x00000000d7980000)
  to   space 5120K, 0% used [0x00000000d6f80000,0x00000000d6f80000,0x00000000d7480000)
 ParOldGen       total 68608K, used 12944K [0x0000000080000000, 0x0000000084300000, 0x00000000d5580000)
  object space 68608K, 18% used [0x0000000080000000,0x0000000080ca4250,0x0000000084300000)
 Metaspace       used 20844K, committed 21504K, reserved 1114112K
  class space    used 2048K, committed 2368K, reserved 1048576K
}

Dll operation events (10 events):
Event: 0.158 Loaded shared library c:\Users\vitor\.vscode\extensions\redhat.java-1.53.0-win32-x64\jre\21.0.10-win32-x86_64\bin\java.dll
Event: 0.290 Loaded shared library c:\Users\vitor\.vscode\extensions\redhat.java-1.53.0-win32-x64\jre\21.0.10-win32-x86_64\bin\zip.dll
Event: 0.332 Loaded shared library C:\Users\vitor\.vscode\extensions\redhat.java-1.53.0-win32-x64\jre\21.0.10-win32-x86_64\bin\instrument.dll
Event: 0.344 Loaded shared library C:\Users\vitor\.vscode\extensions\redhat.java-1.53.0-win32-x64\jre\21.0.10-win32-x86_64\bin\net.dll
Event: 0.350 Loaded shared library C:\Users\vitor\.vscode\extensions\redhat.java-1.53.0-win32-x64\jre\21.0.10-win32-x86_64\bin\nio.dll
Event: 0.357 Loaded shared library C:\Users\vitor\.vscode\extensions\redhat.java-1.53.0-win32-x64\jre\21.0.10-win32-x86_64\bin\zip.dll
Event: 0.395 Loaded shared library C:\Users\vitor\.vscode\extensions\redhat.java-1.53.0-win32-x64\jre\21.0.10-win32-x86_64\bin\jimage.dll
Event: 0.565 Loaded shared library c:\Users\vitor\.vscode\extensions\redhat.java-1.53.0-win32-x64\jre\21.0.10-win32-x86_64\bin\verify.dll
Event: 2.941 Loaded shared library C:\Users\vitor\AppData\Roaming\Code\User\globalStorage\redhat.java\1.53.0\config_ss_win\org.eclipse.equinox.launcher\org.eclipse.equinox.launcher.win32.win32.x86_64_1.3.0.v20260203-2149\eclipse_11919.dll
Event: 5.385 Loaded shared library C:\Users\vitor\AppData\Local\Temp\jna-112218564\jna16921876519329597938.dll

Deoptimization events (20 events):
Event: 5.830 Thread 0x0000019e6a5c29b0 DEOPT PACKING pc=0x0000019e5c102994 sp=0x0000000cac7ef790
Event: 5.830 Thread 0x0000019e6a5c29b0 DEOPT UNPACKING pc=0x0000019e5bad3aa2 sp=0x0000000cac7ef738 mode 2
Event: 5.830 Thread 0x0000019e6a5c29b0 Uncommon trap: trap_request=0xffffffde fr.pc=0x0000019e5c102994 relative=0x00000000000003b4
Event: 5.830 Thread 0x0000019e6a5c29b0 Uncommon trap: reason=class_check action=maybe_recompile pc=0x0000019e5c102994 method=java.util.regex.Pattern$BmpCharPropertyGreedy.match(Ljava/util/regex/Matcher;ILjava/lang/CharSequence;)Z @ 70 c2
Event: 5.830 Thread 0x0000019e6a5c29b0 DEOPT PACKING pc=0x0000019e5c102994 sp=0x0000000cac7ef5e0
Event: 5.830 Thread 0x0000019e6a5c29b0 DEOPT UNPACKING pc=0x0000019e5bad3aa2 sp=0x0000000cac7ef588 mode 2
Event: 6.560 Thread 0x0000019e6a5c29b0 Uncommon trap: trap_request=0xffffff45 fr.pc=0x0000019e5c149cec relative=0x000000000000014c
Event: 6.560 Thread 0x0000019e6a5c29b0 Uncommon trap: reason=unstable_if action=reinterpret pc=0x0000019e5c149cec method=org.lombokweb.asm.ByteVector.putByteArray([BII)Lorg/lombokweb/asm/ByteVector; @ 20 c2
Event: 6.560 Thread 0x0000019e6a5c29b0 DEOPT PACKING pc=0x0000019e5c149cec sp=0x0000000cac7f2970
Event: 6.560 Thread 0x0000019e6a5c29b0 DEOPT UNPACKING pc=0x0000019e5bad3aa2 sp=0x0000000cac7f2940 mode 2
Event: 6.560 Thread 0x0000019e6a5c29b0 Uncommon trap: trap_request=0xffffff45 fr.pc=0x0000019e5c147c24 relative=0x0000000000000364
Event: 6.560 Thread 0x0000019e6a5c29b0 Uncommon trap: reason=unstable_if action=reinterpret pc=0x0000019e5c147c24 method=org.lombokweb.asm.Label.resolve([BLorg/lombokweb/asm/ByteVector;I)Z @ 81 c2
Event: 6.560 Thread 0x0000019e6a5c29b0 DEOPT PACKING pc=0x0000019e5c147c24 sp=0x0000000cac7f2a00
Event: 6.560 Thread 0x0000019e6a5c29b0 DEOPT UNPACKING pc=0x0000019e5bad3aa2 sp=0x0000000cac7f2908 mode 2
Event: 7.125 Thread 0x0000019e6a5c29b0 DEOPT PACKING pc=0x0000019e5466dea6 sp=0x0000000cac7f7fe0
Event: 7.125 Thread 0x0000019e6a5c29b0 DEOPT UNPACKING pc=0x0000019e5bad4242 sp=0x0000000cac7f74d8 mode 0
Event: 7.126 Thread 0x0000019e6a5c29b0 DEOPT PACKING pc=0x0000019e5466dea6 sp=0x0000000cac7f7fe0
Event: 7.126 Thread 0x0000019e6a5c29b0 DEOPT UNPACKING pc=0x0000019e5bad4242 sp=0x0000000cac7f74d8 mode 0
Event: 7.128 Thread 0x0000019e6a5c29b0 DEOPT PACKING pc=0x0000019e5466dea6 sp=0x0000000cac7f7fe0
Event: 7.128 Thread 0x0000019e6a5c29b0 DEOPT UNPACKING pc=0x0000019e5bad4242 sp=0x0000000cac7f74d8 mode 0

Classes loaded (20 events):
Event: 7.184 Loading class com/sun/org/apache/xerces/internal/dom/NodeListCache done
Event: 7.185 Loading class com/sun/org/apache/xerces/internal/dom/DeferredDocumentImpl$RefCount
Event: 7.185 Loading class com/sun/org/apache/xerces/internal/dom/DeferredDocumentImpl$RefCount done
Event: 7.187 Loading class com/sun/org/apache/xerces/internal/dom/DeferredElementImpl
Event: 7.187 Loading class com/sun/org/apache/xerces/internal/dom/DeferredElementImpl done
Event: 7.188 Loading class com/sun/org/apache/xerces/internal/dom/DeepNodeListImpl
Event: 7.188 Loading class com/sun/org/apache/xerces/internal/dom/DeepNodeListImpl done
Event: 7.188 Loading class com/sun/org/apache/xerces/internal/dom/DeferredTextImpl
Event: 7.188 Loading class com/sun/org/apache/xerces/internal/dom/TextImpl
Event: 7.189 Loading class org/w3c/dom/CharacterData
Event: 7.189 Loading class org/w3c/dom/CharacterData done
Event: 7.189 Loading class org/w3c/dom/Text
Event: 7.189 Loading class org/w3c/dom/Text done
Event: 7.189 Loading class com/sun/org/apache/xerces/internal/dom/CharacterDataImpl
Event: 7.190 Loading class com/sun/org/apache/xerces/internal/dom/CharacterDataImpl done
Event: 7.190 Loading class com/sun/org/apache/xerces/internal/dom/TextImpl done
Event: 7.190 Loading class com/sun/org/apache/xerces/internal/dom/DeferredTextImpl done
Event: 7.190 Loading class com/sun/org/apache/xerces/internal/dom/CharacterDataImpl$1
Event: 7.190 Loading class com/sun/org/apache/xerces/internal/dom/CharacterDataImpl$1 done
Event: 7.190 Loading class com/sun/org/apache/xerces/internal/dom/AttributeMap

Classes unloaded (7 events):
Event: 6.670 Thread 0x0000019e67de23d0 Unloading class 0x0000019e01190c00 'java/lang/invoke/LambdaForm$MH+0x0000019e01190c00'
Event: 6.670 Thread 0x0000019e67de23d0 Unloading class 0x0000019e01190800 'java/lang/invoke/LambdaForm$MH+0x0000019e01190800'
Event: 6.670 Thread 0x0000019e67de23d0 Unloading class 0x0000019e01190400 'java/lang/invoke/LambdaForm$MH+0x0000019e01190400'
Event: 6.670 Thread 0x0000019e67de23d0 Unloading class 0x0000019e01190000 'java/lang/invoke/LambdaForm$MH+0x0000019e01190000'
Event: 6.670 Thread 0x0000019e67de23d0 Unloading class 0x0000019e0118fc00 'java/lang/invoke/LambdaForm$BMH+0x0000019e0118fc00'
Event: 6.670 Thread 0x0000019e67de23d0 Unloading class 0x0000019e0118f800 'java/lang/invoke/LambdaForm$DMH+0x0000019e0118f800'
Event: 6.670 Thread 0x0000019e67de23d0 Unloading class 0x0000019e0118e400 'java/lang/invoke/LambdaForm$DMH+0x0000019e0118e400'

Classes redefined (0 events):
No events

Internal exceptions (20 events):
Event: 5.453 Thread 0x0000019e6a5c29b0 Exception <a 'java/lang/NoSuchMethodError'{0x00000000d6a19e20}: 'void java.lang.invoke.DelegatingMethodHandle$Holder.reinvoke_L(java.lang.Object, java.lang.Object, int)'> (0x00000000d6a19e20) 
thrown [s\src\hotspot\share\interpreter\linkResolver.cpp, line 773]
Event: 5.454 Thread 0x0000019e6a5c29b0 Exception <a 'java/lang/NoSuchMethodError'{0x00000000d6a20b08}: 'int java.lang.invoke.Invokers$Holder.invokeExact_MT(java.lang.Object, java.lang.Object, java.lang.Object)'> (0x00000000d6a20b08) 
thrown [s\src\hotspot\share\interpreter\linkResolver.cpp, line 773]
Event: 5.505 Thread 0x0000019e6a5c29b0 Exception <a 'java/lang/NoSuchMethodError'{0x00000000d6b2c9c8}: 'void java.lang.invoke.Invokers$Holder.invokeExact_MT(java.lang.Object, java.lang.Object, int, java.lang.Object)'> (0x00000000d6b2c9c8) 
thrown [s\src\hotspot\share\interpreter\linkResolver.cpp, line 773]
Event: 5.576 Thread 0x0000019e6a5c29b0 Exception <a 'java/lang/NoSuchMethodError'{0x00000000d6c30718}: 'java.lang.Object java.lang.invoke.DirectMethodHandle$Holder.invokeSpecial(java.lang.Object, java.lang.Object, java.lang.Object, long, java.lang.Object)'> (0x00000000d6c30718) 
thrown [s\src\hotspot\share\interpreter\linkResolver.cpp, line 773]
Event: 5.578 Thread 0x0000019e6a5c29b0 Exception <a 'java/lang/NoSuchMethodError'{0x00000000d6c37f60}: 'java.lang.Object java.lang.invoke.DirectMethodHandle$Holder.newInvokeSpecial(java.lang.Object, java.lang.Object, java.lang.Object, long)'> (0x00000000d6c37f60) 
thrown [s\src\hotspot\share\interpreter\linkResolver.cpp, line 773]
Event: 5.579 Thread 0x0000019e6a5c29b0 Exception <a 'java/lang/NoSuchMethodError'{0x00000000d6c3c310}: 'java.lang.Object java.lang.invoke.DirectMethodHandle$Holder.invokeSpecial(java.lang.Object, java.lang.Object, java.lang.Object, java.lang.Object, long)'> (0x00000000d6c3c310) 
thrown [s\src\hotspot\share\interpreter\linkResolver.cpp, line 773]
Event: 5.580 Thread 0x0000019e6a5c29b0 Exception <a 'java/lang/NoSuchMethodError'{0x00000000d6c3ff30}: 'java.lang.Object java.lang.invoke.Invokers$Holder.linkToTargetMethod(java.lang.Object, java.lang.Object, long, java.lang.Object)'> (0x00000000d6c3ff30) 
thrown [s\src\hotspot\share\interpreter\linkResolver.cpp, line 773]
Event: 5.600 Thread 0x0000019e6a5c29b0 Exception <a 'java/lang/NoSuchMethodError'{0x00000000d6cb1f08}: 'int java.lang.invoke.DirectMethodHandle$Holder.invokeStaticInit(java.lang.Object, java.lang.Object, java.lang.Object)'> (0x00000000d6cb1f08) 
thrown [s\src\hotspot\share\interpreter\linkResolver.cpp, line 773]
Event: 5.625 Thread 0x0000019e6a5c29b0 Exception <a 'java/lang/IncompatibleClassChangeError'{0x00000000d6d40f80}: Found class java.lang.Object, but interface was expected> (0x00000000d6d40f80) 
thrown [s\src\hotspot\share\interpreter\linkResolver.cpp, line 840]
Event: 5.641 Thread 0x0000019e6a5c29b0 Exception <a 'java/lang/NoSuchMethodError'{0x00000000d6d54168}: 'java.lang.Object java.lang.invoke.DirectMethodHandle$Holder.invokeSpecial(java.lang.Object, java.lang.Object, java.lang.Object, int, java.lang.Object, java.lang.Object)'> (0x00000000d6d54168) 
thrown [s\src\hotspot\share\interpreter\linkResolver.cpp, line 773]
Event: 5.643 Thread 0x0000019e6a5c29b0 Exception <a 'java/lang/NoSuchMethodError'{0x00000000d6d5bc40}: 'java.lang.Object java.lang.invoke.DirectMethodHandle$Holder.newInvokeSpecial(java.lang.Object, java.lang.Object, java.lang.Object, int, java.lang.Object)'> (0x00000000d6d5bc40) 
thrown [s\src\hotspot\share\interpreter\linkResolver.cpp, line 773]
Event: 5.644 Thread 0x0000019e6a5c29b0 Exception <a 'java/lang/NoSuchMethodError'{0x00000000d6d5fbc0}: 'java.lang.Object java.lang.invoke.DirectMethodHandle$Holder.invokeSpecial(java.lang.Object, java.lang.Object, java.lang.Object, java.lang.Object, int, java.lang.Object)'> (0x00000000d6d5fbc0) 
thrown [s\src\hotspot\share\interpreter\linkResolver.cpp, line 773]
Event: 5.645 Thread 0x0000019e6a5c29b0 Exception <a 'java/lang/NoSuchMethodError'{0x00000000d6d63700}: 'java.lang.Object java.lang.invoke.Invokers$Holder.linkToTargetMethod(java.lang.Object, java.lang.Object, int, java.lang.Object, java.lang.Object)'> (0x00000000d6d63700) 
thrown [s\src\hotspot\share\interpreter\linkResolver.cpp, line 773]
Event: 5.647 Thread 0x0000019e6f9b61b0 Exception <a 'java/lang/NoSuchMethodError'{0x00000000d6c7b628}: 'java.lang.Object java.lang.invoke.DirectMethodHandle$Holder.invokeSpecial(java.lang.Object, java.lang.Object, int, java.lang.Object, java.lang.Object)'> (0x00000000d6c7b628) 
thrown [s\src\hotspot\share\interpreter\linkResolver.cpp, line 773]
Event: 5.648 Thread 0x0000019e6f9b61b0 Exception <a 'java/lang/NoSuchMethodError'{0x00000000d6c82360}: 'java.lang.Object java.lang.invoke.DirectMethodHandle$Holder.newInvokeSpecial(java.lang.Object, java.lang.Object, int, java.lang.Object)'> (0x00000000d6c82360) 
thrown [s\src\hotspot\share\interpreter\linkResolver.cpp, line 773]
Event: 5.650 Thread 0x0000019e6f9b61b0 Exception <a 'java/lang/NoSuchMethodError'{0x00000000d6c85c40}: 'java.lang.Object java.lang.invoke.DirectMethodHandle$Holder.invokeSpecial(java.lang.Object, java.lang.Object, java.lang.Object, int, java.lang.Object)'> (0x00000000d6c85c40) 
thrown [s\src\hotspot\share\interpreter\linkResolver.cpp, line 773]
Event: 5.704 Thread 0x0000019e6a5c29b0 Exception <a 'java/lang/NoSuchMethodError'{0x00000000d5581958}: 'void java.lang.invoke.DirectMethodHandle$Holder.invokeSpecial(java.lang.Object, java.lang.Object, java.lang.Object, java.lang.Object, java.lang.Object)'> (0x00000000d5581958) 
thrown [s\src\hotspot\share\interpreter\linkResolver.cpp, line 773]
Event: 5.780 Thread 0x0000019e6a5c29b0 Exception <a 'java/lang/NoSuchMethodError'{0x00000000d57e3378}: 'double java.lang.invoke.DirectMethodHandle$Holder.invokeStatic(java.lang.Object, java.lang.Object)'> (0x00000000d57e3378) 
thrown [s\src\hotspot\share\interpreter\linkResolver.cpp, line 773]
Event: 5.780 Thread 0x0000019e6a5c29b0 Exception <a 'java/lang/NoSuchMethodError'{0x00000000d57e6a38}: 'double java.lang.invoke.DirectMethodHandle$Holder.invokeStaticInit(java.lang.Object, java.lang.Object)'> (0x00000000d57e6a38) 
thrown [s\src\hotspot\share\interpreter\linkResolver.cpp, line 773]
Event: 6.560 Thread 0x0000019e6a5c29b0 Implicit null exception at 0x0000019e5c149bf5 to 0x0000019e5c149cd0

ZGC Phase Switch (0 events):
No events

VM Operations (20 events):
Event: 3.758 Executing non-safepoint VM operation: HandshakeAllThreads (Deoptimize) done
Event: 4.010 Executing safepoint VM operation: ParallelGCFailedAllocation (Allocation Failure)
Event: 4.018 Executing safepoint VM operation: ParallelGCFailedAllocation (Allocation Failure) done
Event: 4.176 Executing non-safepoint VM operation: HandshakeAllThreads (Deoptimize)
Event: 4.176 Executing non-safepoint VM operation: HandshakeAllThreads (Deoptimize) done
Event: 4.185 Executing non-safepoint VM operation: HandshakeAllThreads (Deoptimize)
Event: 4.185 Executing non-safepoint VM operation: HandshakeAllThreads (Deoptimize) done
Event: 4.217 Executing non-safepoint VM operation: HandshakeAllThreads (Deoptimize)
Event: 4.218 Executing non-safepoint VM operation: HandshakeAllThreads (Deoptimize) done
Event: 5.227 Executing safepoint VM operation: Cleanup
Event: 5.227 Executing safepoint VM operation: Cleanup done
Event: 5.418 Executing non-safepoint VM operation: HandshakeAllThreads (Deoptimize)
Event: 5.418 Executing non-safepoint VM operation: HandshakeAllThreads (Deoptimize) done
Event: 5.694 Executing safepoint VM operation: ParallelGCFailedAllocation (Allocation Failure)
Event: 5.703 Executing safepoint VM operation: ParallelGCFailedAllocation (Allocation Failure) done
Event: 6.367 Executing safepoint VM operation: ParallelGCFailedAllocation (Allocation Failure)
Event: 6.373 Executing safepoint VM operation: ParallelGCFailedAllocation (Allocation Failure) done
Event: 6.653 Executing safepoint VM operation: CollectForMetadataAllocation (Metadata GC Threshold)
Event: 6.715 Executing safepoint VM operation: CollectForMetadataAllocation (Metadata GC Threshold) done
Event: 7.721 Executing safepoint VM operation: Cleanup

Memory protections (0 events):
No events

Nmethod flushes (0 events):
No events

Events (19 events):
Event: 0.183 Thread 0x0000019e51361bd0 Thread added: 0x0000019e51361bd0
Event: 0.218 Thread 0x0000019e51361bd0 Thread added: 0x0000019e67de95a0
Event: 0.219 Thread 0x0000019e51361bd0 Thread added: 0x0000019e67de9e10
Event: 0.219 Thread 0x0000019e51361bd0 Thread added: 0x0000019e67df0f60
Event: 0.219 Thread 0x0000019e51361bd0 Thread added: 0x0000019e67df1d70
Event: 0.219 Thread 0x0000019e51361bd0 Thread added: 0x0000019e67df47e0
Event: 0.220 Thread 0x0000019e51361bd0 Thread added: 0x0000019e67df5240
Event: 0.220 Thread 0x0000019e51361bd0 Thread added: 0x0000019e67df6080
Event: 0.221 Thread 0x0000019e51361bd0 Thread added: 0x0000019e69156a90
Event: 0.335 Thread 0x0000019e51361bd0 Thread added: 0x0000019e69326880
Event: 0.843 Thread 0x0000019e51361bd0 Thread added: 0x0000019e69494520
Event: 2.510 Thread 0x0000019e51361bd0 Thread added: 0x0000019e6a5db730
Event: 2.911 Thread 0x0000019e51361bd0 Thread added: 0x0000019e6a5c2070
Event: 2.923 Thread 0x0000019e51361bd0 Thread added: 0x0000019e6a5c29b0
Event: 3.207 Thread 0x0000019e6a5c29b0 Thread added: 0x0000019e6a45d800
Event: 3.837 Thread 0x0000019e6a5c29b0 Thread added: 0x0000019e6a5ea1f0
Event: 5.472 Thread 0x0000019e6a5c29b0 Thread added: 0x0000019e6f149f60
Event: 5.588 Thread 0x0000019e6a5c29b0 Thread added: 0x0000019e6f9b61b0
Event: 5.649 Thread 0x0000019e6a5c29b0 Thread added: 0x0000019e6f6a8340


Dynamic libraries:
0x00007ff7915c0000 - 0x00007ff7915ce000 	c:\Users\vitor\.vscode\extensions\redhat.java-1.53.0-win32-x64\jre\21.0.10-win32-x86_64\bin\java.exe
0x00007ffe16ea0000 - 0x00007ffe17107000 	C:\WINDOWS\SYSTEM32\ntdll.dll
0x00007ffe15940000 - 0x00007ffe15a09000 	C:\WINDOWS\System32\KERNEL32.DLL
0x00007ffe144b0000 - 0x00007ffe148a1000 	C:\WINDOWS\System32\KERNELBASE.dll
0x00007ffe0fe00000 - 0x00007ffe0fe9f000 	C:\WINDOWS\SYSTEM32\apphelp.dll
0x00007ffe137b0000 - 0x00007ffe138fb000 	C:\WINDOWS\System32\ucrtbase.dll
0x00007ffdfc140000 - 0x00007ffdfc158000 	c:\Users\vitor\.vscode\extensions\redhat.java-1.53.0-win32-x64\jre\21.0.10-win32-x86_64\bin\jli.dll
0x00007ffdf3860000 - 0x00007ffdf387e000 	c:\Users\vitor\.vscode\extensions\redhat.java-1.53.0-win32-x64\jre\21.0.10-win32-x86_64\bin\VCRUNTIME140.dll
0x00007ffe151f0000 - 0x00007ffe153b5000 	C:\WINDOWS\System32\USER32.dll
0x00007ffe13780000 - 0x00007ffe137a7000 	C:\WINDOWS\System32\win32u.dll
0x00007ffe12980000 - 0x00007ffe12c13000 	C:\WINDOWS\WinSxS\amd64_microsoft.windows.common-controls_6595b64144ccf1df_6.0.26100.8037_none_3e092faae333b53b\COMCTL32.dll
0x00007ffe14f50000 - 0x00007ffe14f7b000 	C:\WINDOWS\System32\GDI32.dll
0x00007ffe15bb0000 - 0x00007ffe15c59000 	C:\WINDOWS\System32\msvcrt.dll
0x00007ffe13a80000 - 0x00007ffe13bab000 	C:\WINDOWS\System32\gdi32full.dll
0x00007ffe14ad0000 - 0x00007ffe14b73000 	C:\WINDOWS\System32\msvcp_win.dll
0x00007ffe15750000 - 0x00007ffe15781000 	C:\WINDOWS\System32\IMM32.DLL
0x00007ffe0cea0000 - 0x00007ffe0ceac000 	c:\Users\vitor\.vscode\extensions\redhat.java-1.53.0-win32-x64\jre\21.0.10-win32-x86_64\bin\vcruntime140_1.dll
0x00007ffd97440000 - 0x00007ffd974cd000 	c:\Users\vitor\.vscode\extensions\redhat.java-1.53.0-win32-x64\jre\21.0.10-win32-x86_64\bin\msvcp140.dll
0x00007ffd87490000 - 0x00007ffd88231000 	c:\Users\vitor\.vscode\extensions\redhat.java-1.53.0-win32-x64\jre\21.0.10-win32-x86_64\bin\server\jvm.dll
0x00007ffe16da0000 - 0x00007ffe16e5b000 	C:\WINDOWS\System32\ADVAPI32.dll
0x00007ffe14de0000 - 0x00007ffe14e87000 	C:\WINDOWS\System32\sechost.dll
0x00007ffe16a20000 - 0x00007ffe16b38000 	C:\WINDOWS\System32\RPCRT4.dll
0x00007ffe157a0000 - 0x00007ffe15814000 	C:\WINDOWS\System32\WS2_32.dll
0x00007ffe0aad0000 - 0x00007ffe0ab05000 	C:\WINDOWS\SYSTEM32\WINMM.dll
0x00007ffe135e0000 - 0x00007ffe1363e000 	C:\WINDOWS\SYSTEM32\POWRPROF.dll
0x00007ffe0ab30000 - 0x00007ffe0ab3b000 	C:\WINDOWS\SYSTEM32\VERSION.dll
0x00007ffe135c0000 - 0x00007ffe135d4000 	C:\WINDOWS\SYSTEM32\UMPDC.dll
0x00007ffe11be0000 - 0x00007ffe11bfb000 	C:\WINDOWS\SYSTEM32\kernel.appcore.dll
0x00007ffe07b20000 - 0x00007ffe07b2a000 	c:\Users\vitor\.vscode\extensions\redhat.java-1.53.0-win32-x64\jre\21.0.10-win32-x86_64\bin\jimage.dll
0x00007ffe12f50000 - 0x00007ffe13192000 	C:\WINDOWS\SYSTEM32\DBGHELP.DLL
0x00007ffe153c0000 - 0x00007ffe15742000 	C:\WINDOWS\System32\combase.dll
0x00007ffe16100000 - 0x00007ffe161d7000 	C:\WINDOWS\System32\OLEAUT32.dll
0x00007ffe12e20000 - 0x00007ffe12e5b000 	C:\WINDOWS\SYSTEM32\dbgcore.DLL
0x00007ffe14a20000 - 0x00007ffe14ac5000 	C:\WINDOWS\System32\bcryptPrimitives.dll
0x00007ffe02280000 - 0x00007ffe0228f000 	c:\Users\vitor\.vscode\extensions\redhat.java-1.53.0-win32-x64\jre\21.0.10-win32-x86_64\bin\instrument.dll
0x00007ffdf0b20000 - 0x00007ffdf0b40000 	c:\Users\vitor\.vscode\extensions\redhat.java-1.53.0-win32-x64\jre\21.0.10-win32-x86_64\bin\java.dll
0x00007ffe161e0000 - 0x00007ffe1693f000 	C:\WINDOWS\System32\SHELL32.dll
0x00007ffe148b0000 - 0x00007ffe14a1a000 	C:\WINDOWS\System32\wintypes.dll
0x00007ffe13bb0000 - 0x00007ffe14414000 	C:\WINDOWS\System32\windows.storage.dll
0x00007ffe16ba0000 - 0x00007ffe16c97000 	C:\WINDOWS\System32\SHCORE.dll
0x00007ffe158d0000 - 0x00007ffe15937000 	C:\WINDOWS\System32\shlwapi.dll
0x00007ffe136a0000 - 0x00007ffe136c9000 	C:\WINDOWS\SYSTEM32\profapi.dll
0x00007ffdec810000 - 0x00007ffdec828000 	c:\Users\vitor\.vscode\extensions\redhat.java-1.53.0-win32-x64\jre\21.0.10-win32-x86_64\bin\zip.dll
0x00007ffdf1c10000 - 0x00007ffdf1c20000 	C:\Users\vitor\.vscode\extensions\redhat.java-1.53.0-win32-x64\jre\21.0.10-win32-x86_64\bin\net.dll
0x00007ffe0c2f0000 - 0x00007ffe0c417000 	C:\WINDOWS\SYSTEM32\WINHTTP.dll
0x00007ffe12110000 - 0x00007ffe1217b000 	C:\WINDOWS\system32\mswsock.dll
0x00007ffda03b0000 - 0x00007ffda03c6000 	C:\Users\vitor\.vscode\extensions\redhat.java-1.53.0-win32-x64\jre\21.0.10-win32-x86_64\bin\nio.dll
0x00007ffde4900000 - 0x00007ffde4910000 	c:\Users\vitor\.vscode\extensions\redhat.java-1.53.0-win32-x64\jre\21.0.10-win32-x86_64\bin\verify.dll
0x00007ffd98e30000 - 0x00007ffd98e75000 	C:\Users\vitor\AppData\Roaming\Code\User\globalStorage\redhat.java\1.53.0\config_ss_win\org.eclipse.equinox.launcher\org.eclipse.equinox.launcher.win32.win32.x86_64_1.3.0.v20260203-2149\eclipse_11919.dll
0x00007ffe15a10000 - 0x00007ffe15ba5000 	C:\WINDOWS\System32\ole32.dll
0x00007ffe132a0000 - 0x00007ffe132bb000 	C:\WINDOWS\SYSTEM32\CRYPTSP.dll
0x00007ffe12250000 - 0x00007ffe12289000 	C:\WINDOWS\system32\rsaenh.dll
0x00007ffe12180000 - 0x00007ffe121b2000 	C:\WINDOWS\SYSTEM32\USERENV.dll
0x00007ffe13670000 - 0x00007ffe1369a000 	C:\WINDOWS\SYSTEM32\bcrypt.dll
0x00007ffe12430000 - 0x00007ffe1243c000 	C:\WINDOWS\SYSTEM32\CRYPTBASE.dll
0x00007ffe11520000 - 0x00007ffe11553000 	C:\WINDOWS\SYSTEM32\IPHLPAPI.DLL
0x00007ffe160f0000 - 0x00007ffe160fa000 	C:\WINDOWS\System32\NSI.dll
0x00007ffd95840000 - 0x00007ffd95889000 	C:\Users\vitor\AppData\Local\Temp\jna-112218564\jna16921876519329597938.dll
0x00007ffe14dd0000 - 0x00007ffe14dd8000 	C:\WINDOWS\System32\PSAPI.DLL

JVMTI agents:
c:\Users\vitor\.vscode\extensions\redhat.java-1.53.0-win32-x64\lombok\lombok-1.18.39-4050.jar path:c:\Users\vitor\.vscode\extensions\redhat.java-1.53.0-win32-x64\jre\21.0.10-win32-x86_64\bin\instrument.dll, loaded, initialized, instrumentlib options:none

dbghelp: loaded successfully - version: 4.0.5 - missing functions: none
symbol engine: initialized successfully - sym options: 0x614 - pdb path: .;c:\Users\vitor\.vscode\extensions\redhat.java-1.53.0-win32-x64\jre\21.0.10-win32-x86_64\bin;C:\WINDOWS\SYSTEM32;C:\WINDOWS\WinSxS\amd64_microsoft.windows.common-controls_6595b64144ccf1df_6.0.26100.8037_none_3e092faae333b53b;c:\Users\vitor\.vscode\extensions\redhat.java-1.53.0-win32-x64\jre\21.0.10-win32-x86_64\bin\server;C:\Users\vitor\AppData\Roaming\Code\User\globalStorage\redhat.java\1.53.0\config_ss_win\org.eclipse.equinox.launcher\org.eclipse.equinox.launcher.win32.win32.x86_64_1.3.0.v20260203-2149;C:\Users\vitor\AppData\Local\Temp\jna-112218564

VM Arguments:
jvm_args: --add-modules=ALL-SYSTEM --add-opens=java.base/java.util=ALL-UNNAMED --add-opens=java.base/java.lang=ALL-UNNAMED --add-opens=java.base/sun.nio.fs=ALL-UNNAMED -Declipse.application=org.eclipse.jdt.ls.core.id1 -Dosgi.bundles.defaultStartLevel=4 -Declipse.product=org.eclipse.jdt.ls.core.product -Djava.import.generatesMetadataFilesAtProjectRoot=false -DDetectVMInstallationsJob.disabled=true -Dfile.encoding=utf8 -XX:+UseParallelGC -XX:GCTimeRatio=4 -XX:AdaptiveSizePolicyWeight=90 -Dsun.zip.disableMemoryMapping=true -Xmx2G -Xms100m -Xlog:disable -javaagent:c:\Users\vitor\.vscode\extensions\redhat.java-1.53.0-win32-x64\lombok\lombok-1.18.39-4050.jar 
java_command: c:\Users\vitor\.vscode\extensions\redhat.java-1.53.0-win32-x64\server\plugins\org.eclipse.equinox.launcher_1.7.100.v20251111-0406.jar -configuration c:\Users\vitor\AppData\Roaming\Code\User\globalStorage\redhat.java\1.53.0\config_ss_win -data c:\Users\vitor\AppData\Roaming\Code\User\workspaceStorage\6831597da1bb03031f8b5526a28d0cb8\redhat.java\ss_ws --pipe=\\.\pipe\lsp-3c8acac324ad030acb6b27c85d48c698-sock
java_class_path (initial): c:\Users\vitor\.vscode\extensions\redhat.java-1.53.0-win32-x64\server\plugins\org.eclipse.equinox.launcher_1.7.100.v20251111-0406.jar
Launcher Type: SUN_STANDARD

[Global flags]
    uintx AdaptiveSizePolicyWeight                 = 90                                        {product} {command line}
     intx CICompilerCount                          = 4                                         {product} {ergonomic}
    uintx GCTimeRatio                              = 4                                         {product} {command line}
   size_t InitialHeapSize                          = 104857600                                 {product} {command line}
   size_t MaxHeapSize                              = 2147483648                                {product} {command line}
   size_t MaxNewSize                               = 715653120                                 {product} {ergonomic}
   size_t MinHeapDeltaBytes                        = 524288                                    {product} {ergonomic}
   size_t MinHeapSize                              = 104857600                                 {product} {command line}
   size_t NewSize                                  = 34603008                                  {product} {ergonomic}
    uintx NonNMethodCodeHeapSize                   = 5839372                                {pd product} {ergonomic}
    uintx NonProfiledCodeHeapSize                  = 122909434                              {pd product} {ergonomic}
   size_t OldSize                                  = 70254592                                  {product} {ergonomic}
    uintx ProfiledCodeHeapSize                     = 122909434                              {pd product} {ergonomic}
    uintx ReservedCodeCacheSize                    = 251658240                              {pd product} {ergonomic}
     bool SegmentedCodeCache                       = true                                      {product} {ergonomic}
   size_t SoftMaxHeapSize                          = 2147483648                             {manageable} {ergonomic}
     bool UseCompressedOops                        = true                           {product lp64_product} {ergonomic}
     bool UseLargePagesIndividualAllocation        = false                                  {pd product} {ergonomic}
     bool UseParallelGC                            = true                                      {product} {command line}

Logging:
Log output configuration:
 #0: stdout all=off uptime,level,tags foldmultilines=false
 #1: stderr all=off uptime,level,tags foldmultilines=false

Release file:
JAVA_VERSION="21.0.10" 
MODULES="java.base java.compiler java.datatransfer java.xml java.prefs java.desktop java.instrument java.logging java.management java.security.sasl java.naming java.rmi java.management.rmi java.net.http java.scripting java.security.jgss java.transaction.xa java.sql java.sql.rowset java.xml.crypto java.se java.smartcardio jdk.accessibility jdk.internal.jvmstat jdk.attach jdk.charsets jdk.internal.opt jdk.zipfs jdk.compiler jdk.crypto.ec jdk.crypto.cryptoki jdk.crypto.mscapi jdk.dynalink jdk.internal.ed jdk.editpad jdk.hotspot.agent jdk.httpserver jdk.internal.le jdk.internal.vm.ci jdk.internal.vm.compiler jdk.internal.vm.compiler.management jdk.jartool jdk.javadoc jdk.jcmd jdk.management jdk.management.agent jdk.jconsole jdk.jdeps jdk.jdwp.agent jdk.jdi jdk.jfr jdk.jshell jdk.jsobject jdk.jstatd jdk.localedata jdk.management.jfr jdk.naming.dns jdk.naming.rmi jdk.net jdk.nio.mapmode jdk.random jdk.sctp jdk.security.auth jdk.security.jgss jdk.unsupported jdk.unsupported.desktop jdk.xml.dom" 

Environment Variables:
JAVA_HOME=C:\Program Files\Eclipse Adoptium\jdk-21.0.9.10-hotspot\
PATH=C:\Users\vitor\AppData\Local\Programs\Microsoft VS Code;C:\Program Files\Eclipse Adoptium\jdk-21.0.9.10-hotspot\bin;C:\Program Files\Java\zulu17.56.15-ca-jdk17.0.14-win_x64\bin;C:\WINDOWS\system32;C:\WINDOWS;C:\WINDOWS\System32\Wbem;C:\WINDOWS\System32\WindowsPowerShell\v1.0\;C:\WINDOWS\System32\OpenSSH\;C:\xampp\php;C:\ProgramData\ComposerSetup\bin;C:\Program Files\Git\cmd;C:\Program Files\dotnet\;C:\Maven\apache-maven-3.9.9\bin;C:\MinGW\bin;%NVM_HOME%;%NVM_SYMLINK%;C:\Program Files\Docker\Docker\resources\bin;C:\Program Files\MySQL\MySQL Shell 8.0\bin\;C:\Users\vitor\AppData\Local\Programs\Python\Python313\Scripts\;C:\Users\vitor\AppData\Local\Programs\Python\Python313\;C:\Users\vitor\AppData\Local\Programs\Python\Launcher\;C:\Users\vitor\AppData\Local\Microsoft\WindowsApps;C:\Users\vitor\AppData\Local\Programs\Microsoft VS Code\bin;C:\Users\vitor\AppData\Roaming\Composer\vendor\bin;C:\Users\vitor\AppData\Roaming\npm;C:\Users\vitor\AppData\Local\nvm;C:\nvm4w\nodejs
USERNAME=vitor
OS=Windows_NT
PROCESSOR_IDENTIFIER=AMD64 Family 23 Model 104 Stepping 1, AuthenticAMD
TMP=C:\Users\vitor\AppData\Local\Temp
TEMP=C:\Users\vitor\AppData\Local\Temp




Periodic native trim disabled

---------------  S Y S T E M  ---------------

OS:
 Windows 11 , 64 bit Build 26100 (10.0.26100.7920)
OS uptime: 6 days 22:16 hours
Hyper-V role detected

CPU: total 12 (initial active 12) (12 cores per cpu, 2 threads per core) family 23 model 104 stepping 1 microcode 0x8608103, cx8, cmov, fxsr, ht, mmx, 3dnowpref, sse, sse2, sse3, ssse3, sse4a, sse4.1, sse4.2, popcnt, lzcnt, tsc, tscinvbit, avx, avx2, aes, clmul, bmi1, bmi2, adx, sha, fma, vzeroupper, clflush, clflushopt, hv, rdtscp, rdpid, f16c
Processor Information for processor 0
  Max Mhz: 2100, Current Mhz: 1893, Mhz Limit: 2100
Processor Information for processor 1
  Max Mhz: 2100, Current Mhz: 1893, Mhz Limit: 2100
Processor Information for processor 2
  Max Mhz: 2100, Current Mhz: 1893, Mhz Limit: 2100
Processor Information for processor 3
  Max Mhz: 2100, Current Mhz: 1893, Mhz Limit: 2100
Processor Information for processor 4
  Max Mhz: 2100, Current Mhz: 1893, Mhz Limit: 2100
Processor Information for processor 5
  Max Mhz: 2100, Current Mhz: 1893, Mhz Limit: 2100
Processor Information for processor 6
  Max Mhz: 2100, Current Mhz: 1893, Mhz Limit: 2100
Processor Information for processor 7
  Max Mhz: 2100, Current Mhz: 1813, Mhz Limit: 2100
Processor Information for processor 8
  Max Mhz: 2100, Current Mhz: 1893, Mhz Limit: 2100
Processor Information for processor 9
  Max Mhz: 2100, Current Mhz: 1893, Mhz Limit: 2100
Processor Information for processor 10
  Max Mhz: 2100, Current Mhz: 1813, Mhz Limit: 2100
Processor Information for processor 11
  Max Mhz: 2100, Current Mhz: 1813, Mhz Limit: 2100

Memory: 4k page, system-wide physical 6005M (377M free)
TotalPageFile size 24437M (AvailPageFile size 2M)
current process WorkingSet (physical memory assigned to process): 144M, peak: 148M
current process commit charge ("private bytes"): 280M, peak: 285M

vm_info: OpenJDK 64-Bit Server VM (21.0.10+7-LTS) for windows-amd64 JRE (21.0.10+7-LTS), built on 2026-01-20T00:00:00Z by "admin" with MS VC++ 17.12 (VS2022)

END.
